Copyright 1986-2016 Xilinx, Inc. All Rights Reserved.
------------------------------------------------------------------------------------
| Tool Version : Vivado v.2016.2 (lin64) Build 1577090 Thu Jun  2 16:32:35 MDT 2016
| Date         : Tue Feb 28 21:42:54 2017
| Host         : gregbox running 64-bit Ubuntu 16.04.2 LTS
| Command      : upgrade_ip
| Device       : xc7z020clg484-1
------------------------------------------------------------------------------------

Upgrade Log for IP 'full_system_Decision_0_3'

1. Summary
----------

SUCCESS in the upgrade of full_system_Decision_0_3 (PaceAce:PaceAce:Decision:1.0) from (Rev. 1702280724) to (Rev. 1702282138)






Copyright 1986-2016 Xilinx, Inc. All Rights Reserved.
------------------------------------------------------------------------------------
| Tool Version : Vivado v.2016.2 (lin64) Build 1577090 Thu Jun  2 16:32:35 MDT 2016
| Date         : Tue Feb 28 21:42:54 2017
| Host         : gregbox running 64-bit Ubuntu 16.04.2 LTS
| Command      : upgrade_ip
| Device       : xc7z020clg484-1
------------------------------------------------------------------------------------

Upgrade Log for IP 'full_system_Decision_0_2'

1. Summary
----------

SUCCESS in the upgrade of full_system_Decision_0_2 (PaceAce:PaceAce:Decision:1.0) from (Rev. 1702280724) to (Rev. 1702282138)






Copyright 1986-2016 Xilinx, Inc. All Rights Reserved.
------------------------------------------------------------------------------------
| Tool Version : Vivado v.2016.2 (lin64) Build 1577090 Thu Jun  2 16:32:35 MDT 2016
| Date         : Tue Feb 28 21:42:54 2017
| Host         : gregbox running 64-bit Ubuntu 16.04.2 LTS
| Command      : upgrade_ip
| Device       : xc7z020clg484-1
------------------------------------------------------------------------------------

Upgrade Log for IP 'full_system_Decision_0_1'

1. Summary
----------

SUCCESS in the upgrade of full_system_Decision_0_1 (PaceAce:PaceAce:Decision:1.0) from (Rev. 1702280724) to (Rev. 1702282138)






Copyright 1986-2016 Xilinx, Inc. All Rights Reserved.
------------------------------------------------------------------------------------
| Tool Version : Vivado v.2016.2 (lin64) Build 1577090 Thu Jun  2 16:32:35 MDT 2016
| Date         : Tue Feb 28 21:42:54 2017
| Host         : gregbox running 64-bit Ubuntu 16.04.2 LTS
| Command      : upgrade_ip
| Device       : xc7z020clg484-1
------------------------------------------------------------------------------------

Upgrade Log for IP 'full_system_Decision_0_0'

1. Summary
----------

SUCCESS in the upgrade of full_system_Decision_0_0 (PaceAce:PaceAce:Decision:1.0) from (Rev. 1702280724) to (Rev. 1702282138)

