
*** Running vivado
    with args -log system_wrapper.vds -m64 -mode batch -messageDb vivado.pb -source system_wrapper.tcl


****** Vivado v2014.2 (64-bit)
  **** SW Build 932637 on Wed Jun 11 13:08:52 MDT 2014
  **** IP Build 924643 on Fri May 30 09:20:16 MDT 2014
    ** Copyright 1986-2014 Xilinx, Inc. All Rights Reserved.

source system_wrapper.tcl
# set_param gui.test TreeTableDev
# set_msg_config -id {HDL 9-1061} -limit 100000
# set_msg_config -id {HDL 9-1654} -limit 100000
# create_project -in_memory -part xc7z020clg484-1
# set_property target_language Verilog [current_project]
# set_property board_part em.avnet.com:zed:part0:1.0 [current_project]
# set_param project.compositeFile.enableAutoGeneration 0
# set_property default_lib xil_defaultlib [current_project]
# add_files /home/greg/ELEC-522-HW-6/xilinx_design/qr_arm/qr_arm.srcs/sources_1/bd/system/system.bd
INFO: [IP_Flow 19-234] Refreshing IP repositories
INFO: [IP_Flow 19-1704] No user IP repositories specified
INFO: [IP_Flow 19-2313] Loaded Vivado IP repository '/opt/Xilinx/Vivado/2014.2/data/ip'.
# set_property used_in_implementation false [get_files -all /home/greg/ELEC-522-HW-6/xilinx_design/qr_arm/qr_arm.srcs/sources_1/bd/system/ip/system_processing_system7_0_0/system_processing_system7_0_0.xdc]
# set_property used_in_implementation false [get_files -all /home/greg/ELEC-522-HW-6/xilinx_design/qr_arm/qr_arm.srcs/sources_1/bd/system/system_ooc.xdc]
# set_msg_config -id {IP_Flow 19-2162} -severity warning -new_severity info
# set_property is_locked true [get_files /home/greg/ELEC-522-HW-6/xilinx_design/qr_arm/qr_arm.srcs/sources_1/bd/system/system.bd]
# read_verilog -library xil_defaultlib /home/greg/ELEC-522-HW-6/xilinx_design/qr_arm/qr_arm.srcs/sources_1/bd/system/hdl/system_wrapper.v
WARNING: [filemgmt 20-1763] Vivado Synthesis ignores library specification for Verilog or SystemVerilog files. [/home/greg/ELEC-522-HW-6/xilinx_design/qr_arm/qr_arm.srcs/sources_1/bd/system/hdl/system_wrapper.v]
# read_xdc dont_touch.xdc
# set_property used_in_implementation false [get_files dont_touch.xdc]
# set_param synth.vivado.isSynthRun true
# set_property webtalk.parent_dir /home/greg/ELEC-522-HW-6/xilinx_design/qr_arm/qr_arm.cache/wt [current_project]
# set_property parent.project_dir /home/greg/ELEC-522-HW-6/xilinx_design/qr_arm [current_project]
# catch { write_hwdef -file system_wrapper.hwdef }
# synth_design -top system_wrapper -part xc7z020clg484-1
Command: synth_design -top system_wrapper -part xc7z020clg484-1

Starting synthesis...

Attempting to get a license for feature 'Synthesis' and/or device 'xc7z020'
INFO: [Common 17-349] Got license for feature 'Synthesis' and/or device 'xc7z020'
---------------------------------------------------------------------------------
Starting RTL Elaboration : Time (s): cpu = 00:00:04 ; elapsed = 00:00:05 . Memory (MB): peak = 812.656 ; gain = 171.938
---------------------------------------------------------------------------------
INFO: [Synth 8-638] synthesizing module 'system_wrapper' [/home/greg/ELEC-522-HW-6/xilinx_design/qr_arm/qr_arm.srcs/sources_1/bd/system/hdl/system_wrapper.v:12]
WARNING: [Synth 8-4446] all outputs are unconnected for this instance and logic may be removed [/home/greg/ELEC-522-HW-6/xilinx_design/qr_arm/qr_arm.srcs/sources_1/bd/system/hdl/system_wrapper.v:78]
INFO: [Synth 8-638] synthesizing module 'system' [/home/greg/ELEC-522-HW-6/xilinx_design/qr_arm/qr_arm.srcs/sources_1/bd/system/hdl/system.v:13]
INFO: [Synth 8-638] synthesizing module 'GND' [/opt/Xilinx/Vivado/2014.2/scripts/rt/data/unisim_comp.v:3852]
INFO: [Synth 8-256] done synthesizing module 'GND' (1#1) [/opt/Xilinx/Vivado/2014.2/scripts/rt/data/unisim_comp.v:3852]
WARNING: [Synth 8-4446] all outputs are unconnected for this instance and logic may be removed [/home/greg/ELEC-522-HW-6/xilinx_design/qr_arm/qr_arm.srcs/sources_1/bd/system/hdl/system.v:82]
INFO: [Synth 8-638] synthesizing module 'system_processing_system7_0_0' [/home/greg/ELEC-522-HW-6/xilinx_design/qr_arm/qr_arm.srcs/sources_1/bd/system/ip/system_processing_system7_0_0/synth/system_processing_system7_0_0.v:57]
INFO: [Synth 8-638] synthesizing module 'processing_system7_v5_4_processing_system7' [/home/greg/ELEC-522-HW-6/xilinx_design/qr_arm/qr_arm.srcs/sources_1/bd/system/ip/system_processing_system7_0_0/hdl/verilog/processing_system7_v5_4_processing_system7.v:153]
	Parameter C_USE_DEFAULT_ACP_USER_VAL bound to: 0 - type: integer 
	Parameter C_S_AXI_ACP_ARUSER_VAL bound to: 31 - type: integer 
	Parameter C_S_AXI_ACP_AWUSER_VAL bound to: 31 - type: integer 
	Parameter C_M_AXI_GP0_THREAD_ID_WIDTH bound to: 12 - type: integer 
	Parameter C_M_AXI_GP1_THREAD_ID_WIDTH bound to: 12 - type: integer 
	Parameter C_M_AXI_GP0_ENABLE_STATIC_REMAP bound to: 0 - type: integer 
	Parameter C_M_AXI_GP1_ENABLE_STATIC_REMAP bound to: 0 - type: integer 
	Parameter C_M_AXI_GP0_ID_WIDTH bound to: 12 - type: integer 
	Parameter C_M_AXI_GP1_ID_WIDTH bound to: 12 - type: integer 
	Parameter C_S_AXI_GP0_ID_WIDTH bound to: 6 - type: integer 
	Parameter C_S_AXI_GP1_ID_WIDTH bound to: 6 - type: integer 
	Parameter C_S_AXI_HP0_ID_WIDTH bound to: 6 - type: integer 
	Parameter C_S_AXI_HP1_ID_WIDTH bound to: 6 - type: integer 
	Parameter C_S_AXI_HP2_ID_WIDTH bound to: 6 - type: integer 
	Parameter C_S_AXI_HP3_ID_WIDTH bound to: 6 - type: integer 
	Parameter C_S_AXI_ACP_ID_WIDTH bound to: 3 - type: integer 
	Parameter C_S_AXI_HP0_DATA_WIDTH bound to: 64 - type: integer 
	Parameter C_S_AXI_HP1_DATA_WIDTH bound to: 64 - type: integer 
	Parameter C_S_AXI_HP2_DATA_WIDTH bound to: 64 - type: integer 
	Parameter C_S_AXI_HP3_DATA_WIDTH bound to: 64 - type: integer 
	Parameter C_INCLUDE_ACP_TRANS_CHECK bound to: 0 - type: integer 
	Parameter C_NUM_F2P_INTR_INPUTS bound to: 1 - type: integer 
	Parameter C_FCLK_CLK0_BUF bound to: false - type: string 
	Parameter C_FCLK_CLK1_BUF bound to: false - type: string 
	Parameter C_FCLK_CLK2_BUF bound to: false - type: string 
	Parameter C_FCLK_CLK3_BUF bound to: false - type: string 
	Parameter C_EMIO_GPIO_WIDTH bound to: 64 - type: integer 
	Parameter C_INCLUDE_TRACE_BUFFER bound to: 0 - type: integer 
	Parameter C_TRACE_BUFFER_FIFO_SIZE bound to: 128 - type: integer 
	Parameter C_TRACE_BUFFER_CLOCK_DELAY bound to: 12 - type: integer 
	Parameter USE_TRACE_DATA_EDGE_DETECTOR bound to: 0 - type: integer 
	Parameter C_TRACE_PIPELINE_WIDTH bound to: 8 - type: integer 
	Parameter C_PS7_SI_REV bound to: PRODUCTION - type: string 
	Parameter C_EN_EMIO_ENET0 bound to: 0 - type: integer 
	Parameter C_EN_EMIO_ENET1 bound to: 0 - type: integer 
	Parameter C_EN_EMIO_TRACE bound to: 0 - type: integer 
	Parameter C_DQ_WIDTH bound to: 32 - type: integer 
	Parameter C_DQS_WIDTH bound to: 4 - type: integer 
	Parameter C_DM_WIDTH bound to: 4 - type: integer 
	Parameter C_MIO_PRIMITIVE bound to: 54 - type: integer 
	Parameter C_PACKAGE_NAME bound to: clg484 - type: string 
	Parameter C_IRQ_F2P_MODE bound to: DIRECT - type: string 
WARNING: [Synth 8-4446] all outputs are unconnected for this instance and logic may be removed [/home/greg/ELEC-522-HW-6/xilinx_design/qr_arm/qr_arm.srcs/sources_1/bd/system/ip/system_processing_system7_0_0/hdl/verilog/processing_system7_v5_4_processing_system7.v:2217]
INFO: [Synth 8-638] synthesizing module 'BIBUF' [/opt/Xilinx/Vivado/2014.2/scripts/rt/data/unisim_comp.v:268]
INFO: [Synth 8-256] done synthesizing module 'BIBUF' (2#1) [/opt/Xilinx/Vivado/2014.2/scripts/rt/data/unisim_comp.v:268]
WARNING: [Synth 8-4446] all outputs are unconnected for this instance and logic may be removed [/home/greg/ELEC-522-HW-6/xilinx_design/qr_arm/qr_arm.srcs/sources_1/bd/system/ip/system_processing_system7_0_0/hdl/verilog/processing_system7_v5_4_processing_system7.v:2218]
WARNING: [Synth 8-4446] all outputs are unconnected for this instance and logic may be removed [/home/greg/ELEC-522-HW-6/xilinx_design/qr_arm/qr_arm.srcs/sources_1/bd/system/ip/system_processing_system7_0_0/hdl/verilog/processing_system7_v5_4_processing_system7.v:2219]
WARNING: [Synth 8-4446] all outputs are unconnected for this instance and logic may be removed [/home/greg/ELEC-522-HW-6/xilinx_design/qr_arm/qr_arm.srcs/sources_1/bd/system/ip/system_processing_system7_0_0/hdl/verilog/processing_system7_v5_4_processing_system7.v:2220]
WARNING: [Synth 8-4446] all outputs are unconnected for this instance and logic may be removed [/home/greg/ELEC-522-HW-6/xilinx_design/qr_arm/qr_arm.srcs/sources_1/bd/system/ip/system_processing_system7_0_0/hdl/verilog/processing_system7_v5_4_processing_system7.v:2221]
WARNING: [Synth 8-4446] all outputs are unconnected for this instance and logic may be removed [/home/greg/ELEC-522-HW-6/xilinx_design/qr_arm/qr_arm.srcs/sources_1/bd/system/ip/system_processing_system7_0_0/hdl/verilog/processing_system7_v5_4_processing_system7.v:2222]
WARNING: [Synth 8-4446] all outputs are unconnected for this instance and logic may be removed [/home/greg/ELEC-522-HW-6/xilinx_design/qr_arm/qr_arm.srcs/sources_1/bd/system/ip/system_processing_system7_0_0/hdl/verilog/processing_system7_v5_4_processing_system7.v:2223]
WARNING: [Synth 8-4446] all outputs are unconnected for this instance and logic may be removed [/home/greg/ELEC-522-HW-6/xilinx_design/qr_arm/qr_arm.srcs/sources_1/bd/system/ip/system_processing_system7_0_0/hdl/verilog/processing_system7_v5_4_processing_system7.v:2224]
WARNING: [Synth 8-4446] all outputs are unconnected for this instance and logic may be removed [/home/greg/ELEC-522-HW-6/xilinx_design/qr_arm/qr_arm.srcs/sources_1/bd/system/ip/system_processing_system7_0_0/hdl/verilog/processing_system7_v5_4_processing_system7.v:2225]
WARNING: [Synth 8-4446] all outputs are unconnected for this instance and logic may be removed [/home/greg/ELEC-522-HW-6/xilinx_design/qr_arm/qr_arm.srcs/sources_1/bd/system/ip/system_processing_system7_0_0/hdl/verilog/processing_system7_v5_4_processing_system7.v:2226]
WARNING: [Synth 8-4446] all outputs are unconnected for this instance and logic may be removed [/home/greg/ELEC-522-HW-6/xilinx_design/qr_arm/qr_arm.srcs/sources_1/bd/system/ip/system_processing_system7_0_0/hdl/verilog/processing_system7_v5_4_processing_system7.v:2227]
WARNING: [Synth 8-4446] all outputs are unconnected for this instance and logic may be removed [/home/greg/ELEC-522-HW-6/xilinx_design/qr_arm/qr_arm.srcs/sources_1/bd/system/ip/system_processing_system7_0_0/hdl/verilog/processing_system7_v5_4_processing_system7.v:2228]
WARNING: [Synth 8-4446] all outputs are unconnected for this instance and logic may be removed [/home/greg/ELEC-522-HW-6/xilinx_design/qr_arm/qr_arm.srcs/sources_1/bd/system/ip/system_processing_system7_0_0/hdl/verilog/processing_system7_v5_4_processing_system7.v:2229]
WARNING: [Synth 8-4446] all outputs are unconnected for this instance and logic may be removed [/home/greg/ELEC-522-HW-6/xilinx_design/qr_arm/qr_arm.srcs/sources_1/bd/system/ip/system_processing_system7_0_0/hdl/verilog/processing_system7_v5_4_processing_system7.v:2230]
WARNING: [Synth 8-4446] all outputs are unconnected for this instance and logic may be removed [/home/greg/ELEC-522-HW-6/xilinx_design/qr_arm/qr_arm.srcs/sources_1/bd/system/ip/system_processing_system7_0_0/hdl/verilog/processing_system7_v5_4_processing_system7.v:2235]
WARNING: [Synth 8-4446] all outputs are unconnected for this instance and logic may be removed [/home/greg/ELEC-522-HW-6/xilinx_design/qr_arm/qr_arm.srcs/sources_1/bd/system/ip/system_processing_system7_0_0/hdl/verilog/processing_system7_v5_4_processing_system7.v:2235]
WARNING: [Synth 8-4446] all outputs are unconnected for this instance and logic may be removed [/home/greg/ELEC-522-HW-6/xilinx_design/qr_arm/qr_arm.srcs/sources_1/bd/system/ip/system_processing_system7_0_0/hdl/verilog/processing_system7_v5_4_processing_system7.v:2235]
WARNING: [Synth 8-4446] all outputs are unconnected for this instance and logic may be removed [/home/greg/ELEC-522-HW-6/xilinx_design/qr_arm/qr_arm.srcs/sources_1/bd/system/ip/system_processing_system7_0_0/hdl/verilog/processing_system7_v5_4_processing_system7.v:2235]
WARNING: [Synth 8-4446] all outputs are unconnected for this instance and logic may be removed [/home/greg/ELEC-522-HW-6/xilinx_design/qr_arm/qr_arm.srcs/sources_1/bd/system/ip/system_processing_system7_0_0/hdl/verilog/processing_system7_v5_4_processing_system7.v:2235]
WARNING: [Synth 8-4446] all outputs are unconnected for this instance and logic may be removed [/home/greg/ELEC-522-HW-6/xilinx_design/qr_arm/qr_arm.srcs/sources_1/bd/system/ip/system_processing_system7_0_0/hdl/verilog/processing_system7_v5_4_processing_system7.v:2235]
WARNING: [Synth 8-4446] all outputs are unconnected for this instance and logic may be removed [/home/greg/ELEC-522-HW-6/xilinx_design/qr_arm/qr_arm.srcs/sources_1/bd/system/ip/system_processing_system7_0_0/hdl/verilog/processing_system7_v5_4_processing_system7.v:2235]
WARNING: [Synth 8-4446] all outputs are unconnected for this instance and logic may be removed [/home/greg/ELEC-522-HW-6/xilinx_design/qr_arm/qr_arm.srcs/sources_1/bd/system/ip/system_processing_system7_0_0/hdl/verilog/processing_system7_v5_4_processing_system7.v:2235]
WARNING: [Synth 8-4446] all outputs are unconnected for this instance and logic may be removed [/home/greg/ELEC-522-HW-6/xilinx_design/qr_arm/qr_arm.srcs/sources_1/bd/system/ip/system_processing_system7_0_0/hdl/verilog/processing_system7_v5_4_processing_system7.v:2235]
WARNING: [Synth 8-4446] all outputs are unconnected for this instance and logic may be removed [/home/greg/ELEC-522-HW-6/xilinx_design/qr_arm/qr_arm.srcs/sources_1/bd/system/ip/system_processing_system7_0_0/hdl/verilog/processing_system7_v5_4_processing_system7.v:2235]
WARNING: [Synth 8-4446] all outputs are unconnected for this instance and logic may be removed [/home/greg/ELEC-522-HW-6/xilinx_design/qr_arm/qr_arm.srcs/sources_1/bd/system/ip/system_processing_system7_0_0/hdl/verilog/processing_system7_v5_4_processing_system7.v:2235]
WARNING: [Synth 8-4446] all outputs are unconnected for this instance and logic may be removed [/home/greg/ELEC-522-HW-6/xilinx_design/qr_arm/qr_arm.srcs/sources_1/bd/system/ip/system_processing_system7_0_0/hdl/verilog/processing_system7_v5_4_processing_system7.v:2235]
WARNING: [Synth 8-4446] all outputs are unconnected for this instance and logic may be removed [/home/greg/ELEC-522-HW-6/xilinx_design/qr_arm/qr_arm.srcs/sources_1/bd/system/ip/system_processing_system7_0_0/hdl/verilog/processing_system7_v5_4_processing_system7.v:2235]
WARNING: [Synth 8-4446] all outputs are unconnected for this instance and logic may be removed [/home/greg/ELEC-522-HW-6/xilinx_design/qr_arm/qr_arm.srcs/sources_1/bd/system/ip/system_processing_system7_0_0/hdl/verilog/processing_system7_v5_4_processing_system7.v:2235]
WARNING: [Synth 8-4446] all outputs are unconnected for this instance and logic may be removed [/home/greg/ELEC-522-HW-6/xilinx_design/qr_arm/qr_arm.srcs/sources_1/bd/system/ip/system_processing_system7_0_0/hdl/verilog/processing_system7_v5_4_processing_system7.v:2235]
WARNING: [Synth 8-4446] all outputs are unconnected for this instance and logic may be removed [/home/greg/ELEC-522-HW-6/xilinx_design/qr_arm/qr_arm.srcs/sources_1/bd/system/ip/system_processing_system7_0_0/hdl/verilog/processing_system7_v5_4_processing_system7.v:2235]
WARNING: [Synth 8-4446] all outputs are unconnected for this instance and logic may be removed [/home/greg/ELEC-522-HW-6/xilinx_design/qr_arm/qr_arm.srcs/sources_1/bd/system/ip/system_processing_system7_0_0/hdl/verilog/processing_system7_v5_4_processing_system7.v:2235]
WARNING: [Synth 8-4446] all outputs are unconnected for this instance and logic may be removed [/home/greg/ELEC-522-HW-6/xilinx_design/qr_arm/qr_arm.srcs/sources_1/bd/system/ip/system_processing_system7_0_0/hdl/verilog/processing_system7_v5_4_processing_system7.v:2235]
WARNING: [Synth 8-4446] all outputs are unconnected for this instance and logic may be removed [/home/greg/ELEC-522-HW-6/xilinx_design/qr_arm/qr_arm.srcs/sources_1/bd/system/ip/system_processing_system7_0_0/hdl/verilog/processing_system7_v5_4_processing_system7.v:2235]
WARNING: [Synth 8-4446] all outputs are unconnected for this instance and logic may be removed [/home/greg/ELEC-522-HW-6/xilinx_design/qr_arm/qr_arm.srcs/sources_1/bd/system/ip/system_processing_system7_0_0/hdl/verilog/processing_system7_v5_4_processing_system7.v:2235]
WARNING: [Synth 8-4446] all outputs are unconnected for this instance and logic may be removed [/home/greg/ELEC-522-HW-6/xilinx_design/qr_arm/qr_arm.srcs/sources_1/bd/system/ip/system_processing_system7_0_0/hdl/verilog/processing_system7_v5_4_processing_system7.v:2235]
WARNING: [Synth 8-4446] all outputs are unconnected for this instance and logic may be removed [/home/greg/ELEC-522-HW-6/xilinx_design/qr_arm/qr_arm.srcs/sources_1/bd/system/ip/system_processing_system7_0_0/hdl/verilog/processing_system7_v5_4_processing_system7.v:2235]
WARNING: [Synth 8-4446] all outputs are unconnected for this instance and logic may be removed [/home/greg/ELEC-522-HW-6/xilinx_design/qr_arm/qr_arm.srcs/sources_1/bd/system/ip/system_processing_system7_0_0/hdl/verilog/processing_system7_v5_4_processing_system7.v:2235]
WARNING: [Synth 8-4446] all outputs are unconnected for this instance and logic may be removed [/home/greg/ELEC-522-HW-6/xilinx_design/qr_arm/qr_arm.srcs/sources_1/bd/system/ip/system_processing_system7_0_0/hdl/verilog/processing_system7_v5_4_processing_system7.v:2235]
WARNING: [Synth 8-4446] all outputs are unconnected for this instance and logic may be removed [/home/greg/ELEC-522-HW-6/xilinx_design/qr_arm/qr_arm.srcs/sources_1/bd/system/ip/system_processing_system7_0_0/hdl/verilog/processing_system7_v5_4_processing_system7.v:2235]
WARNING: [Synth 8-4446] all outputs are unconnected for this instance and logic may be removed [/home/greg/ELEC-522-HW-6/xilinx_design/qr_arm/qr_arm.srcs/sources_1/bd/system/ip/system_processing_system7_0_0/hdl/verilog/processing_system7_v5_4_processing_system7.v:2235]
WARNING: [Synth 8-4446] all outputs are unconnected for this instance and logic may be removed [/home/greg/ELEC-522-HW-6/xilinx_design/qr_arm/qr_arm.srcs/sources_1/bd/system/ip/system_processing_system7_0_0/hdl/verilog/processing_system7_v5_4_processing_system7.v:2235]
WARNING: [Synth 8-4446] all outputs are unconnected for this instance and logic may be removed [/home/greg/ELEC-522-HW-6/xilinx_design/qr_arm/qr_arm.srcs/sources_1/bd/system/ip/system_processing_system7_0_0/hdl/verilog/processing_system7_v5_4_processing_system7.v:2235]
WARNING: [Synth 8-4446] all outputs are unconnected for this instance and logic may be removed [/home/greg/ELEC-522-HW-6/xilinx_design/qr_arm/qr_arm.srcs/sources_1/bd/system/ip/system_processing_system7_0_0/hdl/verilog/processing_system7_v5_4_processing_system7.v:2235]
WARNING: [Synth 8-4446] all outputs are unconnected for this instance and logic may be removed [/home/greg/ELEC-522-HW-6/xilinx_design/qr_arm/qr_arm.srcs/sources_1/bd/system/ip/system_processing_system7_0_0/hdl/verilog/processing_system7_v5_4_processing_system7.v:2235]
WARNING: [Synth 8-4446] all outputs are unconnected for this instance and logic may be removed [/home/greg/ELEC-522-HW-6/xilinx_design/qr_arm/qr_arm.srcs/sources_1/bd/system/ip/system_processing_system7_0_0/hdl/verilog/processing_system7_v5_4_processing_system7.v:2235]
WARNING: [Synth 8-4446] all outputs are unconnected for this instance and logic may be removed [/home/greg/ELEC-522-HW-6/xilinx_design/qr_arm/qr_arm.srcs/sources_1/bd/system/ip/system_processing_system7_0_0/hdl/verilog/processing_system7_v5_4_processing_system7.v:2235]
WARNING: [Synth 8-4446] all outputs are unconnected for this instance and logic may be removed [/home/greg/ELEC-522-HW-6/xilinx_design/qr_arm/qr_arm.srcs/sources_1/bd/system/ip/system_processing_system7_0_0/hdl/verilog/processing_system7_v5_4_processing_system7.v:2235]
WARNING: [Synth 8-4446] all outputs are unconnected for this instance and logic may be removed [/home/greg/ELEC-522-HW-6/xilinx_design/qr_arm/qr_arm.srcs/sources_1/bd/system/ip/system_processing_system7_0_0/hdl/verilog/processing_system7_v5_4_processing_system7.v:2235]
WARNING: [Synth 8-4446] all outputs are unconnected for this instance and logic may be removed [/home/greg/ELEC-522-HW-6/xilinx_design/qr_arm/qr_arm.srcs/sources_1/bd/system/ip/system_processing_system7_0_0/hdl/verilog/processing_system7_v5_4_processing_system7.v:2235]
WARNING: [Synth 8-4446] all outputs are unconnected for this instance and logic may be removed [/home/greg/ELEC-522-HW-6/xilinx_design/qr_arm/qr_arm.srcs/sources_1/bd/system/ip/system_processing_system7_0_0/hdl/verilog/processing_system7_v5_4_processing_system7.v:2235]
WARNING: [Synth 8-4446] all outputs are unconnected for this instance and logic may be removed [/home/greg/ELEC-522-HW-6/xilinx_design/qr_arm/qr_arm.srcs/sources_1/bd/system/ip/system_processing_system7_0_0/hdl/verilog/processing_system7_v5_4_processing_system7.v:2235]
WARNING: [Synth 8-4446] all outputs are unconnected for this instance and logic may be removed [/home/greg/ELEC-522-HW-6/xilinx_design/qr_arm/qr_arm.srcs/sources_1/bd/system/ip/system_processing_system7_0_0/hdl/verilog/processing_system7_v5_4_processing_system7.v:2235]
WARNING: [Synth 8-4446] all outputs are unconnected for this instance and logic may be removed [/home/greg/ELEC-522-HW-6/xilinx_design/qr_arm/qr_arm.srcs/sources_1/bd/system/ip/system_processing_system7_0_0/hdl/verilog/processing_system7_v5_4_processing_system7.v:2235]
WARNING: [Synth 8-4446] all outputs are unconnected for this instance and logic may be removed [/home/greg/ELEC-522-HW-6/xilinx_design/qr_arm/qr_arm.srcs/sources_1/bd/system/ip/system_processing_system7_0_0/hdl/verilog/processing_system7_v5_4_processing_system7.v:2235]
WARNING: [Synth 8-4446] all outputs are unconnected for this instance and logic may be removed [/home/greg/ELEC-522-HW-6/xilinx_design/qr_arm/qr_arm.srcs/sources_1/bd/system/ip/system_processing_system7_0_0/hdl/verilog/processing_system7_v5_4_processing_system7.v:2235]
WARNING: [Synth 8-4446] all outputs are unconnected for this instance and logic may be removed [/home/greg/ELEC-522-HW-6/xilinx_design/qr_arm/qr_arm.srcs/sources_1/bd/system/ip/system_processing_system7_0_0/hdl/verilog/processing_system7_v5_4_processing_system7.v:2235]
WARNING: [Synth 8-4446] all outputs are unconnected for this instance and logic may be removed [/home/greg/ELEC-522-HW-6/xilinx_design/qr_arm/qr_arm.srcs/sources_1/bd/system/ip/system_processing_system7_0_0/hdl/verilog/processing_system7_v5_4_processing_system7.v:2235]
WARNING: [Synth 8-4446] all outputs are unconnected for this instance and logic may be removed [/home/greg/ELEC-522-HW-6/xilinx_design/qr_arm/qr_arm.srcs/sources_1/bd/system/ip/system_processing_system7_0_0/hdl/verilog/processing_system7_v5_4_processing_system7.v:2235]
WARNING: [Synth 8-4446] all outputs are unconnected for this instance and logic may be removed [/home/greg/ELEC-522-HW-6/xilinx_design/qr_arm/qr_arm.srcs/sources_1/bd/system/ip/system_processing_system7_0_0/hdl/verilog/processing_system7_v5_4_processing_system7.v:2235]
WARNING: [Synth 8-4446] all outputs are unconnected for this instance and logic may be removed [/home/greg/ELEC-522-HW-6/xilinx_design/qr_arm/qr_arm.srcs/sources_1/bd/system/ip/system_processing_system7_0_0/hdl/verilog/processing_system7_v5_4_processing_system7.v:2235]
WARNING: [Synth 8-4446] all outputs are unconnected for this instance and logic may be removed [/home/greg/ELEC-522-HW-6/xilinx_design/qr_arm/qr_arm.srcs/sources_1/bd/system/ip/system_processing_system7_0_0/hdl/verilog/processing_system7_v5_4_processing_system7.v:2235]
WARNING: [Synth 8-4446] all outputs are unconnected for this instance and logic may be removed [/home/greg/ELEC-522-HW-6/xilinx_design/qr_arm/qr_arm.srcs/sources_1/bd/system/ip/system_processing_system7_0_0/hdl/verilog/processing_system7_v5_4_processing_system7.v:2235]
WARNING: [Synth 8-4446] all outputs are unconnected for this instance and logic may be removed [/home/greg/ELEC-522-HW-6/xilinx_design/qr_arm/qr_arm.srcs/sources_1/bd/system/ip/system_processing_system7_0_0/hdl/verilog/processing_system7_v5_4_processing_system7.v:2235]
WARNING: [Synth 8-4446] all outputs are unconnected for this instance and logic may be removed [/home/greg/ELEC-522-HW-6/xilinx_design/qr_arm/qr_arm.srcs/sources_1/bd/system/ip/system_processing_system7_0_0/hdl/verilog/processing_system7_v5_4_processing_system7.v:2235]
WARNING: [Synth 8-4446] all outputs are unconnected for this instance and logic may be removed [/home/greg/ELEC-522-HW-6/xilinx_design/qr_arm/qr_arm.srcs/sources_1/bd/system/ip/system_processing_system7_0_0/hdl/verilog/processing_system7_v5_4_processing_system7.v:2235]
WARNING: [Synth 8-4446] all outputs are unconnected for this instance and logic may be removed [/home/greg/ELEC-522-HW-6/xilinx_design/qr_arm/qr_arm.srcs/sources_1/bd/system/ip/system_processing_system7_0_0/hdl/verilog/processing_system7_v5_4_processing_system7.v:2235]
WARNING: [Synth 8-4446] all outputs are unconnected for this instance and logic may be removed [/home/greg/ELEC-522-HW-6/xilinx_design/qr_arm/qr_arm.srcs/sources_1/bd/system/ip/system_processing_system7_0_0/hdl/verilog/processing_system7_v5_4_processing_system7.v:2235]
WARNING: [Synth 8-4446] all outputs are unconnected for this instance and logic may be removed [/home/greg/ELEC-522-HW-6/xilinx_design/qr_arm/qr_arm.srcs/sources_1/bd/system/ip/system_processing_system7_0_0/hdl/verilog/processing_system7_v5_4_processing_system7.v:2235]
WARNING: [Synth 8-4446] all outputs are unconnected for this instance and logic may be removed [/home/greg/ELEC-522-HW-6/xilinx_design/qr_arm/qr_arm.srcs/sources_1/bd/system/ip/system_processing_system7_0_0/hdl/verilog/processing_system7_v5_4_processing_system7.v:2241]
WARNING: [Synth 8-4446] all outputs are unconnected for this instance and logic may be removed [/home/greg/ELEC-522-HW-6/xilinx_design/qr_arm/qr_arm.srcs/sources_1/bd/system/ip/system_processing_system7_0_0/hdl/verilog/processing_system7_v5_4_processing_system7.v:2241]
WARNING: [Synth 8-4446] all outputs are unconnected for this instance and logic may be removed [/home/greg/ELEC-522-HW-6/xilinx_design/qr_arm/qr_arm.srcs/sources_1/bd/system/ip/system_processing_system7_0_0/hdl/verilog/processing_system7_v5_4_processing_system7.v:2241]
WARNING: [Synth 8-4446] all outputs are unconnected for this instance and logic may be removed [/home/greg/ELEC-522-HW-6/xilinx_design/qr_arm/qr_arm.srcs/sources_1/bd/system/ip/system_processing_system7_0_0/hdl/verilog/processing_system7_v5_4_processing_system7.v:2247]
WARNING: [Synth 8-4446] all outputs are unconnected for this instance and logic may be removed [/home/greg/ELEC-522-HW-6/xilinx_design/qr_arm/qr_arm.srcs/sources_1/bd/system/ip/system_processing_system7_0_0/hdl/verilog/processing_system7_v5_4_processing_system7.v:2247]
WARNING: [Synth 8-4446] all outputs are unconnected for this instance and logic may be removed [/home/greg/ELEC-522-HW-6/xilinx_design/qr_arm/qr_arm.srcs/sources_1/bd/system/ip/system_processing_system7_0_0/hdl/verilog/processing_system7_v5_4_processing_system7.v:2247]
WARNING: [Synth 8-4446] all outputs are unconnected for this instance and logic may be removed [/home/greg/ELEC-522-HW-6/xilinx_design/qr_arm/qr_arm.srcs/sources_1/bd/system/ip/system_processing_system7_0_0/hdl/verilog/processing_system7_v5_4_processing_system7.v:2247]
WARNING: [Synth 8-4446] all outputs are unconnected for this instance and logic may be removed [/home/greg/ELEC-522-HW-6/xilinx_design/qr_arm/qr_arm.srcs/sources_1/bd/system/ip/system_processing_system7_0_0/hdl/verilog/processing_system7_v5_4_processing_system7.v:2247]
WARNING: [Synth 8-4446] all outputs are unconnected for this instance and logic may be removed [/home/greg/ELEC-522-HW-6/xilinx_design/qr_arm/qr_arm.srcs/sources_1/bd/system/ip/system_processing_system7_0_0/hdl/verilog/processing_system7_v5_4_processing_system7.v:2247]
WARNING: [Synth 8-4446] all outputs are unconnected for this instance and logic may be removed [/home/greg/ELEC-522-HW-6/xilinx_design/qr_arm/qr_arm.srcs/sources_1/bd/system/ip/system_processing_system7_0_0/hdl/verilog/processing_system7_v5_4_processing_system7.v:2247]
WARNING: [Synth 8-4446] all outputs are unconnected for this instance and logic may be removed [/home/greg/ELEC-522-HW-6/xilinx_design/qr_arm/qr_arm.srcs/sources_1/bd/system/ip/system_processing_system7_0_0/hdl/verilog/processing_system7_v5_4_processing_system7.v:2247]
WARNING: [Synth 8-4446] all outputs are unconnected for this instance and logic may be removed [/home/greg/ELEC-522-HW-6/xilinx_design/qr_arm/qr_arm.srcs/sources_1/bd/system/ip/system_processing_system7_0_0/hdl/verilog/processing_system7_v5_4_processing_system7.v:2247]
WARNING: [Synth 8-4446] all outputs are unconnected for this instance and logic may be removed [/home/greg/ELEC-522-HW-6/xilinx_design/qr_arm/qr_arm.srcs/sources_1/bd/system/ip/system_processing_system7_0_0/hdl/verilog/processing_system7_v5_4_processing_system7.v:2247]
WARNING: [Synth 8-4446] all outputs are unconnected for this instance and logic may be removed [/home/greg/ELEC-522-HW-6/xilinx_design/qr_arm/qr_arm.srcs/sources_1/bd/system/ip/system_processing_system7_0_0/hdl/verilog/processing_system7_v5_4_processing_system7.v:2247]
WARNING: [Synth 8-4446] all outputs are unconnected for this instance and logic may be removed [/home/greg/ELEC-522-HW-6/xilinx_design/qr_arm/qr_arm.srcs/sources_1/bd/system/ip/system_processing_system7_0_0/hdl/verilog/processing_system7_v5_4_processing_system7.v:2247]
WARNING: [Synth 8-4446] all outputs are unconnected for this instance and logic may be removed [/home/greg/ELEC-522-HW-6/xilinx_design/qr_arm/qr_arm.srcs/sources_1/bd/system/ip/system_processing_system7_0_0/hdl/verilog/processing_system7_v5_4_processing_system7.v:2247]
WARNING: [Synth 8-4446] all outputs are unconnected for this instance and logic may be removed [/home/greg/ELEC-522-HW-6/xilinx_design/qr_arm/qr_arm.srcs/sources_1/bd/system/ip/system_processing_system7_0_0/hdl/verilog/processing_system7_v5_4_processing_system7.v:2247]
WARNING: [Synth 8-4446] all outputs are unconnected for this instance and logic may be removed [/home/greg/ELEC-522-HW-6/xilinx_design/qr_arm/qr_arm.srcs/sources_1/bd/system/ip/system_processing_system7_0_0/hdl/verilog/processing_system7_v5_4_processing_system7.v:2247]
WARNING: [Synth 8-4446] all outputs are unconnected for this instance and logic may be removed [/home/greg/ELEC-522-HW-6/xilinx_design/qr_arm/qr_arm.srcs/sources_1/bd/system/ip/system_processing_system7_0_0/hdl/verilog/processing_system7_v5_4_processing_system7.v:2253]
WARNING: [Synth 8-4446] all outputs are unconnected for this instance and logic may be removed [/home/greg/ELEC-522-HW-6/xilinx_design/qr_arm/qr_arm.srcs/sources_1/bd/system/ip/system_processing_system7_0_0/hdl/verilog/processing_system7_v5_4_processing_system7.v:2253]
WARNING: [Synth 8-4446] all outputs are unconnected for this instance and logic may be removed [/home/greg/ELEC-522-HW-6/xilinx_design/qr_arm/qr_arm.srcs/sources_1/bd/system/ip/system_processing_system7_0_0/hdl/verilog/processing_system7_v5_4_processing_system7.v:2253]
WARNING: [Synth 8-4446] all outputs are unconnected for this instance and logic may be removed [/home/greg/ELEC-522-HW-6/xilinx_design/qr_arm/qr_arm.srcs/sources_1/bd/system/ip/system_processing_system7_0_0/hdl/verilog/processing_system7_v5_4_processing_system7.v:2253]
WARNING: [Synth 8-4446] all outputs are unconnected for this instance and logic may be removed [/home/greg/ELEC-522-HW-6/xilinx_design/qr_arm/qr_arm.srcs/sources_1/bd/system/ip/system_processing_system7_0_0/hdl/verilog/processing_system7_v5_4_processing_system7.v:2259]
WARNING: [Synth 8-4446] all outputs are unconnected for this instance and logic may be removed [/home/greg/ELEC-522-HW-6/xilinx_design/qr_arm/qr_arm.srcs/sources_1/bd/system/ip/system_processing_system7_0_0/hdl/verilog/processing_system7_v5_4_processing_system7.v:2259]
WARNING: [Synth 8-4446] all outputs are unconnected for this instance and logic may be removed [/home/greg/ELEC-522-HW-6/xilinx_design/qr_arm/qr_arm.srcs/sources_1/bd/system/ip/system_processing_system7_0_0/hdl/verilog/processing_system7_v5_4_processing_system7.v:2259]
WARNING: [Synth 8-4446] all outputs are unconnected for this instance and logic may be removed [/home/greg/ELEC-522-HW-6/xilinx_design/qr_arm/qr_arm.srcs/sources_1/bd/system/ip/system_processing_system7_0_0/hdl/verilog/processing_system7_v5_4_processing_system7.v:2259]
WARNING: [Synth 8-4446] all outputs are unconnected for this instance and logic may be removed [/home/greg/ELEC-522-HW-6/xilinx_design/qr_arm/qr_arm.srcs/sources_1/bd/system/ip/system_processing_system7_0_0/hdl/verilog/processing_system7_v5_4_processing_system7.v:2259]
WARNING: [Synth 8-4446] all outputs are unconnected for this instance and logic may be removed [/home/greg/ELEC-522-HW-6/xilinx_design/qr_arm/qr_arm.srcs/sources_1/bd/system/ip/system_processing_system7_0_0/hdl/verilog/processing_system7_v5_4_processing_system7.v:2259]
WARNING: [Synth 8-4446] all outputs are unconnected for this instance and logic may be removed [/home/greg/ELEC-522-HW-6/xilinx_design/qr_arm/qr_arm.srcs/sources_1/bd/system/ip/system_processing_system7_0_0/hdl/verilog/processing_system7_v5_4_processing_system7.v:2259]
WARNING: [Synth 8-4446] all outputs are unconnected for this instance and logic may be removed [/home/greg/ELEC-522-HW-6/xilinx_design/qr_arm/qr_arm.srcs/sources_1/bd/system/ip/system_processing_system7_0_0/hdl/verilog/processing_system7_v5_4_processing_system7.v:2259]
INFO: [Common 17-14] Message 'Synth 8-4446' appears 100 times and further instances of the messages will be disabled. Use the Tcl command set_msg_config to change the current settings.
INFO: [Synth 8-638] synthesizing module 'PS7' [/opt/Xilinx/Vivado/2014.2/scripts/rt/data/unisim_comp.v:26452]
INFO: [Synth 8-256] done synthesizing module 'PS7' (3#1) [/opt/Xilinx/Vivado/2014.2/scripts/rt/data/unisim_comp.v:26452]
WARNING: [Synth 8-3848] Net ENET0_GMII_TX_EN in module/entity processing_system7_v5_4_processing_system7 does not have driver. [/home/greg/ELEC-522-HW-6/xilinx_design/qr_arm/qr_arm.srcs/sources_1/bd/system/ip/system_processing_system7_0_0/hdl/verilog/processing_system7_v5_4_processing_system7.v:212]
WARNING: [Synth 8-3848] Net ENET0_GMII_TX_ER in module/entity processing_system7_v5_4_processing_system7 does not have driver. [/home/greg/ELEC-522-HW-6/xilinx_design/qr_arm/qr_arm.srcs/sources_1/bd/system/ip/system_processing_system7_0_0/hdl/verilog/processing_system7_v5_4_processing_system7.v:213]
WARNING: [Synth 8-3848] Net ENET0_GMII_TXD in module/entity processing_system7_v5_4_processing_system7 does not have driver. [/home/greg/ELEC-522-HW-6/xilinx_design/qr_arm/qr_arm.srcs/sources_1/bd/system/ip/system_processing_system7_0_0/hdl/verilog/processing_system7_v5_4_processing_system7.v:229]
WARNING: [Synth 8-3848] Net ENET1_GMII_TX_EN in module/entity processing_system7_v5_4_processing_system7 does not have driver. [/home/greg/ELEC-522-HW-6/xilinx_design/qr_arm/qr_arm.srcs/sources_1/bd/system/ip/system_processing_system7_0_0/hdl/verilog/processing_system7_v5_4_processing_system7.v:243]
WARNING: [Synth 8-3848] Net ENET1_GMII_TX_ER in module/entity processing_system7_v5_4_processing_system7 does not have driver. [/home/greg/ELEC-522-HW-6/xilinx_design/qr_arm/qr_arm.srcs/sources_1/bd/system/ip/system_processing_system7_0_0/hdl/verilog/processing_system7_v5_4_processing_system7.v:244]
WARNING: [Synth 8-3848] Net ENET1_GMII_TXD in module/entity processing_system7_v5_4_processing_system7 does not have driver. [/home/greg/ELEC-522-HW-6/xilinx_design/qr_arm/qr_arm.srcs/sources_1/bd/system/ip/system_processing_system7_0_0/hdl/verilog/processing_system7_v5_4_processing_system7.v:258]
WARNING: [Synth 8-3848] Net TRACE_CTL_PIPE[0] in module/entity processing_system7_v5_4_processing_system7 does not have driver. [/home/greg/ELEC-522-HW-6/xilinx_design/qr_arm/qr_arm.srcs/sources_1/bd/system/ip/system_processing_system7_0_0/hdl/verilog/processing_system7_v5_4_processing_system7.v:1300]
WARNING: [Synth 8-3848] Net TRACE_DATA_PIPE[0] in module/entity processing_system7_v5_4_processing_system7 does not have driver. [/home/greg/ELEC-522-HW-6/xilinx_design/qr_arm/qr_arm.srcs/sources_1/bd/system/ip/system_processing_system7_0_0/hdl/verilog/processing_system7_v5_4_processing_system7.v:1301]
WARNING: [Synth 8-3848] Net TRACE_CLK_OUT in module/entity processing_system7_v5_4_processing_system7 does not have driver. [/home/greg/ELEC-522-HW-6/xilinx_design/qr_arm/qr_arm.srcs/sources_1/bd/system/ip/system_processing_system7_0_0/hdl/verilog/processing_system7_v5_4_processing_system7.v:405]
WARNING: [Synth 8-3848] Net ENET0_GMII_COL_i in module/entity processing_system7_v5_4_processing_system7 does not have driver. [/home/greg/ELEC-522-HW-6/xilinx_design/qr_arm/qr_arm.srcs/sources_1/bd/system/ip/system_processing_system7_0_0/hdl/verilog/processing_system7_v5_4_processing_system7.v:1048]
WARNING: [Synth 8-3848] Net ENET0_GMII_CRS_i in module/entity processing_system7_v5_4_processing_system7 does not have driver. [/home/greg/ELEC-522-HW-6/xilinx_design/qr_arm/qr_arm.srcs/sources_1/bd/system/ip/system_processing_system7_0_0/hdl/verilog/processing_system7_v5_4_processing_system7.v:1049]
WARNING: [Synth 8-3848] Net ENET0_GMII_RXD_i in module/entity processing_system7_v5_4_processing_system7 does not have driver. [/home/greg/ELEC-522-HW-6/xilinx_design/qr_arm/qr_arm.srcs/sources_1/bd/system/ip/system_processing_system7_0_0/hdl/verilog/processing_system7_v5_4_processing_system7.v:1052]
WARNING: [Synth 8-3848] Net ENET0_GMII_RX_DV_i in module/entity processing_system7_v5_4_processing_system7 does not have driver. [/home/greg/ELEC-522-HW-6/xilinx_design/qr_arm/qr_arm.srcs/sources_1/bd/system/ip/system_processing_system7_0_0/hdl/verilog/processing_system7_v5_4_processing_system7.v:1050]
WARNING: [Synth 8-3848] Net ENET0_GMII_RX_ER_i in module/entity processing_system7_v5_4_processing_system7 does not have driver. [/home/greg/ELEC-522-HW-6/xilinx_design/qr_arm/qr_arm.srcs/sources_1/bd/system/ip/system_processing_system7_0_0/hdl/verilog/processing_system7_v5_4_processing_system7.v:1051]
WARNING: [Synth 8-3848] Net ENET1_GMII_COL_i in module/entity processing_system7_v5_4_processing_system7 does not have driver. [/home/greg/ELEC-522-HW-6/xilinx_design/qr_arm/qr_arm.srcs/sources_1/bd/system/ip/system_processing_system7_0_0/hdl/verilog/processing_system7_v5_4_processing_system7.v:1057]
WARNING: [Synth 8-3848] Net ENET1_GMII_CRS_i in module/entity processing_system7_v5_4_processing_system7 does not have driver. [/home/greg/ELEC-522-HW-6/xilinx_design/qr_arm/qr_arm.srcs/sources_1/bd/system/ip/system_processing_system7_0_0/hdl/verilog/processing_system7_v5_4_processing_system7.v:1058]
WARNING: [Synth 8-3848] Net ENET1_GMII_RXD_i in module/entity processing_system7_v5_4_processing_system7 does not have driver. [/home/greg/ELEC-522-HW-6/xilinx_design/qr_arm/qr_arm.srcs/sources_1/bd/system/ip/system_processing_system7_0_0/hdl/verilog/processing_system7_v5_4_processing_system7.v:1061]
WARNING: [Synth 8-3848] Net ENET1_GMII_RX_DV_i in module/entity processing_system7_v5_4_processing_system7 does not have driver. [/home/greg/ELEC-522-HW-6/xilinx_design/qr_arm/qr_arm.srcs/sources_1/bd/system/ip/system_processing_system7_0_0/hdl/verilog/processing_system7_v5_4_processing_system7.v:1059]
WARNING: [Synth 8-3848] Net ENET1_GMII_RX_ER_i in module/entity processing_system7_v5_4_processing_system7 does not have driver. [/home/greg/ELEC-522-HW-6/xilinx_design/qr_arm/qr_arm.srcs/sources_1/bd/system/ip/system_processing_system7_0_0/hdl/verilog/processing_system7_v5_4_processing_system7.v:1060]
WARNING: [Synth 8-3848] Net FTMD_TRACEIN_ATID_i in module/entity processing_system7_v5_4_processing_system7 does not have driver. [/home/greg/ELEC-522-HW-6/xilinx_design/qr_arm/qr_arm.srcs/sources_1/bd/system/ip/system_processing_system7_0_0/hdl/verilog/processing_system7_v5_4_processing_system7.v:1070]
WARNING: [Synth 8-3848] Net FTMD_TRACEIN_DATA_i in module/entity processing_system7_v5_4_processing_system7 does not have driver. [/home/greg/ELEC-522-HW-6/xilinx_design/qr_arm/qr_arm.srcs/sources_1/bd/system/ip/system_processing_system7_0_0/hdl/verilog/processing_system7_v5_4_processing_system7.v:1068]
WARNING: [Synth 8-3848] Net FTMD_TRACEIN_VALID_i in module/entity processing_system7_v5_4_processing_system7 does not have driver. [/home/greg/ELEC-522-HW-6/xilinx_design/qr_arm/qr_arm.srcs/sources_1/bd/system/ip/system_processing_system7_0_0/hdl/verilog/processing_system7_v5_4_processing_system7.v:1069]
INFO: [Synth 8-256] done synthesizing module 'processing_system7_v5_4_processing_system7' (4#1) [/home/greg/ELEC-522-HW-6/xilinx_design/qr_arm/qr_arm.srcs/sources_1/bd/system/ip/system_processing_system7_0_0/hdl/verilog/processing_system7_v5_4_processing_system7.v:153]
WARNING: [Synth 8-350] instance 'inst' of module 'processing_system7_v5_4_processing_system7' requires 686 connections, but only 673 given [/home/greg/ELEC-522-HW-6/xilinx_design/qr_arm/qr_arm.srcs/sources_1/bd/system/ip/system_processing_system7_0_0/synth/system_processing_system7_0_0.v:185]
INFO: [Synth 8-256] done synthesizing module 'system_processing_system7_0_0' (5#1) [/home/greg/ELEC-522-HW-6/xilinx_design/qr_arm/qr_arm.srcs/sources_1/bd/system/ip/system_processing_system7_0_0/synth/system_processing_system7_0_0.v:57]
WARNING: [Synth 8-350] instance 'processing_system7_0' of module 'system_processing_system7_0_0' requires 28 connections, but only 22 given [/home/greg/ELEC-522-HW-6/xilinx_design/qr_arm/qr_arm.srcs/sources_1/bd/system/hdl/system.v:82]
INFO: [Synth 8-256] done synthesizing module 'system' (6#1) [/home/greg/ELEC-522-HW-6/xilinx_design/qr_arm/qr_arm.srcs/sources_1/bd/system/hdl/system.v:13]
INFO: [Synth 8-256] done synthesizing module 'system_wrapper' (7#1) [/home/greg/ELEC-522-HW-6/xilinx_design/qr_arm/qr_arm.srcs/sources_1/bd/system/hdl/system_wrapper.v:12]
---------------------------------------------------------------------------------
Finished RTL Elaboration : Time (s): cpu = 00:00:05 ; elapsed = 00:00:05 . Memory (MB): peak = 847.531 ; gain = 206.812
---------------------------------------------------------------------------------
---------------------------------------------------------------------------------
Start RTL Optimization
---------------------------------------------------------------------------------

Report Check Netlist: 
+------+------------------+-------+---------+-------+------------------+
|      |Item              |Errors |Warnings |Status |Description       |
+------+------------------+-------+---------+-------+------------------+
|1     |multi_driven_nets |      0|        0|Passed |Multi driven nets |
+------+------------------+-------+---------+-------+------------------+
Loading clock regions from /opt/Xilinx/Vivado/2014.2/data/parts/xilinx/zynq/zynq/xc7z020/ClockRegion.xml
Loading clock buffers from /opt/Xilinx/Vivado/2014.2/data/parts/xilinx/zynq/zynq/xc7z020/ClockBuffers.xml
Loading clock placement rules from /opt/Xilinx/Vivado/2014.2/data/parts/xilinx/zynq/ClockPlacerRules.xml
Loading package pin functions from /opt/Xilinx/Vivado/2014.2/data/parts/xilinx/zynq/PinFunctions.xml...
Loading package from /opt/Xilinx/Vivado/2014.2/data/parts/xilinx/zynq/zynq/xc7z020/clg484/Package.xml
Loading io standards from /opt/Xilinx/Vivado/2014.2/data/./parts/xilinx/zynq/IOStandards.xml

Processing XDC Constraints
Parsing XDC File [/home/greg/ELEC-522-HW-6/xilinx_design/qr_arm/qr_arm.srcs/sources_1/bd/system/ip/system_processing_system7_0_0/system_processing_system7_0_0.xdc] for cell 'system_i/processing_system7_0/inst'
Finished Parsing XDC File [/home/greg/ELEC-522-HW-6/xilinx_design/qr_arm/qr_arm.srcs/sources_1/bd/system/ip/system_processing_system7_0_0/system_processing_system7_0_0.xdc] for cell 'system_i/processing_system7_0/inst'
Parsing XDC File [/home/greg/ELEC-522-HW-6/xilinx_design/qr_arm/qr_arm.runs/synth_1/dont_touch.xdc]
Finished Parsing XDC File [/home/greg/ELEC-522-HW-6/xilinx_design/qr_arm/qr_arm.runs/synth_1/dont_touch.xdc]
INFO: [Project 1-236] Implementation specific constraints were found while reading constraint file [/home/greg/ELEC-522-HW-6/xilinx_design/qr_arm/qr_arm.runs/synth_1/dont_touch.xdc]. These constraints will be ignored for synthesis but will be used in implementation. Impacted constraints are listed in the file [.Xil/system_wrapper_propImpl.xdc].
Resolution: To avoid this message, exclude constraints listed in [.Xil/system_wrapper_propImpl.xdc] from synthesis with the used_in_synthesis property (File Properties dialog in GUI) and re-run elaboration/synthesis.
Completed Processing XDC Constraints

INFO: [Project 1-111] Unisim Transformation Summary:
No Unisim elements were transformed.

---------------------------------------------------------------------------------
Start RTL Optimization
---------------------------------------------------------------------------------
---------------------------------------------------------------------------------
Start Loading Part and Timing Information
---------------------------------------------------------------------------------
Loading part: xc7z020clg484-1
---------------------------------------------------------------------------------
Finished Loading Part and Timing Information : Time (s): cpu = 00:00:11 ; elapsed = 00:00:12 . Memory (MB): peak = 1051.988 ; gain = 411.270
---------------------------------------------------------------------------------
---------------------------------------------------------------------------------
Start Applying 'set_property' XDC Constraints
---------------------------------------------------------------------------------
Applied set_property DONT_TOUCH = true for system_i. (constraint file  /home/greg/ELEC-522-HW-6/xilinx_design/qr_arm/qr_arm.runs/synth_1/dont_touch.xdc, line 5).
Applied set_property DONT_TOUCH = true for processing_system7_0. (constraint file  /home/greg/ELEC-522-HW-6/xilinx_design/qr_arm/qr_arm.runs/synth_1/dont_touch.xdc, line 8).
Applied set_property DONT_TOUCH = true for inst. (constraint file  /home/greg/ELEC-522-HW-6/xilinx_design/qr_arm/qr_arm.runs/synth_1/dont_touch.xdc, line 11).
---------------------------------------------------------------------------------
Finished applying 'set_property' XDC Constraints : Time (s): cpu = 00:00:13 ; elapsed = 00:00:13 . Memory (MB): peak = 1051.988 ; gain = 411.270
---------------------------------------------------------------------------------
---------------------------------------------------------------------------------
Finished RTL Optimization : Time (s): cpu = 00:00:13 ; elapsed = 00:00:13 . Memory (MB): peak = 1051.988 ; gain = 411.270
---------------------------------------------------------------------------------
WARNING: [Synth 8-3848] Net ENET0_GMII_TX_EN in module/entity processing_system7_v5_4_processing_system7 does not have driver. [/home/greg/ELEC-522-HW-6/xilinx_design/qr_arm/qr_arm.srcs/sources_1/bd/system/ip/system_processing_system7_0_0/hdl/verilog/processing_system7_v5_4_processing_system7.v:212]
WARNING: [Synth 8-3848] Net ENET0_GMII_TX_ER in module/entity processing_system7_v5_4_processing_system7 does not have driver. [/home/greg/ELEC-522-HW-6/xilinx_design/qr_arm/qr_arm.srcs/sources_1/bd/system/ip/system_processing_system7_0_0/hdl/verilog/processing_system7_v5_4_processing_system7.v:213]
WARNING: [Synth 8-3848] Net ENET0_GMII_TXD in module/entity processing_system7_v5_4_processing_system7 does not have driver. [/home/greg/ELEC-522-HW-6/xilinx_design/qr_arm/qr_arm.srcs/sources_1/bd/system/ip/system_processing_system7_0_0/hdl/verilog/processing_system7_v5_4_processing_system7.v:229]
WARNING: [Synth 8-3848] Net ENET1_GMII_TX_EN in module/entity processing_system7_v5_4_processing_system7 does not have driver. [/home/greg/ELEC-522-HW-6/xilinx_design/qr_arm/qr_arm.srcs/sources_1/bd/system/ip/system_processing_system7_0_0/hdl/verilog/processing_system7_v5_4_processing_system7.v:243]
WARNING: [Synth 8-3848] Net ENET1_GMII_TX_ER in module/entity processing_system7_v5_4_processing_system7 does not have driver. [/home/greg/ELEC-522-HW-6/xilinx_design/qr_arm/qr_arm.srcs/sources_1/bd/system/ip/system_processing_system7_0_0/hdl/verilog/processing_system7_v5_4_processing_system7.v:244]
WARNING: [Synth 8-3848] Net ENET1_GMII_TXD in module/entity processing_system7_v5_4_processing_system7 does not have driver. [/home/greg/ELEC-522-HW-6/xilinx_design/qr_arm/qr_arm.srcs/sources_1/bd/system/ip/system_processing_system7_0_0/hdl/verilog/processing_system7_v5_4_processing_system7.v:258]
WARNING: [Synth 8-3848] Net TRACE_CTL_PIPE[0] in module/entity processing_system7_v5_4_processing_system7 does not have driver. [/home/greg/ELEC-522-HW-6/xilinx_design/qr_arm/qr_arm.srcs/sources_1/bd/system/ip/system_processing_system7_0_0/hdl/verilog/processing_system7_v5_4_processing_system7.v:1300]
WARNING: [Synth 8-3848] Net TRACE_DATA_PIPE[0] in module/entity processing_system7_v5_4_processing_system7 does not have driver. [/home/greg/ELEC-522-HW-6/xilinx_design/qr_arm/qr_arm.srcs/sources_1/bd/system/ip/system_processing_system7_0_0/hdl/verilog/processing_system7_v5_4_processing_system7.v:1301]
WARNING: [Synth 8-3848] Net TRACE_CLK_OUT in module/entity processing_system7_v5_4_processing_system7 does not have driver. [/home/greg/ELEC-522-HW-6/xilinx_design/qr_arm/qr_arm.srcs/sources_1/bd/system/ip/system_processing_system7_0_0/hdl/verilog/processing_system7_v5_4_processing_system7.v:405]
WARNING: [Synth 8-3848] Net ENET0_GMII_COL_i in module/entity processing_system7_v5_4_processing_system7 does not have driver. [/home/greg/ELEC-522-HW-6/xilinx_design/qr_arm/qr_arm.srcs/sources_1/bd/system/ip/system_processing_system7_0_0/hdl/verilog/processing_system7_v5_4_processing_system7.v:1048]
WARNING: [Synth 8-3848] Net ENET0_GMII_CRS_i in module/entity processing_system7_v5_4_processing_system7 does not have driver. [/home/greg/ELEC-522-HW-6/xilinx_design/qr_arm/qr_arm.srcs/sources_1/bd/system/ip/system_processing_system7_0_0/hdl/verilog/processing_system7_v5_4_processing_system7.v:1049]
WARNING: [Synth 8-3848] Net ENET0_GMII_RXD_i in module/entity processing_system7_v5_4_processing_system7 does not have driver. [/home/greg/ELEC-522-HW-6/xilinx_design/qr_arm/qr_arm.srcs/sources_1/bd/system/ip/system_processing_system7_0_0/hdl/verilog/processing_system7_v5_4_processing_system7.v:1052]
WARNING: [Synth 8-3848] Net ENET0_GMII_RX_DV_i in module/entity processing_system7_v5_4_processing_system7 does not have driver. [/home/greg/ELEC-522-HW-6/xilinx_design/qr_arm/qr_arm.srcs/sources_1/bd/system/ip/system_processing_system7_0_0/hdl/verilog/processing_system7_v5_4_processing_system7.v:1050]
WARNING: [Synth 8-3848] Net ENET0_GMII_RX_ER_i in module/entity processing_system7_v5_4_processing_system7 does not have driver. [/home/greg/ELEC-522-HW-6/xilinx_design/qr_arm/qr_arm.srcs/sources_1/bd/system/ip/system_processing_system7_0_0/hdl/verilog/processing_system7_v5_4_processing_system7.v:1051]
WARNING: [Synth 8-3848] Net ENET1_GMII_COL_i in module/entity processing_system7_v5_4_processing_system7 does not have driver. [/home/greg/ELEC-522-HW-6/xilinx_design/qr_arm/qr_arm.srcs/sources_1/bd/system/ip/system_processing_system7_0_0/hdl/verilog/processing_system7_v5_4_processing_system7.v:1057]
WARNING: [Synth 8-3848] Net ENET1_GMII_CRS_i in module/entity processing_system7_v5_4_processing_system7 does not have driver. [/home/greg/ELEC-522-HW-6/xilinx_design/qr_arm/qr_arm.srcs/sources_1/bd/system/ip/system_processing_system7_0_0/hdl/verilog/processing_system7_v5_4_processing_system7.v:1058]
WARNING: [Synth 8-3848] Net ENET1_GMII_RXD_i in module/entity processing_system7_v5_4_processing_system7 does not have driver. [/home/greg/ELEC-522-HW-6/xilinx_design/qr_arm/qr_arm.srcs/sources_1/bd/system/ip/system_processing_system7_0_0/hdl/verilog/processing_system7_v5_4_processing_system7.v:1061]
WARNING: [Synth 8-3848] Net ENET1_GMII_RX_DV_i in module/entity processing_system7_v5_4_processing_system7 does not have driver. [/home/greg/ELEC-522-HW-6/xilinx_design/qr_arm/qr_arm.srcs/sources_1/bd/system/ip/system_processing_system7_0_0/hdl/verilog/processing_system7_v5_4_processing_system7.v:1059]
WARNING: [Synth 8-3848] Net ENET1_GMII_RX_ER_i in module/entity processing_system7_v5_4_processing_system7 does not have driver. [/home/greg/ELEC-522-HW-6/xilinx_design/qr_arm/qr_arm.srcs/sources_1/bd/system/ip/system_processing_system7_0_0/hdl/verilog/processing_system7_v5_4_processing_system7.v:1060]
WARNING: [Synth 8-3848] Net FTMD_TRACEIN_ATID_i in module/entity processing_system7_v5_4_processing_system7 does not have driver. [/home/greg/ELEC-522-HW-6/xilinx_design/qr_arm/qr_arm.srcs/sources_1/bd/system/ip/system_processing_system7_0_0/hdl/verilog/processing_system7_v5_4_processing_system7.v:1070]
WARNING: [Synth 8-3848] Net FTMD_TRACEIN_DATA_i in module/entity processing_system7_v5_4_processing_system7 does not have driver. [/home/greg/ELEC-522-HW-6/xilinx_design/qr_arm/qr_arm.srcs/sources_1/bd/system/ip/system_processing_system7_0_0/hdl/verilog/processing_system7_v5_4_processing_system7.v:1068]
WARNING: [Synth 8-3848] Net FTMD_TRACEIN_VALID_i in module/entity processing_system7_v5_4_processing_system7 does not have driver. [/home/greg/ELEC-522-HW-6/xilinx_design/qr_arm/qr_arm.srcs/sources_1/bd/system/ip/system_processing_system7_0_0/hdl/verilog/processing_system7_v5_4_processing_system7.v:1069]

Report RTL Partitions: 
+-+--------------+------------+----------+
| |RTL Partition |Replication |Instances |
+-+--------------+------------+----------+
+-+--------------+------------+----------+
---------------------------------------------------------------------------------
Start RTL Component Statistics 
---------------------------------------------------------------------------------
Detailed RTL Component Info : 
---------------------------------------------------------------------------------
Finished RTL Component Statistics 
---------------------------------------------------------------------------------
---------------------------------------------------------------------------------
Start RTL Hierarchical Component Statistics 
---------------------------------------------------------------------------------
Hierarchical RTL Component report 
Module system_wrapper 
Detailed RTL Component Info : 
Module processing_system7_v5_4_processing_system7 
Detailed RTL Component Info : 
Module system_processing_system7_0_0 
Detailed RTL Component Info : 
Module system 
Detailed RTL Component Info : 
---------------------------------------------------------------------------------
Finished RTL Hierarchical Component Statistics
---------------------------------------------------------------------------------
---------------------------------------------------------------------------------
Start Part Resource Summary
---------------------------------------------------------------------------------
Part Resources:
DSPs: 220 (col length:60)
BRAMs: 280 (col length: RAMB18 60 RAMB36 30)
---------------------------------------------------------------------------------
Finished Part Resource Summary
---------------------------------------------------------------------------------
Workers Ready, Starting Parallel Section  : Time (s): cpu = 00:00:13 ; elapsed = 00:00:14 . Memory (MB): peak = 1059.996 ; gain = 419.277
---------------------------------------------------------------------------------
Start Cross Boundary Optimization
---------------------------------------------------------------------------------
---------------------------------------------------------------------------------
Finished Cross Boundary Optimization : Time (s): cpu = 00:00:13 ; elapsed = 00:00:14 . Memory (MB): peak = 1059.996 ; gain = 419.277
---------------------------------------------------------------------------------
Finished Parallel Reinfer  : Time (s): cpu = 00:00:13 ; elapsed = 00:00:14 . Memory (MB): peak = 1059.996 ; gain = 419.277
---------------------------------------------------------------------------------
Start RAM, DSP and Shift Register Reporting
---------------------------------------------------------------------------------
---------------------------------------------------------------------------------
Finished RAM, DSP and Shift Register Reporting
---------------------------------------------------------------------------------
---------------------------------------------------------------------------------
Start Area Optimization
---------------------------------------------------------------------------------
---------------------------------------------------------------------------------
Finished Area Optimization : Time (s): cpu = 00:00:13 ; elapsed = 00:00:14 . Memory (MB): peak = 1076.012 ; gain = 435.293
---------------------------------------------------------------------------------
Finished Parallel Area Opt  : Time (s): cpu = 00:00:13 ; elapsed = 00:00:14 . Memory (MB): peak = 1076.012 ; gain = 435.293
Finished Parallel Section  : Time (s): cpu = 00:00:13 ; elapsed = 00:00:14 . Memory (MB): peak = 1076.012 ; gain = 435.293
---------------------------------------------------------------------------------
Start Timing Optimization
---------------------------------------------------------------------------------
---------------------------------------------------------------------------------
Start Applying XDC Timing Constraints
---------------------------------------------------------------------------------
---------------------------------------------------------------------------------
Finished Applying XDC Timing Constraints : Time (s): cpu = 00:00:22 ; elapsed = 00:00:22 . Memory (MB): peak = 1293.012 ; gain = 652.293
---------------------------------------------------------------------------------
---------------------------------------------------------------------------------
Finished Timing Optimization : Time (s): cpu = 00:00:22 ; elapsed = 00:00:22 . Memory (MB): peak = 1293.012 ; gain = 652.293
---------------------------------------------------------------------------------
---------------------------------------------------------------------------------
Start Technology Mapping
---------------------------------------------------------------------------------
---------------------------------------------------------------------------------
Finished Technology Mapping : Time (s): cpu = 00:00:22 ; elapsed = 00:00:23 . Memory (MB): peak = 1305.027 ; gain = 664.309
---------------------------------------------------------------------------------
---------------------------------------------------------------------------------
Start IO Insertion
---------------------------------------------------------------------------------
---------------------------------------------------------------------------------
Start Flattening Before IO Insertion
---------------------------------------------------------------------------------
---------------------------------------------------------------------------------
Finished Flattening Before IO Insertion
---------------------------------------------------------------------------------
---------------------------------------------------------------------------------
Start Final Netlist Cleanup
---------------------------------------------------------------------------------
---------------------------------------------------------------------------------
Finished Final Netlist Cleanup
---------------------------------------------------------------------------------
---------------------------------------------------------------------------------
Finished IO Insertion : Time (s): cpu = 00:00:23 ; elapsed = 00:00:24 . Memory (MB): peak = 1305.027 ; gain = 664.309
---------------------------------------------------------------------------------

Report Check Netlist: 
+------+------------------+-------+---------+-------+------------------+
|      |Item              |Errors |Warnings |Status |Description       |
+------+------------------+-------+---------+-------+------------------+
|1     |multi_driven_nets |      0|        0|Passed |Multi driven nets |
+------+------------------+-------+---------+-------+------------------+
---------------------------------------------------------------------------------
Start Renaming Generated Instances
---------------------------------------------------------------------------------
---------------------------------------------------------------------------------
Finished Renaming Generated Instances : Time (s): cpu = 00:00:23 ; elapsed = 00:00:24 . Memory (MB): peak = 1305.027 ; gain = 664.309
---------------------------------------------------------------------------------
---------------------------------------------------------------------------------
Start Rebuilding User Hierarchy
---------------------------------------------------------------------------------
---------------------------------------------------------------------------------
Finished Rebuilding User Hierarchy : Time (s): cpu = 00:00:23 ; elapsed = 00:00:24 . Memory (MB): peak = 1305.027 ; gain = 664.309
---------------------------------------------------------------------------------
---------------------------------------------------------------------------------
Start RAM, DSP and Shift Register Reporting
---------------------------------------------------------------------------------
---------------------------------------------------------------------------------
Finished RAM, DSP and Shift Register Reporting
---------------------------------------------------------------------------------
---------------------------------------------------------------------------------
Start Writing Synthesis Report
---------------------------------------------------------------------------------

Report BlackBoxes: 
+-+--------------+----------+
| |BlackBox name |Instances |
+-+--------------+----------+
+-+--------------+----------+

Report Cell Usage: 
+------+------+------+
|      |Cell  |Count |
+------+------+------+
|1     |BIBUF |   130|
|2     |GND   |     1|
|3     |LUT1  |    89|
|4     |PS7   |     1|
+------+------+------+

Report Instance Areas: 
+------+-------------------------+-------------------------------------------+------+
|      |Instance                 |Module                                     |Cells |
+------+-------------------------+-------------------------------------------+------+
|1     |top                      |                                           |   221|
|2     |  system_i               |system                                     |   221|
|3     |    processing_system7_0 |system_processing_system7_0_0              |   220|
|4     |      inst               |processing_system7_v5_4_processing_system7 |   220|
+------+-------------------------+-------------------------------------------+------+
---------------------------------------------------------------------------------
Finished Writing Synthesis Report : Time (s): cpu = 00:00:23 ; elapsed = 00:00:24 . Memory (MB): peak = 1305.027 ; gain = 664.309
---------------------------------------------------------------------------------
Synthesis finished with 0 errors, 0 critical warnings and 22 warnings.
Synthesis Optimization Complete : Time (s): cpu = 00:00:23 ; elapsed = 00:00:24 . Memory (MB): peak = 1305.027 ; gain = 664.309
INFO: [Opt 31-140] Inserted 0 IBUFs to IO ports without IO buffers.
INFO: [Opt 31-141] Inserted 0 OBUFs to IO ports without IO buffers.
INFO: [Opt 31-138] Pushed 0 inverter(s) to 0 load pin(s).
INFO: [Project 1-111] Unisim Transformation Summary:
No Unisim elements were transformed.

INFO: [Common 17-83] Releasing license: Synthesis
22 Infos, 146 Warnings, 0 Critical Warnings and 0 Errors encountered.
synth_design completed successfully
synth_design: Time (s): cpu = 00:00:22 ; elapsed = 00:00:23 . Memory (MB): peak = 1310.027 ; gain = 544.371
# write_checkpoint system_wrapper.dcp
# report_utilization -file system_wrapper_utilization_synth.rpt -pb system_wrapper_utilization_synth.pb
report_utilization: Time (s): cpu = 00:00:00.13 ; elapsed = 00:00:00.17 . Memory (MB): peak = 1310.027 ; gain = 0.000
INFO: [Common 17-206] Exiting Vivado at Sun Dec  4 08:35:04 2016...
