@I [HLS-0] Workspace /home/greg/everything/xilnx_design/cycle3/DecisionChannel/solution1 opened at Tue Feb 28 21:38:41 CST 2017
@I [HLS-100] Command "config_clock -quiet -name default -period 10 -default=false "
@I [SYN-201] Setting up clock 'default' with a period of 10ns.
@I [HLS-100] Command 'config_clock' returned 0; elapsed 0.000176Total elapsed time: 0.316 sec.
@I [HLS-100] Command "open_platform DefaultPlatform "
@I [HLS-100] Command 'open_platform' returned 0; elapsed 4.9e-05Total elapsed time: 0.317 sec.
@I [HLS-100] Command "import_lib /opt/Xilinx/Vivado_HLS/2016.2/common/technology/xilinx/zynq/zynq "
@I [HLS-100] Command "source /opt/Xilinx/Vivado_HLS/2016.2/common/technology/xilinx/common/xilinx.lib "
@I [HLS-100] Command "source /opt/Xilinx/Vivado_HLS/2016.2/common/technology/xilinx/interface/xilinx_interface.lib "
@I [HLS-100] Command "source /opt/Xilinx/Vivado_HLS/2016.2/common/technology/xilinx/interface/plb46.lib "
@I [HLS-100] Command 'ap_source' returned 0; elapsed 0.000314Total elapsed time: 0.318 sec.
@I [HLS-100] Command "source /opt/Xilinx/Vivado_HLS/2016.2/common/technology/xilinx/interface/fsl.lib "
@I [HLS-100] Command 'ap_source' returned 0; elapsed 0.000139Total elapsed time: 0.318 sec.
@I [HLS-100] Command "source /opt/Xilinx/Vivado_HLS/2016.2/common/technology/xilinx/interface/axi4.lib "
@I [HLS-100] Command 'ap_source' returned 0; elapsed 0.000219Total elapsed time: 0.319 sec.
@I [HLS-100] Command "source /opt/Xilinx/Vivado_HLS/2016.2/common/technology/xilinx/interface/maxi.lib "
@I [HLS-100] Command 'ap_source' returned 0; elapsed 0.00018Total elapsed time: 0.319 sec.
@I [HLS-100] Command "source /opt/Xilinx/Vivado_HLS/2016.2/common/technology/xilinx/interface/saxilite.lib "
@I [HLS-100] Command 'ap_source' returned 0; elapsed 0.00012Total elapsed time: 0.319 sec.
@I [HLS-100] Command 'ap_source' returned 0; elapsed 0.001778Total elapsed time: 0.320 sec.
@I [HLS-100] Command "source /opt/Xilinx/Vivado_HLS/2016.2/common/technology/xilinx/common/dsp48.lib "
@I [HLS-100] Command 'ap_source' returned 0; elapsed 0.000135Total elapsed time: 0.320 sec.
@I [HLS-100] Command "source /opt/Xilinx/Vivado_HLS/2016.2/common/technology/xilinx/ip/xfir.lib "
@I [HLS-100] Command 'ap_source' returned 0; elapsed 8e-05Total elapsed time: 0.320 sec.
@I [HLS-100] Command "source /opt/Xilinx/Vivado_HLS/2016.2/common/technology/xilinx/ip/xfft.lib "
@I [HLS-100] Command 'ap_source' returned 0; elapsed 6.9e-05Total elapsed time: 0.320 sec.
@I [HLS-100] Command "source /opt/Xilinx/Vivado_HLS/2016.2/common/technology/xilinx/ip/dds_compiler.lib "
@I [HLS-100] Command 'ap_source' returned 0; elapsed 6.6e-05Total elapsed time: 0.321 sec.
@I [HLS-100] Command 'ap_source' returned 0; elapsed 0.00537Total elapsed time: 0.323 sec.
@I [HLS-100] Command "source /opt/Xilinx/Vivado_HLS/2016.2/common/technology/xilinx/common/xilinx_old.lib "
@I [HLS-100] Command 'ap_source' returned 0; elapsed 0.000893Total elapsed time: 0.326 sec.
@I [HLS-100] Command "source /opt/Xilinx/Vivado_HLS/2016.2/common/technology/xilinx/common/xilinx_vivado.lib "
@I [HLS-100] Command 'ap_source' returned 0; elapsed 0.000797Total elapsed time: 0.327 sec.
@I [HLS-100] Command "source /opt/Xilinx/Vivado_HLS/2016.2/common/technology/xilinx/common/xilinx.hlp "
@I [HLS-100] Command "source /opt/Xilinx/Vivado_HLS/2016.2/common/technology/xilinx/common/target_info.tcl "
@I [HLS-100] Command 'ap_source' returned 0; elapsed 0.000135Total elapsed time: 0.330 sec.
@I [HLS-100] Command "source /opt/Xilinx/Vivado_HLS/2016.2/common/technology/xilinx/interface/xilinx_interface.hlp "
@I [HLS-100] Command "source /opt/Xilinx/Vivado_HLS/2016.2/common/technology/xilinx/interface/maxi.hlp "
@I [HLS-100] Command 'ap_source' returned 0; elapsed 0.000111Total elapsed time: 0.330 sec.
@I [HLS-100] Command "source /opt/Xilinx/Vivado_HLS/2016.2/common/technology/xilinx/interface/saxilite.hlp "
@I [HLS-100] Command 'ap_source' returned 0; elapsed 8.1e-05Total elapsed time: 0.330 sec.
@I [HLS-100] Command 'ap_source' returned 0; elapsed 0.000507Total elapsed time: 0.330 sec.
@I [HLS-100] Command "source /opt/Xilinx/Vivado_HLS/2016.2/common/technology/xilinx/common/dsp48.hlp "
@I [HLS-100] Command 'ap_source' returned 0; elapsed 0.000552Total elapsed time: 0.331 sec.
@I [HLS-100] Command 'ap_source' returned 0; elapsed 0.00279Total elapsed time: 0.332 sec.
@I [HLS-100] Command "source /opt/Xilinx/Vivado_HLS/2016.2/common/technology/xilinx/zynq/dsp48e1.hlp "
@I [HLS-100] Command 'ap_source' returned 0; elapsed 0.000167Total elapsed time: 0.332 sec.
@I [HLS-100] Command "get_default_platform "
@I [HLS-100] Command 'get_default_platform' returned 0; elapsed 8e-06Total elapsed time: 0.333 sec.
@I [HLS-100] Command "config_chip_info -quiet -resource  {SLICE 13300}  {LUT 53200}     {FF 106400} {DSP48E 220}   {BRAM 280}  "
@I [HLS-100] Command 'config_chip_info' returned 0; elapsed 2.4e-05Total elapsed time: 0.333 sec.
@I [HLS-100] Command "config_chip_info -quiet -speed medium "
@I [HLS-100] Command 'config_chip_info' returned 0; elapsed 5e-06Total elapsed time: 0.333 sec.
@I [HLS-100] Command 'import_lib' returned 0; elapsed 0.017536Total elapsed time: 0.335 sec.
@I [HLS-100] Command "source /opt/Xilinx/Vivado_HLS/2016.2/common/technology/xilinx/zynq/zynq.gen "
@I [HLS-100] Command "source /opt/Xilinx/Vivado_HLS/2016.2/common/technology/xilinx/common/virtex.gen "
@I [HLS-100] Command "source /opt/Xilinx/Vivado_HLS/2016.2/common/technology/xilinx/common/xilinx.gen "
@I [HLS-100] Command "source /opt/Xilinx/Vivado_HLS/2016.2/common/technology/xilinx/interface/plb46.gen "
@I [HLS-100] Command 'ap_source' returned 0; elapsed 0.001344Total elapsed time: 0.338 sec.
@I [HLS-100] Command "source /opt/Xilinx/Vivado_HLS/2016.2/common/technology/xilinx/interface/fsl.gen "
@I [HLS-100] Command 'ap_source' returned 0; elapsed 0.000541Total elapsed time: 0.338 sec.
@I [HLS-100] Command "source /opt/Xilinx/Vivado_HLS/2016.2/common/technology/xilinx/interface/axi4.gen "
@I [HLS-100] Command 'ap_source' returned 0; elapsed 0.002068Total elapsed time: 0.341 sec.
@I [HLS-100] Command "source /opt/Xilinx/Vivado_HLS/2016.2/common/technology/xilinx/interface/nativeAXI4.gen "
@I [HLS-100] Command "source /opt/Xilinx/Vivado_HLS/2016.2/common/technology/xilinx/interface/saxilite.gen "
@I [HLS-100] Command 'ap_source' returned 0; elapsed 0.003376Total elapsed time: 0.344 sec.
@I [HLS-100] Command "source /opt/Xilinx/Vivado_HLS/2016.2/common/technology/xilinx/interface/maxi.gen "
@I [HLS-100] Command 'ap_source' returned 0; elapsed 0.00559Total elapsed time: 0.350 sec.
@I [HLS-100] Command 'ap_source' returned 0; elapsed 0.009556Total elapsed time: 0.351 sec.
@I [HLS-100] Command "source /opt/Xilinx/Vivado_HLS/2016.2/common/technology/xilinx/scripts/xilinxcoregen.gen "
@I [HLS-100] Command 'ap_source' returned 0; elapsed 0.007113Total elapsed time: 0.358 sec.
@I [HLS-100] Command "source /opt/Xilinx/Vivado_HLS/2016.2/common/technology/xilinx/interface/XilEDKCoreGen.gen "
@I [HLS-100] Command 'ap_source' returned 0; elapsed 0.005897Total elapsed time: 0.364 sec.
@I [HLS-100] Command "source /opt/Xilinx/Vivado_HLS/2016.2/common/technology/xilinx/ip/xfft.gen "
@I [HLS-100] Command 'ap_source' returned 0; elapsed 0.080515Total elapsed time: 0.445 sec.
@I [HLS-100] Command "source /opt/Xilinx/Vivado_HLS/2016.2/common/technology/xilinx/ip/util.gen "
@I [HLS-100] Command 'ap_source' returned 0; elapsed 0.000135Total elapsed time: 0.445 sec.
@I [HLS-100] Command "source /opt/Xilinx/Vivado_HLS/2016.2/common/technology/xilinx/ip/xfir.gen "
@I [HLS-100] Command 'ap_source' returned 0; elapsed 0.000513Total elapsed time: 0.446 sec.
@I [HLS-100] Command "source /opt/Xilinx/Vivado_HLS/2016.2/common/technology/xilinx/ip/dds_compiler.gen "
@I [HLS-100] Command 'ap_source' returned 0; elapsed 0.002444Total elapsed time: 0.448 sec.
@I [HLS-100] Command 'ap_source' returned 0; elapsed 0.112286Total elapsed time: 0.449 sec.
@I [HLS-100] Command "source /opt/Xilinx/Vivado_HLS/2016.2/common/technology/xilinx/common/dsp48.gen "
@I [HLS-100] Command 'ap_source' returned 0; elapsed 0.000126Total elapsed time: 0.450 sec.
@I [HLS-100] Command 'ap_source' returned 0; elapsed 0.114452Total elapsed time: 0.450 sec.
@I [HLS-100] Command 'ap_source' returned 0; elapsed 0.114678Total elapsed time: 0.450 sec.
@I [HLS-100] Command "open_platform DefaultPlatform "
@I [HLS-100] Command 'open_platform' returned 0; elapsed 6e-06Total elapsed time: 0.451 sec.
@I [HLS-100] Command "import_lib /opt/Xilinx/Vivado_HLS/2016.2/common/technology/xilinx/zynq/zynq_fpv6 "
@I [HLS-100] Command "source /opt/Xilinx/Vivado_HLS/2016.2/common/technology/xilinx/common/xilinx_fpv7.lib "
@I [HLS-100] Command "source /opt/Xilinx/Vivado_HLS/2016.2/common/technology/xilinx/common/xilinx_hp.lib "
@I [HLS-100] Command 'ap_source' returned 0; elapsed 0.00048Total elapsed time: 0.452 sec.
@I [HLS-100] Command 'ap_source' returned 0; elapsed 0.002608Total elapsed time: 0.453 sec.
@I [HLS-100] Command "source /opt/Xilinx/Vivado_HLS/2016.2/common/technology/xilinx/common/xilinx_fpv.hlp "
@I [HLS-100] Command "source /opt/Xilinx/Vivado_HLS/2016.2/common/technology/xilinx/common/xilinx.hlp "
@I [HLS-100] Command "source /opt/Xilinx/Vivado_HLS/2016.2/common/technology/xilinx/common/target_info.tcl "
@I [HLS-100] Command 'ap_source' returned 0; elapsed 0.000133Total elapsed time: 0.458 sec.
@I [HLS-100] Command "source /opt/Xilinx/Vivado_HLS/2016.2/common/technology/xilinx/interface/xilinx_interface.hlp "
@I [HLS-100] Command "source /opt/Xilinx/Vivado_HLS/2016.2/common/technology/xilinx/interface/maxi.hlp "
@I [HLS-100] Command 'ap_source' returned 0; elapsed 8.4e-05Total elapsed time: 0.458 sec.
@I [HLS-100] Command "source /opt/Xilinx/Vivado_HLS/2016.2/common/technology/xilinx/interface/saxilite.hlp "
@I [HLS-100] Command 'ap_source' returned 0; elapsed 6.8e-05Total elapsed time: 0.458 sec.
@I [HLS-100] Command 'ap_source' returned 0; elapsed 0.00034Total elapsed time: 0.459 sec.
@I [HLS-100] Command "source /opt/Xilinx/Vivado_HLS/2016.2/common/technology/xilinx/common/dsp48.hlp "
@I [HLS-100] Command 'ap_source' returned 0; elapsed 0.00052Total elapsed time: 0.459 sec.
@I [HLS-100] Command 'ap_source' returned 0; elapsed 0.002152Total elapsed time: 0.460 sec.
@I [HLS-100] Command 'ap_source' returned 0; elapsed 0.002807Total elapsed time: 0.460 sec.
@I [HLS-100] Command "source /opt/Xilinx/Vivado_HLS/2016.2/common/technology/xilinx/zynq/zynq_hp.hlp "
@I [HLS-100] Command 'ap_source' returned 0; elapsed 0.001Total elapsed time: 0.462 sec.
@I [HLS-100] Command 'import_lib' returned 0; elapsed 0.01707Total elapsed time: 0.468 sec.
@I [HLS-100] Command "source /opt/Xilinx/Vivado_HLS/2016.2/common/technology/xilinx/zynq/zynq_fpv6.gen "
@I [HLS-100] Command "source /opt/Xilinx/Vivado_HLS/2016.2/common/technology/xilinx/common/xilinx_fpv6.gen "
@I [HLS-100] Command 'ap_source' returned 0; elapsed 0.001697Total elapsed time: 0.470 sec.
@I [HLS-100] Command 'ap_source' returned 0; elapsed 0.002019Total elapsed time: 0.470 sec.
@I [HLS-100] Command "set_part xc7z020clg484-1 "
@I [HLS-100] Command "add_library xilinx/zynq/zynq:xc7z020:clg484:-1 "
@I [HLS-100] Command "get_default_platform "
@I [HLS-100] Command 'get_default_platform' returned 0; elapsed 7e-06Total elapsed time: 0.475 sec.
@I [HLS-100] Command "license_isbetapart xc7z020 "
@I [HLS-100] Command 'license_isbetapart' returned 1; elapsed 0.006945Total elapsed time: 0.483 sec.
@I [HLS-100] Command "get_default_platform "
@I [HLS-100] Command 'get_default_platform' returned 0; elapsed 7e-06Total elapsed time: 0.484 sec.
@I [HLS-100] Command "config_chip_info -quiet -resource  {SLICE 13300}  {LUT 53200}     {FF 106400} {DSP48E 220}   {BRAM 280}  "
@I [HLS-100] Command 'config_chip_info' returned 0; elapsed 1.5e-05Total elapsed time: 0.484 sec.
@I [HLS-100] Command "config_chip_info -quiet -speed slow "
@I [HLS-100] Command 'config_chip_info' returned 0; elapsed 4e-06Total elapsed time: 0.484 sec.
@I [HLS-100] Command 'add_library' returned 0; elapsed 0.010609Total elapsed time: 0.485 sec.
@I [HLS-100] Command "add_library xilinx/zynq/zynq_fpv6 "
@I [HLS-100] Command "get_default_platform "
@I [HLS-100] Command 'get_default_platform' returned 0; elapsed 6e-06Total elapsed time: 0.486 sec.
@I [HLS-100] Command 'add_library' returned 0; elapsed 0.001552Total elapsed time: 0.487 sec.
@I [HLS-10] Setting target device to 'xc7z020clg484-1'
@I [HLS-100] Command 'set_part' returned 0; elapsed 0.01636Total elapsed time: 0.488 sec.
@I [HLS-100] Command "get_default_platform "
@I [HLS-100] Command 'get_default_platform' returned 0; elapsed 5e-06Total elapsed time: 0.488 sec.
@I [HLS-100] Command "config_chip_info -quiet -resource  {SLICE 13300}  {LUT 53200}     {FF 106400} {DSP48E 220}   {BRAM 280}  "
@I [HLS-100] Command 'config_chip_info' returned 0; elapsed 1.7e-05Total elapsed time: 0.488 sec.
@I [HLS-100] Command "config_chip_info -quiet -speed slow "
@I [HLS-100] Command 'config_chip_info' returned 0; elapsed 5e-06Total elapsed time: 0.488 sec.
@I [HLS-100] Command 'open_solution' returned 0; elapsed 0.177492Total elapsed time: 0.489 sec.
@I [HLS-100] Command "export_design -format ip_catalog -description Single channel detection and decision AXI-lite module -vendor PaceAce -library PaceAce -display_name channel "
@I [HLS-100] Command "source /home/greg/everything/xilnx_design/cycle3/DecisionChannel/solution1/.autopilot/db/global.setting.tcl "
@I [HLS-100] Command 'ap_source' returned 0; elapsed 0.000204Total elapsed time: 0.494 sec.
@I [HLS-100] Command "source /opt/Xilinx/Vivado_HLS/2016.2/common/technology/generic/autopilot/common.gen "
@I [HLS-100] Command "source /opt/Xilinx/Vivado_HLS/2016.2/common/technology/generic/autopilot/APCoreGen.gen "
@I [HLS-100] Command 'ap_source' returned 0; elapsed 0.000526Total elapsed time: 0.499 sec.
@I [HLS-100] Command 'ap_source' returned 0; elapsed 0.00119Total elapsed time: 0.499 sec.
@I [HLS-100] Command "source /opt/Xilinx/Vivado_HLS/2016.2/common/technology/generic/autopilot/op.gen "
@I [HLS-100] Command 'ap_source' returned 0; elapsed 0.00029Total elapsed time: 0.500 sec.
@I [HLS-100] Command "source /opt/Xilinx/Vivado_HLS/2016.2/common/technology/generic/autopilot/op_simcore.gen "
@I [HLS-100] Command 'ap_source' returned 0; elapsed 0.000891Total elapsed time: 0.501 sec.
@I [HLS-100] Command "source /opt/Xilinx/Vivado_HLS/2016.2/common/technology/generic/autopilot/interface.gen "
@I [HLS-100] Command 'ap_source' returned 0; elapsed 7.4e-05Total elapsed time: 0.501 sec.
@I [HLS-100] Command "source /home/greg/everything/xilnx_design/cycle3/DecisionChannel/solution1/.autopilot/db/global.setting.tcl "
@I [HLS-100] Command 'ap_source' returned 0; elapsed 0.000183Total elapsed time: 0.501 sec.
@I [HLS-100] Command "source /opt/Xilinx/Vivado_HLS/2016.2/common/technology/xilinx/zynq/zynq.gen "
@I [HLS-100] Command "source /opt/Xilinx/Vivado_HLS/2016.2/common/technology/xilinx/common/virtex.gen "
@I [HLS-100] Command "source /opt/Xilinx/Vivado_HLS/2016.2/common/technology/xilinx/common/xilinx.gen "
@I [HLS-100] Command "source /opt/Xilinx/Vivado_HLS/2016.2/common/technology/xilinx/interface/plb46.gen "
@I [HLS-100] Command 'ap_source' returned 0; elapsed 0.001192Total elapsed time: 0.503 sec.
@I [HLS-100] Command "source /opt/Xilinx/Vivado_HLS/2016.2/common/technology/xilinx/interface/fsl.gen "
@I [HLS-100] Command 'ap_source' returned 0; elapsed 0.000491Total elapsed time: 0.504 sec.
@I [HLS-100] Command "source /opt/Xilinx/Vivado_HLS/2016.2/common/technology/xilinx/interface/axi4.gen "
@I [HLS-100] Command 'ap_source' returned 0; elapsed 0.002176Total elapsed time: 0.506 sec.
@I [HLS-100] Command "source /opt/Xilinx/Vivado_HLS/2016.2/common/technology/xilinx/interface/nativeAXI4.gen "
@I [HLS-100] Command "source /opt/Xilinx/Vivado_HLS/2016.2/common/technology/xilinx/interface/saxilite.gen "
@I [HLS-100] Command 'ap_source' returned 0; elapsed 0.003806Total elapsed time: 0.510 sec.
@I [HLS-100] Command "source /opt/Xilinx/Vivado_HLS/2016.2/common/technology/xilinx/interface/maxi.gen "
@I [HLS-100] Command 'ap_source' returned 0; elapsed 0.007422Total elapsed time: 0.518 sec.
@I [HLS-100] Command 'ap_source' returned 0; elapsed 0.011859Total elapsed time: 0.518 sec.
@I [HLS-100] Command "source /opt/Xilinx/Vivado_HLS/2016.2/common/technology/xilinx/scripts/xilinxcoregen.gen "
@I [HLS-100] Command 'ap_source' returned 0; elapsed 0.009909Total elapsed time: 0.528 sec.
@I [HLS-100] Command "source /opt/Xilinx/Vivado_HLS/2016.2/common/technology/xilinx/interface/XilEDKCoreGen.gen "
@I [HLS-100] Command 'ap_source' returned 0; elapsed 0.008376Total elapsed time: 0.537 sec.
@I [HLS-100] Command "source /opt/Xilinx/Vivado_HLS/2016.2/common/technology/xilinx/ip/xfft.gen "
@I [HLS-100] Command 'ap_source' returned 0; elapsed 0.104124Total elapsed time: 0.642 sec.
@I [HLS-100] Command "source /opt/Xilinx/Vivado_HLS/2016.2/common/technology/xilinx/ip/util.gen "
@I [HLS-100] Command 'ap_source' returned 0; elapsed 0.000143Total elapsed time: 0.642 sec.
@I [HLS-100] Command "source /opt/Xilinx/Vivado_HLS/2016.2/common/technology/xilinx/ip/xfir.gen "
@I [HLS-100] Command 'ap_source' returned 0; elapsed 0.000512Total elapsed time: 0.643 sec.
@I [HLS-100] Command "source /opt/Xilinx/Vivado_HLS/2016.2/common/technology/xilinx/ip/dds_compiler.gen "
@I [HLS-100] Command 'ap_source' returned 0; elapsed 0.003011Total elapsed time: 0.646 sec.
@I [HLS-100] Command 'ap_source' returned 0; elapsed 0.144028Total elapsed time: 0.646 sec.
@I [HLS-100] Command "source /opt/Xilinx/Vivado_HLS/2016.2/common/technology/xilinx/common/dsp48.gen "
@I [HLS-100] Command 'ap_source' returned 0; elapsed 0.000156Total elapsed time: 0.648 sec.
@I [HLS-100] Command 'ap_source' returned 0; elapsed 0.146677Total elapsed time: 0.649 sec.
@I [HLS-100] Command 'ap_source' returned 0; elapsed 0.146873Total elapsed time: 0.649 sec.
@I [HLS-100] Command "source /opt/Xilinx/Vivado_HLS/2016.2/common/technology/xilinx/zynq/zynq_fpv6.gen "
@I [HLS-100] Command "source /opt/Xilinx/Vivado_HLS/2016.2/common/technology/xilinx/common/xilinx_fpv6.gen "
@I [HLS-100] Command 'ap_source' returned 0; elapsed 0.001773Total elapsed time: 0.651 sec.
@I [HLS-100] Command 'ap_source' returned 0; elapsed 0.002076Total elapsed time: 0.651 sec.
@I [HLS-100] Command "source /home/greg/everything/xilnx_design/cycle3/DecisionChannel/solution1/.autopilot/db/global.setting.tcl "
@I [HLS-100] Command 'ap_source' returned 0; elapsed 0.000211Total elapsed time: 0.652 sec.
@I [IMPL-8] Exporting RTL as an IP in IP-XACT.
@I [HLS-100] Command "source /home/greg/everything/xilnx_design/cycle3/DecisionChannel/solution1/.autopilot/db/global.setting.tcl "
@I [HLS-100] Command 'ap_source' returned 0; elapsed 0.000178Total elapsed time: 0.653 sec.
@I [HLS-100] Command "source /home/greg/everything/xilnx_design/cycle3/DecisionChannel/solution1/.autopilot/db/global.setting.tcl "
@I [HLS-100] Command 'ap_source' returned 0; elapsed 0.000201Total elapsed time: 0.659 sec.
@I [HLS-100] Command "source /opt/Xilinx/Vivado_HLS/2016.2/common/technology/generic/autopilot/common.gen "
@I [HLS-100] Command "source /opt/Xilinx/Vivado_HLS/2016.2/common/technology/generic/autopilot/APCoreGen.gen "
@I [HLS-100] Command 'ap_source' returned 0; elapsed 0.000457Total elapsed time: 0.660 sec.
@I [HLS-100] Command 'ap_source' returned 0; elapsed 0.00119Total elapsed time: 0.661 sec.
@I [HLS-100] Command "source /opt/Xilinx/Vivado_HLS/2016.2/common/technology/generic/autopilot/op.gen "
@I [HLS-100] Command 'ap_source' returned 0; elapsed 0.000303Total elapsed time: 0.661 sec.
@I [HLS-100] Command "source /opt/Xilinx/Vivado_HLS/2016.2/common/technology/generic/autopilot/op_simcore.gen "
@I [HLS-100] Command 'ap_source' returned 0; elapsed 0.000895Total elapsed time: 0.662 sec.
@I [HLS-100] Command "source /opt/Xilinx/Vivado_HLS/2016.2/common/technology/generic/autopilot/interface.gen "
@I [HLS-100] Command 'ap_source' returned 0; elapsed 0.000145Total elapsed time: 0.663 sec.
@I [HLS-100] Command "source /home/greg/everything/xilnx_design/cycle3/DecisionChannel/solution1/.autopilot/db/global.setting.tcl "
@I [HLS-100] Command 'ap_source' returned 0; elapsed 0.00018Total elapsed time: 0.663 sec.
@I [HLS-100] Command "source /opt/Xilinx/Vivado_HLS/2016.2/common/technology/xilinx/zynq/zynq.gen "
@I [HLS-100] Command "source /opt/Xilinx/Vivado_HLS/2016.2/common/technology/xilinx/common/virtex.gen "
@I [HLS-100] Command "source /opt/Xilinx/Vivado_HLS/2016.2/common/technology/xilinx/common/xilinx.gen "
@I [HLS-100] Command "source /opt/Xilinx/Vivado_HLS/2016.2/common/technology/xilinx/interface/plb46.gen "
@I [HLS-100] Command 'ap_source' returned 0; elapsed 0.000997Total elapsed time: 0.665 sec.
@I [HLS-100] Command "source /opt/Xilinx/Vivado_HLS/2016.2/common/technology/xilinx/interface/fsl.gen "
@I [HLS-100] Command 'ap_source' returned 0; elapsed 0.000515Total elapsed time: 0.665 sec.
@I [HLS-100] Command "source /opt/Xilinx/Vivado_HLS/2016.2/common/technology/xilinx/interface/axi4.gen "
@I [HLS-100] Command 'ap_source' returned 0; elapsed 0.002061Total elapsed time: 0.667 sec.
@I [HLS-100] Command "source /opt/Xilinx/Vivado_HLS/2016.2/common/technology/xilinx/interface/nativeAXI4.gen "
@I [HLS-100] Command "source /opt/Xilinx/Vivado_HLS/2016.2/common/technology/xilinx/interface/saxilite.gen "
@I [HLS-100] Command 'ap_source' returned 0; elapsed 0.003165Total elapsed time: 0.671 sec.
@I [HLS-100] Command "source /opt/Xilinx/Vivado_HLS/2016.2/common/technology/xilinx/interface/maxi.gen "
@I [HLS-100] Command 'ap_source' returned 0; elapsed 0.006458Total elapsed time: 0.678 sec.
@I [HLS-100] Command 'ap_source' returned 0; elapsed 0.010278Total elapsed time: 0.678 sec.
@I [HLS-100] Command "source /opt/Xilinx/Vivado_HLS/2016.2/common/technology/xilinx/scripts/xilinxcoregen.gen "
@I [HLS-100] Command 'ap_source' returned 0; elapsed 0.007313Total elapsed time: 0.685 sec.
@I [HLS-100] Command "source /opt/Xilinx/Vivado_HLS/2016.2/common/technology/xilinx/interface/XilEDKCoreGen.gen "
@I [HLS-100] Command 'ap_source' returned 0; elapsed 0.00576Total elapsed time: 0.691 sec.
@I [HLS-100] Command "source /opt/Xilinx/Vivado_HLS/2016.2/common/technology/xilinx/ip/xfft.gen "
@I [HLS-100] Command 'ap_source' returned 0; elapsed 0.078756Total elapsed time: 0.771 sec.
@I [HLS-100] Command "source /opt/Xilinx/Vivado_HLS/2016.2/common/technology/xilinx/ip/util.gen "
@I [HLS-100] Command 'ap_source' returned 0; elapsed 0.000134Total elapsed time: 0.771 sec.
@I [HLS-100] Command "source /opt/Xilinx/Vivado_HLS/2016.2/common/technology/xilinx/ip/xfir.gen "
@I [HLS-100] Command 'ap_source' returned 0; elapsed 0.000513Total elapsed time: 0.772 sec.
@I [HLS-100] Command "source /opt/Xilinx/Vivado_HLS/2016.2/common/technology/xilinx/ip/dds_compiler.gen "
@I [HLS-100] Command 'ap_source' returned 0; elapsed 0.002551Total elapsed time: 0.774 sec.
@I [HLS-100] Command 'ap_source' returned 0; elapsed 0.110872Total elapsed time: 0.774 sec.
@I [HLS-100] Command "source /opt/Xilinx/Vivado_HLS/2016.2/common/technology/xilinx/common/dsp48.gen "
@I [HLS-100] Command 'ap_source' returned 0; elapsed 0.000129Total elapsed time: 0.776 sec.
@I [HLS-100] Command 'ap_source' returned 0; elapsed 0.112782Total elapsed time: 0.776 sec.
@I [HLS-100] Command 'ap_source' returned 0; elapsed 0.112948Total elapsed time: 0.776 sec.
@I [HLS-100] Command "source /opt/Xilinx/Vivado_HLS/2016.2/common/technology/xilinx/zynq/zynq_fpv6.gen "
@I [HLS-100] Command "source /opt/Xilinx/Vivado_HLS/2016.2/common/technology/xilinx/common/xilinx_fpv6.gen "
@I [HLS-100] Command 'ap_source' returned 0; elapsed 0.00117Total elapsed time: 0.777 sec.
@I [HLS-100] Command 'ap_source' returned 0; elapsed 0.001361Total elapsed time: 0.778 sec.
@I [HLS-100] Command "source /home/greg/everything/xilnx_design/cycle3/DecisionChannel/solution1/.autopilot/db/global.setting.tcl "
@I [HLS-100] Command 'ap_source' returned 0; elapsed 0.000122Total elapsed time: 0.778 sec.
@I [HLS-100] Command "source /home/greg/everything/xilnx_design/cycle3/DecisionChannel/solution1/.autopilot/db/global.setting.tcl "
@I [HLS-100] Command 'ap_source' returned 0; elapsed 9.6e-05Total elapsed time: 0.779 sec.
@I [HLS-100] Command "source /home/greg/everything/xilnx_design/cycle3/DecisionChannel/solution1/.autopilot/db/Decision.compgen.tcl "
@I [HLS-100] Command 'ap_source' returned 0; elapsed 0.000178Total elapsed time: 0.779 sec.
@I [HLS-100] Command "source /home/greg/everything/xilnx_design/cycle3/DecisionChannel/solution1/.autopilot/db/global.setting.tcl "
@I [HLS-100] Command 'ap_source' returned 0; elapsed 0.000129Total elapsed time: 0.781 sec.
@I [HLS-100] Command "source /home/greg/everything/xilnx_design/cycle3/DecisionChannel/solution1/.autopilot/db/global.setting.tcl "
@I [HLS-100] Command 'ap_source' returned 0; elapsed 9.3e-05Total elapsed time: 0.782 sec.
@I [HLS-100] Command "source /home/greg/everything/xilnx_design/cycle3/DecisionChannel/solution1/.autopilot/db/Decision.compgen.tcl "
@I [HLS-100] Command "source /home/greg/everything/xilnx_design/cycle3/DecisionChannel/solution1/.autopilot/db/Decision.rtl_wrap.cfg.tcl "
@I [HLS-100] Command 'ap_source' returned 0; elapsed 0.000312Total elapsed time: 0.783 sec.
@I [HLS-100] Command "source /home/greg/everything/xilnx_design/cycle3/DecisionChannel/solution1/.autopilot/db/Decision.rtl_wrap.cfg.tcl "
@I [HLS-100] Command 'ap_source' returned 0; elapsed 0.000277Total elapsed time: 0.783 sec.
@I [HLS-100] Command "source /home/greg/everything/xilnx_design/cycle3/DecisionChannel/solution1/.autopilot/db/Decision.rtl_wrap.cfg.tcl "
@I [HLS-100] Command 'ap_source' returned 0; elapsed 0.000286Total elapsed time: 0.784 sec.
@I [HLS-100] Command "source /home/greg/everything/xilnx_design/cycle3/DecisionChannel/solution1/.autopilot/db/Decision.tbgen.tcl "
@I [HLS-100] Command 'ap_source' returned 0; elapsed 0.000148Total elapsed time: 0.784 sec.
@I [HLS-100] Command "source /home/greg/everything/xilnx_design/cycle3/DecisionChannel/solution1/.autopilot/db/Decision.tbgen.tcl "
@I [HLS-100] Command 'ap_source' returned 0; elapsed 0.000141Total elapsed time: 0.784 sec.
@I [HLS-100] Command 'ap_source' returned 0; elapsed 0.041755Total elapsed time: 0.824 sec.
@I [HLS-100] Command "source /home/greg/everything/xilnx_design/cycle3/DecisionChannel/solution1/.autopilot/db/global.setting.tcl "
@I [HLS-100] Command 'ap_source' returned 0; elapsed 0.000113Total elapsed time: 0.828 sec.
@I [HLS-100] Command "source /home/greg/everything/xilnx_design/cycle3/DecisionChannel/solution1/.autopilot/db/global.setting.tcl "
@I [HLS-100] Command 'ap_source' returned 0; elapsed 9.3e-05Total elapsed time: 0.828 sec.
@I [HLS-100] Command "source /home/greg/everything/xilnx_design/cycle3/DecisionChannel/solution1/.autopilot/db/Decision.compgen.tcl "
@I [HLS-100] Command 'ap_source' returned 0; elapsed 0.000177Total elapsed time: 0.829 sec.
@I [HLS-100] Command "source /home/greg/everything/xilnx_design/cycle3/DecisionChannel/solution1/.autopilot/db/global.setting.tcl "
@I [HLS-100] Command 'ap_source' returned 0; elapsed 0.000137Total elapsed time: 0.853 sec.
@I [HLS-100] Command "source /home/greg/everything/xilnx_design/cycle3/DecisionChannel/solution1/.autopilot/db/Decision.constraint.tcl "
@I [HLS-100] Command 'ap_source' returned 0; elapsed 4.7e-05Total elapsed time: 0.854 sec.
@I [HLS-100] Command "source /home/greg/everything/xilnx_design/cycle3/DecisionChannel/solution1/.autopilot/db/Decision.rtl_wrap.cfg.tcl "
@I [HLS-100] Command 'ap_source' returned 0; elapsed 0.000323Total elapsed time: 0.864 sec.
@I [HLS-100] Command "source /home/greg/everything/xilnx_design/cycle3/DecisionChannel/solution1/.autopilot/db/Decision.rtl_wrap.cfg.tcl "
@I [HLS-100] Command 'ap_source' returned 0; elapsed 0.000262Total elapsed time: 0.865 sec.
@I [HLS-100] Command "source /home/greg/everything/xilnx_design/cycle3/DecisionChannel/solution1/.autopilot/db/Decision.rtl_wrap.cfg.tcl "
@I [HLS-100] Command 'ap_source' returned 0; elapsed 0.000273Total elapsed time: 0.865 sec.
@I [HLS-100] Command "source /home/greg/everything/xilnx_design/cycle3/DecisionChannel/solution1/.autopilot/db/Decision.tbgen.tcl "
@I [HLS-100] Command 'ap_source' returned 0; elapsed 0.000183Total elapsed time: 0.865 sec.
@I [HLS-100] Command "source /home/greg/everything/xilnx_design/cycle3/DecisionChannel/solution1/.autopilot/db/Decision.tbgen.tcl "
@I [HLS-100] Command 'ap_source' returned 0; elapsed 0.000141Total elapsed time: 0.866 sec.
@I [HLS-100] Command "source /home/greg/everything/xilnx_design/cycle3/DecisionChannel/solution1/.autopilot/db/global.setting.tcl "
@I [HLS-100] Command 'ap_source' returned 0; elapsed 0.00013Total elapsed time: 0.900 sec.
@I [HLS-100] Command "source /home/greg/everything/xilnx_design/cycle3/DecisionChannel/solution1/.autopilot/db/global.setting.tcl "
@I [HLS-100] Command 'ap_source' returned 0; elapsed 0.000125Total elapsed time: 0.914 sec.
@I [HLS-100] Command "source /home/greg/everything/xilnx_design/cycle3/DecisionChannel/solution1/.autopilot/db/global.setting.tcl "
@I [HLS-100] Command 'ap_source' returned 0; elapsed 0.000111Total elapsed time: 0.916 sec.
@I [HLS-100] Command "source /home/greg/everything/xilnx_design/cycle3/DecisionChannel/solution1/.autopilot/db/Decision.rtl_wrap.cfg.tcl "
@I [HLS-100] Command 'ap_source' returned 0; elapsed 0.000315Total elapsed time: 0.918 sec.
@I [HLS-100] Command "source /home/greg/everything/xilnx_design/cycle3/DecisionChannel/solution1/.autopilot/db/Decision.rtl_wrap.cfg.tcl "
@I [HLS-100] Command 'ap_source' returned 0; elapsed 0.000281Total elapsed time: 0.918 sec.
@I [HLS-100] Command "source /home/greg/everything/xilnx_design/cycle3/DecisionChannel/solution1/.autopilot/db/Decision.tbgen.tcl "
@I [HLS-100] Command 'ap_source' returned 0; elapsed 0.000158Total elapsed time: 0.918 sec.
@I [HLS-100] Command "source /home/greg/everything/xilnx_design/cycle3/DecisionChannel/solution1/.autopilot/db/Decision.tbgen.tcl "
@I [HLS-100] Command 'ap_source' returned 0; elapsed 0.000136Total elapsed time: 0.919 sec.
@I [HLS-100] Command "source /home/greg/everything/xilnx_design/cycle3/DecisionChannel/solution1/.autopilot/db/Decision.rtl_wrap.cfg.tcl "
@I [HLS-100] Command 'ap_source' returned 0; elapsed 0.000302Total elapsed time: 0.950 sec.
@I [HLS-100] Command "source /home/greg/everything/xilnx_design/cycle3/DecisionChannel/solution1/.autopilot/db/Decision.rtl_wrap.cfg.tcl "
@I [HLS-100] Command 'ap_source' returned 0; elapsed 0.000281Total elapsed time: 0.951 sec.
@I [HLS-100] Command "source /home/greg/everything/xilnx_design/cycle3/DecisionChannel/solution1/.autopilot/db/Decision.tbgen.tcl "
@I [HLS-100] Command 'ap_source' returned 0; elapsed 0.000162Total elapsed time: 0.951 sec.
@I [HLS-100] Command "source /home/greg/everything/xilnx_design/cycle3/DecisionChannel/solution1/.autopilot/db/Decision.tbgen.tcl "
@I [HLS-100] Command 'ap_source' returned 0; elapsed 0.000138Total elapsed time: 0.952 sec.
@I [HLS-100] Command "source /home/greg/everything/xilnx_design/cycle3/DecisionChannel/solution1/.autopilot/db/global.setting.tcl "
@I [HLS-100] Command 'ap_source' returned 0; elapsed 0.000107Total elapsed time: 0.981 sec.
@I [HLS-100] Command "source /home/greg/everything/xilnx_design/cycle3/DecisionChannel/solution1/.autopilot/db/Decision.rtl_wrap.cfg.tcl "
@I [HLS-100] Command 'ap_source' returned 0; elapsed 0.00027Total elapsed time: 0.982 sec.
@I [HLS-100] Command "source /home/greg/everything/xilnx_design/cycle3/DecisionChannel/solution1/.autopilot/db/Decision.rtl_wrap.cfg.tcl "
@I [HLS-100] Command 'ap_source' returned 0; elapsed 0.000277Total elapsed time: 0.982 sec.
@I [HLS-100] Command "source /home/greg/everything/xilnx_design/cycle3/DecisionChannel/solution1/.autopilot/db/Decision.tbgen.tcl "
@I [HLS-100] Command 'ap_source' returned 0; elapsed 0.000152Total elapsed time: 0.983 sec.
@I [HLS-100] Command "source /home/greg/everything/xilnx_design/cycle3/DecisionChannel/solution1/.autopilot/db/Decision.tbgen.tcl "
@I [HLS-100] Command 'ap_source' returned 0; elapsed 0.000144Total elapsed time: 0.983 sec.
@I [HLS-100] Command "source /home/greg/everything/xilnx_design/cycle3/DecisionChannel/solution1/.autopilot/db/global.setting.tcl "
@I [HLS-100] Command 'ap_source' returned 0; elapsed 0.000127Total elapsed time: 1.14 sec.
@I [HLS-100] Command "source /home/greg/everything/xilnx_design/cycle3/DecisionChannel/solution1/.autopilot/db/global.setting.tcl "
@I [HLS-100] Command 'ap_source' returned 0; elapsed 9.5e-05Total elapsed time: 1.15 sec.
@I [HLS-100] Command "source /home/greg/everything/xilnx_design/cycle3/DecisionChannel/solution1/.autopilot/db/Decision.constraint.tcl "
@I [HLS-100] Command 'ap_source' returned 0; elapsed 4e-05Total elapsed time: 1.16 sec.
@I [HLS-100] Command "source /home/greg/everything/xilnx_design/cycle3/DecisionChannel/solution1/.autopilot/db/global.setting.tcl "
@I [HLS-100] Command 'ap_source' returned 0; elapsed 0.000106Total elapsed time: 1.32 sec.
@I [HLS-100] Command "source /home/greg/everything/xilnx_design/cycle3/DecisionChannel/solution1/.autopilot/db/global.setting.tcl "
@I [HLS-100] Command 'ap_source' returned 0; elapsed 0.000104Total elapsed time: 1.44 sec.
@I [HLS-100] Command "source /home/greg/everything/xilnx_design/cycle3/DecisionChannel/solution1/.autopilot/db/Decision.constraint.tcl "
@I [HLS-100] Command 'ap_source' returned 0; elapsed 3.9e-05Total elapsed time: 1.44 sec.
@I [HLS-100] Command "source /home/greg/everything/xilnx_design/cycle3/DecisionChannel/solution1/.autopilot/db/Decision.constraint.tcl "
@I [HLS-100] Command 'ap_source' returned 0; elapsed 3.6e-05Total elapsed time: 1.45 sec.
@I [HLS-100] Command "source /opt/Xilinx/Vivado_HLS/2016.2/common/technology/generic/autopilot/common.gen "
@I [HLS-100] Command "source /opt/Xilinx/Vivado_HLS/2016.2/common/technology/generic/autopilot/APCoreGen.gen "
@I [HLS-100] Command 'ap_source' returned 0; elapsed 0.00038Total elapsed time: 1.52 sec.
@I [HLS-100] Command 'ap_source' returned 0; elapsed 0.00094Total elapsed time: 1.52 sec.
@I [HLS-100] Command "source /opt/Xilinx/Vivado_HLS/2016.2/common/technology/generic/autopilot/op.gen "
@I [HLS-100] Command 'ap_source' returned 0; elapsed 0.0002Total elapsed time: 1.53 sec.
@I [HLS-100] Command "source /opt/Xilinx/Vivado_HLS/2016.2/common/technology/generic/autopilot/op_simcore.gen "
@I [HLS-100] Command 'ap_source' returned 0; elapsed 0.000638Total elapsed time: 1.53 sec.
@I [HLS-100] Command "source /opt/Xilinx/Vivado_HLS/2016.2/common/technology/generic/autopilot/interface.gen "
@I [HLS-100] Command 'ap_source' returned 0; elapsed 5.6e-05Total elapsed time: 1.54 sec.
@I [HLS-100] Command "source /home/greg/everything/xilnx_design/cycle3/DecisionChannel/solution1/.autopilot/db/global.setting.tcl "
@I [HLS-100] Command 'ap_source' returned 0; elapsed 0.000104Total elapsed time: 1.54 sec.
@I [HLS-100] Command "source /opt/Xilinx/Vivado_HLS/2016.2/common/technology/xilinx/zynq/zynq.gen "
@I [HLS-100] Command "source /opt/Xilinx/Vivado_HLS/2016.2/common/technology/xilinx/common/virtex.gen "
@I [HLS-100] Command "source /opt/Xilinx/Vivado_HLS/2016.2/common/technology/xilinx/common/xilinx.gen "
@I [HLS-100] Command "source /opt/Xilinx/Vivado_HLS/2016.2/common/technology/xilinx/interface/plb46.gen "
@I [HLS-100] Command 'ap_source' returned 0; elapsed 0.000685Total elapsed time: 1.55 sec.
@I [HLS-100] Command "source /opt/Xilinx/Vivado_HLS/2016.2/common/technology/xilinx/interface/fsl.gen "
@I [HLS-100] Command 'ap_source' returned 0; elapsed 0.000301Total elapsed time: 1.55 sec.
@I [HLS-100] Command "source /opt/Xilinx/Vivado_HLS/2016.2/common/technology/xilinx/interface/axi4.gen "
@I [HLS-100] Command 'ap_source' returned 0; elapsed 0.001483Total elapsed time: 1.57 sec.
@I [HLS-100] Command "source /opt/Xilinx/Vivado_HLS/2016.2/common/technology/xilinx/interface/nativeAXI4.gen "
@I [HLS-100] Command "source /opt/Xilinx/Vivado_HLS/2016.2/common/technology/xilinx/interface/saxilite.gen "
@I [HLS-100] Command 'ap_source' returned 0; elapsed 0.002334Total elapsed time: 1.59 sec.
@I [HLS-100] Command "source /opt/Xilinx/Vivado_HLS/2016.2/common/technology/xilinx/interface/maxi.gen "
@I [HLS-100] Command 'ap_source' returned 0; elapsed 0.005015Total elapsed time: 1.64 sec.
@I [HLS-100] Command 'ap_source' returned 0; elapsed 0.007588Total elapsed time: 1.64 sec.
@I [HLS-100] Command "source /opt/Xilinx/Vivado_HLS/2016.2/common/technology/xilinx/scripts/xilinxcoregen.gen "
@I [HLS-100] Command 'ap_source' returned 0; elapsed 0.006407Total elapsed time: 1.71 sec.
@I [HLS-100] Command "source /opt/Xilinx/Vivado_HLS/2016.2/common/technology/xilinx/interface/XilEDKCoreGen.gen "
@I [HLS-100] Command 'ap_source' returned 0; elapsed 0.00575Total elapsed time: 1.77 sec.
@I [HLS-100] Command "source /opt/Xilinx/Vivado_HLS/2016.2/common/technology/xilinx/ip/xfft.gen "
@I [HLS-100] Command 'ap_source' returned 0; elapsed 0.073079Total elapsed time: 1.150 sec.
@I [HLS-100] Command "source /opt/Xilinx/Vivado_HLS/2016.2/common/technology/xilinx/ip/util.gen "
@I [HLS-100] Command 'ap_source' returned 0; elapsed 0.000135Total elapsed time: 1.151 sec.
@I [HLS-100] Command "source /opt/Xilinx/Vivado_HLS/2016.2/common/technology/xilinx/ip/xfir.gen "
@I [HLS-100] Command 'ap_source' returned 0; elapsed 0.000501Total elapsed time: 1.151 sec.
@I [HLS-100] Command "source /opt/Xilinx/Vivado_HLS/2016.2/common/technology/xilinx/ip/dds_compiler.gen "
@I [HLS-100] Command 'ap_source' returned 0; elapsed 0.002449Total elapsed time: 1.154 sec.
@I [HLS-100] Command 'ap_source' returned 0; elapsed 0.099648Total elapsed time: 1.154 sec.
@I [HLS-100] Command "source /opt/Xilinx/Vivado_HLS/2016.2/common/technology/xilinx/common/dsp48.gen "
@I [HLS-100] Command 'ap_source' returned 0; elapsed 8.9e-05Total elapsed time: 1.155 sec.
@I [HLS-100] Command 'ap_source' returned 0; elapsed 0.101228Total elapsed time: 1.155 sec.
@I [HLS-100] Command 'ap_source' returned 0; elapsed 0.101359Total elapsed time: 1.155 sec.
@I [HLS-100] Command "source /opt/Xilinx/Vivado_HLS/2016.2/common/technology/xilinx/zynq/zynq_fpv6.gen "
@I [HLS-100] Command "source /opt/Xilinx/Vivado_HLS/2016.2/common/technology/xilinx/common/xilinx_fpv6.gen "
@I [HLS-100] Command 'ap_source' returned 0; elapsed 0.001046Total elapsed time: 1.156 sec.
@I [HLS-100] Command 'ap_source' returned 0; elapsed 0.001182Total elapsed time: 1.157 sec.
@I [HLS-100] Command "source /home/greg/everything/xilnx_design/cycle3/DecisionChannel/solution1/.autopilot/db/global.setting.tcl "
@I [HLS-100] Command 'ap_source' returned 0; elapsed 0.000168Total elapsed time: 8.371 sec.
@I [HLS-100] Command "source /opt/Xilinx/Vivado_HLS/2016.2/common/technology/generic/autopilot/common.gen "
@I [HLS-100] Command "source /opt/Xilinx/Vivado_HLS/2016.2/common/technology/generic/autopilot/APCoreGen.gen "
@I [HLS-100] Command 'ap_source' returned 0; elapsed 0.00038Total elapsed time: 8.375 sec.
@I [HLS-100] Command 'ap_source' returned 0; elapsed 0.000875Total elapsed time: 8.375 sec.
@I [HLS-100] Command "source /opt/Xilinx/Vivado_HLS/2016.2/common/technology/generic/autopilot/op.gen "
@I [HLS-100] Command 'ap_source' returned 0; elapsed 0.000209Total elapsed time: 8.375 sec.
@I [HLS-100] Command "source /opt/Xilinx/Vivado_HLS/2016.2/common/technology/generic/autopilot/op_simcore.gen "
@I [HLS-100] Command 'ap_source' returned 0; elapsed 0.000647Total elapsed time: 8.376 sec.
@I [HLS-100] Command "source /opt/Xilinx/Vivado_HLS/2016.2/common/technology/generic/autopilot/interface.gen "
@I [HLS-100] Command 'ap_source' returned 0; elapsed 5.1e-05Total elapsed time: 8.376 sec.
@I [HLS-100] Command "source /home/greg/everything/xilnx_design/cycle3/DecisionChannel/solution1/.autopilot/db/global.setting.tcl "
@I [HLS-100] Command 'ap_source' returned 0; elapsed 9.7e-05Total elapsed time: 8.377 sec.
@I [HLS-100] Command "source /opt/Xilinx/Vivado_HLS/2016.2/common/technology/xilinx/zynq/zynq.gen "
@I [HLS-100] Command "source /opt/Xilinx/Vivado_HLS/2016.2/common/technology/xilinx/common/virtex.gen "
@I [HLS-100] Command "source /opt/Xilinx/Vivado_HLS/2016.2/common/technology/xilinx/common/xilinx.gen "
@I [HLS-100] Command "source /opt/Xilinx/Vivado_HLS/2016.2/common/technology/xilinx/interface/plb46.gen "
@I [HLS-100] Command 'ap_source' returned 0; elapsed 0.000754Total elapsed time: 8.378 sec.
@I [HLS-100] Command "source /opt/Xilinx/Vivado_HLS/2016.2/common/technology/xilinx/interface/fsl.gen "
@I [HLS-100] Command 'ap_source' returned 0; elapsed 0.000306Total elapsed time: 8.378 sec.
@I [HLS-100] Command "source /opt/Xilinx/Vivado_HLS/2016.2/common/technology/xilinx/interface/axi4.gen "
@I [HLS-100] Command 'ap_source' returned 0; elapsed 0.001448Total elapsed time: 8.380 sec.
@I [HLS-100] Command "source /opt/Xilinx/Vivado_HLS/2016.2/common/technology/xilinx/interface/nativeAXI4.gen "
@I [HLS-100] Command "source /opt/Xilinx/Vivado_HLS/2016.2/common/technology/xilinx/interface/saxilite.gen "
@I [HLS-100] Command 'ap_source' returned 0; elapsed 0.002328Total elapsed time: 8.382 sec.
@I [HLS-100] Command "source /opt/Xilinx/Vivado_HLS/2016.2/common/technology/xilinx/interface/maxi.gen "
@I [HLS-100] Command 'ap_source' returned 0; elapsed 0.004892Total elapsed time: 8.387 sec.
@I [HLS-100] Command 'ap_source' returned 0; elapsed 0.007464Total elapsed time: 8.387 sec.
@I [HLS-100] Command "source /opt/Xilinx/Vivado_HLS/2016.2/common/technology/xilinx/scripts/xilinxcoregen.gen "
@I [HLS-100] Command 'ap_source' returned 0; elapsed 0.006474Total elapsed time: 8.394 sec.
@I [HLS-100] Command "source /opt/Xilinx/Vivado_HLS/2016.2/common/technology/xilinx/interface/XilEDKCoreGen.gen "
@I [HLS-100] Command 'ap_source' returned 0; elapsed 0.005121Total elapsed time: 8.399 sec.
@I [HLS-100] Command "source /opt/Xilinx/Vivado_HLS/2016.2/common/technology/xilinx/ip/xfft.gen "
@I [HLS-100] Command 'ap_source' returned 0; elapsed 0.072831Total elapsed time: 8.472 sec.
@I [HLS-100] Command "source /opt/Xilinx/Vivado_HLS/2016.2/common/technology/xilinx/ip/util.gen "
@I [HLS-100] Command 'ap_source' returned 0; elapsed 0.000125Total elapsed time: 8.472 sec.
@I [HLS-100] Command "source /opt/Xilinx/Vivado_HLS/2016.2/common/technology/xilinx/ip/xfir.gen "
@I [HLS-100] Command 'ap_source' returned 0; elapsed 0.000492Total elapsed time: 8.473 sec.
@I [HLS-100] Command "source /opt/Xilinx/Vivado_HLS/2016.2/common/technology/xilinx/ip/dds_compiler.gen "
@I [HLS-100] Command 'ap_source' returned 0; elapsed 0.002361Total elapsed time: 8.475 sec.
@I [HLS-100] Command 'ap_source' returned 0; elapsed 0.09855Total elapsed time: 8.475 sec.
@I [HLS-100] Command "source /opt/Xilinx/Vivado_HLS/2016.2/common/technology/xilinx/common/dsp48.gen "
@I [HLS-100] Command 'ap_source' returned 0; elapsed 8.1e-05Total elapsed time: 8.477 sec.
@I [HLS-100] Command 'ap_source' returned 0; elapsed 0.100076Total elapsed time: 8.477 sec.
@I [HLS-100] Command 'ap_source' returned 0; elapsed 0.100209Total elapsed time: 8.477 sec.
@I [HLS-100] Command "source /opt/Xilinx/Vivado_HLS/2016.2/common/technology/xilinx/zynq/zynq_fpv6.gen "
@I [HLS-100] Command "source /opt/Xilinx/Vivado_HLS/2016.2/common/technology/xilinx/common/xilinx_fpv6.gen "
@I [HLS-100] Command 'ap_source' returned 0; elapsed 0.001041Total elapsed time: 8.478 sec.
@I [HLS-100] Command 'ap_source' returned 0; elapsed 0.001171Total elapsed time: 8.478 sec.
@I [HLS-100] Command "source /home/greg/everything/xilnx_design/cycle3/DecisionChannel/solution1/.autopilot/db/global.setting.tcl "
@I [HLS-100] Command 'ap_source' returned 0; elapsed 0.000115Total elapsed time: 8.478 sec.
@I [HLS-100] Command "source /home/greg/everything/xilnx_design/cycle3/DecisionChannel/solution1/.autopilot/db/global.setting.tcl "
@I [HLS-100] Command 'ap_source' returned 0; elapsed 9.9e-05Total elapsed time: 8.479 sec.
@I [HLS-100] Command "source /home/greg/everything/xilnx_design/cycle3/DecisionChannel/solution1/.autopilot/db/global.setting.tcl "
@I [HLS-100] Command 'ap_source' returned 0; elapsed 0.0001Total elapsed time: 8.481 sec.
@I [HLS-100] Command "source /opt/Xilinx/Vivado_HLS/2016.2/common/technology/generic/autopilot/common.gen "
@I [HLS-100] Command "source /opt/Xilinx/Vivado_HLS/2016.2/common/technology/generic/autopilot/APCoreGen.gen "
@I [HLS-100] Command 'ap_source' returned 0; elapsed 0.000352Total elapsed time: 8.481 sec.
@I [HLS-100] Command 'ap_source' returned 0; elapsed 0.000789Total elapsed time: 8.482 sec.
@I [HLS-100] Command "source /opt/Xilinx/Vivado_HLS/2016.2/common/technology/generic/autopilot/op.gen "
@I [HLS-100] Command 'ap_source' returned 0; elapsed 0.000184Total elapsed time: 8.482 sec.
@I [HLS-100] Command "source /opt/Xilinx/Vivado_HLS/2016.2/common/technology/generic/autopilot/op_simcore.gen "
@I [HLS-100] Command 'ap_source' returned 0; elapsed 0.000546Total elapsed time: 8.483 sec.
@I [HLS-100] Command "source /opt/Xilinx/Vivado_HLS/2016.2/common/technology/generic/autopilot/interface.gen "
@I [HLS-100] Command 'ap_source' returned 0; elapsed 4.8e-05Total elapsed time: 8.483 sec.
@I [HLS-100] Command "source /home/greg/everything/xilnx_design/cycle3/DecisionChannel/solution1/.autopilot/db/global.setting.tcl "
@I [HLS-100] Command 'ap_source' returned 0; elapsed 9.2e-05Total elapsed time: 8.483 sec.
@I [HLS-100] Command "source /opt/Xilinx/Vivado_HLS/2016.2/common/technology/xilinx/zynq/zynq.gen "
@I [HLS-100] Command "source /opt/Xilinx/Vivado_HLS/2016.2/common/technology/xilinx/common/virtex.gen "
@I [HLS-100] Command "source /opt/Xilinx/Vivado_HLS/2016.2/common/technology/xilinx/common/xilinx.gen "
@I [HLS-100] Command "source /opt/Xilinx/Vivado_HLS/2016.2/common/technology/xilinx/interface/plb46.gen "
@I [HLS-100] Command 'ap_source' returned 0; elapsed 0.000695Total elapsed time: 8.484 sec.
@I [HLS-100] Command "source /opt/Xilinx/Vivado_HLS/2016.2/common/technology/xilinx/interface/fsl.gen "
@I [HLS-100] Command 'ap_source' returned 0; elapsed 0.000289Total elapsed time: 8.484 sec.
@I [HLS-100] Command "source /opt/Xilinx/Vivado_HLS/2016.2/common/technology/xilinx/interface/axi4.gen "
@I [HLS-100] Command 'ap_source' returned 0; elapsed 0.001356Total elapsed time: 8.486 sec.
@I [HLS-100] Command "source /opt/Xilinx/Vivado_HLS/2016.2/common/technology/xilinx/interface/nativeAXI4.gen "
@I [HLS-100] Command "source /opt/Xilinx/Vivado_HLS/2016.2/common/technology/xilinx/interface/saxilite.gen "
@I [HLS-100] Command 'ap_source' returned 0; elapsed 0.002192Total elapsed time: 8.488 sec.
@I [HLS-100] Command "source /opt/Xilinx/Vivado_HLS/2016.2/common/technology/xilinx/interface/maxi.gen "
@I [HLS-100] Command 'ap_source' returned 0; elapsed 0.004654Total elapsed time: 8.493 sec.
@I [HLS-100] Command 'ap_source' returned 0; elapsed 0.007071Total elapsed time: 8.493 sec.
@I [HLS-100] Command "source /opt/Xilinx/Vivado_HLS/2016.2/common/technology/xilinx/scripts/xilinxcoregen.gen "
@I [HLS-100] Command 'ap_source' returned 0; elapsed 0.006172Total elapsed time: 8.499 sec.
@I [HLS-100] Command "source /opt/Xilinx/Vivado_HLS/2016.2/common/technology/xilinx/interface/XilEDKCoreGen.gen "
@I [HLS-100] Command 'ap_source' returned 0; elapsed 0.00523Total elapsed time: 8.505 sec.
@I [HLS-100] Command "source /opt/Xilinx/Vivado_HLS/2016.2/common/technology/xilinx/ip/xfft.gen "
@I [HLS-100] Command 'ap_source' returned 0; elapsed 0.069187Total elapsed time: 8.574 sec.
@I [HLS-100] Command "source /opt/Xilinx/Vivado_HLS/2016.2/common/technology/xilinx/ip/util.gen "
@I [HLS-100] Command 'ap_source' returned 0; elapsed 0.000122Total elapsed time: 8.574 sec.
@I [HLS-100] Command "source /opt/Xilinx/Vivado_HLS/2016.2/common/technology/xilinx/ip/xfir.gen "
@I [HLS-100] Command 'ap_source' returned 0; elapsed 0.000475Total elapsed time: 8.575 sec.
@I [HLS-100] Command "source /opt/Xilinx/Vivado_HLS/2016.2/common/technology/xilinx/ip/dds_compiler.gen "
@I [HLS-100] Command 'ap_source' returned 0; elapsed 0.002337Total elapsed time: 8.577 sec.
@I [HLS-100] Command 'ap_source' returned 0; elapsed 0.09414Total elapsed time: 8.577 sec.
@I [HLS-100] Command "source /opt/Xilinx/Vivado_HLS/2016.2/common/technology/xilinx/common/dsp48.gen "
@I [HLS-100] Command 'ap_source' returned 0; elapsed 8e-05Total elapsed time: 8.579 sec.
@I [HLS-100] Command 'ap_source' returned 0; elapsed 0.095636Total elapsed time: 8.579 sec.
@I [HLS-100] Command 'ap_source' returned 0; elapsed 0.095765Total elapsed time: 8.579 sec.
@I [HLS-100] Command "source /opt/Xilinx/Vivado_HLS/2016.2/common/technology/xilinx/zynq/zynq_fpv6.gen "
@I [HLS-100] Command "source /opt/Xilinx/Vivado_HLS/2016.2/common/technology/xilinx/common/xilinx_fpv6.gen "
@I [HLS-100] Command 'ap_source' returned 0; elapsed 0.001005Total elapsed time: 8.580 sec.
@I [HLS-100] Command 'ap_source' returned 0; elapsed 0.001139Total elapsed time: 8.580 sec.
@I [HLS-100] Command "source /home/greg/everything/xilnx_design/cycle3/DecisionChannel/solution1/.autopilot/db/global.setting.tcl "
@I [HLS-100] Command 'ap_source' returned 0; elapsed 0.000102Total elapsed time: 8.580 sec.
@I [HLS-100] Command "source /home/greg/everything/xilnx_design/cycle3/DecisionChannel/solution1/.autopilot/db/global.setting.tcl "
@I [HLS-100] Command 'ap_source' returned 0; elapsed 8.9e-05Total elapsed time: 8.581 sec.
@I [HLS-100] Command "source /home/greg/everything/xilnx_design/cycle3/DecisionChannel/solution1/.autopilot/db/Decision.compgen.tcl "
@I [HLS-100] Command 'ap_source' returned 0; elapsed 0.000168Total elapsed time: 8.581 sec.
@I [HLS-100] Command "source /home/greg/everything/xilnx_design/cycle3/DecisionChannel/solution1/.autopilot/db/global.setting.tcl "
@I [HLS-100] Command 'ap_source' returned 0; elapsed 9.3e-05Total elapsed time: 8.603 sec.
@I [HLS-100] Command "source /home/greg/everything/xilnx_design/cycle3/DecisionChannel/solution1/.autopilot/db/Decision.constraint.tcl "
@I [HLS-100] Command 'ap_source' returned 0; elapsed 3.7e-05Total elapsed time: 8.604 sec.
@I [HLS-100] Command "source /opt/Xilinx/Vivado_HLS/2016.2/common/technology/generic/autopilot/common.gen "
@I [HLS-100] Command "source /opt/Xilinx/Vivado_HLS/2016.2/common/technology/generic/autopilot/APCoreGen.gen "
@I [HLS-100] Command 'ap_source' returned 0; elapsed 0.000338Total elapsed time: 8.610 sec.
@I [HLS-100] Command 'ap_source' returned 0; elapsed 0.000906Total elapsed time: 8.610 sec.
@I [HLS-100] Command "source /opt/Xilinx/Vivado_HLS/2016.2/common/technology/generic/autopilot/op.gen "
@I [HLS-100] Command 'ap_source' returned 0; elapsed 0.000191Total elapsed time: 8.611 sec.
@I [HLS-100] Command "source /opt/Xilinx/Vivado_HLS/2016.2/common/technology/generic/autopilot/op_simcore.gen "
@I [HLS-100] Command 'ap_source' returned 0; elapsed 0.000574Total elapsed time: 8.611 sec.
@I [HLS-100] Command "source /opt/Xilinx/Vivado_HLS/2016.2/common/technology/generic/autopilot/interface.gen "
@I [HLS-100] Command 'ap_source' returned 0; elapsed 5.1e-05Total elapsed time: 8.611 sec.
@I [HLS-100] Command "source /home/greg/everything/xilnx_design/cycle3/DecisionChannel/solution1/.autopilot/db/global.setting.tcl "
@I [HLS-100] Command 'ap_source' returned 0; elapsed 9.9e-05Total elapsed time: 8.612 sec.
@I [HLS-100] Command "source /opt/Xilinx/Vivado_HLS/2016.2/common/technology/xilinx/zynq/zynq.gen "
@I [HLS-100] Command "source /opt/Xilinx/Vivado_HLS/2016.2/common/technology/xilinx/common/virtex.gen "
@I [HLS-100] Command "source /opt/Xilinx/Vivado_HLS/2016.2/common/technology/xilinx/common/xilinx.gen "
@I [HLS-100] Command "source /opt/Xilinx/Vivado_HLS/2016.2/common/technology/xilinx/interface/plb46.gen "
@I [HLS-100] Command 'ap_source' returned 0; elapsed 0.000669Total elapsed time: 8.613 sec.
@I [HLS-100] Command "source /opt/Xilinx/Vivado_HLS/2016.2/common/technology/xilinx/interface/fsl.gen "
@I [HLS-100] Command 'ap_source' returned 0; elapsed 0.000284Total elapsed time: 8.613 sec.
@I [HLS-100] Command "source /opt/Xilinx/Vivado_HLS/2016.2/common/technology/xilinx/interface/axi4.gen "
@I [HLS-100] Command 'ap_source' returned 0; elapsed 0.001344Total elapsed time: 8.614 sec.
@I [HLS-100] Command "source /opt/Xilinx/Vivado_HLS/2016.2/common/technology/xilinx/interface/nativeAXI4.gen "
@I [HLS-100] Command "source /opt/Xilinx/Vivado_HLS/2016.2/common/technology/xilinx/interface/saxilite.gen "
@I [HLS-100] Command 'ap_source' returned 0; elapsed 0.002162Total elapsed time: 8.617 sec.
@I [HLS-100] Command "source /opt/Xilinx/Vivado_HLS/2016.2/common/technology/xilinx/interface/maxi.gen "
@I [HLS-100] Command 'ap_source' returned 0; elapsed 0.004639Total elapsed time: 8.622 sec.
@I [HLS-100] Command 'ap_source' returned 0; elapsed 0.007023Total elapsed time: 8.622 sec.
@I [HLS-100] Command "source /opt/Xilinx/Vivado_HLS/2016.2/common/technology/xilinx/scripts/xilinxcoregen.gen "
@I [HLS-100] Command 'ap_source' returned 0; elapsed 0.006138Total elapsed time: 8.628 sec.
@I [HLS-100] Command "source /opt/Xilinx/Vivado_HLS/2016.2/common/technology/xilinx/interface/XilEDKCoreGen.gen "
@I [HLS-100] Command 'ap_source' returned 0; elapsed 0.005038Total elapsed time: 8.633 sec.
@I [HLS-100] Command "source /opt/Xilinx/Vivado_HLS/2016.2/common/technology/xilinx/ip/xfft.gen "
@I [HLS-100] Command 'ap_source' returned 0; elapsed 0.070042Total elapsed time: 8.703 sec.
@I [HLS-100] Command "source /opt/Xilinx/Vivado_HLS/2016.2/common/technology/xilinx/ip/util.gen "
@I [HLS-100] Command 'ap_source' returned 0; elapsed 0.000126Total elapsed time: 8.704 sec.
@I [HLS-100] Command "source /opt/Xilinx/Vivado_HLS/2016.2/common/technology/xilinx/ip/xfir.gen "
@I [HLS-100] Command 'ap_source' returned 0; elapsed 0.000472Total elapsed time: 8.704 sec.
@I [HLS-100] Command "source /opt/Xilinx/Vivado_HLS/2016.2/common/technology/xilinx/ip/dds_compiler.gen "
@I [HLS-100] Command 'ap_source' returned 0; elapsed 0.002331Total elapsed time: 8.707 sec.
@I [HLS-100] Command 'ap_source' returned 0; elapsed 0.094697Total elapsed time: 8.707 sec.
@I [HLS-100] Command "source /opt/Xilinx/Vivado_HLS/2016.2/common/technology/xilinx/common/dsp48.gen "
@I [HLS-100] Command 'ap_source' returned 0; elapsed 8.2e-05Total elapsed time: 8.708 sec.
@I [HLS-100] Command 'ap_source' returned 0; elapsed 0.096217Total elapsed time: 8.708 sec.
@I [HLS-100] Command 'ap_source' returned 0; elapsed 0.096348Total elapsed time: 8.708 sec.
@I [HLS-100] Command "source /opt/Xilinx/Vivado_HLS/2016.2/common/technology/xilinx/zynq/zynq_fpv6.gen "
@I [HLS-100] Command "source /opt/Xilinx/Vivado_HLS/2016.2/common/technology/xilinx/common/xilinx_fpv6.gen "
@I [HLS-100] Command 'ap_source' returned 0; elapsed 0.001012Total elapsed time: 8.709 sec.
@I [HLS-100] Command 'ap_source' returned 0; elapsed 0.001148Total elapsed time: 8.709 sec.
@I [HLS-100] Command "source /home/greg/everything/xilnx_design/cycle3/DecisionChannel/solution1/.autopilot/db/global.setting.tcl "
@I [HLS-100] Command 'ap_source' returned 0; elapsed 0.000167Total elapsed time: 8.717 sec.
@I [HLS-100] Command "source /home/greg/everything/xilnx_design/cycle3/DecisionChannel/solution1/.autopilot/db/global.setting.tcl "
@I [HLS-100] Command 'ap_source' returned 0; elapsed 0.000157Total elapsed time: 15.995 sec.
@I [HLS-100] Command "source /opt/Xilinx/Vivado_HLS/2016.2/common/technology/generic/autopilot/common.gen "
@I [HLS-100] Command "source /opt/Xilinx/Vivado_HLS/2016.2/common/technology/generic/autopilot/APCoreGen.gen "
@I [HLS-100] Command 'ap_source' returned 0; elapsed 0.000396Total elapsed time: 15.999 sec.
@I [HLS-100] Command 'ap_source' returned 0; elapsed 0.000914Total elapsed time: 15.999 sec.
@I [HLS-100] Command "source /opt/Xilinx/Vivado_HLS/2016.2/common/technology/generic/autopilot/op.gen "
@I [HLS-100] Command 'ap_source' returned 0; elapsed 0.000218Total elapsed time: 16.0 sec.
@I [HLS-100] Command "source /opt/Xilinx/Vivado_HLS/2016.2/common/technology/generic/autopilot/op_simcore.gen "
@I [HLS-100] Command 'ap_source' returned 0; elapsed 0.000661Total elapsed time: 16.0 sec.
@I [HLS-100] Command "source /opt/Xilinx/Vivado_HLS/2016.2/common/technology/generic/autopilot/interface.gen "
@I [HLS-100] Command 'ap_source' returned 0; elapsed 5.5e-05Total elapsed time: 16.0 sec.
@I [HLS-100] Command "source /home/greg/everything/xilnx_design/cycle3/DecisionChannel/solution1/.autopilot/db/global.setting.tcl "
@I [HLS-100] Command 'ap_source' returned 0; elapsed 0.0001Total elapsed time: 16.1 sec.
@I [HLS-100] Command "source /opt/Xilinx/Vivado_HLS/2016.2/common/technology/xilinx/zynq/zynq.gen "
@I [HLS-100] Command "source /opt/Xilinx/Vivado_HLS/2016.2/common/technology/xilinx/common/virtex.gen "
@I [HLS-100] Command "source /opt/Xilinx/Vivado_HLS/2016.2/common/technology/xilinx/common/xilinx.gen "
@I [HLS-100] Command "source /opt/Xilinx/Vivado_HLS/2016.2/common/technology/xilinx/interface/plb46.gen "
@I [HLS-100] Command 'ap_source' returned 0; elapsed 0.000757Total elapsed time: 16.2 sec.
@I [HLS-100] Command "source /opt/Xilinx/Vivado_HLS/2016.2/common/technology/xilinx/interface/fsl.gen "
@I [HLS-100] Command 'ap_source' returned 0; elapsed 0.000313Total elapsed time: 16.2 sec.
@I [HLS-100] Command "source /opt/Xilinx/Vivado_HLS/2016.2/common/technology/xilinx/interface/axi4.gen "
@I [HLS-100] Command 'ap_source' returned 0; elapsed 0.001481Total elapsed time: 16.4 sec.
@I [HLS-100] Command "source /opt/Xilinx/Vivado_HLS/2016.2/common/technology/xilinx/interface/nativeAXI4.gen "
@I [HLS-100] Command "source /opt/Xilinx/Vivado_HLS/2016.2/common/technology/xilinx/interface/saxilite.gen "
@I [HLS-100] Command 'ap_source' returned 0; elapsed 0.002382Total elapsed time: 16.6 sec.
@I [HLS-100] Command "source /opt/Xilinx/Vivado_HLS/2016.2/common/technology/xilinx/interface/maxi.gen "
@I [HLS-100] Command 'ap_source' returned 0; elapsed 0.005225Total elapsed time: 16.12 sec.
@I [HLS-100] Command 'ap_source' returned 0; elapsed 0.007873Total elapsed time: 16.12 sec.
@I [HLS-100] Command "source /opt/Xilinx/Vivado_HLS/2016.2/common/technology/xilinx/scripts/xilinxcoregen.gen "
@I [HLS-100] Command 'ap_source' returned 0; elapsed 0.006938Total elapsed time: 16.19 sec.
@I [HLS-100] Command "source /opt/Xilinx/Vivado_HLS/2016.2/common/technology/xilinx/interface/XilEDKCoreGen.gen "
@I [HLS-100] Command 'ap_source' returned 0; elapsed 0.005276Total elapsed time: 16.24 sec.
@I [HLS-100] Command "source /opt/Xilinx/Vivado_HLS/2016.2/common/technology/xilinx/ip/xfft.gen "
@I [HLS-100] Command 'ap_source' returned 0; elapsed 0.067993Total elapsed time: 16.93 sec.
@I [HLS-100] Command "source /opt/Xilinx/Vivado_HLS/2016.2/common/technology/xilinx/ip/util.gen "
@I [HLS-100] Command 'ap_source' returned 0; elapsed 0.000129Total elapsed time: 16.93 sec.
@I [HLS-100] Command "source /opt/Xilinx/Vivado_HLS/2016.2/common/technology/xilinx/ip/xfir.gen "
@I [HLS-100] Command 'ap_source' returned 0; elapsed 0.000519Total elapsed time: 16.94 sec.
@I [HLS-100] Command "source /opt/Xilinx/Vivado_HLS/2016.2/common/technology/xilinx/ip/dds_compiler.gen "
@I [HLS-100] Command 'ap_source' returned 0; elapsed 0.002342Total elapsed time: 16.96 sec.
@I [HLS-100] Command 'ap_source' returned 0; elapsed 0.095012Total elapsed time: 16.96 sec.
@I [HLS-100] Command "source /opt/Xilinx/Vivado_HLS/2016.2/common/technology/xilinx/common/dsp48.gen "
@I [HLS-100] Command 'ap_source' returned 0; elapsed 0.000105Total elapsed time: 16.97 sec.
@I [HLS-100] Command 'ap_source' returned 0; elapsed 0.096601Total elapsed time: 16.97 sec.
@I [HLS-100] Command 'ap_source' returned 0; elapsed 0.096739Total elapsed time: 16.98 sec.
@I [HLS-100] Command "source /opt/Xilinx/Vivado_HLS/2016.2/common/technology/xilinx/zynq/zynq_fpv6.gen "
@I [HLS-100] Command "source /opt/Xilinx/Vivado_HLS/2016.2/common/technology/xilinx/common/xilinx_fpv6.gen "
@I [HLS-100] Command 'ap_source' returned 0; elapsed 0.001025Total elapsed time: 16.99 sec.
@I [HLS-100] Command 'ap_source' returned 0; elapsed 0.001163Total elapsed time: 16.99 sec.
@I [HLS-100] Command "source /home/greg/everything/xilnx_design/cycle3/DecisionChannel/solution1/.autopilot/db/global.setting.tcl "
@I [HLS-100] Command 'ap_source' returned 0; elapsed 0.000113Total elapsed time: 16.99 sec.
@I [HLS-100] Command "source /home/greg/everything/xilnx_design/cycle3/DecisionChannel/solution1/.autopilot/db/global.setting.tcl "
@I [HLS-100] Command 'ap_source' returned 0; elapsed 9.2e-05Total elapsed time: 16.100 sec.
@I [HLS-100] Command "source /home/greg/everything/xilnx_design/cycle3/DecisionChannel/solution1/.autopilot/db/global.setting.tcl "
@I [HLS-100] Command 'ap_source' returned 0; elapsed 0.000118Total elapsed time: 16.101 sec.
@I [HLS-100] Command "source /opt/Xilinx/Vivado_HLS/2016.2/common/technology/generic/autopilot/common.gen "
@I [HLS-100] Command "source /opt/Xilinx/Vivado_HLS/2016.2/common/technology/generic/autopilot/APCoreGen.gen "
@I [HLS-100] Command 'ap_source' returned 0; elapsed 0.000321Total elapsed time: 16.102 sec.
@I [HLS-100] Command 'ap_source' returned 0; elapsed 0.000734Total elapsed time: 16.102 sec.
@I [HLS-100] Command "source /opt/Xilinx/Vivado_HLS/2016.2/common/technology/generic/autopilot/op.gen "
@I [HLS-100] Command 'ap_source' returned 0; elapsed 0.000184Total elapsed time: 16.103 sec.
@I [HLS-100] Command "source /opt/Xilinx/Vivado_HLS/2016.2/common/technology/generic/autopilot/op_simcore.gen "
@I [HLS-100] Command 'ap_source' returned 0; elapsed 0.000544Total elapsed time: 16.103 sec.
@I [HLS-100] Command "source /opt/Xilinx/Vivado_HLS/2016.2/common/technology/generic/autopilot/interface.gen "
@I [HLS-100] Command 'ap_source' returned 0; elapsed 4.7e-05Total elapsed time: 16.103 sec.
@I [HLS-100] Command "source /home/greg/everything/xilnx_design/cycle3/DecisionChannel/solution1/.autopilot/db/global.setting.tcl "
@I [HLS-100] Command 'ap_source' returned 0; elapsed 9.3e-05Total elapsed time: 16.104 sec.
@I [HLS-100] Command "source /opt/Xilinx/Vivado_HLS/2016.2/common/technology/xilinx/zynq/zynq.gen "
@I [HLS-100] Command "source /opt/Xilinx/Vivado_HLS/2016.2/common/technology/xilinx/common/virtex.gen "
@I [HLS-100] Command "source /opt/Xilinx/Vivado_HLS/2016.2/common/technology/xilinx/common/xilinx.gen "
@I [HLS-100] Command "source /opt/Xilinx/Vivado_HLS/2016.2/common/technology/xilinx/interface/plb46.gen "
@I [HLS-100] Command 'ap_source' returned 0; elapsed 0.000607Total elapsed time: 16.105 sec.
@I [HLS-100] Command "source /opt/Xilinx/Vivado_HLS/2016.2/common/technology/xilinx/interface/fsl.gen "
@I [HLS-100] Command 'ap_source' returned 0; elapsed 0.00028Total elapsed time: 16.105 sec.
@I [HLS-100] Command "source /opt/Xilinx/Vivado_HLS/2016.2/common/technology/xilinx/interface/axi4.gen "
@I [HLS-100] Command 'ap_source' returned 0; elapsed 0.001307Total elapsed time: 16.106 sec.
@I [HLS-100] Command "source /opt/Xilinx/Vivado_HLS/2016.2/common/technology/xilinx/interface/nativeAXI4.gen "
@I [HLS-100] Command "source /opt/Xilinx/Vivado_HLS/2016.2/common/technology/xilinx/interface/saxilite.gen "
@I [HLS-100] Command 'ap_source' returned 0; elapsed 0.002261Total elapsed time: 16.109 sec.
@I [HLS-100] Command "source /opt/Xilinx/Vivado_HLS/2016.2/common/technology/xilinx/interface/maxi.gen "
@I [HLS-100] Command 'ap_source' returned 0; elapsed 0.005128Total elapsed time: 16.114 sec.
@I [HLS-100] Command 'ap_source' returned 0; elapsed 0.007735Total elapsed time: 16.114 sec.
@I [HLS-100] Command "source /opt/Xilinx/Vivado_HLS/2016.2/common/technology/xilinx/scripts/xilinxcoregen.gen "
@I [HLS-100] Command 'ap_source' returned 0; elapsed 0.006644Total elapsed time: 16.121 sec.
@I [HLS-100] Command "source /opt/Xilinx/Vivado_HLS/2016.2/common/technology/xilinx/interface/XilEDKCoreGen.gen "
@I [HLS-100] Command 'ap_source' returned 0; elapsed 0.00515Total elapsed time: 16.126 sec.
@I [HLS-100] Command "source /opt/Xilinx/Vivado_HLS/2016.2/common/technology/xilinx/ip/xfft.gen "
@I [HLS-100] Command 'ap_source' returned 0; elapsed 0.068338Total elapsed time: 16.195 sec.
@I [HLS-100] Command "source /opt/Xilinx/Vivado_HLS/2016.2/common/technology/xilinx/ip/util.gen "
@I [HLS-100] Command 'ap_source' returned 0; elapsed 0.000128Total elapsed time: 16.195 sec.
@I [HLS-100] Command "source /opt/Xilinx/Vivado_HLS/2016.2/common/technology/xilinx/ip/xfir.gen "
@I [HLS-100] Command 'ap_source' returned 0; elapsed 0.000497Total elapsed time: 16.196 sec.
@I [HLS-100] Command "source /opt/Xilinx/Vivado_HLS/2016.2/common/technology/xilinx/ip/dds_compiler.gen "
@I [HLS-100] Command 'ap_source' returned 0; elapsed 0.002366Total elapsed time: 16.198 sec.
@I [HLS-100] Command 'ap_source' returned 0; elapsed 0.094341Total elapsed time: 16.198 sec.
@I [HLS-100] Command "source /opt/Xilinx/Vivado_HLS/2016.2/common/technology/xilinx/common/dsp48.gen "
@I [HLS-100] Command 'ap_source' returned 0; elapsed 7.9e-05Total elapsed time: 16.199 sec.
@I [HLS-100] Command 'ap_source' returned 0; elapsed 0.095839Total elapsed time: 16.200 sec.
@I [HLS-100] Command 'ap_source' returned 0; elapsed 0.095968Total elapsed time: 16.200 sec.
@I [HLS-100] Command "source /opt/Xilinx/Vivado_HLS/2016.2/common/technology/xilinx/zynq/zynq_fpv6.gen "
@I [HLS-100] Command "source /opt/Xilinx/Vivado_HLS/2016.2/common/technology/xilinx/common/xilinx_fpv6.gen "
@I [HLS-100] Command 'ap_source' returned 0; elapsed 0.001039Total elapsed time: 16.201 sec.
@I [HLS-100] Command 'ap_source' returned 0; elapsed 0.001171Total elapsed time: 16.201 sec.
@I [HLS-100] Command "source /home/greg/everything/xilnx_design/cycle3/DecisionChannel/solution1/.autopilot/db/global.setting.tcl "
@I [HLS-100] Command 'ap_source' returned 0; elapsed 0.000118Total elapsed time: 16.201 sec.
@I [HLS-100] Command "source /home/greg/everything/xilnx_design/cycle3/DecisionChannel/solution1/.autopilot/db/global.setting.tcl "
@I [HLS-100] Command 'ap_source' returned 0; elapsed 8.9e-05Total elapsed time: 16.202 sec.
@I [HLS-100] Command "source /home/greg/everything/xilnx_design/cycle3/DecisionChannel/solution1/.autopilot/db/Decision.compgen.tcl "
@I [HLS-100] Command 'ap_source' returned 0; elapsed 0.000168Total elapsed time: 16.202 sec.
@I [HLS-100] Command "source /home/greg/everything/xilnx_design/cycle3/DecisionChannel/solution1/.autopilot/db/global.setting.tcl "
@I [HLS-100] Command 'ap_source' returned 0; elapsed 0.000113Total elapsed time: 16.225 sec.
@I [HLS-100] Command "source /home/greg/everything/xilnx_design/cycle3/DecisionChannel/solution1/.autopilot/db/Decision.constraint.tcl "
@I [HLS-100] Command 'ap_source' returned 0; elapsed 3.9e-05Total elapsed time: 16.226 sec.
@I [HLS-100] Command "source /opt/Xilinx/Vivado_HLS/2016.2/common/technology/generic/autopilot/common.gen "
@I [HLS-100] Command "source /opt/Xilinx/Vivado_HLS/2016.2/common/technology/generic/autopilot/APCoreGen.gen "
@I [HLS-100] Command 'ap_source' returned 0; elapsed 0.000359Total elapsed time: 16.231 sec.
@I [HLS-100] Command 'ap_source' returned 0; elapsed 0.000967Total elapsed time: 16.231 sec.
@I [HLS-100] Command "source /opt/Xilinx/Vivado_HLS/2016.2/common/technology/generic/autopilot/op.gen "
@I [HLS-100] Command 'ap_source' returned 0; elapsed 0.000197Total elapsed time: 16.232 sec.
@I [HLS-100] Command "source /opt/Xilinx/Vivado_HLS/2016.2/common/technology/generic/autopilot/op_simcore.gen "
@I [HLS-100] Command 'ap_source' returned 0; elapsed 0.000575Total elapsed time: 16.232 sec.
@I [HLS-100] Command "source /opt/Xilinx/Vivado_HLS/2016.2/common/technology/generic/autopilot/interface.gen "
@I [HLS-100] Command 'ap_source' returned 0; elapsed 5e-05Total elapsed time: 16.233 sec.
@I [HLS-100] Command "source /home/greg/everything/xilnx_design/cycle3/DecisionChannel/solution1/.autopilot/db/global.setting.tcl "
@I [HLS-100] Command 'ap_source' returned 0; elapsed 0.000103Total elapsed time: 16.233 sec.
@I [HLS-100] Command "source /opt/Xilinx/Vivado_HLS/2016.2/common/technology/xilinx/zynq/zynq.gen "
@I [HLS-100] Command "source /opt/Xilinx/Vivado_HLS/2016.2/common/technology/xilinx/common/virtex.gen "
@I [HLS-100] Command "source /opt/Xilinx/Vivado_HLS/2016.2/common/technology/xilinx/common/xilinx.gen "
@I [HLS-100] Command "source /opt/Xilinx/Vivado_HLS/2016.2/common/technology/xilinx/interface/plb46.gen "
@I [HLS-100] Command 'ap_source' returned 0; elapsed 0.000707Total elapsed time: 16.234 sec.
@I [HLS-100] Command "source /opt/Xilinx/Vivado_HLS/2016.2/common/technology/xilinx/interface/fsl.gen "
@I [HLS-100] Command 'ap_source' returned 0; elapsed 0.000286Total elapsed time: 16.234 sec.
@I [HLS-100] Command "source /opt/Xilinx/Vivado_HLS/2016.2/common/technology/xilinx/interface/axi4.gen "
@I [HLS-100] Command 'ap_source' returned 0; elapsed 0.001335Total elapsed time: 16.236 sec.
@I [HLS-100] Command "source /opt/Xilinx/Vivado_HLS/2016.2/common/technology/xilinx/interface/nativeAXI4.gen "
@I [HLS-100] Command "source /opt/Xilinx/Vivado_HLS/2016.2/common/technology/xilinx/interface/saxilite.gen "
@I [HLS-100] Command 'ap_source' returned 0; elapsed 0.002191Total elapsed time: 16.238 sec.
@I [HLS-100] Command "source /opt/Xilinx/Vivado_HLS/2016.2/common/technology/xilinx/interface/maxi.gen "
@I [HLS-100] Command 'ap_source' returned 0; elapsed 0.004606Total elapsed time: 16.243 sec.
@I [HLS-100] Command 'ap_source' returned 0; elapsed 0.007019Total elapsed time: 16.243 sec.
@I [HLS-100] Command "source /opt/Xilinx/Vivado_HLS/2016.2/common/technology/xilinx/scripts/xilinxcoregen.gen "
@I [HLS-100] Command 'ap_source' returned 0; elapsed 0.00621Total elapsed time: 16.249 sec.
@I [HLS-100] Command "source /opt/Xilinx/Vivado_HLS/2016.2/common/technology/xilinx/interface/XilEDKCoreGen.gen "
@I [HLS-100] Command 'ap_source' returned 0; elapsed 0.00511Total elapsed time: 16.254 sec.
@I [HLS-100] Command "source /opt/Xilinx/Vivado_HLS/2016.2/common/technology/xilinx/ip/xfft.gen "
@I [HLS-100] Command 'ap_source' returned 0; elapsed 0.069142Total elapsed time: 16.324 sec.
@I [HLS-100] Command "source /opt/Xilinx/Vivado_HLS/2016.2/common/technology/xilinx/ip/util.gen "
@I [HLS-100] Command 'ap_source' returned 0; elapsed 0.000127Total elapsed time: 16.324 sec.
@I [HLS-100] Command "source /opt/Xilinx/Vivado_HLS/2016.2/common/technology/xilinx/ip/xfir.gen "
@I [HLS-100] Command 'ap_source' returned 0; elapsed 0.000482Total elapsed time: 16.325 sec.
@I [HLS-100] Command "source /opt/Xilinx/Vivado_HLS/2016.2/common/technology/xilinx/ip/dds_compiler.gen "
@I [HLS-100] Command 'ap_source' returned 0; elapsed 0.002334Total elapsed time: 16.327 sec.
@I [HLS-100] Command 'ap_source' returned 0; elapsed 0.094046Total elapsed time: 16.327 sec.
@I [HLS-100] Command "source /opt/Xilinx/Vivado_HLS/2016.2/common/technology/xilinx/common/dsp48.gen "
@I [HLS-100] Command 'ap_source' returned 0; elapsed 7.9e-05Total elapsed time: 16.328 sec.
@I [HLS-100] Command 'ap_source' returned 0; elapsed 0.095558Total elapsed time: 16.329 sec.
@I [HLS-100] Command 'ap_source' returned 0; elapsed 0.095689Total elapsed time: 16.329 sec.
@I [HLS-100] Command "source /opt/Xilinx/Vivado_HLS/2016.2/common/technology/xilinx/zynq/zynq_fpv6.gen "
@I [HLS-100] Command "source /opt/Xilinx/Vivado_HLS/2016.2/common/technology/xilinx/common/xilinx_fpv6.gen "
@I [HLS-100] Command 'ap_source' returned 0; elapsed 0.001016Total elapsed time: 16.330 sec.
@I [HLS-100] Command 'ap_source' returned 0; elapsed 0.001151Total elapsed time: 16.330 sec.
@I [HLS-100] Command "source /home/greg/everything/xilnx_design/cycle3/DecisionChannel/solution1/.autopilot/db/global.setting.tcl "
@I [HLS-100] Command 'ap_source' returned 0; elapsed 0.000127Total elapsed time: 16.335 sec.
@I [HLS-100] Command 'export_design' returned 0; elapsed 1.3652Total elapsed time: 23.635 sec.
@I [HLS-100] Command 'ap_source' returned 0; elapsed 1.54582Total elapsed time: 23.635 sec.
@I [HLS-100] Command "cleanup_all "
@I [HLS-100] Command 'cleanup_all' returned 0; elapsed 0.000298Total elapsed time: 23.636 sec.
