Release 14.2 - xst P.28xd (lin64)
Copyright (c) 1995-2012 Xilinx, Inc.  All rights reserved.
--> 
Parameter TMPDIR set to xst/projnav.tmp


Total REAL time to Xst completion: 0.00 secs
Total CPU time to Xst completion: 0.02 secs
 
--> 
Parameter xsthdpdir set to xst


Total REAL time to Xst completion: 0.00 secs
Total CPU time to Xst completion: 0.02 secs
 
--> 
Reading design: axi_max11100.prj

TABLE OF CONTENTS
  1) Synthesis Options Summary
  2) HDL Parsing
  3) HDL Elaboration
  4) HDL Synthesis
       4.1) HDL Synthesis Report
  5) Advanced HDL Synthesis
       5.1) Advanced HDL Synthesis Report
  6) Low Level Synthesis
  7) Partition Report
  8) Design Summary
       8.1) Primitive and Black Box Usage
       8.2) Device utilization summary
       8.3) Partition Resource Summary
       8.4) Timing Report
            8.4.1) Clock Information
            8.4.2) Asynchronous Control Signals Information
            8.4.3) Timing Summary
            8.4.4) Timing Details
            8.4.5) Cross Clock Domains Report


=========================================================================
*                      Synthesis Options Summary                        *
=========================================================================
---- Source Parameters
Input File Name                    : "axi_max11100.prj"
Ignore Synthesis Constraint File   : NO

---- Target Parameters
Output File Name                   : "axi_max11100"
Output Format                      : NGC
Target Device                      : xc7z020-1-clg484

---- Source Options
Top Module Name                    : axi_max11100
Automatic FSM Extraction           : YES
FSM Encoding Algorithm             : Auto
Safe Implementation                : No
FSM Style                          : LUT
RAM Extraction                     : Yes
RAM Style                          : Auto
ROM Extraction                     : Yes
Shift Register Extraction          : YES
ROM Style                          : Auto
Resource Sharing                   : YES
Asynchronous To Synchronous        : NO
Shift Register Minimum Size        : 2
Use DSP Block                      : Auto
Automatic Register Balancing       : No

---- Target Options
LUT Combining                      : Auto
Reduce Control Sets                : Auto
Add IO Buffers                     : YES
Global Maximum Fanout              : 100000
Add Generic Clock Buffer(BUFG)     : 32
Register Duplication               : YES
Optimize Instantiated Primitives   : NO
Use Clock Enable                   : Auto
Use Synchronous Set                : Auto
Use Synchronous Reset              : Auto
Pack IO Registers into IOBs        : Auto
Equivalent register Removal        : YES

---- General Options
Optimization Goal                  : Speed
Optimization Effort                : 1
Power Reduction                    : NO
Keep Hierarchy                     : No
Netlist Hierarchy                  : As_Optimized
RTL Output                         : Yes
Global Optimization                : AllClockNets
Read Cores                         : YES
Write Timing Constraints           : NO
Cross Clock Analysis               : NO
Hierarchy Separator                : /
Bus Delimiter                      : <>
Case Specifier                     : Maintain
Slice Utilization Ratio            : 100
BRAM Utilization Ratio             : 100
DSP48 Utilization Ratio            : 100
Auto BRAM Packing                  : NO
Slice Utilization Ratio Delta      : 5

=========================================================================


=========================================================================
*                          HDL Parsing                                  *
=========================================================================
Analyzing Verilog file "/home/greg/Downloads/RD4V02_00/RD4_ZED_V01_00/Design_Files/top.srcs/sources_1/edk/arm_system/pcores/axi_max11100_v1_00_a/hdl/verilog/user_logic.v" into library work
Parsing module <user_logic>.
Parsing VHDL file "/opt/Xilinx1/14.2/ISE_DS/EDK/hw/XilinxProcessorIPLib/pcores/proc_common_v3_00_a/hdl/vhdl/proc_common_pkg.vhd" into library proc_common_v3_00_a
Parsing package <proc_common_pkg>.
Parsing package body <proc_common_pkg>.
Parsing VHDL file "/opt/Xilinx1/14.2/ISE_DS/EDK/hw/XilinxProcessorIPLib/pcores/proc_common_v3_00_a/hdl/vhdl/family_support.vhd" into library proc_common_v3_00_a
Parsing package <family_support>.
Parsing package body <family_support>.
Parsing VHDL file "/opt/Xilinx1/14.2/ISE_DS/EDK/hw/XilinxProcessorIPLib/pcores/proc_common_v3_00_a/hdl/vhdl/pselect_f.vhd" into library proc_common_v3_00_a
Parsing entity <pselect_f>.
Parsing architecture <imp> of entity <pselect_f>.
Parsing VHDL file "/opt/Xilinx1/14.2/ISE_DS/EDK/hw/XilinxProcessorIPLib/pcores/proc_common_v3_00_a/hdl/vhdl/ipif_pkg.vhd" into library proc_common_v3_00_a
Parsing package <ipif_pkg>.
Parsing package body <ipif_pkg>.
Parsing VHDL file "/opt/Xilinx1/14.2/ISE_DS/EDK/hw/XilinxProcessorIPLib/pcores/proc_common_v3_00_a/hdl/vhdl/counter_f.vhd" into library proc_common_v3_00_a
Parsing entity <counter_f>.
Parsing architecture <imp> of entity <counter_f>.
Parsing VHDL file "/opt/Xilinx1/14.2/ISE_DS/EDK/hw/XilinxProcessorIPLib/pcores/axi_lite_ipif_v1_01_a/hdl/vhdl/address_decoder.vhd" into library axi_lite_ipif_v1_01_a
Parsing entity <address_decoder>.
Parsing architecture <IMP> of entity <address_decoder>.
Parsing VHDL file "/opt/Xilinx1/14.2/ISE_DS/EDK/hw/XilinxProcessorIPLib/pcores/axi_lite_ipif_v1_01_a/hdl/vhdl/slave_attachment.vhd" into library axi_lite_ipif_v1_01_a
Parsing entity <slave_attachment>.
Parsing architecture <imp> of entity <slave_attachment>.
Parsing VHDL file "/opt/Xilinx1/14.2/ISE_DS/EDK/hw/XilinxProcessorIPLib/pcores/axi_lite_ipif_v1_01_a/hdl/vhdl/axi_lite_ipif.vhd" into library axi_lite_ipif_v1_01_a
Parsing entity <axi_lite_ipif>.
Parsing architecture <imp> of entity <axi_lite_ipif>.
Parsing VHDL file "/home/greg/Downloads/RD4V02_00/RD4_ZED_V01_00/Design_Files/top.srcs/sources_1/edk/arm_system/pcores/axi_max11100_v1_00_a/hdl/vhdl/axi_max11100.vhd" into library work
Parsing entity <axi_max11100>.
Parsing architecture <IMP> of entity <axi_max11100>.

=========================================================================
*                            HDL Elaboration                            *
=========================================================================

Elaborating entity <axi_max11100> (architecture <IMP>) with generics from library <work>.

Elaborating entity <axi_lite_ipif> (architecture <imp>) with generics from library <axi_lite_ipif_v1_01_a>.

Elaborating entity <slave_attachment> (architecture <imp>) with generics from library <axi_lite_ipif_v1_01_a>.

Elaborating entity <address_decoder> (architecture <IMP>) with generics from library <axi_lite_ipif_v1_01_a>.

Elaborating entity <pselect_f> (architecture <imp>) with generics from library <proc_common_v3_00_a>.

Elaborating entity <pselect_f> (architecture <imp>) with generics from library <proc_common_v3_00_a>.

Elaborating entity <pselect_f> (architecture <imp>) with generics from library <proc_common_v3_00_a>.

Elaborating entity <pselect_f> (architecture <imp>) with generics from library <proc_common_v3_00_a>.

Elaborating entity <pselect_f> (architecture <imp>) with generics from library <proc_common_v3_00_a>.

Elaborating entity <pselect_f> (architecture <imp>) with generics from library <proc_common_v3_00_a>.
INFO:HDLCompiler:679 - "/opt/Xilinx1/14.2/ISE_DS/EDK/hw/XilinxProcessorIPLib/pcores/axi_lite_ipif_v1_01_a/hdl/vhdl/slave_attachment.vhd" Line 412. Case statement is complete. others clause is never selected
Going to verilog side to elaborate module user_logic

Elaborating module <user_logic(C_NUM_REG=6,C_SLV_DWIDTH=32)>.
WARNING:HDLCompiler:413 - "/home/greg/Downloads/RD4V02_00/RD4_ZED_V01_00/Design_Files/top.srcs/sources_1/edk/arm_system/pcores/axi_max11100_v1_00_a/hdl/verilog/user_logic.v" Line 181: Result of 6-bit expression is truncated to fit in 5-bit target.
WARNING:HDLCompiler:413 - "/home/greg/Downloads/RD4V02_00/RD4_ZED_V01_00/Design_Files/top.srcs/sources_1/edk/arm_system/pcores/axi_max11100_v1_00_a/hdl/verilog/user_logic.v" Line 199: Result of 6-bit expression is truncated to fit in 5-bit target.
WARNING:HDLCompiler:413 - "/home/greg/Downloads/RD4V02_00/RD4_ZED_V01_00/Design_Files/top.srcs/sources_1/edk/arm_system/pcores/axi_max11100_v1_00_a/hdl/verilog/user_logic.v" Line 294: Result of 32-bit expression is truncated to fit in 1-bit target.
Back to vhdl to continue elaboration

=========================================================================
*                           HDL Synthesis                               *
=========================================================================

Synthesizing Unit <axi_max11100>.
    Related source file is "/home/greg/Downloads/RD4V02_00/RD4_ZED_V01_00/Design_Files/top.srcs/sources_1/edk/arm_system/pcores/axi_max11100_v1_00_a/hdl/vhdl/axi_max11100.vhd".
WARNING:Xst:37 - Detected unknown constraint/property "sigis". This constraint/property is not supported by the current software release and will be ignored.
WARNING:Xst:37 - Detected unknown constraint/property "sigis". This constraint/property is not supported by the current software release and will be ignored.
WARNING:Xst:37 - Detected unknown constraint/property "sigis". This constraint/property is not supported by the current software release and will be ignored.
        C_S_AXI_DATA_WIDTH = 32
        C_S_AXI_ADDR_WIDTH = 32
        C_S_AXI_MIN_SIZE = "00000000000000000000000111111111"
        C_USE_WSTRB = 0
        C_DPHASE_TIMEOUT = 8
        C_BASEADDR = "11111111111111111111111111111111"
        C_HIGHADDR = "00000000000000000000000000000000"
        C_FAMILY = "virtex6"
        C_NUM_REG = 1
        C_NUM_MEM = 1
        C_SLV_AWIDTH = 32
        C_SLV_DWIDTH = 32
WARNING:Xst:37 - Detected unknown constraint/property "sigis". This constraint/property is not supported by the current software release and will be ignored.
    Set property "MAX_FANOUT = 10000" for signal <S_AXI_ACLK>.
WARNING:Xst:37 - Detected unknown constraint/property "sigis". This constraint/property is not supported by the current software release and will be ignored.
    Set property "MAX_FANOUT = 10000" for signal <S_AXI_ARESETN>.
WARNING:Xst:37 - Detected unknown constraint/property "sigis". This constraint/property is not supported by the current software release and will be ignored.
INFO:Xst:3210 - "/home/greg/Downloads/RD4V02_00/RD4_ZED_V01_00/Design_Files/top.srcs/sources_1/edk/arm_system/pcores/axi_max11100_v1_00_a/hdl/vhdl/axi_max11100.vhd" line 286: Output port <Bus2IP_Addr> of the instance <AXI_LITE_IPIF_I> is unconnected or connected to loadless signal.
INFO:Xst:3210 - "/home/greg/Downloads/RD4V02_00/RD4_ZED_V01_00/Design_Files/top.srcs/sources_1/edk/arm_system/pcores/axi_max11100_v1_00_a/hdl/vhdl/axi_max11100.vhd" line 286: Output port <Bus2IP_CS> of the instance <AXI_LITE_IPIF_I> is unconnected or connected to loadless signal.
INFO:Xst:3210 - "/home/greg/Downloads/RD4V02_00/RD4_ZED_V01_00/Design_Files/top.srcs/sources_1/edk/arm_system/pcores/axi_max11100_v1_00_a/hdl/vhdl/axi_max11100.vhd" line 286: Output port <Bus2IP_RNW> of the instance <AXI_LITE_IPIF_I> is unconnected or connected to loadless signal.
    Summary:
	no macro.
Unit <axi_max11100> synthesized.

Synthesizing Unit <axi_lite_ipif>.
    Related source file is "/opt/Xilinx1/14.2/ISE_DS/EDK/hw/XilinxProcessorIPLib/pcores/axi_lite_ipif_v1_01_a/hdl/vhdl/axi_lite_ipif.vhd".
        C_S_AXI_DATA_WIDTH = 32
        C_S_AXI_ADDR_WIDTH = 32
        C_S_AXI_MIN_SIZE = "00000000000000000000000111111111"
        C_USE_WSTRB = 0
        C_DPHASE_TIMEOUT = 8
        C_ARD_ADDR_RANGE_ARRAY = ("0000000000000000000000000000000011111111111111111111111111111111","0000000000000000000000000000000000000000000000000000000000000000")
        C_ARD_NUM_CE_ARRAY = (6)
        C_FAMILY = "virtex6"
    Summary:
	no macro.
Unit <axi_lite_ipif> synthesized.

Synthesizing Unit <slave_attachment>.
    Related source file is "/opt/Xilinx1/14.2/ISE_DS/EDK/hw/XilinxProcessorIPLib/pcores/axi_lite_ipif_v1_01_a/hdl/vhdl/slave_attachment.vhd".
        C_ARD_ADDR_RANGE_ARRAY = ("0000000000000000000000000000000011111111111111111111111111111111","0000000000000000000000000000000000000000000000000000000000000000")
        C_ARD_NUM_CE_ARRAY = (6)
        C_IPIF_ABUS_WIDTH = 32
        C_IPIF_DBUS_WIDTH = 32
        C_S_AXI_MIN_SIZE = "00000000000000000000000111111111"
        C_USE_WSTRB = 0
        C_DPHASE_TIMEOUT = 8
        C_FAMILY = "virtex6"
WARNING:Xst:647 - Input <S_AXI_AWADDR<31:9>> is never used. This port will be preserved and left unconnected if it belongs to a top-level block or it belongs to a sub-block and the hierarchy of this sub-block is preserved.
WARNING:Xst:647 - Input <S_AXI_WSTRB> is never used. This port will be preserved and left unconnected if it belongs to a top-level block or it belongs to a sub-block and the hierarchy of this sub-block is preserved.
WARNING:Xst:647 - Input <S_AXI_ARADDR<31:9>> is never used. This port will be preserved and left unconnected if it belongs to a top-level block or it belongs to a sub-block and the hierarchy of this sub-block is preserved.
INFO:Xst:3210 - "/opt/Xilinx1/14.2/ISE_DS/EDK/hw/XilinxProcessorIPLib/pcores/axi_lite_ipif_v1_01_a/hdl/vhdl/slave_attachment.vhd" line 336: Output port <CS_for_gaps> of the instance <I_DECODER> is unconnected or connected to loadless signal.
    Found 2-bit register for signal <state>.
    Found 2-bit register for signal <s_axi_rresp_i>.
    Found 32-bit register for signal <s_axi_rdata_i>.
    Found 1-bit register for signal <s_axi_rvalid_i>.
    Found 2-bit register for signal <s_axi_bresp_i>.
    Found 1-bit register for signal <s_axi_bvalid_i>.
    Found 4-bit register for signal <INCLUDE_DPHASE_TIMER.dpto_cnt>.
    Found 1-bit register for signal <rst>.
    Found finite state machine <FSM_0> for signal <state>.
    -----------------------------------------------------------------------
    | States             | 4                                              |
    | Transitions        | 10                                             |
    | Inputs             | 6                                              |
    | Outputs            | 4                                              |
    | Clock              | S_AXI_ACLK (rising_edge)                       |
    | Reset              | rst (positive)                                 |
    | Reset type         | synchronous                                    |
    | Reset State        | sm_idle                                        |
    | Power Up State     | sm_idle                                        |
    | Encoding           | auto                                           |
    | Implementation     | LUT                                            |
    -----------------------------------------------------------------------
    Found 4-bit adder for signal <INCLUDE_DPHASE_TIMER.dpto_cnt[3]_GND_12_o_add_31_OUT> created at line 502.
    Summary:
	inferred   1 Adder/Subtractor(s).
	inferred  43 D-type flip-flop(s).
	inferred   2 Multiplexer(s).
	inferred   1 Finite State Machine(s).
Unit <slave_attachment> synthesized.

Synthesizing Unit <address_decoder>.
    Related source file is "/opt/Xilinx1/14.2/ISE_DS/EDK/hw/XilinxProcessorIPLib/pcores/axi_lite_ipif_v1_01_a/hdl/vhdl/address_decoder.vhd".
        C_BUS_AWIDTH = 9
        C_S_AXI_MIN_SIZE = "00000000000000000000000111111111"
        C_ARD_ADDR_RANGE_ARRAY = ("0000000000000000000000000000000011111111111111111111111111111111","0000000000000000000000000000000000000000000000000000000000000000")
        C_ARD_NUM_CE_ARRAY = (6)
        C_FAMILY = "nofamily"
WARNING:Xst:647 - Input <Address_In_Erly<0:3>> is never used. This port will be preserved and left unconnected if it belongs to a top-level block or it belongs to a sub-block and the hierarchy of this sub-block is preserved.
WARNING:Xst:647 - Input <Bus_RNW> is never used. This port will be preserved and left unconnected if it belongs to a top-level block or it belongs to a sub-block and the hierarchy of this sub-block is preserved.
    Found 1-bit register for signal <Bus_RNW_reg>.
    Found 1-bit register for signal <ce_out_i<0>>.
    Found 1-bit register for signal <ce_out_i<1>>.
    Found 1-bit register for signal <ce_out_i<2>>.
    Found 1-bit register for signal <ce_out_i<3>>.
    Found 1-bit register for signal <ce_out_i<4>>.
    Found 1-bit register for signal <ce_out_i<5>>.
    Found 1-bit register for signal <cs_out_i>.
    Summary:
	inferred   8 D-type flip-flop(s).
Unit <address_decoder> synthesized.

Synthesizing Unit <pselect_f_1>.
    Related source file is "/opt/Xilinx1/14.2/ISE_DS/EDK/hw/XilinxProcessorIPLib/pcores/proc_common_v3_00_a/hdl/vhdl/pselect_f.vhd".
        C_AB = 3
        C_AW = 3
        C_BAR = "000"
        C_FAMILY = "nofamily"
    Summary:
	inferred   1 Multiplexer(s).
Unit <pselect_f_1> synthesized.

Synthesizing Unit <pselect_f_2>.
    Related source file is "/opt/Xilinx1/14.2/ISE_DS/EDK/hw/XilinxProcessorIPLib/pcores/proc_common_v3_00_a/hdl/vhdl/pselect_f.vhd".
        C_AB = 3
        C_AW = 3
        C_BAR = "001"
        C_FAMILY = "nofamily"
    Summary:
	inferred   1 Multiplexer(s).
Unit <pselect_f_2> synthesized.

Synthesizing Unit <pselect_f_3>.
    Related source file is "/opt/Xilinx1/14.2/ISE_DS/EDK/hw/XilinxProcessorIPLib/pcores/proc_common_v3_00_a/hdl/vhdl/pselect_f.vhd".
        C_AB = 3
        C_AW = 3
        C_BAR = "010"
        C_FAMILY = "nofamily"
    Summary:
	inferred   1 Multiplexer(s).
Unit <pselect_f_3> synthesized.

Synthesizing Unit <pselect_f_4>.
    Related source file is "/opt/Xilinx1/14.2/ISE_DS/EDK/hw/XilinxProcessorIPLib/pcores/proc_common_v3_00_a/hdl/vhdl/pselect_f.vhd".
        C_AB = 3
        C_AW = 3
        C_BAR = "011"
        C_FAMILY = "nofamily"
    Summary:
	inferred   1 Multiplexer(s).
Unit <pselect_f_4> synthesized.

Synthesizing Unit <pselect_f_5>.
    Related source file is "/opt/Xilinx1/14.2/ISE_DS/EDK/hw/XilinxProcessorIPLib/pcores/proc_common_v3_00_a/hdl/vhdl/pselect_f.vhd".
        C_AB = 3
        C_AW = 3
        C_BAR = "100"
        C_FAMILY = "nofamily"
    Summary:
	inferred   1 Multiplexer(s).
Unit <pselect_f_5> synthesized.

Synthesizing Unit <pselect_f_6>.
    Related source file is "/opt/Xilinx1/14.2/ISE_DS/EDK/hw/XilinxProcessorIPLib/pcores/proc_common_v3_00_a/hdl/vhdl/pselect_f.vhd".
        C_AB = 3
        C_AW = 3
        C_BAR = "101"
        C_FAMILY = "nofamily"
    Summary:
	inferred   1 Multiplexer(s).
Unit <pselect_f_6> synthesized.

Synthesizing Unit <user_logic>.
    Related source file is "/home/greg/Downloads/RD4V02_00/RD4_ZED_V01_00/Design_Files/top.srcs/sources_1/edk/arm_system/pcores/axi_max11100_v1_00_a/hdl/verilog/user_logic.v".
        C_NUM_REG = 6
        C_SLV_DWIDTH = 32
    Found 1-bit register for signal <data_available>.
    Found 32-bit register for signal <delay_counter>.
    Found 5-bit register for signal <clock_counter>.
    Found 1-bit register for signal <CS>.
    Found 1-bit register for signal <SCLK>.
    Found 32-bit register for signal <ip_clk_counter>.
    Found 16-bit register for signal <spi_data>.
    Found 1-bit register for signal <adc_start_reg<31>>.
    Found 1-bit register for signal <adc_start_reg<30>>.
    Found 1-bit register for signal <adc_start_reg<29>>.
    Found 1-bit register for signal <adc_start_reg<28>>.
    Found 1-bit register for signal <adc_start_reg<27>>.
    Found 1-bit register for signal <adc_start_reg<26>>.
    Found 1-bit register for signal <adc_start_reg<25>>.
    Found 1-bit register for signal <adc_start_reg<24>>.
    Found 1-bit register for signal <adc_start_reg<23>>.
    Found 1-bit register for signal <adc_start_reg<22>>.
    Found 1-bit register for signal <adc_start_reg<21>>.
    Found 1-bit register for signal <adc_start_reg<20>>.
    Found 1-bit register for signal <adc_start_reg<19>>.
    Found 1-bit register for signal <adc_start_reg<18>>.
    Found 1-bit register for signal <adc_start_reg<17>>.
    Found 1-bit register for signal <adc_start_reg<16>>.
    Found 1-bit register for signal <adc_start_reg<15>>.
    Found 1-bit register for signal <adc_start_reg<14>>.
    Found 1-bit register for signal <adc_start_reg<13>>.
    Found 1-bit register for signal <adc_start_reg<12>>.
    Found 1-bit register for signal <adc_start_reg<11>>.
    Found 1-bit register for signal <adc_start_reg<10>>.
    Found 1-bit register for signal <adc_start_reg<9>>.
    Found 1-bit register for signal <adc_start_reg<8>>.
    Found 1-bit register for signal <adc_start_reg<7>>.
    Found 1-bit register for signal <adc_start_reg<6>>.
    Found 1-bit register for signal <adc_start_reg<5>>.
    Found 1-bit register for signal <adc_start_reg<4>>.
    Found 1-bit register for signal <adc_start_reg<3>>.
    Found 1-bit register for signal <adc_start_reg<2>>.
    Found 1-bit register for signal <adc_start_reg<1>>.
    Found 1-bit register for signal <adc_start_reg<0>>.
    Found 1-bit register for signal <delay_reg<31>>.
    Found 1-bit register for signal <delay_reg<30>>.
    Found 1-bit register for signal <delay_reg<29>>.
    Found 1-bit register for signal <delay_reg<28>>.
    Found 1-bit register for signal <delay_reg<27>>.
    Found 1-bit register for signal <delay_reg<26>>.
    Found 1-bit register for signal <delay_reg<25>>.
    Found 1-bit register for signal <delay_reg<24>>.
    Found 1-bit register for signal <delay_reg<23>>.
    Found 1-bit register for signal <delay_reg<22>>.
    Found 1-bit register for signal <delay_reg<21>>.
    Found 1-bit register for signal <delay_reg<20>>.
    Found 1-bit register for signal <delay_reg<19>>.
    Found 1-bit register for signal <delay_reg<18>>.
    Found 1-bit register for signal <delay_reg<17>>.
    Found 1-bit register for signal <delay_reg<16>>.
    Found 1-bit register for signal <delay_reg<15>>.
    Found 1-bit register for signal <delay_reg<14>>.
    Found 1-bit register for signal <delay_reg<13>>.
    Found 1-bit register for signal <delay_reg<12>>.
    Found 1-bit register for signal <delay_reg<11>>.
    Found 1-bit register for signal <delay_reg<10>>.
    Found 1-bit register for signal <delay_reg<9>>.
    Found 1-bit register for signal <delay_reg<8>>.
    Found 1-bit register for signal <delay_reg<7>>.
    Found 1-bit register for signal <delay_reg<6>>.
    Found 1-bit register for signal <delay_reg<5>>.
    Found 1-bit register for signal <delay_reg<4>>.
    Found 1-bit register for signal <delay_reg<3>>.
    Found 1-bit register for signal <delay_reg<2>>.
    Found 1-bit register for signal <delay_reg<1>>.
    Found 1-bit register for signal <delay_reg<0>>.
    Found 1-bit register for signal <clk_divider_reg<31>>.
    Found 1-bit register for signal <clk_divider_reg<30>>.
    Found 1-bit register for signal <clk_divider_reg<29>>.
    Found 1-bit register for signal <clk_divider_reg<28>>.
    Found 1-bit register for signal <clk_divider_reg<27>>.
    Found 1-bit register for signal <clk_divider_reg<26>>.
    Found 1-bit register for signal <clk_divider_reg<25>>.
    Found 1-bit register for signal <clk_divider_reg<24>>.
    Found 1-bit register for signal <clk_divider_reg<23>>.
    Found 1-bit register for signal <clk_divider_reg<22>>.
    Found 1-bit register for signal <clk_divider_reg<21>>.
    Found 1-bit register for signal <clk_divider_reg<20>>.
    Found 1-bit register for signal <clk_divider_reg<19>>.
    Found 1-bit register for signal <clk_divider_reg<18>>.
    Found 1-bit register for signal <clk_divider_reg<17>>.
    Found 1-bit register for signal <clk_divider_reg<16>>.
    Found 1-bit register for signal <clk_divider_reg<15>>.
    Found 1-bit register for signal <clk_divider_reg<14>>.
    Found 1-bit register for signal <clk_divider_reg<13>>.
    Found 1-bit register for signal <clk_divider_reg<12>>.
    Found 1-bit register for signal <clk_divider_reg<11>>.
    Found 1-bit register for signal <clk_divider_reg<10>>.
    Found 1-bit register for signal <clk_divider_reg<9>>.
    Found 1-bit register for signal <clk_divider_reg<8>>.
    Found 1-bit register for signal <clk_divider_reg<7>>.
    Found 1-bit register for signal <clk_divider_reg<6>>.
    Found 1-bit register for signal <clk_divider_reg<5>>.
    Found 1-bit register for signal <clk_divider_reg<4>>.
    Found 1-bit register for signal <clk_divider_reg<3>>.
    Found 1-bit register for signal <clk_divider_reg<2>>.
    Found 1-bit register for signal <clk_divider_reg<1>>.
    Found 1-bit register for signal <clk_divider_reg<0>>.
    Found 1-bit register for signal <intr_status_reg<31>>.
    Found 1-bit register for signal <intr_status_reg<30>>.
    Found 1-bit register for signal <intr_status_reg<29>>.
    Found 1-bit register for signal <intr_status_reg<28>>.
    Found 1-bit register for signal <intr_status_reg<27>>.
    Found 1-bit register for signal <intr_status_reg<26>>.
    Found 1-bit register for signal <intr_status_reg<25>>.
    Found 1-bit register for signal <intr_status_reg<24>>.
    Found 1-bit register for signal <intr_status_reg<23>>.
    Found 1-bit register for signal <intr_status_reg<22>>.
    Found 1-bit register for signal <intr_status_reg<21>>.
    Found 1-bit register for signal <intr_status_reg<20>>.
    Found 1-bit register for signal <intr_status_reg<19>>.
    Found 1-bit register for signal <intr_status_reg<18>>.
    Found 1-bit register for signal <intr_status_reg<17>>.
    Found 1-bit register for signal <intr_status_reg<16>>.
    Found 1-bit register for signal <intr_status_reg<15>>.
    Found 1-bit register for signal <intr_status_reg<14>>.
    Found 1-bit register for signal <intr_status_reg<13>>.
    Found 1-bit register for signal <intr_status_reg<12>>.
    Found 1-bit register for signal <intr_status_reg<11>>.
    Found 1-bit register for signal <intr_status_reg<10>>.
    Found 1-bit register for signal <intr_status_reg<9>>.
    Found 1-bit register for signal <intr_status_reg<8>>.
    Found 1-bit register for signal <intr_status_reg<7>>.
    Found 1-bit register for signal <intr_status_reg<6>>.
    Found 1-bit register for signal <intr_status_reg<5>>.
    Found 1-bit register for signal <intr_status_reg<4>>.
    Found 1-bit register for signal <intr_status_reg<3>>.
    Found 1-bit register for signal <intr_status_reg<2>>.
    Found 1-bit register for signal <intr_status_reg<1>>.
    Found 1-bit register for signal <intr_status_reg<0>>.
    Found 1-bit register for signal <intr_enable_reg<31>>.
    Found 1-bit register for signal <intr_enable_reg<30>>.
    Found 1-bit register for signal <intr_enable_reg<29>>.
    Found 1-bit register for signal <intr_enable_reg<28>>.
    Found 1-bit register for signal <intr_enable_reg<27>>.
    Found 1-bit register for signal <intr_enable_reg<26>>.
    Found 1-bit register for signal <intr_enable_reg<25>>.
    Found 1-bit register for signal <intr_enable_reg<24>>.
    Found 1-bit register for signal <intr_enable_reg<23>>.
    Found 1-bit register for signal <intr_enable_reg<22>>.
    Found 1-bit register for signal <intr_enable_reg<21>>.
    Found 1-bit register for signal <intr_enable_reg<20>>.
    Found 1-bit register for signal <intr_enable_reg<19>>.
    Found 1-bit register for signal <intr_enable_reg<18>>.
    Found 1-bit register for signal <intr_enable_reg<17>>.
    Found 1-bit register for signal <intr_enable_reg<16>>.
    Found 1-bit register for signal <intr_enable_reg<15>>.
    Found 1-bit register for signal <intr_enable_reg<14>>.
    Found 1-bit register for signal <intr_enable_reg<13>>.
    Found 1-bit register for signal <intr_enable_reg<12>>.
    Found 1-bit register for signal <intr_enable_reg<11>>.
    Found 1-bit register for signal <intr_enable_reg<10>>.
    Found 1-bit register for signal <intr_enable_reg<9>>.
    Found 1-bit register for signal <intr_enable_reg<8>>.
    Found 1-bit register for signal <intr_enable_reg<7>>.
    Found 1-bit register for signal <intr_enable_reg<6>>.
    Found 1-bit register for signal <intr_enable_reg<5>>.
    Found 1-bit register for signal <intr_enable_reg<4>>.
    Found 1-bit register for signal <intr_enable_reg<3>>.
    Found 1-bit register for signal <intr_enable_reg<2>>.
    Found 1-bit register for signal <intr_enable_reg<1>>.
    Found 1-bit register for signal <intr_enable_reg<0>>.
    Found 1-bit register for signal <adc_data_reg<31>>.
    Found 1-bit register for signal <adc_data_reg<30>>.
    Found 1-bit register for signal <adc_data_reg<29>>.
    Found 1-bit register for signal <adc_data_reg<28>>.
    Found 1-bit register for signal <adc_data_reg<27>>.
    Found 1-bit register for signal <adc_data_reg<26>>.
    Found 1-bit register for signal <adc_data_reg<25>>.
    Found 1-bit register for signal <adc_data_reg<24>>.
    Found 1-bit register for signal <adc_data_reg<23>>.
    Found 1-bit register for signal <adc_data_reg<22>>.
    Found 1-bit register for signal <adc_data_reg<21>>.
    Found 1-bit register for signal <adc_data_reg<20>>.
    Found 1-bit register for signal <adc_data_reg<19>>.
    Found 1-bit register for signal <adc_data_reg<18>>.
    Found 1-bit register for signal <adc_data_reg<17>>.
    Found 1-bit register for signal <adc_data_reg<16>>.
    Found 1-bit register for signal <adc_data_reg<15>>.
    Found 1-bit register for signal <adc_data_reg<14>>.
    Found 1-bit register for signal <adc_data_reg<13>>.
    Found 1-bit register for signal <adc_data_reg<12>>.
    Found 1-bit register for signal <adc_data_reg<11>>.
    Found 1-bit register for signal <adc_data_reg<10>>.
    Found 1-bit register for signal <adc_data_reg<9>>.
    Found 1-bit register for signal <adc_data_reg<8>>.
    Found 1-bit register for signal <adc_data_reg<7>>.
    Found 1-bit register for signal <adc_data_reg<6>>.
    Found 1-bit register for signal <adc_data_reg<5>>.
    Found 1-bit register for signal <adc_data_reg<4>>.
    Found 1-bit register for signal <adc_data_reg<3>>.
    Found 1-bit register for signal <adc_data_reg<2>>.
    Found 1-bit register for signal <adc_data_reg<1>>.
    Found 1-bit register for signal <adc_data_reg<0>>.
    Found 1-bit register for signal <IP_INTR>.
    Found 32-bit register for signal <IP2Bus_Data>.
    Found 1-bit register for signal <IP2Bus_WrAck>.
    Found 1-bit register for signal <IP2Bus_RdAck>.
    Found 5-bit register for signal <state>.
    Found finite state machine <FSM_1> for signal <state>.
    -----------------------------------------------------------------------
    | States             | 4                                              |
    | Transitions        | 16                                             |
    | Inputs             | 7                                              |
    | Outputs            | 4                                              |
    | Clock              | Bus2IP_Clk (rising_edge)                       |
    | Reset              | adc_start_reg[31]_GND_21_o_equal_4_o (positive)       |
    | Reset type         | synchronous                                    |
    | Reset State        | 00001                                          |
    | Power Up State     | 00001                                          |
    | Encoding           | auto                                           |
    | Implementation     | LUT                                            |
    -----------------------------------------------------------------------
    Found 32-bit adder for signal <ip_clk_counter[31]_GND_21_o_add_10_OUT> created at line 174.
    Found 5-bit adder for signal <clock_counter[4]_GND_21_o_add_13_OUT> created at line 181.
    Found 16-bit adder for signal <spi_data[14]_GND_21_o_add_25_OUT> created at line 203.
    Found 32-bit adder for signal <delay_counter[31]_GND_21_o_add_38_OUT> created at line 229.
    Found 32-bit comparator lessequal for signal <n0020> created at line 171
    Found 32-bit comparator equal for signal <delay_counter[31]_delay_reg[31]_equal_40_o> created at line 230
    WARNING:Xst:2404 -  FFs/Latches <IP2Bus_Error<0:0>> (without init value) have a constant value of 0 in block <user_logic>.
    Summary:
	inferred   4 Adder/Subtractor(s).
	inferred 315 D-type flip-flop(s).
	inferred   2 Comparator(s).
	inferred 224 Multiplexer(s).
	inferred   1 Finite State Machine(s).
Unit <user_logic> synthesized.

=========================================================================
HDL Synthesis Report

Macro Statistics
# Adders/Subtractors                                   : 5
 16-bit adder                                          : 1
 32-bit adder                                          : 2
 4-bit adder                                           : 1
 5-bit adder                                           : 1
# Registers                                            : 32
 1-bit register                                        : 17
 16-bit register                                       : 1
 2-bit register                                        : 2
 32-bit register                                       : 10
 4-bit register                                        : 1
 5-bit register                                        : 1
# Comparators                                          : 2
 32-bit comparator equal                               : 1
 32-bit comparator lessequal                           : 1
# Multiplexers                                         : 232
 1-bit 2-to-1 multiplexer                              : 208
 16-bit 2-to-1 multiplexer                             : 5
 32-bit 2-to-1 multiplexer                             : 13
 5-bit 2-to-1 multiplexer                              : 6
# FSMs                                                 : 2

=========================================================================

=========================================================================
*                       Advanced HDL Synthesis                          *
=========================================================================

WARNING:Xst:1293 - FF/Latch <s_axi_bresp_i_0> has a constant value of 0 in block <I_SLAVE_ATTACHMENT>. This FF/Latch will be trimmed during the optimization process.
WARNING:Xst:1293 - FF/Latch <s_axi_bresp_i_1> has a constant value of 0 in block <I_SLAVE_ATTACHMENT>. This FF/Latch will be trimmed during the optimization process.
WARNING:Xst:1293 - FF/Latch <s_axi_rresp_i_0> has a constant value of 0 in block <I_SLAVE_ATTACHMENT>. This FF/Latch will be trimmed during the optimization process.
WARNING:Xst:1293 - FF/Latch <s_axi_rresp_i_1> has a constant value of 0 in block <I_SLAVE_ATTACHMENT>. This FF/Latch will be trimmed during the optimization process.

Synthesizing (advanced) Unit <slave_attachment>.
The following registers are absorbed into counter <INCLUDE_DPHASE_TIMER.dpto_cnt>: 1 register on signal <INCLUDE_DPHASE_TIMER.dpto_cnt>.
Unit <slave_attachment> synthesized (advanced).

Synthesizing (advanced) Unit <user_logic>.
The following registers are absorbed into counter <ip_clk_counter>: 1 register on signal <ip_clk_counter>.
Unit <user_logic> synthesized (advanced).

=========================================================================
Advanced HDL Synthesis Report

Macro Statistics
# Adders/Subtractors                                   : 3
 16-bit adder                                          : 1
 32-bit adder                                          : 1
 5-bit adder                                           : 1
# Counters                                             : 2
 32-bit up counter                                     : 1
 4-bit up counter                                      : 1
# Registers                                            : 330
 Flip-Flops                                            : 330
# Comparators                                          : 2
 32-bit comparator equal                               : 1
 32-bit comparator lessequal                           : 1
# Multiplexers                                         : 225
 1-bit 2-to-1 multiplexer                              : 202
 16-bit 2-to-1 multiplexer                             : 5
 32-bit 2-to-1 multiplexer                             : 12
 5-bit 2-to-1 multiplexer                              : 6
# FSMs                                                 : 2

=========================================================================

=========================================================================
*                         Low Level Synthesis                           *
=========================================================================
WARNING:Xst:1293 - FF/Latch <s_axi_rresp_i_0> has a constant value of 0 in block <slave_attachment>. This FF/Latch will be trimmed during the optimization process.
WARNING:Xst:1896 - Due to other FF/Latch trimming, FF/Latch <s_axi_bresp_i_0> has a constant value of 0 in block <slave_attachment>. This FF/Latch will be trimmed during the optimization process.
Analyzing FSM <MFsm> for best encoding.
Optimizing FSM <AXI_LITE_IPIF_I/I_SLAVE_ATTACHMENT/FSM_0> on signal <state[1:2]> with user encoding.
----------------------
 State    | Encoding
----------------------
 sm_idle  | 00
 sm_read  | 01
 sm_write | 10
 sm_resp  | 11
----------------------
Analyzing FSM <MFsm> for best encoding.
Optimizing FSM <USER_LOGIC_I/FSM_1> on signal <state[1:2]> with gray encoding.
-------------------
 State | Encoding
-------------------
 00001 | 00
 00010 | 01
 00100 | 11
 01000 | 10
-------------------

Optimizing unit <axi_max11100> ...

Optimizing unit <slave_attachment> ...

Optimizing unit <address_decoder> ...

Optimizing unit <user_logic> ...
WARNING:Xst:1293 - FF/Latch <AXI_LITE_IPIF_I/I_SLAVE_ATTACHMENT/s_axi_bresp_i_1> has a constant value of 0 in block <axi_max11100>. This FF/Latch will be trimmed during the optimization process.
WARNING:Xst:1896 - Due to other FF/Latch trimming, FF/Latch <AXI_LITE_IPIF_I/I_SLAVE_ATTACHMENT/s_axi_rresp_i_1> has a constant value of 0 in block <axi_max11100>. This FF/Latch will be trimmed during the optimization process.
WARNING:Xst:2677 - Node <AXI_LITE_IPIF_I/I_SLAVE_ATTACHMENT/I_DECODER/cs_out_i_0> of sequential type is unconnected in block <axi_max11100>.
INFO:Xst:3203 - The FF/Latch <USER_LOGIC_I/state_FSM_FFd2> in Unit <axi_max11100> is the opposite to the following FF/Latch, which will be removed : <USER_LOGIC_I/CS> 

Mapping all equations...
Building and optimizing final netlist ...
Found area constraint ratio of 100 (+ 5) on block axi_max11100, actual ratio is 1.
FlipFlop AXI_LITE_IPIF_I/I_SLAVE_ATTACHMENT/I_DECODER/Bus_RNW_reg has been replicated 2 time(s)
FlipFlop AXI_LITE_IPIF_I/I_SLAVE_ATTACHMENT/I_DECODER/ce_out_i_4 has been replicated 1 time(s)
FlipFlop AXI_LITE_IPIF_I/I_SLAVE_ATTACHMENT/I_DECODER/ce_out_i_5 has been replicated 1 time(s)

Final Macro Processing ...

=========================================================================
Final Register Report

Macro Statistics
# Registers                                            : 368
 Flip-Flops                                            : 368

=========================================================================

=========================================================================
*                           Partition Report                            *
=========================================================================

Partition Implementation Status
-------------------------------

  No Partitions were found in this design.

-------------------------------

=========================================================================
*                            Design Summary                             *
=========================================================================

Top Level Output File Name         : axi_max11100.ngc

Primitive and Black Box Usage:
------------------------------
# BELS                             : 763
#      GND                         : 1
#      INV                         : 4
#      LUT1                        : 31
#      LUT2                        : 55
#      LUT3                        : 149
#      LUT4                        : 57
#      LUT5                        : 45
#      LUT6                        : 252
#      MUXCY                       : 91
#      MUXF7                       : 13
#      VCC                         : 1
#      XORCY                       : 64
# FlipFlops/Latches                : 368
#      FD                          : 71
#      FDE                         : 16
#      FDR                         : 209
#      FDRE                        : 72
# Clock Buffers                    : 1
#      BUFGP                       : 1
# IO Buffers                       : 89
#      IBUF                        : 45
#      OBUF                        : 44

Device utilization summary:
---------------------------

Selected Device : 7z020clg484-1 


Slice Logic Utilization: 
 Number of Slice Registers:             368  out of  106400     0%  
 Number of Slice LUTs:                  593  out of  53200     1%  
    Number used as Logic:               593  out of  53200     1%  

Slice Logic Distribution: 
 Number of LUT Flip Flop pairs used:    629
   Number with an unused Flip Flop:     261  out of    629    41%  
   Number with an unused LUT:            36  out of    629     5%  
   Number of fully used LUT-FF pairs:   332  out of    629    52%  
   Number of unique control sets:         9

IO Utilization: 
 Number of IOs:                         152
 Number of bonded IOBs:                  90  out of    200    45%  

Specific Feature Utilization:
 Number of BUFG/BUFGCTRLs:                1  out of     32     3%  

---------------------------
Partition Resource Summary:
---------------------------

  No Partitions were found in this design.

---------------------------


=========================================================================
Timing Report

NOTE: THESE TIMING NUMBERS ARE ONLY A SYNTHESIS ESTIMATE.
      FOR ACCURATE TIMING INFORMATION PLEASE REFER TO THE TRACE REPORT
      GENERATED AFTER PLACE-and-ROUTE.

Clock Information:
------------------
-----------------------------------+------------------------+-------+
Clock Signal                       | Clock buffer(FF name)  | Load  |
-----------------------------------+------------------------+-------+
S_AXI_ACLK                         | BUFGP                  | 368   |
-----------------------------------+------------------------+-------+

Asynchronous Control Signals Information:
----------------------------------------
No asynchronous control signals found in this design

Timing Summary:
---------------
Speed Grade: -1

   Minimum period: 3.197ns (Maximum Frequency: 312.817MHz)
   Minimum input arrival time before clock: 1.565ns
   Maximum output required time after clock: 1.302ns
   Maximum combinational path delay: No path found

Timing Details:
---------------
All values displayed in nanoseconds (ns)

=========================================================================
Timing constraint: Default period analysis for Clock 'S_AXI_ACLK'
  Clock period: 3.197ns (frequency: 312.817MHz)
  Total number of paths / destination ports: 88556 / 544
-------------------------------------------------------------------------
Delay:               3.197ns (Levels of Logic = 50)
  Source:            USER_LOGIC_I/clk_divider_reg_0 (FF)
  Destination:       USER_LOGIC_I/ip_clk_counter_31 (FF)
  Source Clock:      S_AXI_ACLK rising
  Destination Clock: S_AXI_ACLK rising

  Data Path: USER_LOGIC_I/clk_divider_reg_0 to USER_LOGIC_I/ip_clk_counter_31
                                Gate     Net
    Cell:in->out      fanout   Delay   Delay  Logical Name (Net Name)
    ----------------------------------------  ------------
     FDR:C->Q              4   0.282   0.655  USER_LOGIC_I/clk_divider_reg_0 (USER_LOGIC_I/clk_divider_reg_0)
     LUT4:I0->O            1   0.053   0.000  USER_LOGIC_I/Mcompar_clk_divider_reg[31]_ip_clk_counter[31]_LessThan_10_o_lut<0> (USER_LOGIC_I/Mcompar_clk_divider_reg[31]_ip_clk_counter[31]_LessThan_10_o_lut<0>)
     MUXCY:S->O            1   0.291   0.000  USER_LOGIC_I/Mcompar_clk_divider_reg[31]_ip_clk_counter[31]_LessThan_10_o_cy<0> (USER_LOGIC_I/Mcompar_clk_divider_reg[31]_ip_clk_counter[31]_LessThan_10_o_cy<0>)
     MUXCY:CI->O           1   0.015   0.000  USER_LOGIC_I/Mcompar_clk_divider_reg[31]_ip_clk_counter[31]_LessThan_10_o_cy<1> (USER_LOGIC_I/Mcompar_clk_divider_reg[31]_ip_clk_counter[31]_LessThan_10_o_cy<1>)
     MUXCY:CI->O           1   0.015   0.000  USER_LOGIC_I/Mcompar_clk_divider_reg[31]_ip_clk_counter[31]_LessThan_10_o_cy<2> (USER_LOGIC_I/Mcompar_clk_divider_reg[31]_ip_clk_counter[31]_LessThan_10_o_cy<2>)
     MUXCY:CI->O           1   0.015   0.000  USER_LOGIC_I/Mcompar_clk_divider_reg[31]_ip_clk_counter[31]_LessThan_10_o_cy<3> (USER_LOGIC_I/Mcompar_clk_divider_reg[31]_ip_clk_counter[31]_LessThan_10_o_cy<3>)
     MUXCY:CI->O           1   0.015   0.000  USER_LOGIC_I/Mcompar_clk_divider_reg[31]_ip_clk_counter[31]_LessThan_10_o_cy<4> (USER_LOGIC_I/Mcompar_clk_divider_reg[31]_ip_clk_counter[31]_LessThan_10_o_cy<4>)
     MUXCY:CI->O           1   0.015   0.000  USER_LOGIC_I/Mcompar_clk_divider_reg[31]_ip_clk_counter[31]_LessThan_10_o_cy<5> (USER_LOGIC_I/Mcompar_clk_divider_reg[31]_ip_clk_counter[31]_LessThan_10_o_cy<5>)
     MUXCY:CI->O           1   0.015   0.000  USER_LOGIC_I/Mcompar_clk_divider_reg[31]_ip_clk_counter[31]_LessThan_10_o_cy<6> (USER_LOGIC_I/Mcompar_clk_divider_reg[31]_ip_clk_counter[31]_LessThan_10_o_cy<6>)
     MUXCY:CI->O           1   0.015   0.000  USER_LOGIC_I/Mcompar_clk_divider_reg[31]_ip_clk_counter[31]_LessThan_10_o_cy<7> (USER_LOGIC_I/Mcompar_clk_divider_reg[31]_ip_clk_counter[31]_LessThan_10_o_cy<7>)
     MUXCY:CI->O           1   0.015   0.000  USER_LOGIC_I/Mcompar_clk_divider_reg[31]_ip_clk_counter[31]_LessThan_10_o_cy<8> (USER_LOGIC_I/Mcompar_clk_divider_reg[31]_ip_clk_counter[31]_LessThan_10_o_cy<8>)
     MUXCY:CI->O           1   0.015   0.000  USER_LOGIC_I/Mcompar_clk_divider_reg[31]_ip_clk_counter[31]_LessThan_10_o_cy<9> (USER_LOGIC_I/Mcompar_clk_divider_reg[31]_ip_clk_counter[31]_LessThan_10_o_cy<9>)
     MUXCY:CI->O           1   0.015   0.000  USER_LOGIC_I/Mcompar_clk_divider_reg[31]_ip_clk_counter[31]_LessThan_10_o_cy<10> (USER_LOGIC_I/Mcompar_clk_divider_reg[31]_ip_clk_counter[31]_LessThan_10_o_cy<10>)
     MUXCY:CI->O           1   0.015   0.000  USER_LOGIC_I/Mcompar_clk_divider_reg[31]_ip_clk_counter[31]_LessThan_10_o_cy<11> (USER_LOGIC_I/Mcompar_clk_divider_reg[31]_ip_clk_counter[31]_LessThan_10_o_cy<11>)
     MUXCY:CI->O           1   0.015   0.000  USER_LOGIC_I/Mcompar_clk_divider_reg[31]_ip_clk_counter[31]_LessThan_10_o_cy<12> (USER_LOGIC_I/Mcompar_clk_divider_reg[31]_ip_clk_counter[31]_LessThan_10_o_cy<12>)
     MUXCY:CI->O           1   0.015   0.000  USER_LOGIC_I/Mcompar_clk_divider_reg[31]_ip_clk_counter[31]_LessThan_10_o_cy<13> (USER_LOGIC_I/Mcompar_clk_divider_reg[31]_ip_clk_counter[31]_LessThan_10_o_cy<13>)
     MUXCY:CI->O           1   0.015   0.000  USER_LOGIC_I/Mcompar_clk_divider_reg[31]_ip_clk_counter[31]_LessThan_10_o_cy<14> (USER_LOGIC_I/Mcompar_clk_divider_reg[31]_ip_clk_counter[31]_LessThan_10_o_cy<14>)
     MUXCY:CI->O          33   0.015   0.566  USER_LOGIC_I/Mcompar_clk_divider_reg[31]_ip_clk_counter[31]_LessThan_10_o_cy<15> (USER_LOGIC_I/clk_divider_reg[31]_ip_clk_counter[31]_LessThan_10_o)
     LUT2:I1->O            1   0.053   0.000  USER_LOGIC_I/Mcount_ip_clk_counter_lut<0> (USER_LOGIC_I/Mcount_ip_clk_counter_lut<0>)
     MUXCY:S->O            1   0.291   0.000  USER_LOGIC_I/Mcount_ip_clk_counter_cy<0> (USER_LOGIC_I/Mcount_ip_clk_counter_cy<0>)
     MUXCY:CI->O           1   0.015   0.000  USER_LOGIC_I/Mcount_ip_clk_counter_cy<1> (USER_LOGIC_I/Mcount_ip_clk_counter_cy<1>)
     MUXCY:CI->O           1   0.015   0.000  USER_LOGIC_I/Mcount_ip_clk_counter_cy<2> (USER_LOGIC_I/Mcount_ip_clk_counter_cy<2>)
     MUXCY:CI->O           1   0.015   0.000  USER_LOGIC_I/Mcount_ip_clk_counter_cy<3> (USER_LOGIC_I/Mcount_ip_clk_counter_cy<3>)
     MUXCY:CI->O           1   0.015   0.000  USER_LOGIC_I/Mcount_ip_clk_counter_cy<4> (USER_LOGIC_I/Mcount_ip_clk_counter_cy<4>)
     MUXCY:CI->O           1   0.015   0.000  USER_LOGIC_I/Mcount_ip_clk_counter_cy<5> (USER_LOGIC_I/Mcount_ip_clk_counter_cy<5>)
     MUXCY:CI->O           1   0.015   0.000  USER_LOGIC_I/Mcount_ip_clk_counter_cy<6> (USER_LOGIC_I/Mcount_ip_clk_counter_cy<6>)
     MUXCY:CI->O           1   0.015   0.000  USER_LOGIC_I/Mcount_ip_clk_counter_cy<7> (USER_LOGIC_I/Mcount_ip_clk_counter_cy<7>)
     MUXCY:CI->O           1   0.015   0.000  USER_LOGIC_I/Mcount_ip_clk_counter_cy<8> (USER_LOGIC_I/Mcount_ip_clk_counter_cy<8>)
     MUXCY:CI->O           1   0.015   0.000  USER_LOGIC_I/Mcount_ip_clk_counter_cy<9> (USER_LOGIC_I/Mcount_ip_clk_counter_cy<9>)
     MUXCY:CI->O           1   0.015   0.000  USER_LOGIC_I/Mcount_ip_clk_counter_cy<10> (USER_LOGIC_I/Mcount_ip_clk_counter_cy<10>)
     MUXCY:CI->O           1   0.015   0.000  USER_LOGIC_I/Mcount_ip_clk_counter_cy<11> (USER_LOGIC_I/Mcount_ip_clk_counter_cy<11>)
     MUXCY:CI->O           1   0.015   0.000  USER_LOGIC_I/Mcount_ip_clk_counter_cy<12> (USER_LOGIC_I/Mcount_ip_clk_counter_cy<12>)
     MUXCY:CI->O           1   0.015   0.000  USER_LOGIC_I/Mcount_ip_clk_counter_cy<13> (USER_LOGIC_I/Mcount_ip_clk_counter_cy<13>)
     MUXCY:CI->O           1   0.015   0.000  USER_LOGIC_I/Mcount_ip_clk_counter_cy<14> (USER_LOGIC_I/Mcount_ip_clk_counter_cy<14>)
     MUXCY:CI->O           1   0.015   0.000  USER_LOGIC_I/Mcount_ip_clk_counter_cy<15> (USER_LOGIC_I/Mcount_ip_clk_counter_cy<15>)
     MUXCY:CI->O           1   0.015   0.000  USER_LOGIC_I/Mcount_ip_clk_counter_cy<16> (USER_LOGIC_I/Mcount_ip_clk_counter_cy<16>)
     MUXCY:CI->O           1   0.015   0.000  USER_LOGIC_I/Mcount_ip_clk_counter_cy<17> (USER_LOGIC_I/Mcount_ip_clk_counter_cy<17>)
     MUXCY:CI->O           1   0.015   0.000  USER_LOGIC_I/Mcount_ip_clk_counter_cy<18> (USER_LOGIC_I/Mcount_ip_clk_counter_cy<18>)
     MUXCY:CI->O           1   0.015   0.000  USER_LOGIC_I/Mcount_ip_clk_counter_cy<19> (USER_LOGIC_I/Mcount_ip_clk_counter_cy<19>)
     MUXCY:CI->O           1   0.015   0.000  USER_LOGIC_I/Mcount_ip_clk_counter_cy<20> (USER_LOGIC_I/Mcount_ip_clk_counter_cy<20>)
     MUXCY:CI->O           1   0.015   0.000  USER_LOGIC_I/Mcount_ip_clk_counter_cy<21> (USER_LOGIC_I/Mcount_ip_clk_counter_cy<21>)
     MUXCY:CI->O           1   0.015   0.000  USER_LOGIC_I/Mcount_ip_clk_counter_cy<22> (USER_LOGIC_I/Mcount_ip_clk_counter_cy<22>)
     MUXCY:CI->O           1   0.015   0.000  USER_LOGIC_I/Mcount_ip_clk_counter_cy<23> (USER_LOGIC_I/Mcount_ip_clk_counter_cy<23>)
     MUXCY:CI->O           1   0.015   0.000  USER_LOGIC_I/Mcount_ip_clk_counter_cy<24> (USER_LOGIC_I/Mcount_ip_clk_counter_cy<24>)
     MUXCY:CI->O           1   0.015   0.000  USER_LOGIC_I/Mcount_ip_clk_counter_cy<25> (USER_LOGIC_I/Mcount_ip_clk_counter_cy<25>)
     MUXCY:CI->O           1   0.015   0.000  USER_LOGIC_I/Mcount_ip_clk_counter_cy<26> (USER_LOGIC_I/Mcount_ip_clk_counter_cy<26>)
     MUXCY:CI->O           1   0.015   0.000  USER_LOGIC_I/Mcount_ip_clk_counter_cy<27> (USER_LOGIC_I/Mcount_ip_clk_counter_cy<27>)
     MUXCY:CI->O           1   0.015   0.000  USER_LOGIC_I/Mcount_ip_clk_counter_cy<28> (USER_LOGIC_I/Mcount_ip_clk_counter_cy<28>)
     MUXCY:CI->O           1   0.015   0.000  USER_LOGIC_I/Mcount_ip_clk_counter_cy<29> (USER_LOGIC_I/Mcount_ip_clk_counter_cy<29>)
     MUXCY:CI->O           0   0.015   0.000  USER_LOGIC_I/Mcount_ip_clk_counter_cy<30> (USER_LOGIC_I/Mcount_ip_clk_counter_cy<30>)
     XORCY:CI->O           1   0.320   0.000  USER_LOGIC_I/Mcount_ip_clk_counter_xor<31> (USER_LOGIC_I/Mcount_ip_clk_counter31)
     FDRE:D                    0.011          USER_LOGIC_I/ip_clk_counter_31
    ----------------------------------------
    Total                      3.197ns (1.976ns logic, 1.221ns route)
                                       (61.8% logic, 38.2% route)

=========================================================================
Timing constraint: Default OFFSET IN BEFORE for Clock 'S_AXI_ACLK'
  Total number of paths / destination ports: 535 / 386
-------------------------------------------------------------------------
Offset:              1.565ns (Levels of Logic = 3)
  Source:            S_AXI_ARVALID (PAD)
  Destination:       AXI_LITE_IPIF_I/I_SLAVE_ATTACHMENT/I_DECODER/ce_out_i_5 (FF)
  Destination Clock: S_AXI_ACLK rising

  Data Path: S_AXI_ARVALID to AXI_LITE_IPIF_I/I_SLAVE_ATTACHMENT/I_DECODER/ce_out_i_5
                                Gate     Net
    Cell:in->out      fanout   Delay   Delay  Logical Name (Net Name)
    ----------------------------------------  ------------
     IBUF:I->O            13   0.000   0.682  S_AXI_ARVALID_IBUF (S_AXI_ARVALID_IBUF)
     LUT3:I0->O            5   0.053   0.766  AXI_LITE_IPIF_I/I_SLAVE_ATTACHMENT/Mmux_bus2ip_addr_i41 (AXI_LITE_IPIF_I/I_SLAVE_ATTACHMENT/bus2ip_addr_i<3>)
     LUT6:I0->O            2   0.053   0.000  AXI_LITE_IPIF_I/I_SLAVE_ATTACHMENT/I_DECODER/ce_expnd_i<5>1 (AXI_LITE_IPIF_I/I_SLAVE_ATTACHMENT/I_DECODER/ce_expnd_i<5>)
     FDRE:D                    0.011          AXI_LITE_IPIF_I/I_SLAVE_ATTACHMENT/I_DECODER/ce_out_i_5
    ----------------------------------------
    Total                      1.565ns (0.117ns logic, 1.448ns route)
                                       (7.5% logic, 92.5% route)

=========================================================================
Timing constraint: Default OFFSET OUT AFTER for Clock 'S_AXI_ACLK'
  Total number of paths / destination ports: 43 / 40
-------------------------------------------------------------------------
Offset:              1.302ns (Levels of Logic = 2)
  Source:            USER_LOGIC_I/state_FSM_FFd2 (FF)
  Destination:       CS (PAD)
  Source Clock:      S_AXI_ACLK rising

  Data Path: USER_LOGIC_I/state_FSM_FFd2 to CS
                                Gate     Net
    Cell:in->out      fanout   Delay   Delay  Logical Name (Net Name)
    ----------------------------------------  ------------
     FDR:C->Q             43   0.282   0.554  USER_LOGIC_I/state_FSM_FFd2 (USER_LOGIC_I/state_FSM_FFd2)
     INV:I->O              1   0.067   0.399  USER_LOGIC_I/state_FSM_FFd2_inv1_INV_0 (CS_OBUF)
     OBUF:I->O                 0.000          CS_OBUF (CS)
    ----------------------------------------
    Total                      1.302ns (0.349ns logic, 0.953ns route)
                                       (26.8% logic, 73.2% route)

=========================================================================

Cross Clock Domains Report:
--------------------------

Clock to Setup on destination clock S_AXI_ACLK
---------------+---------+---------+---------+---------+
               | Src:Rise| Src:Fall| Src:Rise| Src:Fall|
Source Clock   |Dest:Rise|Dest:Rise|Dest:Fall|Dest:Fall|
---------------+---------+---------+---------+---------+
S_AXI_ACLK     |    3.197|         |         |         |
---------------+---------+---------+---------+---------+

=========================================================================


Total REAL time to Xst completion: 9.00 secs
Total CPU time to Xst completion: 9.52 secs
 
--> 


Total memory usage is 524976 kilobytes

Number of errors   :    0 (   0 filtered)
Number of warnings :   24 (   0 filtered)
Number of infos    :    5 (   0 filtered)

