@I [HLS-0] Workspace /home/greg/multisite_test_detection_algorithms/xilnx_design/SingleSiteDetection/solution1 opened at Thu Dec 08 22:29:38 CST 2016
@I [HLS-100] Command "config_clock -quiet -name default -period 10 -default=false "
@I [SYN-201] Setting up clock 'default' with a period of 10ns.
@I [HLS-100] Command 'config_clock' returned 0; elapsed 0.000161Total elapsed time: 0.328 sec.
@I [HLS-100] Command "open_platform DefaultPlatform "
@I [HLS-100] Command 'open_platform' returned 0; elapsed 0.000253Total elapsed time: 0.329 sec.
@I [HLS-100] Command "import_lib /opt/Xilinx/Vivado_HLS/2014.2/common/technology/xilinx/zynq/zynq "
@I [HLS-100] Command "source /opt/Xilinx/Vivado_HLS/2014.2/common/technology/xilinx/common/xilinx.lib "
@I [HLS-100] Command "source /opt/Xilinx/Vivado_HLS/2014.2/common/technology/xilinx/interface/xilinx_interface.lib "
@I [HLS-100] Command "source /opt/Xilinx/Vivado_HLS/2014.2/common/technology/xilinx/interface/plb46.lib "
@I [HLS-100] Command 'ap_source' returned 0; elapsed 0.000521Total elapsed time: 0.330 sec.
@I [HLS-100] Command "source /opt/Xilinx/Vivado_HLS/2014.2/common/technology/xilinx/interface/fsl.lib "
@I [HLS-100] Command 'ap_source' returned 0; elapsed 0.000175Total elapsed time: 0.330 sec.
@I [HLS-100] Command "source /opt/Xilinx/Vivado_HLS/2014.2/common/technology/xilinx/interface/axi4.lib "
@I [HLS-100] Command 'ap_source' returned 0; elapsed 0.000289Total elapsed time: 0.330 sec.
@I [HLS-100] Command "source /opt/Xilinx/Vivado_HLS/2014.2/common/technology/xilinx/interface/maxi.lib "
@I [HLS-100] Command 'ap_source' returned 0; elapsed 0.000212Total elapsed time: 0.331 sec.
@I [HLS-100] Command 'ap_source' returned 0; elapsed 0.001601Total elapsed time: 0.331 sec.
@I [HLS-100] Command "source /opt/Xilinx/Vivado_HLS/2014.2/common/technology/xilinx/common/dsp48.lib "
@I [HLS-100] Command 'ap_source' returned 0; elapsed 0.000129Total elapsed time: 0.331 sec.
@I [HLS-100] Command "source /opt/Xilinx/Vivado_HLS/2014.2/common/technology/xilinx/ip/xfir.lib "
@I [HLS-100] Command 'ap_source' returned 0; elapsed 0.000156Total elapsed time: 0.331 sec.
@I [HLS-100] Command "source /opt/Xilinx/Vivado_HLS/2014.2/common/technology/xilinx/ip/xfft.lib "
@I [HLS-100] Command 'ap_source' returned 0; elapsed 8.7e-05Total elapsed time: 0.331 sec.
@I [HLS-100] Command 'ap_source' returned 0; elapsed 0.005072Total elapsed time: 0.334 sec.
@I [HLS-100] Command "source /opt/Xilinx/Vivado_HLS/2014.2/common/technology/xilinx/common/xilinx_old.lib "
@I [HLS-100] Command 'ap_source' returned 0; elapsed 0.000963Total elapsed time: 0.337 sec.
@I [HLS-100] Command "source /opt/Xilinx/Vivado_HLS/2014.2/common/technology/xilinx/common/xilinx_vivado.lib "
@I [HLS-100] Command 'ap_source' returned 0; elapsed 0.000487Total elapsed time: 0.338 sec.
@I [HLS-100] Command "source /opt/Xilinx/Vivado_HLS/2014.2/common/technology/xilinx/common/xilinx.hlp "
@I [HLS-100] Command "source /opt/Xilinx/Vivado_HLS/2014.2/common/technology/xilinx/common/target_info.tcl "
@I [HLS-100] Command 'ap_source' returned 0; elapsed 0.000146Total elapsed time: 0.340 sec.
@I [HLS-100] Command "source /opt/Xilinx/Vivado_HLS/2014.2/common/technology/xilinx/interface/xilinx_interface.hlp "
@I [HLS-100] Command "source /opt/Xilinx/Vivado_HLS/2014.2/common/technology/xilinx/interface/maxi.hlp "
@I [HLS-100] Command 'ap_source' returned 0; elapsed 9.6e-05Total elapsed time: 0.341 sec.
@I [HLS-100] Command 'ap_source' returned 0; elapsed 0.000192Total elapsed time: 0.341 sec.
@I [HLS-100] Command "source /opt/Xilinx/Vivado_HLS/2014.2/common/technology/xilinx/common/dsp48.hlp "
@I [HLS-100] Command 'ap_source' returned 0; elapsed 0.000423Total elapsed time: 0.341 sec.
@I [HLS-100] Command 'ap_source' returned 0; elapsed 0.001849Total elapsed time: 0.342 sec.
@I [HLS-100] Command "source /opt/Xilinx/Vivado_HLS/2014.2/common/technology/xilinx/zynq/dsp48e1.hlp "
@I [HLS-100] Command 'ap_source' returned 0; elapsed 9e-05Total elapsed time: 0.342 sec.
@I [HLS-100] Command "get_default_platform "
@I [HLS-100] Command 'get_default_platform' returned 0; elapsed 4.5e-05Total elapsed time: 0.342 sec.
@I [HLS-100] Command "config_chip_info -quiet -resource  {SLICE 13300}  {LUT 53200}     {FF 106400} {DSP48E 220}   {BRAM 280}  "
@I [HLS-100] Command 'config_chip_info' returned 0; elapsed 2.4e-05Total elapsed time: 0.342 sec.
@I [HLS-100] Command "config_chip_info -quiet -speed medium "
@I [HLS-100] Command 'config_chip_info' returned 0; elapsed 7e-06Total elapsed time: 0.342 sec.
@I [HLS-100] Command 'import_lib' returned 0; elapsed 0.015358Total elapsed time: 0.344 sec.
@I [HLS-100] Command "source /opt/Xilinx/Vivado_HLS/2014.2/common/technology/xilinx/zynq/zynq.gen "
@I [HLS-100] Command "source /opt/Xilinx/Vivado_HLS/2014.2/common/technology/xilinx/common/virtex.gen "
@I [HLS-100] Command "source /opt/Xilinx/Vivado_HLS/2014.2/common/technology/xilinx/common/xilinx.gen "
@I [HLS-100] Command "source /opt/Xilinx/Vivado_HLS/2014.2/common/technology/xilinx/interface/plb46.gen "
@I [HLS-100] Command 'ap_source' returned 0; elapsed 0.001226Total elapsed time: 0.346 sec.
@I [HLS-100] Command "source /opt/Xilinx/Vivado_HLS/2014.2/common/technology/xilinx/interface/fsl.gen "
@I [HLS-100] Command 'ap_source' returned 0; elapsed 0.000499Total elapsed time: 0.346 sec.
@I [HLS-100] Command "source /opt/Xilinx/Vivado_HLS/2014.2/common/technology/xilinx/interface/axi4.gen "
@I [HLS-100] Command 'ap_source' returned 0; elapsed 0.002462Total elapsed time: 0.349 sec.
@I [HLS-100] Command "source /opt/Xilinx/Vivado_HLS/2014.2/common/technology/xilinx/interface/nativeAXI4.gen "
@I [HLS-100] Command "source /opt/Xilinx/Vivado_HLS/2014.2/common/technology/xilinx/interface/saxilite.gen "
@I [HLS-100] Command 'ap_source' returned 0; elapsed 0.002525Total elapsed time: 0.352 sec.
@I [HLS-100] Command "source /opt/Xilinx/Vivado_HLS/2014.2/common/technology/xilinx/interface/maxi.gen "
@I [HLS-100] Command 'ap_source' returned 0; elapsed 0.003866Total elapsed time: 0.356 sec.
@I [HLS-100] Command 'ap_source' returned 0; elapsed 0.006564Total elapsed time: 0.356 sec.
@I [HLS-100] Command "source /opt/Xilinx/Vivado_HLS/2014.2/common/technology/xilinx/scripts/xilinxcoregen.gen "
@I [HLS-100] Command 'ap_source' returned 0; elapsed 0.008423Total elapsed time: 0.364 sec.
@I [HLS-100] Command "source /opt/Xilinx/Vivado_HLS/2014.2/common/technology/xilinx/interface/XilEDKCoreGen.gen "
@I [HLS-100] Command 'ap_source' returned 0; elapsed 0.009187Total elapsed time: 0.373 sec.
@I [HLS-100] Command "source /opt/Xilinx/Vivado_HLS/2014.2/common/technology/xilinx/ip/xfft.gen "
@I [HLS-100] Command 'ap_source' returned 0; elapsed 0.104345Total elapsed time: 0.478 sec.
@I [HLS-100] Command "source /opt/Xilinx/Vivado_HLS/2014.2/common/technology/xilinx/ip/xfir.gen "
@I [HLS-100] Command "source /opt/Xilinx/Vivado_HLS/2014.2/tps/tcl/tcllib1.11.1/struct/list.tcl "
@I [HLS-100] Command "source /opt/Xilinx/Vivado_HLS/2014.2/tps/tcl/tcllib1.11.1/cmdline/cmdline.tcl "
@I [HLS-100] Command 'ap_source' returned 0; elapsed 0.000511Total elapsed time: 0.490 sec.
@I [HLS-100] Command 'ap_source' returned 0; elapsed 0.001186Total elapsed time: 0.490 sec.
@I [HLS-100] Command "source /opt/Xilinx/Vivado_HLS/2014.2/tps/tcl/tcllib1.11.1/math/bignum.tcl "
@I [HLS-100] Command 'ap_source' returned 0; elapsed 0.000432Total elapsed time: 0.494 sec.
@I [HLS-100] Command 'ap_source' returned 0; elapsed 0.021464Total elapsed time: 0.499 sec.
@I [HLS-100] Command "source /opt/Xilinx/Vivado_HLS/2014.2/common/technology/xilinx/ip/util.gen "
@I [HLS-100] Command 'ap_source' returned 0; elapsed 9.6e-05Total elapsed time: 0.499 sec.
@I [HLS-100] Command 'ap_source' returned 0; elapsed 0.154901Total elapsed time: 0.499 sec.
@I [HLS-100] Command "source /opt/Xilinx/Vivado_HLS/2014.2/common/technology/xilinx/common/dsp48.gen "
@I [HLS-100] Command 'ap_source' returned 0; elapsed 5e-05Total elapsed time: 0.500 sec.
@I [HLS-100] Command 'ap_source' returned 0; elapsed 0.156203Total elapsed time: 0.500 sec.
@I [HLS-100] Command 'ap_source' returned 0; elapsed 0.156314Total elapsed time: 0.501 sec.
@I [HLS-100] Command "open_platform DefaultPlatform "
@I [HLS-100] Command 'open_platform' returned 0; elapsed 4.1e-05Total elapsed time: 0.501 sec.
@I [HLS-100] Command "import_lib /opt/Xilinx/Vivado_HLS/2014.2/common/technology/xilinx/zynq/zynq_fpv6 "
@I [HLS-100] Command "source /opt/Xilinx/Vivado_HLS/2014.2/common/technology/xilinx/common/xilinx_fpv7.lib "
@I [HLS-100] Command "source /opt/Xilinx/Vivado_HLS/2014.2/common/technology/xilinx/common/xilinx_fpv6.lib "
@I [HLS-100] Command 'ap_source' returned 0; elapsed 0.00082Total elapsed time: 0.502 sec.
@I [HLS-100] Command 'ap_source' returned 0; elapsed 0.002242Total elapsed time: 0.503 sec.
@I [HLS-100] Command 'import_lib' returned 0; elapsed 0.009372Total elapsed time: 0.510 sec.
@I [HLS-100] Command "source /opt/Xilinx/Vivado_HLS/2014.2/common/technology/xilinx/zynq/zynq_fpv6.gen "
@I [HLS-100] Command "source /opt/Xilinx/Vivado_HLS/2014.2/common/technology/xilinx/common/xilinx_fpv6.gen "
@I [HLS-100] Command 'ap_source' returned 0; elapsed 0.000881Total elapsed time: 0.511 sec.
@I [HLS-100] Command 'ap_source' returned 0; elapsed 0.000975Total elapsed time: 0.511 sec.
@I [HLS-100] Command "set_part xc7z020clg484-1 "
@I [HLS-100] Command "add_library xilinx/zynq/zynq:xc7z020:clg484:-1 "
@I [HLS-100] Command "get_default_platform "
@I [HLS-100] Command 'get_default_platform' returned 0; elapsed 5e-06Total elapsed time: 0.514 sec.
@I [HLS-100] Command "license_exists VIVADO_HLS "
@I [HLS-100] Command 'license_exists' returned 0; elapsed 3.5e-05Total elapsed time: 0.514 sec.
@I [HLS-100] Command "get_default_platform "
@I [HLS-100] Command 'get_default_platform' returned 0; elapsed 3e-06Total elapsed time: 0.514 sec.
@I [HLS-100] Command "config_chip_info -quiet -resource  {SLICE 13300}  {LUT 53200}     {FF 106400} {DSP48E 220}   {BRAM 280}  "
@I [HLS-100] Command 'config_chip_info' returned 0; elapsed 1e-05Total elapsed time: 0.514 sec.
@I [HLS-100] Command "config_chip_info -quiet -speed slow "
@I [HLS-100] Command 'config_chip_info' returned 0; elapsed 4e-06Total elapsed time: 0.514 sec.
@I [HLS-100] Command 'add_library' returned 0; elapsed 0.001757Total elapsed time: 0.516 sec.
@I [HLS-100] Command "add_library xilinx/zynq/zynq_fpv6 "
@I [HLS-100] Command "get_default_platform "
@I [HLS-100] Command 'get_default_platform' returned 0; elapsed 9e-06Total elapsed time: 0.517 sec.
@I [HLS-100] Command "license_exists VIVADO_HLS "
@I [HLS-100] Command 'license_exists' returned 0; elapsed 6e-06Total elapsed time: 0.517 sec.
@I [HLS-100] Command 'add_library' returned 0; elapsed 0.001145Total elapsed time: 0.517 sec.
@I [HLS-10] Setting target device to 'xc7z020clg484-1'
@I [HLS-100] Command 'set_part' returned 0; elapsed 0.004837Total elapsed time: 0.517 sec.
@I [HLS-100] Command "get_default_platform "
@I [HLS-100] Command 'get_default_platform' returned 0; elapsed 2e-06Total elapsed time: 0.517 sec.
@I [HLS-100] Command "config_chip_info -quiet -resource  {SLICE 13300}  {LUT 53200}     {FF 106400} {DSP48E 220}   {BRAM 280}  "
@I [HLS-100] Command 'config_chip_info' returned 0; elapsed 1.2e-05Total elapsed time: 0.517 sec.
@I [HLS-100] Command "config_chip_info -quiet -speed slow "
@I [HLS-100] Command 'config_chip_info' returned 0; elapsed 3e-06Total elapsed time: 0.517 sec.
@I [HLS-100] Command 'open_solution' returned 0; elapsed 0.195187Total elapsed time: 0.518 sec.
@I [HLS-100] Command "export_design -evaluate verilog -format ip_catalog "
@I [HLS-100] Command "source /home/greg/multisite_test_detection_algorithms/xilnx_design/SingleSiteDetection/solution1/.autopilot/db/global.setting.tcl "
@I [HLS-100] Command 'ap_source' returned 0; elapsed 9.7e-05Total elapsed time: 0.521 sec.
@I [HLS-100] Command "source /opt/Xilinx/Vivado_HLS/2014.2/common/technology/generic/autopilot/common.gen "
@I [HLS-100] Command "source /opt/Xilinx/Vivado_HLS/2014.2/common/technology/generic/autopilot/APCoreGen.gen "
@I [HLS-100] Command 'ap_source' returned 0; elapsed 0.000341Total elapsed time: 0.523 sec.
@I [HLS-100] Command 'ap_source' returned 0; elapsed 0.000646Total elapsed time: 0.524 sec.
@I [HLS-100] Command "source /opt/Xilinx/Vivado_HLS/2014.2/common/technology/generic/autopilot/op.gen "
@I [HLS-100] Command 'ap_source' returned 0; elapsed 0.000167Total elapsed time: 0.524 sec.
@I [HLS-100] Command "source /opt/Xilinx/Vivado_HLS/2014.2/common/technology/generic/autopilot/op_simcore.gen "
@I [HLS-100] Command 'ap_source' returned 0; elapsed 0.000456Total elapsed time: 0.524 sec.
@I [HLS-100] Command "source /opt/Xilinx/Vivado_HLS/2014.2/common/technology/generic/autopilot/interface.gen "
@I [HLS-100] Command 'ap_source' returned 0; elapsed 4.1e-05Total elapsed time: 0.524 sec.
@I [HLS-100] Command "source /home/greg/multisite_test_detection_algorithms/xilnx_design/SingleSiteDetection/solution1/.autopilot/db/global.setting.tcl "
@I [HLS-100] Command 'ap_source' returned 0; elapsed 8.3e-05Total elapsed time: 0.525 sec.
@I [HLS-100] Command "source /opt/Xilinx/Vivado_HLS/2014.2/common/technology/xilinx/zynq/zynq.gen "
@I [HLS-100] Command "source /opt/Xilinx/Vivado_HLS/2014.2/common/technology/xilinx/common/virtex.gen "
@I [HLS-100] Command "source /opt/Xilinx/Vivado_HLS/2014.2/common/technology/xilinx/common/xilinx.gen "
@I [HLS-100] Command "source /opt/Xilinx/Vivado_HLS/2014.2/common/technology/xilinx/interface/plb46.gen "
@I [HLS-100] Command 'ap_source' returned 0; elapsed 0.000707Total elapsed time: 0.526 sec.
@I [HLS-100] Command "source /opt/Xilinx/Vivado_HLS/2014.2/common/technology/xilinx/interface/fsl.gen "
@I [HLS-100] Command 'ap_source' returned 0; elapsed 0.000271Total elapsed time: 0.526 sec.
@I [HLS-100] Command "source /opt/Xilinx/Vivado_HLS/2014.2/common/technology/xilinx/interface/axi4.gen "
@I [HLS-100] Command 'ap_source' returned 0; elapsed 0.001353Total elapsed time: 0.527 sec.
@I [HLS-100] Command "source /opt/Xilinx/Vivado_HLS/2014.2/common/technology/xilinx/interface/nativeAXI4.gen "
@I [HLS-100] Command "source /opt/Xilinx/Vivado_HLS/2014.2/common/technology/xilinx/interface/saxilite.gen "
@I [HLS-100] Command 'ap_source' returned 0; elapsed 0.001322Total elapsed time: 0.529 sec.
@I [HLS-100] Command "source /opt/Xilinx/Vivado_HLS/2014.2/common/technology/xilinx/interface/maxi.gen "
@I [HLS-100] Command 'ap_source' returned 0; elapsed 0.002034Total elapsed time: 0.531 sec.
@I [HLS-100] Command 'ap_source' returned 0; elapsed 0.003443Total elapsed time: 0.531 sec.
@I [HLS-100] Command "source /opt/Xilinx/Vivado_HLS/2014.2/common/technology/xilinx/scripts/xilinxcoregen.gen "
@I [HLS-100] Command 'ap_source' returned 0; elapsed 0.004594Total elapsed time: 0.535 sec.
@I [HLS-100] Command "source /opt/Xilinx/Vivado_HLS/2014.2/common/technology/xilinx/interface/XilEDKCoreGen.gen "
@I [HLS-100] Command 'ap_source' returned 0; elapsed 0.005177Total elapsed time: 0.541 sec.
@I [HLS-100] Command "source /opt/Xilinx/Vivado_HLS/2014.2/common/technology/xilinx/ip/xfft.gen "
@I [HLS-100] Command 'ap_source' returned 0; elapsed 0.067239Total elapsed time: 0.608 sec.
@I [HLS-100] Command "source /opt/Xilinx/Vivado_HLS/2014.2/common/technology/xilinx/ip/xfir.gen "
@I [HLS-100] Command 'ap_source' returned 0; elapsed 0.016026Total elapsed time: 0.624 sec.
@I [HLS-100] Command "source /opt/Xilinx/Vivado_HLS/2014.2/common/technology/xilinx/ip/util.gen "
@I [HLS-100] Command 'ap_source' returned 0; elapsed 7.8e-05Total elapsed time: 0.624 sec.
@I [HLS-100] Command 'ap_source' returned 0; elapsed 0.099283Total elapsed time: 0.624 sec.
@I [HLS-100] Command "source /opt/Xilinx/Vivado_HLS/2014.2/common/technology/xilinx/common/dsp48.gen "
@I [HLS-100] Command 'ap_source' returned 0; elapsed 4.3e-05Total elapsed time: 0.625 sec.
@I [HLS-100] Command 'ap_source' returned 0; elapsed 0.100271Total elapsed time: 0.625 sec.
@I [HLS-100] Command 'ap_source' returned 0; elapsed 0.100331Total elapsed time: 0.625 sec.
@I [HLS-100] Command "source /opt/Xilinx/Vivado_HLS/2014.2/common/technology/xilinx/zynq/zynq_fpv6.gen "
@I [HLS-100] Command "source /opt/Xilinx/Vivado_HLS/2014.2/common/technology/xilinx/common/xilinx_fpv6.gen "
@I [HLS-100] Command 'ap_source' returned 0; elapsed 0.000809Total elapsed time: 0.626 sec.
@I [HLS-100] Command 'ap_source' returned 0; elapsed 0.000869Total elapsed time: 0.626 sec.
@I [HLS-100] Command "source /home/greg/multisite_test_detection_algorithms/xilnx_design/SingleSiteDetection/solution1/.autopilot/db/global.setting.tcl "
@I [HLS-100] Command 'ap_source' returned 0; elapsed 0.000106Total elapsed time: 0.626 sec.
@I [IMPL-8] Exporting RTL as an IP in IP-XACT.
@I [HLS-100] Command "source /home/greg/multisite_test_detection_algorithms/xilnx_design/SingleSiteDetection/solution1/.autopilot/db/global.setting.tcl "
@I [HLS-100] Command 'ap_source' returned 0; elapsed 0.000104Total elapsed time: 0.627 sec.
@I [HLS-100] Command "source /home/greg/multisite_test_detection_algorithms/xilnx_design/SingleSiteDetection/solution1/.autopilot/db/global.setting.tcl "
@I [HLS-100] Command 'ap_source' returned 0; elapsed 9.3e-05Total elapsed time: 0.630 sec.
@I [HLS-100] Command "source /opt/Xilinx/Vivado_HLS/2014.2/common/technology/generic/autopilot/common.gen "
@I [HLS-100] Command "source /opt/Xilinx/Vivado_HLS/2014.2/common/technology/generic/autopilot/APCoreGen.gen "
@I [HLS-100] Command 'ap_source' returned 0; elapsed 0.00033Total elapsed time: 0.631 sec.
@I [HLS-100] Command 'ap_source' returned 0; elapsed 0.000662Total elapsed time: 0.631 sec.
@I [HLS-100] Command "source /opt/Xilinx/Vivado_HLS/2014.2/common/technology/generic/autopilot/op.gen "
@I [HLS-100] Command 'ap_source' returned 0; elapsed 0.000175Total elapsed time: 0.631 sec.
@I [HLS-100] Command "source /opt/Xilinx/Vivado_HLS/2014.2/common/technology/generic/autopilot/op_simcore.gen "
@I [HLS-100] Command 'ap_source' returned 0; elapsed 0.000482Total elapsed time: 0.632 sec.
@I [HLS-100] Command "source /opt/Xilinx/Vivado_HLS/2014.2/common/technology/generic/autopilot/interface.gen "
@I [HLS-100] Command 'ap_source' returned 0; elapsed 4.5e-05Total elapsed time: 0.632 sec.
@I [HLS-100] Command "source /home/greg/multisite_test_detection_algorithms/xilnx_design/SingleSiteDetection/solution1/.autopilot/db/global.setting.tcl "
@I [HLS-100] Command 'ap_source' returned 0; elapsed 8.4e-05Total elapsed time: 0.632 sec.
@I [HLS-100] Command "source /opt/Xilinx/Vivado_HLS/2014.2/common/technology/xilinx/zynq/zynq.gen "
@I [HLS-100] Command "source /opt/Xilinx/Vivado_HLS/2014.2/common/technology/xilinx/common/virtex.gen "
@I [HLS-100] Command "source /opt/Xilinx/Vivado_HLS/2014.2/common/technology/xilinx/common/xilinx.gen "
@I [HLS-100] Command "source /opt/Xilinx/Vivado_HLS/2014.2/common/technology/xilinx/interface/plb46.gen "
@I [HLS-100] Command 'ap_source' returned 0; elapsed 0.000596Total elapsed time: 0.633 sec.
@I [HLS-100] Command "source /opt/Xilinx/Vivado_HLS/2014.2/common/technology/xilinx/interface/fsl.gen "
@I [HLS-100] Command 'ap_source' returned 0; elapsed 0.000262Total elapsed time: 0.633 sec.
@I [HLS-100] Command "source /opt/Xilinx/Vivado_HLS/2014.2/common/technology/xilinx/interface/axi4.gen "
@I [HLS-100] Command 'ap_source' returned 0; elapsed 0.001293Total elapsed time: 0.634 sec.
@I [HLS-100] Command "source /opt/Xilinx/Vivado_HLS/2014.2/common/technology/xilinx/interface/nativeAXI4.gen "
@I [HLS-100] Command "source /opt/Xilinx/Vivado_HLS/2014.2/common/technology/xilinx/interface/saxilite.gen "
@I [HLS-100] Command 'ap_source' returned 0; elapsed 0.001245Total elapsed time: 0.636 sec.
@I [HLS-100] Command "source /opt/Xilinx/Vivado_HLS/2014.2/common/technology/xilinx/interface/maxi.gen "
@I [HLS-100] Command 'ap_source' returned 0; elapsed 0.001856Total elapsed time: 0.637 sec.
@I [HLS-100] Command 'ap_source' returned 0; elapsed 0.003186Total elapsed time: 0.637 sec.
@I [HLS-100] Command "source /opt/Xilinx/Vivado_HLS/2014.2/common/technology/xilinx/scripts/xilinxcoregen.gen "
@I [HLS-100] Command 'ap_source' returned 0; elapsed 0.00443Total elapsed time: 0.642 sec.
@I [HLS-100] Command "source /opt/Xilinx/Vivado_HLS/2014.2/common/technology/xilinx/interface/XilEDKCoreGen.gen "
@I [HLS-100] Command 'ap_source' returned 0; elapsed 0.005153Total elapsed time: 0.647 sec.
@I [HLS-100] Command "source /opt/Xilinx/Vivado_HLS/2014.2/common/technology/xilinx/ip/xfft.gen "
@I [HLS-100] Command 'ap_source' returned 0; elapsed 0.067377Total elapsed time: 0.715 sec.
@I [HLS-100] Command "source /opt/Xilinx/Vivado_HLS/2014.2/common/technology/xilinx/ip/xfir.gen "
@I [HLS-100] Command 'ap_source' returned 0; elapsed 0.016506Total elapsed time: 0.731 sec.
@I [HLS-100] Command "source /opt/Xilinx/Vivado_HLS/2014.2/common/technology/xilinx/ip/util.gen "
@I [HLS-100] Command 'ap_source' returned 0; elapsed 7.9e-05Total elapsed time: 0.731 sec.
@I [HLS-100] Command 'ap_source' returned 0; elapsed 0.099306Total elapsed time: 0.731 sec.
@I [HLS-100] Command "source /opt/Xilinx/Vivado_HLS/2014.2/common/technology/xilinx/common/dsp48.gen "
@I [HLS-100] Command 'ap_source' returned 0; elapsed 4.2e-05Total elapsed time: 0.732 sec.
@I [HLS-100] Command 'ap_source' returned 0; elapsed 0.100263Total elapsed time: 0.732 sec.
@I [HLS-100] Command 'ap_source' returned 0; elapsed 0.100322Total elapsed time: 0.732 sec.
@I [HLS-100] Command "source /opt/Xilinx/Vivado_HLS/2014.2/common/technology/xilinx/zynq/zynq_fpv6.gen "
@I [HLS-100] Command "source /opt/Xilinx/Vivado_HLS/2014.2/common/technology/xilinx/common/xilinx_fpv6.gen "
@I [HLS-100] Command 'ap_source' returned 0; elapsed 0.000763Total elapsed time: 0.733 sec.
@I [HLS-100] Command 'ap_source' returned 0; elapsed 0.000825Total elapsed time: 0.733 sec.
@I [HLS-100] Command "source /home/greg/multisite_test_detection_algorithms/xilnx_design/SingleSiteDetection/solution1/.autopilot/db/singleDecision.compgen.tcl "
@I [HLS-100] Command 'ap_source' returned 0; elapsed 0.000274Total elapsed time: 0.734 sec.
@I [HLS-100] Command "source /home/greg/multisite_test_detection_algorithms/xilnx_design/SingleSiteDetection/solution1/.autopilot/db/singleDecision.compgen.tcl "
@I [HLS-100] Command "source /home/greg/multisite_test_detection_algorithms/xilnx_design/SingleSiteDetection/solution1/.autopilot/db/singleDecision.rtl_wrap.cfg.tcl "
@I [HLS-100] Command 'ap_source' returned 0; elapsed 0.000674Total elapsed time: 0.737 sec.
@I [HLS-100] Command "source /home/greg/multisite_test_detection_algorithms/xilnx_design/SingleSiteDetection/solution1/.autopilot/db/singleDecision.rtl_wrap.cfg.tcl "
@I [HLS-100] Command 'ap_source' returned 0; elapsed 0.000741Total elapsed time: 0.738 sec.
@I [HLS-100] Command "source /home/greg/multisite_test_detection_algorithms/xilnx_design/SingleSiteDetection/solution1/.autopilot/db/singleDecision.tbgen.tcl "
@I [HLS-100] Command 'ap_source' returned 0; elapsed 8.5e-05Total elapsed time: 0.738 sec.
@I [HLS-100] Command "source /home/greg/multisite_test_detection_algorithms/xilnx_design/SingleSiteDetection/solution1/.autopilot/db/singleDecision.tbgen.tcl "
@I [HLS-100] Command 'ap_source' returned 0; elapsed 8.5e-05Total elapsed time: 0.738 sec.
@I [HLS-100] Command 'ap_source' returned 0; elapsed 0.020172Total elapsed time: 0.756 sec.
@I [HLS-100] Command "source /home/greg/multisite_test_detection_algorithms/xilnx_design/SingleSiteDetection/solution1/.autopilot/db/singleDecision.compgen.tcl "
@I [HLS-100] Command 'ap_source' returned 0; elapsed 0.00027Total elapsed time: 0.759 sec.
@I [HLS-100] Command "source /home/greg/multisite_test_detection_algorithms/xilnx_design/SingleSiteDetection/solution1/.autopilot/db/global.setting.tcl "
@I [HLS-100] Command 'ap_source' returned 0; elapsed 0.000102Total elapsed time: 0.776 sec.
@I [HLS-100] Command "source /home/greg/multisite_test_detection_algorithms/xilnx_design/SingleSiteDetection/solution1/.autopilot/db/singleDecision.constraint.tcl "
@I [HLS-100] Command 'ap_source' returned 0; elapsed 3.8e-05Total elapsed time: 0.777 sec.
@I [HLS-100] Command "source /home/greg/multisite_test_detection_algorithms/xilnx_design/SingleSiteDetection/solution1/.autopilot/db/singleDecision.rtl_wrap.cfg.tcl "
@I [HLS-100] Command 'ap_source' returned 0; elapsed 0.000666Total elapsed time: 0.786 sec.
@I [HLS-100] Command "source /home/greg/multisite_test_detection_algorithms/xilnx_design/SingleSiteDetection/solution1/.autopilot/db/singleDecision.rtl_wrap.cfg.tcl "
@I [HLS-100] Command 'ap_source' returned 0; elapsed 0.000731Total elapsed time: 0.787 sec.
@I [HLS-100] Command "source /home/greg/multisite_test_detection_algorithms/xilnx_design/SingleSiteDetection/solution1/.autopilot/db/singleDecision.tbgen.tcl "
@I [HLS-100] Command 'ap_source' returned 0; elapsed 8.6e-05Total elapsed time: 0.787 sec.
@I [HLS-100] Command "source /home/greg/multisite_test_detection_algorithms/xilnx_design/SingleSiteDetection/solution1/.autopilot/db/singleDecision.tbgen.tcl "
@I [HLS-100] Command 'ap_source' returned 0; elapsed 9.1e-05Total elapsed time: 0.787 sec.
@I [HLS-100] Command "source /home/greg/multisite_test_detection_algorithms/xilnx_design/SingleSiteDetection/solution1/.autopilot/db/singleDecision.rtl_wrap.cfg.tcl "
@I [HLS-100] Command 'ap_source' returned 0; elapsed 0.000706Total elapsed time: 0.809 sec.
@I [HLS-100] Command "source /home/greg/multisite_test_detection_algorithms/xilnx_design/SingleSiteDetection/solution1/.autopilot/db/singleDecision.rtl_wrap.cfg.tcl "
@I [HLS-100] Command 'ap_source' returned 0; elapsed 0.000748Total elapsed time: 0.810 sec.
@I [HLS-100] Command "source /home/greg/multisite_test_detection_algorithms/xilnx_design/SingleSiteDetection/solution1/.autopilot/db/singleDecision.tbgen.tcl "
@I [HLS-100] Command 'ap_source' returned 0; elapsed 8.7e-05Total elapsed time: 0.810 sec.
@I [HLS-100] Command "source /home/greg/multisite_test_detection_algorithms/xilnx_design/SingleSiteDetection/solution1/.autopilot/db/singleDecision.tbgen.tcl "
@I [HLS-100] Command 'ap_source' returned 0; elapsed 8.3e-05Total elapsed time: 0.811 sec.
@I [HLS-100] Command "source /home/greg/multisite_test_detection_algorithms/xilnx_design/SingleSiteDetection/solution1/.autopilot/db/global.setting.tcl "
@I [HLS-100] Command 'ap_source' returned 0; elapsed 8.5e-05Total elapsed time: 0.833 sec.
@I [HLS-100] Command "source /home/greg/multisite_test_detection_algorithms/xilnx_design/SingleSiteDetection/solution1/.autopilot/db/global.setting.tcl "
@I [HLS-100] Command 'ap_source' returned 0; elapsed 8.1e-05Total elapsed time: 0.839 sec.
@I [HLS-100] Command "source /home/greg/multisite_test_detection_algorithms/xilnx_design/SingleSiteDetection/solution1/.autopilot/db/singleDecision.constraint.tcl "
@I [HLS-100] Command 'ap_source' returned 0; elapsed 3.5e-05Total elapsed time: 0.840 sec.
@I [HLS-100] Command "source /home/greg/multisite_test_detection_algorithms/xilnx_design/SingleSiteDetection/solution1/.autopilot/db/singleDecision.constraint.tcl "
@I [HLS-100] Command 'ap_source' returned 0; elapsed 4.3e-05Total elapsed time: 0.840 sec.
@I [HLS-100] Command "source /opt/Xilinx/Vivado_HLS/2014.2/common/technology/generic/autopilot/common.gen "
@I [HLS-100] Command "source /opt/Xilinx/Vivado_HLS/2014.2/common/technology/generic/autopilot/APCoreGen.gen "
@I [HLS-100] Command 'ap_source' returned 0; elapsed 0.000383Total elapsed time: 0.846 sec.
@I [HLS-100] Command 'ap_source' returned 0; elapsed 0.000783Total elapsed time: 0.847 sec.
@I [HLS-100] Command "source /opt/Xilinx/Vivado_HLS/2014.2/common/technology/generic/autopilot/op.gen "
@I [HLS-100] Command 'ap_source' returned 0; elapsed 0.000178Total elapsed time: 0.847 sec.
@I [HLS-100] Command "source /opt/Xilinx/Vivado_HLS/2014.2/common/technology/generic/autopilot/op_simcore.gen "
@I [HLS-100] Command 'ap_source' returned 0; elapsed 0.000506Total elapsed time: 0.847 sec.
@I [HLS-100] Command "source /opt/Xilinx/Vivado_HLS/2014.2/common/technology/generic/autopilot/interface.gen "
@I [HLS-100] Command 'ap_source' returned 0; elapsed 5.2e-05Total elapsed time: 0.848 sec.
@I [HLS-100] Command "source /home/greg/multisite_test_detection_algorithms/xilnx_design/SingleSiteDetection/solution1/.autopilot/db/global.setting.tcl "
@I [HLS-100] Command 'ap_source' returned 0; elapsed 8.7e-05Total elapsed time: 0.848 sec.
@I [HLS-100] Command "source /opt/Xilinx/Vivado_HLS/2014.2/common/technology/xilinx/zynq/zynq.gen "
@I [HLS-100] Command "source /opt/Xilinx/Vivado_HLS/2014.2/common/technology/xilinx/common/virtex.gen "
@I [HLS-100] Command "source /opt/Xilinx/Vivado_HLS/2014.2/common/technology/xilinx/common/xilinx.gen "
@I [HLS-100] Command "source /opt/Xilinx/Vivado_HLS/2014.2/common/technology/xilinx/interface/plb46.gen "
@I [HLS-100] Command 'ap_source' returned 0; elapsed 0.000645Total elapsed time: 0.849 sec.
@I [HLS-100] Command "source /opt/Xilinx/Vivado_HLS/2014.2/common/technology/xilinx/interface/fsl.gen "
@I [HLS-100] Command 'ap_source' returned 0; elapsed 0.000282Total elapsed time: 0.849 sec.
@I [HLS-100] Command "source /opt/Xilinx/Vivado_HLS/2014.2/common/technology/xilinx/interface/axi4.gen "
@I [HLS-100] Command 'ap_source' returned 0; elapsed 0.001567Total elapsed time: 0.850 sec.
@I [HLS-100] Command "source /opt/Xilinx/Vivado_HLS/2014.2/common/technology/xilinx/interface/nativeAXI4.gen "
@I [HLS-100] Command "source /opt/Xilinx/Vivado_HLS/2014.2/common/technology/xilinx/interface/saxilite.gen "
@I [HLS-100] Command 'ap_source' returned 0; elapsed 0.001305Total elapsed time: 0.852 sec.
@I [HLS-100] Command "source /opt/Xilinx/Vivado_HLS/2014.2/common/technology/xilinx/interface/maxi.gen "
@I [HLS-100] Command 'ap_source' returned 0; elapsed 0.001976Total elapsed time: 0.854 sec.
@I [HLS-100] Command 'ap_source' returned 0; elapsed 0.003367Total elapsed time: 0.854 sec.
@I [HLS-100] Command "source /opt/Xilinx/Vivado_HLS/2014.2/common/technology/xilinx/scripts/xilinxcoregen.gen "
@I [HLS-100] Command 'ap_source' returned 0; elapsed 0.00461Total elapsed time: 0.858 sec.
@I [HLS-100] Command "source /opt/Xilinx/Vivado_HLS/2014.2/common/technology/xilinx/interface/XilEDKCoreGen.gen "
@I [HLS-100] Command 'ap_source' returned 0; elapsed 0.005539Total elapsed time: 0.864 sec.
@I [HLS-100] Command "source /opt/Xilinx/Vivado_HLS/2014.2/common/technology/xilinx/ip/xfft.gen "
@I [HLS-100] Command 'ap_source' returned 0; elapsed 0.068482Total elapsed time: 0.933 sec.
@I [HLS-100] Command "source /opt/Xilinx/Vivado_HLS/2014.2/common/technology/xilinx/ip/xfir.gen "
@I [HLS-100] Command 'ap_source' returned 0; elapsed 0.016303Total elapsed time: 0.949 sec.
@I [HLS-100] Command "source /opt/Xilinx/Vivado_HLS/2014.2/common/technology/xilinx/ip/util.gen "
@I [HLS-100] Command 'ap_source' returned 0; elapsed 7.4e-05Total elapsed time: 0.949 sec.
@I [HLS-100] Command 'ap_source' returned 0; elapsed 0.101282Total elapsed time: 0.949 sec.
@I [HLS-100] Command "source /opt/Xilinx/Vivado_HLS/2014.2/common/technology/xilinx/common/dsp48.gen "
@I [HLS-100] Command 'ap_source' returned 0; elapsed 4.2e-05Total elapsed time: 0.950 sec.
@I [HLS-100] Command 'ap_source' returned 0; elapsed 0.102227Total elapsed time: 0.950 sec.
@I [HLS-100] Command 'ap_source' returned 0; elapsed 0.102296Total elapsed time: 0.950 sec.
@I [HLS-100] Command "source /opt/Xilinx/Vivado_HLS/2014.2/common/technology/xilinx/zynq/zynq_fpv6.gen "
@I [HLS-100] Command "source /opt/Xilinx/Vivado_HLS/2014.2/common/technology/xilinx/common/xilinx_fpv6.gen "
@I [HLS-100] Command 'ap_source' returned 0; elapsed 0.00079Total elapsed time: 0.951 sec.
@I [HLS-100] Command 'ap_source' returned 0; elapsed 0.000861Total elapsed time: 0.951 sec.
@I [HLS-100] Command "source /home/greg/multisite_test_detection_algorithms/xilnx_design/SingleSiteDetection/solution1/.autopilot/db/global.setting.tcl "
@I [HLS-100] Command 'ap_source' returned 0; elapsed 0.000157Total elapsed time: 5.658 sec.
@I [HLS-100] Command "source /opt/Xilinx/Vivado_HLS/2014.2/common/technology/generic/autopilot/common.gen "
@I [HLS-100] Command "source /opt/Xilinx/Vivado_HLS/2014.2/common/technology/generic/autopilot/APCoreGen.gen "
@I [HLS-100] Command 'ap_source' returned 0; elapsed 0.000374Total elapsed time: 5.661 sec.
@I [HLS-100] Command 'ap_source' returned 0; elapsed 0.00078Total elapsed time: 5.661 sec.
@I [HLS-100] Command "source /opt/Xilinx/Vivado_HLS/2014.2/common/technology/generic/autopilot/op.gen "
@I [HLS-100] Command 'ap_source' returned 0; elapsed 0.000192Total elapsed time: 5.662 sec.
@I [HLS-100] Command "source /opt/Xilinx/Vivado_HLS/2014.2/common/technology/generic/autopilot/op_simcore.gen "
@I [HLS-100] Command 'ap_source' returned 0; elapsed 0.000571Total elapsed time: 5.662 sec.
@I [HLS-100] Command "source /opt/Xilinx/Vivado_HLS/2014.2/common/technology/generic/autopilot/interface.gen "
@I [HLS-100] Command 'ap_source' returned 0; elapsed 5e-05Total elapsed time: 5.662 sec.
@I [HLS-100] Command "source /home/greg/multisite_test_detection_algorithms/xilnx_design/SingleSiteDetection/solution1/.autopilot/db/global.setting.tcl "
@I [HLS-100] Command 'ap_source' returned 0; elapsed 8.5e-05Total elapsed time: 5.662 sec.
@I [HLS-100] Command "source /opt/Xilinx/Vivado_HLS/2014.2/common/technology/xilinx/zynq/zynq.gen "
@I [HLS-100] Command "source /opt/Xilinx/Vivado_HLS/2014.2/common/technology/xilinx/common/virtex.gen "
@I [HLS-100] Command "source /opt/Xilinx/Vivado_HLS/2014.2/common/technology/xilinx/common/xilinx.gen "
@I [HLS-100] Command "source /opt/Xilinx/Vivado_HLS/2014.2/common/technology/xilinx/interface/plb46.gen "
@I [HLS-100] Command 'ap_source' returned 0; elapsed 0.000705Total elapsed time: 5.663 sec.
@I [HLS-100] Command "source /opt/Xilinx/Vivado_HLS/2014.2/common/technology/xilinx/interface/fsl.gen "
@I [HLS-100] Command 'ap_source' returned 0; elapsed 0.00028Total elapsed time: 5.664 sec.
@I [HLS-100] Command "source /opt/Xilinx/Vivado_HLS/2014.2/common/technology/xilinx/interface/axi4.gen "
@I [HLS-100] Command 'ap_source' returned 0; elapsed 0.001391Total elapsed time: 5.665 sec.
@I [HLS-100] Command "source /opt/Xilinx/Vivado_HLS/2014.2/common/technology/xilinx/interface/nativeAXI4.gen "
@I [HLS-100] Command "source /opt/Xilinx/Vivado_HLS/2014.2/common/technology/xilinx/interface/saxilite.gen "
@I [HLS-100] Command 'ap_source' returned 0; elapsed 0.001328Total elapsed time: 5.666 sec.
@I [HLS-100] Command "source /opt/Xilinx/Vivado_HLS/2014.2/common/technology/xilinx/interface/maxi.gen "
@I [HLS-100] Command 'ap_source' returned 0; elapsed 0.00196Total elapsed time: 5.668 sec.
@I [HLS-100] Command 'ap_source' returned 0; elapsed 0.003375Total elapsed time: 5.668 sec.
@I [HLS-100] Command "source /opt/Xilinx/Vivado_HLS/2014.2/common/technology/xilinx/scripts/xilinxcoregen.gen "
@I [HLS-100] Command 'ap_source' returned 0; elapsed 0.004882Total elapsed time: 5.673 sec.
@I [HLS-100] Command "source /opt/Xilinx/Vivado_HLS/2014.2/common/technology/xilinx/interface/XilEDKCoreGen.gen "
@I [HLS-100] Command 'ap_source' returned 0; elapsed 0.005218Total elapsed time: 5.679 sec.
@I [HLS-100] Command "source /opt/Xilinx/Vivado_HLS/2014.2/common/technology/xilinx/ip/xfft.gen "
@I [HLS-100] Command 'ap_source' returned 0; elapsed 0.069142Total elapsed time: 5.748 sec.
@I [HLS-100] Command "source /opt/Xilinx/Vivado_HLS/2014.2/common/technology/xilinx/ip/xfir.gen "
@I [HLS-100] Command 'ap_source' returned 0; elapsed 0.016451Total elapsed time: 5.764 sec.
@I [HLS-100] Command "source /opt/Xilinx/Vivado_HLS/2014.2/common/technology/xilinx/ip/util.gen "
@I [HLS-100] Command 'ap_source' returned 0; elapsed 7.8e-05Total elapsed time: 5.764 sec.
@I [HLS-100] Command 'ap_source' returned 0; elapsed 0.101914Total elapsed time: 5.764 sec.
@I [HLS-100] Command "source /opt/Xilinx/Vivado_HLS/2014.2/common/technology/xilinx/common/dsp48.gen "
@I [HLS-100] Command 'ap_source' returned 0; elapsed 4.3e-05Total elapsed time: 5.765 sec.
@I [HLS-100] Command 'ap_source' returned 0; elapsed 0.102867Total elapsed time: 5.765 sec.
@I [HLS-100] Command 'ap_source' returned 0; elapsed 0.102927Total elapsed time: 5.765 sec.
@I [HLS-100] Command "source /opt/Xilinx/Vivado_HLS/2014.2/common/technology/xilinx/zynq/zynq_fpv6.gen "
@I [HLS-100] Command "source /opt/Xilinx/Vivado_HLS/2014.2/common/technology/xilinx/common/xilinx_fpv6.gen "
@I [HLS-100] Command 'ap_source' returned 0; elapsed 0.000815Total elapsed time: 5.766 sec.
@I [HLS-100] Command 'ap_source' returned 0; elapsed 0.000877Total elapsed time: 5.766 sec.
@I [HLS-100] Command "source /home/greg/multisite_test_detection_algorithms/xilnx_design/SingleSiteDetection/solution1/.autopilot/db/global.setting.tcl "
@I [HLS-100] Command 'ap_source' returned 0; elapsed 0.000108Total elapsed time: 5.766 sec.
@I [IMPL-8] Starting RTL evaluation using Vivado ...
@I [HLS-100] Command "source /home/greg/multisite_test_detection_algorithms/xilnx_design/SingleSiteDetection/solution1/.autopilot/db/global.setting.tcl "
@I [HLS-100] Command 'ap_source' returned 0; elapsed 0.0001Total elapsed time: 5.767 sec.
@I [HLS-100] Command "source /home/greg/multisite_test_detection_algorithms/xilnx_design/SingleSiteDetection/solution1/.autopilot/db/global.setting.tcl "
@I [HLS-100] Command 'ap_source' returned 0; elapsed 9.4e-05Total elapsed time: 5.768 sec.
@I [HLS-100] Command "source /opt/Xilinx/Vivado_HLS/2014.2/common/technology/generic/autopilot/common.gen "
@I [HLS-100] Command "source /opt/Xilinx/Vivado_HLS/2014.2/common/technology/generic/autopilot/APCoreGen.gen "
@I [HLS-100] Command 'ap_source' returned 0; elapsed 0.000337Total elapsed time: 5.769 sec.
@I [HLS-100] Command 'ap_source' returned 0; elapsed 0.00068Total elapsed time: 5.769 sec.
@I [HLS-100] Command "source /opt/Xilinx/Vivado_HLS/2014.2/common/technology/generic/autopilot/op.gen "
@I [HLS-100] Command 'ap_source' returned 0; elapsed 0.000178Total elapsed time: 5.770 sec.
@I [HLS-100] Command "source /opt/Xilinx/Vivado_HLS/2014.2/common/technology/generic/autopilot/op_simcore.gen "
@I [HLS-100] Command 'ap_source' returned 0; elapsed 0.000498Total elapsed time: 5.770 sec.
@I [HLS-100] Command "source /opt/Xilinx/Vivado_HLS/2014.2/common/technology/generic/autopilot/interface.gen "
@I [HLS-100] Command 'ap_source' returned 0; elapsed 4.8e-05Total elapsed time: 5.770 sec.
@I [HLS-100] Command "source /home/greg/multisite_test_detection_algorithms/xilnx_design/SingleSiteDetection/solution1/.autopilot/db/global.setting.tcl "
@I [HLS-100] Command 'ap_source' returned 0; elapsed 8.6e-05Total elapsed time: 5.770 sec.
@I [HLS-100] Command "source /opt/Xilinx/Vivado_HLS/2014.2/common/technology/xilinx/zynq/zynq.gen "
@I [HLS-100] Command "source /opt/Xilinx/Vivado_HLS/2014.2/common/technology/xilinx/common/virtex.gen "
@I [HLS-100] Command "source /opt/Xilinx/Vivado_HLS/2014.2/common/technology/xilinx/common/xilinx.gen "
@I [HLS-100] Command "source /opt/Xilinx/Vivado_HLS/2014.2/common/technology/xilinx/interface/plb46.gen "
@I [HLS-100] Command 'ap_source' returned 0; elapsed 0.000612Total elapsed time: 5.771 sec.
@I [HLS-100] Command "source /opt/Xilinx/Vivado_HLS/2014.2/common/technology/xilinx/interface/fsl.gen "
@I [HLS-100] Command 'ap_source' returned 0; elapsed 0.000272Total elapsed time: 5.771 sec.
@I [HLS-100] Command "source /opt/Xilinx/Vivado_HLS/2014.2/common/technology/xilinx/interface/axi4.gen "
@I [HLS-100] Command 'ap_source' returned 0; elapsed 0.001298Total elapsed time: 5.773 sec.
@I [HLS-100] Command "source /opt/Xilinx/Vivado_HLS/2014.2/common/technology/xilinx/interface/nativeAXI4.gen "
@I [HLS-100] Command "source /opt/Xilinx/Vivado_HLS/2014.2/common/technology/xilinx/interface/saxilite.gen "
@I [HLS-100] Command 'ap_source' returned 0; elapsed 0.001278Total elapsed time: 5.774 sec.
@I [HLS-100] Command "source /opt/Xilinx/Vivado_HLS/2014.2/common/technology/xilinx/interface/maxi.gen "
@I [HLS-100] Command 'ap_source' returned 0; elapsed 0.001877Total elapsed time: 5.776 sec.
@I [HLS-100] Command 'ap_source' returned 0; elapsed 0.003239Total elapsed time: 5.776 sec.
@I [HLS-100] Command "source /opt/Xilinx/Vivado_HLS/2014.2/common/technology/xilinx/scripts/xilinxcoregen.gen "
@I [HLS-100] Command 'ap_source' returned 0; elapsed 0.004553Total elapsed time: 5.781 sec.
@I [HLS-100] Command "source /opt/Xilinx/Vivado_HLS/2014.2/common/technology/xilinx/interface/XilEDKCoreGen.gen "
@I [HLS-100] Command 'ap_source' returned 0; elapsed 0.005111Total elapsed time: 5.786 sec.
@I [HLS-100] Command "source /opt/Xilinx/Vivado_HLS/2014.2/common/technology/xilinx/ip/xfft.gen "
@I [HLS-100] Command 'ap_source' returned 0; elapsed 0.071745Total elapsed time: 5.858 sec.
@I [HLS-100] Command "source /opt/Xilinx/Vivado_HLS/2014.2/common/technology/xilinx/ip/xfir.gen "
@I [HLS-100] Command 'ap_source' returned 0; elapsed 0.024255Total elapsed time: 5.882 sec.
@I [HLS-100] Command "source /opt/Xilinx/Vivado_HLS/2014.2/common/technology/xilinx/ip/util.gen "
@I [HLS-100] Command 'ap_source' returned 0; elapsed 0.000114Total elapsed time: 5.882 sec.
@I [HLS-100] Command 'ap_source' returned 0; elapsed 0.111635Total elapsed time: 5.882 sec.
@I [HLS-100] Command "source /opt/Xilinx/Vivado_HLS/2014.2/common/technology/xilinx/common/dsp48.gen "
@I [HLS-100] Command 'ap_source' returned 0; elapsed 5.7e-05Total elapsed time: 5.883 sec.
@I [HLS-100] Command 'ap_source' returned 0; elapsed 0.112927Total elapsed time: 5.883 sec.
@I [HLS-100] Command 'ap_source' returned 0; elapsed 0.112997Total elapsed time: 5.883 sec.
@I [HLS-100] Command "source /opt/Xilinx/Vivado_HLS/2014.2/common/technology/xilinx/zynq/zynq_fpv6.gen "
@I [HLS-100] Command "source /opt/Xilinx/Vivado_HLS/2014.2/common/technology/xilinx/common/xilinx_fpv6.gen "
@I [HLS-100] Command 'ap_source' returned 0; elapsed 0.001122Total elapsed time: 5.885 sec.
@I [HLS-100] Command 'ap_source' returned 0; elapsed 0.001208Total elapsed time: 5.885 sec.
@I [HLS-100] Command "source /home/greg/multisite_test_detection_algorithms/xilnx_design/SingleSiteDetection/solution1/.autopilot/db/singleDecision.compgen.tcl "
@I [HLS-100] Command 'ap_source' returned 0; elapsed 0.000398Total elapsed time: 5.885 sec.
@I [HLS-100] Command "source /home/greg/multisite_test_detection_algorithms/xilnx_design/SingleSiteDetection/solution1/.autopilot/db/global.setting.tcl "
@I [HLS-100] Command 'ap_source' returned 0; elapsed 0.000125Total elapsed time: 5.895 sec.
@I [HLS-100] Command "source /home/greg/multisite_test_detection_algorithms/xilnx_design/SingleSiteDetection/solution1/.autopilot/db/singleDecision.constraint.tcl "
@I [HLS-100] Command 'ap_source' returned 0; elapsed 3.6e-05Total elapsed time: 5.895 sec.
@I [HLS-100] Command "source /opt/Xilinx/Vivado_HLS/2014.2/common/technology/generic/autopilot/common.gen "
@I [HLS-100] Command "source /opt/Xilinx/Vivado_HLS/2014.2/common/technology/generic/autopilot/APCoreGen.gen "
@I [HLS-100] Command 'ap_source' returned 0; elapsed 0.00034Total elapsed time: 5.900 sec.
@I [HLS-100] Command 'ap_source' returned 0; elapsed 0.000734Total elapsed time: 5.901 sec.
@I [HLS-100] Command "source /opt/Xilinx/Vivado_HLS/2014.2/common/technology/generic/autopilot/op.gen "
@I [HLS-100] Command 'ap_source' returned 0; elapsed 0.000181Total elapsed time: 5.901 sec.
@I [HLS-100] Command "source /opt/Xilinx/Vivado_HLS/2014.2/common/technology/generic/autopilot/op_simcore.gen "
@I [HLS-100] Command 'ap_source' returned 0; elapsed 0.000499Total elapsed time: 5.901 sec.
@I [HLS-100] Command "source /opt/Xilinx/Vivado_HLS/2014.2/common/technology/generic/autopilot/interface.gen "
@I [HLS-100] Command 'ap_source' returned 0; elapsed 4.9e-05Total elapsed time: 5.901 sec.
@I [HLS-100] Command "source /home/greg/multisite_test_detection_algorithms/xilnx_design/SingleSiteDetection/solution1/.autopilot/db/global.setting.tcl "
@I [HLS-100] Command 'ap_source' returned 0; elapsed 9.2e-05Total elapsed time: 5.902 sec.
@I [HLS-100] Command "source /opt/Xilinx/Vivado_HLS/2014.2/common/technology/xilinx/zynq/zynq.gen "
@I [HLS-100] Command "source /opt/Xilinx/Vivado_HLS/2014.2/common/technology/xilinx/common/virtex.gen "
@I [HLS-100] Command "source /opt/Xilinx/Vivado_HLS/2014.2/common/technology/xilinx/common/xilinx.gen "
@I [HLS-100] Command "source /opt/Xilinx/Vivado_HLS/2014.2/common/technology/xilinx/interface/plb46.gen "
@I [HLS-100] Command 'ap_source' returned 0; elapsed 0.000701Total elapsed time: 5.903 sec.
@I [HLS-100] Command "source /opt/Xilinx/Vivado_HLS/2014.2/common/technology/xilinx/interface/fsl.gen "
@I [HLS-100] Command 'ap_source' returned 0; elapsed 0.000272Total elapsed time: 5.903 sec.
@I [HLS-100] Command "source /opt/Xilinx/Vivado_HLS/2014.2/common/technology/xilinx/interface/axi4.gen "
@I [HLS-100] Command 'ap_source' returned 0; elapsed 0.001345Total elapsed time: 5.904 sec.
@I [HLS-100] Command "source /opt/Xilinx/Vivado_HLS/2014.2/common/technology/xilinx/interface/nativeAXI4.gen "
@I [HLS-100] Command "source /opt/Xilinx/Vivado_HLS/2014.2/common/technology/xilinx/interface/saxilite.gen "
@I [HLS-100] Command 'ap_source' returned 0; elapsed 0.001285Total elapsed time: 5.906 sec.
@I [HLS-100] Command "source /opt/Xilinx/Vivado_HLS/2014.2/common/technology/xilinx/interface/maxi.gen "
@I [HLS-100] Command 'ap_source' returned 0; elapsed 0.001948Total elapsed time: 5.908 sec.
@I [HLS-100] Command 'ap_source' returned 0; elapsed 0.003331Total elapsed time: 5.908 sec.
@I [HLS-100] Command "source /opt/Xilinx/Vivado_HLS/2014.2/common/technology/xilinx/scripts/xilinxcoregen.gen "
@I [HLS-100] Command 'ap_source' returned 0; elapsed 0.004641Total elapsed time: 5.912 sec.
@I [HLS-100] Command "source /opt/Xilinx/Vivado_HLS/2014.2/common/technology/xilinx/interface/XilEDKCoreGen.gen "
@I [HLS-100] Command 'ap_source' returned 0; elapsed 0.005142Total elapsed time: 5.917 sec.
@I [HLS-100] Command "source /opt/Xilinx/Vivado_HLS/2014.2/common/technology/xilinx/ip/xfft.gen "
@I [HLS-100] Command 'ap_source' returned 0; elapsed 0.068256Total elapsed time: 5.986 sec.
@I [HLS-100] Command "source /opt/Xilinx/Vivado_HLS/2014.2/common/technology/xilinx/ip/xfir.gen "
@I [HLS-100] Command 'ap_source' returned 0; elapsed 0.016405Total elapsed time: 6.2 sec.
@I [HLS-100] Command "source /opt/Xilinx/Vivado_HLS/2014.2/common/technology/xilinx/ip/util.gen "
@I [HLS-100] Command 'ap_source' returned 0; elapsed 7.5e-05Total elapsed time: 6.2 sec.
@I [HLS-100] Command 'ap_source' returned 0; elapsed 0.10056Total elapsed time: 6.2 sec.
@I [HLS-100] Command "source /opt/Xilinx/Vivado_HLS/2014.2/common/technology/xilinx/common/dsp48.gen "
@I [HLS-100] Command 'ap_source' returned 0; elapsed 4.3e-05Total elapsed time: 6.3 sec.
@I [HLS-100] Command 'ap_source' returned 0; elapsed 0.101504Total elapsed time: 6.3 sec.
@I [HLS-100] Command 'ap_source' returned 0; elapsed 0.101564Total elapsed time: 6.3 sec.
@I [HLS-100] Command "source /opt/Xilinx/Vivado_HLS/2014.2/common/technology/xilinx/zynq/zynq_fpv6.gen "
@I [HLS-100] Command "source /opt/Xilinx/Vivado_HLS/2014.2/common/technology/xilinx/common/xilinx_fpv6.gen "
@I [HLS-100] Command 'ap_source' returned 0; elapsed 0.000781Total elapsed time: 6.4 sec.
@I [HLS-100] Command 'ap_source' returned 0; elapsed 0.00084Total elapsed time: 6.4 sec.
@I [HLS-100] Command 'export_design' returned 0; elapsed 0.795416Total elapsed time: 105.341 sec.
@I [HLS-100] Command "cleanup_all "
@I [HLS-100] Command 'cleanup_all' returned 0; elapsed 0.000447Total elapsed time: 105.342 sec.
