

================================================================
== Vivado HLS Report for 'singleDecision'
================================================================
* Date:           Thu Dec  8 21:49:12 2016

* Version:        2014.2 (Build 932637 on Wed Jun 11 12:38:34 PM 2014)
* Project:        SingleSiteDetection
* Solution:       solution1
* Product family: zynq zynq_fpv6 
* Target device:  xc7z020clg484-1


================================================================
== Performance Estimates
================================================================
+ Timing (ns): 
    * Summary: 
    +---------+-------+----------+------------+
    |  Clock  | Target| Estimated| Uncertainty|
    +---------+-------+----------+------------+
    |default  |  10.00|      8.72|        1.25|
    +---------+-------+----------+------------+

+ Latency (clock cycles): 
    * Summary: 
    +-----+-----+-----+-----+---------+
    |  Latency  |  Interval | Pipeline|
    | min | max | min | max |   Type  |
    +-----+-----+-----+-----+---------+
    |   18|   18|   19|   19|   none  |
    +-----+-----+-----+-----+---------+

    + Detail: 
        * Instance: 
        N/A

        * Loop: 
        N/A



================================================================
== Utilization Estimates
================================================================
* Summary: 
+-----------------+---------+-------+--------+-------+
|       Name      | BRAM_18K| DSP48E|   FF   |  LUT  |
+-----------------+---------+-------+--------+-------+
|Expression       |        -|      -|       0|   2256|
|FIFO             |        -|      -|       -|      -|
|Instance         |        -|      4|       0|      0|
|Memory           |        0|      -|      36|     61|
|Multiplexer      |        -|      -|       -|    140|
|Register         |        -|      -|     980|      -|
+-----------------+---------+-------+--------+-------+
|Total            |        0|      4|    1016|   2457|
+-----------------+---------+-------+--------+-------+
|Available        |      280|    220|  106400|  53200|
+-----------------+---------+-------+--------+-------+
|Utilization (%)  |        0|      1|   ~0   |      4|
+-----------------+---------+-------+--------+-------+

+ Detail: 
    * Instance: 
    +------------------------------------+---------------------------------+---------+-------+---+----+
    |              Instance              |              Module             | BRAM_18K| DSP48E| FF| LUT|
    +------------------------------------+---------------------------------+---------+-------+---+----+
    |singleDecision_mul_32s_16s_32_3_U1  |singleDecision_mul_32s_16s_32_3  |        0|      2|  0|   0|
    |singleDecision_mul_32s_16s_32_3_U2  |singleDecision_mul_32s_16s_32_3  |        0|      2|  0|   0|
    +------------------------------------+---------------------------------+---------+-------+---+----+
    |Total                               |                                 |        0|      4|  0|   0|
    +------------------------------------+---------------------------------+---------+-------+---+----+

    * Memory: 
    +-------------------------+--------------------------------------+---------+----+----+------+-----+------+-------------+
    |          Memory         |                Module                | BRAM_18K| FF | LUT| Words| Bits| Banks| W*Bits*Banks|
    +-------------------------+--------------------------------------+---------+----+----+------+-----+------+-------------+
    |recentABools_data_U      |singleDecision_recentABools_data      |        0|   2|   5|    30|    1|     1|           30|
    |recentVBools_data_U      |singleDecision_recentVBools_data      |        0|   2|   2|    11|    1|     1|           11|
    |recentdatapoints_data_U  |singleDecision_recentdatapoints_data  |        0|  32|  54|    20|   16|     1|          320|
    +-------------------------+--------------------------------------+---------+----+----+------+-----+------+-------------+
    |Total                    |                                      |        0|  36|  61|    61|   18|     3|          361|
    +-------------------------+--------------------------------------+---------+----+----+------+-----+------+-------------+

    * FIFO: 
    N/A

    * Expression: 
    +----------------------------------------+----------+-------+---+----+------------+------------+
    |              Variable Name             | Operation| DSP48E| FF| LUT| Bitwidth P0| Bitwidth P1|
    +----------------------------------------+----------+-------+---+----+------------+------------+
    |AstimDelay_load_op_fu_400_p2            |     +    |      0|  0|  32|          32|           1|
    |VstimDelay_load_op_fu_414_p2            |     +    |      0|  0|  32|          32|           1|
    |i_1_fu_478_p2                           |     +    |      0|  0|  32|          32|           5|
    |i_2_fu_663_p2                           |     +    |      0|  0|  32|          32|           2|
    |i_3_fu_676_p2                           |     +    |      0|  0|  32|          32|           4|
    |i_4_fu_923_p2                           |     +    |      0|  0|  32|          32|           2|
    |i_5_fu_936_p2                           |     +    |      0|  0|  32|          32|           5|
    |i_fu_465_p2                             |     +    |      0|  0|  32|          32|           2|
    |recentABools_len_load_op_fu_903_p2      |     +    |      0|  0|  32|          32|           1|
    |recentVBools_len_load_op_fu_643_p2      |     +    |      0|  0|  32|          32|           1|
    |recentdatapoints_len_load_op_fu_536_p2  |     +    |      0|  0|  32|          32|           1|
    |sum_1_fu_774_p2                         |     +    |      0|  0|  32|          32|          32|
    |sum_3_fu_1004_p2                        |     +    |      0|  0|  32|          32|          32|
    |tmp_35_i_fu_530_p2                      |     +    |      0|  0|  32|          32|          32|
    |tmp_37_i_fu_440_p2                      |     +    |      0|  0|  32|          32|           1|
    |tmp_42_i_fu_753_p2                      |     +    |      0|  0|  32|          32|          32|
    |tmp_44_i_fu_608_p2                      |     +    |      0|  0|  32|          32|           1|
    |tmp_49_i_fu_983_p2                      |     +    |      0|  0|  32|          32|          32|
    |tmp_4_fu_704_p2                         |     +    |      0|  0|  32|          32|           1|
    |tmp_51_i_fu_868_p2                      |     +    |      0|  0|  32|          32|           1|
    |tmp_5_fu_714_p2                         |     +    |      0|  0|  32|          32|           1|
    |tmp_6_fu_724_p2                         |     +    |      0|  0|  32|          32|           1|
    |tmp_33_i_fu_516_p2                      |     -    |      0|  0|  32|          32|          32|
    |tmp_40_i_fu_740_p2                      |     -    |      0|  0|  32|          32|          32|
    |tmp_47_i_fu_970_p2                      |     -    |      0|  0|  32|          32|          32|
    |datapointA_fu_811_p3                    |  Select  |      0|  0|  16|           1|          16|
    |datapointV_fu_568_p3                    |  Select  |      0|  0|  16|           1|           1|
    |p_i1_fu_681_p3                          |  Select  |      0|  0|  32|           1|          32|
    |p_i2_fu_941_p3                          |  Select  |      0|  0|  32|           1|          32|
    |p_i_fu_483_p3                           |  Select  |      0|  0|  32|           1|          32|
    |p_s_fu_1157_p3                          |  Select  |      0|  0|   6|           1|           5|
    |p_tmp_i1_fu_619_p3                      |  Select  |      0|  0|  32|           1|           1|
    |p_tmp_i2_fu_879_p3                      |  Select  |      0|  0|  32|           1|           1|
    |p_tmp_i_fu_451_p3                       |  Select  |      0|  0|  32|           1|           1|
    |recentABools_sum_loc_i_fu_976_p3        |  Select  |      0|  0|  32|           1|          32|
    |recentVBools_sum_loc_i_fu_746_p3        |  Select  |      0|  0|  32|           1|          32|
    |recentdatapoints_sum_loc_i_fu_522_p3    |  Select  |      0|  0|  32|           1|          32|
    |stim_new_1_fu_1171_p3                   |  Select  |      0|  0|   6|           1|           6|
    |storemerge1_fu_1106_p3                  |  Select  |      0|  0|   6|           1|           6|
    |storemerge_fu_1098_p3                   |  Select  |      0|  0|   6|           1|           1|
    |tmp_36_i_fu_542_p3                      |  Select  |      0|  0|  32|           1|           5|
    |tmp_43_i_fu_649_p3                      |  Select  |      0|  0|  32|           1|           4|
    |tmp_50_i_fu_909_p3                      |  Select  |      0|  0|  32|           1|           5|
    |tmp_7_fu_406_p3                         |  Select  |      0|  0|  32|           1|          32|
    |tmp_8_fu_420_p3                         |  Select  |      0|  0|  32|           1|          32|
    |ap_sig_bdd_209                          |    and   |      0|  0|   1|           1|           1|
    |ap_sig_bdd_214                          |    and   |      0|  0|   1|           1|           1|
    |ap_sig_bdd_234                          |    and   |      0|  0|   1|           1|           1|
    |ap_sig_bdd_242                          |    and   |      0|  0|   1|           1|           1|
    |or_cond1_fu_1151_p2                     |    and   |      0|  0|   1|           1|           1|
    |or_cond2_fu_1030_p2                     |    and   |      0|  0|   1|           1|           1|
    |or_cond8_fu_1129_p2                     |    and   |      0|  0|   1|           1|           1|
    |p_0_i2_fu_995_p2                        |    and   |      0|  0|   1|           1|           1|
    |p_0_i_fu_765_p2                         |    and   |      0|  0|   1|           1|           1|
    |tmp1_fu_1146_p2                         |    and   |      0|  0|   1|           1|           1|
    |icmp_fu_1020_p2                         |   icmp   |      0|  0|  35|          28|           1|
    |not_tmp_i2_fu_694_p2                    |   icmp   |      0|  0|  40|          32|           1|
    |not_tmp_i5_fu_954_p2                    |   icmp   |      0|  0|  40|          32|           1|
    |tmp_11_fu_853_p2                        |   icmp   |      0|  0|  40|          32|          32|
    |tmp_13_fu_830_p2                        |   icmp   |      0|  0|  40|          32|          32|
    |tmp_15_fu_1056_p2                       |   icmp   |      0|  0|  40|          32|           1|
    |tmp_17_fu_1080_p2                       |   icmp   |      0|  0|  40|          32|           1|
    |tmp_19_fu_1123_p2                       |   icmp   |      0|  0|  40|          32|          10|
    |tmp_1_fu_351_p2                         |   icmp   |      0|  0|  20|          16|           1|
    |tmp_20_fu_1046_p2                       |   icmp   |      0|  0|  40|          32|           5|
    |tmp_21_fu_1134_p2                       |   icmp   |      0|  0|  40|          32|          32|
    |tmp_22_fu_1140_p2                       |   icmp   |      0|  0|  40|          32|          10|
    |tmp_23_fu_1051_p2                       |   icmp   |      0|  0|  40|          32|           4|
    |tmp_2_fu_361_p2                         |   icmp   |      0|  0|  20|          16|           1|
    |tmp_38_i_fu_445_p2                      |   icmp   |      0|  0|  40|          32|           5|
    |tmp_3_fu_780_p2                         |   icmp   |      0|  0|  40|          32|           3|
    |tmp_45_i_fu_613_p2                      |   icmp   |      0|  0|  40|          32|           4|
    |tmp_52_i_fu_873_p2                      |   icmp   |      0|  0|  40|          32|           5|
    |tmp_fu_341_p2                           |   icmp   |      0|  0|  20|          16|           1|
    |tmp_i1_fu_637_p2                        |   icmp   |      0|  0|  40|          32|           4|
    |tmp_i3_fu_802_p2                        |   icmp   |      0|  0|  40|          32|           5|
    |tmp_i4_5_fu_897_p2                      |   icmp   |      0|  0|  40|          32|           5|
    |tmp_i9_fu_562_p2                        |   icmp   |      0|  0|  40|          32|           1|
    |tmp_i_fu_503_p2                         |   icmp   |      0|  0|  40|          32|           5|
    |tmp_s_fu_593_p2                         |   icmp   |      0|  0|  40|          32|          32|
    |or_cond4_fu_1092_p2                     |    or    |      0|  0|   1|           1|           1|
    |or_cond_fu_1068_p2                      |    or    |      0|  0|   1|           1|           1|
    |tmp_24_fu_1165_p2                       |    or    |      0|  0|   1|           1|           1|
    |tmp_16_fu_1062_p2                       |    xor   |      0|  0|   2|           1|           2|
    |tmp_18_fu_1086_p2                       |    xor   |      0|  0|   2|           1|           2|
    +----------------------------------------+----------+-------+---+----+------------+------------+
    |Total                                   |          |      0|  0|2256|        1583|         814|
    +----------------------------------------+----------+-------+---+----+------------+------------+

    * Multiplexer: 
    +--------------------------------+----+-----------+-----+-----------+
    |              Name              | LUT| Input Size| Bits| Total Bits|
    +--------------------------------+----+-----------+-----+-----------+
    |AbeatDelay_new_reg_308          |  32|          2|   32|         64|
    |VbeatDelay_new_1_reg_259        |  32|          2|   32|         64|
    |VbeatFallDelay_new_1_reg_275    |  32|          2|   32|         64|
    |ap_NS_fsm                       |  30|         20|    5|        100|
    |recentABools_data_address0      |   5|          4|    5|         20|
    |recentVBools_data_address0      |   4|          4|    4|         16|
    |recentdatapoints_data_address0  |   5|          5|    5|         25|
    +--------------------------------+----+-----------+-----+-----------+
    |Total                           | 140|         39|  115|        353|
    +--------------------------------+----+-----------+-----+-----------+

    * Register: 
    +-------------------------------------+----+----+-----+-----------+
    |                 Name                | FF | LUT| Bits| Const Bits|
    +-------------------------------------+----+----+-----+-----------+
    |AbeatDelay                           |  32|   0|   32|          0|
    |AbeatDelay_new_reg_308               |  32|   0|   32|          0|
    |AstimDelay                           |  32|   0|   32|          0|
    |VbeatDelay                           |  32|   0|   32|          0|
    |VbeatDelay_new_1_reg_259             |  32|   0|   32|          0|
    |VbeatFallDelay                       |  32|   0|   32|          0|
    |VbeatFallDelay_new_1_reg_275         |  32|   0|   32|          0|
    |VstimDelay                           |  32|   0|   32|          0|
    |aflip                                |  32|   0|   32|          0|
    |ap_CS_fsm                            |   5|   0|    5|          0|
    |athresh                              |  32|   0|   32|          0|
    |datapointA_reg_1335                  |  16|   0|   16|          0|
    |datapointV_reg_1238                  |  16|   0|   16|          0|
    |icmp_reg_1397                        |   1|   0|    1|          0|
    |last_sample_is_A                     |   1|   0|    1|          0|
    |last_sample_is_V                     |   1|   0|    1|          0|
    |last_sample_is_V_loc_2_reg_290       |   1|   0|    1|          0|
    |not_tmp_i2_reg_1290                  |   1|   0|    1|          0|
    |not_tmp_i5_reg_1392                  |   1|   0|    1|          0|
    |p_tmp_i1_reg_1274                    |  32|   0|   32|          0|
    |p_tmp_i2_reg_1376                    |  32|   0|   32|          0|
    |p_tmp_i_reg_1221                     |  32|   0|   32|          0|
    |recentABools_data_addr_reg_1366      |   5|   0|    5|          0|
    |recentABools_data_load_reg_1371      |   1|   0|    1|          0|
    |recentABools_head_i                  |  32|   0|   32|          0|
    |recentABools_len                     |  32|   0|   32|          0|
    |recentABools_sum                     |  32|   0|   32|          0|
    |recentVBools_data_addr_reg_1264      |   4|   0|    4|          0|
    |recentVBools_data_load_reg_1269      |   1|   0|    1|          0|
    |recentVBools_head_i                  |  32|   0|   32|          0|
    |recentVBools_len                     |  32|   0|   32|          0|
    |recentVBools_sum                     |  32|   0|   32|          0|
    |recentdatapoints_data_addr_reg_1196  |   5|   0|    5|          0|
    |recentdatapoints_data_load_reg_1216  |  16|   0|   16|          0|
    |recentdatapoints_head_i              |  32|   0|   32|          0|
    |recentdatapoints_len                 |  32|   0|   32|          0|
    |recentdatapoints_sum                 |  32|   0|   32|          0|
    |tmp_11_reg_1355                      |   1|   0|    1|          0|
    |tmp_13_reg_1340                      |   1|   0|    1|          0|
    |tmp_14_reg_323                       |   1|   0|    1|          0|
    |tmp_20_reg_1411                      |   1|   0|    1|          0|
    |tmp_23_reg_1416                      |   1|   0|    1|          0|
    |tmp_36_i_reg_1233                    |  32|   0|   32|          0|
    |tmp_4_reg_1295                       |  32|   0|   32|          0|
    |tmp_7_reg_1201                       |  32|   0|   32|          0|
    |tmp_8_reg_1206                       |  32|   0|   32|          0|
    |tmp_i1_reg_1280                      |   1|   0|    1|          0|
    |tmp_i3_reg_1325                      |   1|   0|    1|          0|
    |tmp_i4_5_reg_1382                    |   1|   0|    1|          0|
    |tmp_s_reg_1253                       |   1|   0|    1|          0|
    |vflip                                |  32|   0|   32|          0|
    |vthresh                              |  32|   0|   32|          0|
    +-------------------------------------+----+----+-----+-----------+
    |Total                                | 980|   0|  980|          0|
    +-------------------------------------+----+----+-----+-----------+



================================================================
== Interface
================================================================
* Summary: 
+--------------+-----+-----+------------+----------------+--------------+
|   RTL Ports  | Dir | Bits|  Protocol  |  Source Object |    C Type    |
+--------------+-----+-----+------------+----------------+--------------+
|ap_clk        |  in |    1| ap_ctrl_hs | singleDecision | return value |
|ap_rst        |  in |    1| ap_ctrl_hs | singleDecision | return value |
|ap_start      |  in |    1| ap_ctrl_hs | singleDecision | return value |
|ap_done       | out |    1| ap_ctrl_hs | singleDecision | return value |
|ap_idle       | out |    1| ap_ctrl_hs | singleDecision | return value |
|ap_ready      | out |    1| ap_ctrl_hs | singleDecision | return value |
|A_stim_reset  |  in |   16|   ap_none  |  A_stim_reset  |    scalar    |
|V_stim_reset  |  in |   16|   ap_none  |  V_stim_reset  |    scalar    |
|set_thresh    |  in |   16|   ap_none  |   set_thresh   |    scalar    |
|v_thresh      |  in |   32|   ap_none  |    v_thresh    |    scalar    |
|a_thresh      |  in |   32|   ap_none  |    a_thresh    |    scalar    |
|a_flip        |  in |   32|   ap_none  |     a_flip     |    scalar    |
|v_flip        |  in |   32|   ap_none  |     v_flip     |    scalar    |
|datapoint     |  in |   16|   ap_none  |    datapoint   |    pointer   |
|out_r         | out |   16|   ap_vld   |      out_r     |    pointer   |
|out_r_ap_vld  | out |    1|   ap_vld   |      out_r     |    pointer   |
|stim          | out |   16|   ap_vld   |      stim      |    pointer   |
|stim_ap_vld   | out |    1|   ap_vld   |      stim      |    pointer   |
+--------------+-----+-----+------------+----------------+--------------+

