@I [HLS-0] Workspace /home/greg/everything/xilnx_design/cycle3/DecisionChannel/solution1 opened at Tue Feb 28 07:24:37 CST 2017
@I [HLS-100] Command "config_clock -quiet -name default -period 10 -default=false "
@I [SYN-201] Setting up clock 'default' with a period of 10ns.
@I [HLS-100] Command 'config_clock' returned 0; elapsed 0.000126Total elapsed time: 0.243 sec.
@I [HLS-100] Command "open_platform DefaultPlatform "
@I [HLS-100] Command 'open_platform' returned 0; elapsed 4.7e-05Total elapsed time: 0.244 sec.
@I [HLS-100] Command "import_lib /opt/Xilinx/Vivado_HLS/2016.2/common/technology/xilinx/zynq/zynq "
@I [HLS-100] Command "source /opt/Xilinx/Vivado_HLS/2016.2/common/technology/xilinx/common/xilinx.lib "
@I [HLS-100] Command "source /opt/Xilinx/Vivado_HLS/2016.2/common/technology/xilinx/interface/xilinx_interface.lib "
@I [HLS-100] Command "source /opt/Xilinx/Vivado_HLS/2016.2/common/technology/xilinx/interface/plb46.lib "
@I [HLS-100] Command 'ap_source' returned 0; elapsed 0.000197Total elapsed time: 0.245 sec.
@I [HLS-100] Command "source /opt/Xilinx/Vivado_HLS/2016.2/common/technology/xilinx/interface/fsl.lib "
@I [HLS-100] Command 'ap_source' returned 0; elapsed 9.1e-05Total elapsed time: 0.245 sec.
@I [HLS-100] Command "source /opt/Xilinx/Vivado_HLS/2016.2/common/technology/xilinx/interface/axi4.lib "
@I [HLS-100] Command 'ap_source' returned 0; elapsed 0.000133Total elapsed time: 0.245 sec.
@I [HLS-100] Command "source /opt/Xilinx/Vivado_HLS/2016.2/common/technology/xilinx/interface/maxi.lib "
@I [HLS-100] Command 'ap_source' returned 0; elapsed 0.000116Total elapsed time: 0.245 sec.
@I [HLS-100] Command "source /opt/Xilinx/Vivado_HLS/2016.2/common/technology/xilinx/interface/saxilite.lib "
@I [HLS-100] Command 'ap_source' returned 0; elapsed 7.5e-05Total elapsed time: 0.246 sec.
@I [HLS-100] Command 'ap_source' returned 0; elapsed 0.001143Total elapsed time: 0.246 sec.
@I [HLS-100] Command "source /opt/Xilinx/Vivado_HLS/2016.2/common/technology/xilinx/common/dsp48.lib "
@I [HLS-100] Command 'ap_source' returned 0; elapsed 8.8e-05Total elapsed time: 0.246 sec.
@I [HLS-100] Command "source /opt/Xilinx/Vivado_HLS/2016.2/common/technology/xilinx/ip/xfir.lib "
@I [HLS-100] Command 'ap_source' returned 0; elapsed 6e-05Total elapsed time: 0.246 sec.
@I [HLS-100] Command "source /opt/Xilinx/Vivado_HLS/2016.2/common/technology/xilinx/ip/xfft.lib "
@I [HLS-100] Command 'ap_source' returned 0; elapsed 4.6e-05Total elapsed time: 0.246 sec.
@I [HLS-100] Command "source /opt/Xilinx/Vivado_HLS/2016.2/common/technology/xilinx/ip/dds_compiler.lib "
@I [HLS-100] Command 'ap_source' returned 0; elapsed 4.5e-05Total elapsed time: 0.246 sec.
@I [HLS-100] Command 'ap_source' returned 0; elapsed 0.003423Total elapsed time: 0.248 sec.
@I [HLS-100] Command "source /opt/Xilinx/Vivado_HLS/2016.2/common/technology/xilinx/common/xilinx_old.lib "
@I [HLS-100] Command 'ap_source' returned 0; elapsed 0.000525Total elapsed time: 0.250 sec.
@I [HLS-100] Command "source /opt/Xilinx/Vivado_HLS/2016.2/common/technology/xilinx/common/xilinx_vivado.lib "
@I [HLS-100] Command 'ap_source' returned 0; elapsed 0.000505Total elapsed time: 0.250 sec.
@I [HLS-100] Command "source /opt/Xilinx/Vivado_HLS/2016.2/common/technology/xilinx/common/xilinx.hlp "
@I [HLS-100] Command "source /opt/Xilinx/Vivado_HLS/2016.2/common/technology/xilinx/common/target_info.tcl "
@I [HLS-100] Command 'ap_source' returned 0; elapsed 9.8e-05Total elapsed time: 0.252 sec.
@I [HLS-100] Command "source /opt/Xilinx/Vivado_HLS/2016.2/common/technology/xilinx/interface/xilinx_interface.hlp "
@I [HLS-100] Command "source /opt/Xilinx/Vivado_HLS/2016.2/common/technology/xilinx/interface/maxi.hlp "
@I [HLS-100] Command 'ap_source' returned 0; elapsed 7.8e-05Total elapsed time: 0.252 sec.
@I [HLS-100] Command "source /opt/Xilinx/Vivado_HLS/2016.2/common/technology/xilinx/interface/saxilite.hlp "
@I [HLS-100] Command 'ap_source' returned 0; elapsed 5.7e-05Total elapsed time: 0.253 sec.
@I [HLS-100] Command 'ap_source' returned 0; elapsed 0.000352Total elapsed time: 0.253 sec.
@I [HLS-100] Command "source /opt/Xilinx/Vivado_HLS/2016.2/common/technology/xilinx/common/dsp48.hlp "
@I [HLS-100] Command 'ap_source' returned 0; elapsed 0.000399Total elapsed time: 0.253 sec.
@I [HLS-100] Command 'ap_source' returned 0; elapsed 0.001917Total elapsed time: 0.254 sec.
@I [HLS-100] Command "source /opt/Xilinx/Vivado_HLS/2016.2/common/technology/xilinx/zynq/dsp48e1.hlp "
@I [HLS-100] Command 'ap_source' returned 0; elapsed 5.4e-05Total elapsed time: 0.254 sec.
@I [HLS-100] Command "get_default_platform "
@I [HLS-100] Command 'get_default_platform' returned 0; elapsed 6e-06Total elapsed time: 0.254 sec.
@I [HLS-100] Command "config_chip_info -quiet -resource  {SLICE 13300}  {LUT 53200}     {FF 106400} {DSP48E 220}   {BRAM 280}  "
@I [HLS-100] Command 'config_chip_info' returned 0; elapsed 1.7e-05Total elapsed time: 0.254 sec.
@I [HLS-100] Command "config_chip_info -quiet -speed medium "
@I [HLS-100] Command 'config_chip_info' returned 0; elapsed 4e-06Total elapsed time: 0.254 sec.
@I [HLS-100] Command 'import_lib' returned 0; elapsed 0.011198Total elapsed time: 0.256 sec.
@I [HLS-100] Command "source /opt/Xilinx/Vivado_HLS/2016.2/common/technology/xilinx/zynq/zynq.gen "
@I [HLS-100] Command "source /opt/Xilinx/Vivado_HLS/2016.2/common/technology/xilinx/common/virtex.gen "
@I [HLS-100] Command "source /opt/Xilinx/Vivado_HLS/2016.2/common/technology/xilinx/common/xilinx.gen "
@I [HLS-100] Command "source /opt/Xilinx/Vivado_HLS/2016.2/common/technology/xilinx/interface/plb46.gen "
@I [HLS-100] Command 'ap_source' returned 0; elapsed 0.00088Total elapsed time: 0.257 sec.
@I [HLS-100] Command "source /opt/Xilinx/Vivado_HLS/2016.2/common/technology/xilinx/interface/fsl.gen "
@I [HLS-100] Command 'ap_source' returned 0; elapsed 0.000324Total elapsed time: 0.257 sec.
@I [HLS-100] Command "source /opt/Xilinx/Vivado_HLS/2016.2/common/technology/xilinx/interface/axi4.gen "
@I [HLS-100] Command 'ap_source' returned 0; elapsed 0.001496Total elapsed time: 0.259 sec.
@I [HLS-100] Command "source /opt/Xilinx/Vivado_HLS/2016.2/common/technology/xilinx/interface/nativeAXI4.gen "
@I [HLS-100] Command "source /opt/Xilinx/Vivado_HLS/2016.2/common/technology/xilinx/interface/saxilite.gen "
@I [HLS-100] Command 'ap_source' returned 0; elapsed 0.002616Total elapsed time: 0.262 sec.
@I [HLS-100] Command "source /opt/Xilinx/Vivado_HLS/2016.2/common/technology/xilinx/interface/maxi.gen "
@I [HLS-100] Command 'ap_source' returned 0; elapsed 0.00535Total elapsed time: 0.268 sec.
@I [HLS-100] Command 'ap_source' returned 0; elapsed 0.008513Total elapsed time: 0.268 sec.
@I [HLS-100] Command "source /opt/Xilinx/Vivado_HLS/2016.2/common/technology/xilinx/scripts/xilinxcoregen.gen "
@I [HLS-100] Command 'ap_source' returned 0; elapsed 0.007281Total elapsed time: 0.275 sec.
@I [HLS-100] Command "source /opt/Xilinx/Vivado_HLS/2016.2/common/technology/xilinx/interface/XilEDKCoreGen.gen "
@I [HLS-100] Command 'ap_source' returned 0; elapsed 0.005916Total elapsed time: 0.282 sec.
@I [HLS-100] Command "source /opt/Xilinx/Vivado_HLS/2016.2/common/technology/xilinx/ip/xfft.gen "
@I [HLS-100] Command 'ap_source' returned 0; elapsed 0.079548Total elapsed time: 0.362 sec.
@I [HLS-100] Command "source /opt/Xilinx/Vivado_HLS/2016.2/common/technology/xilinx/ip/util.gen "
@I [HLS-100] Command 'ap_source' returned 0; elapsed 0.000129Total elapsed time: 0.362 sec.
@I [HLS-100] Command "source /opt/Xilinx/Vivado_HLS/2016.2/common/technology/xilinx/ip/xfir.gen "
@I [HLS-100] Command 'ap_source' returned 0; elapsed 0.000474Total elapsed time: 0.363 sec.
@I [HLS-100] Command "source /opt/Xilinx/Vivado_HLS/2016.2/common/technology/xilinx/ip/dds_compiler.gen "
@I [HLS-100] Command 'ap_source' returned 0; elapsed 0.002342Total elapsed time: 0.365 sec.
@I [HLS-100] Command 'ap_source' returned 0; elapsed 0.108772Total elapsed time: 0.365 sec.
@I [HLS-100] Command "source /opt/Xilinx/Vivado_HLS/2016.2/common/technology/xilinx/common/dsp48.gen "
@I [HLS-100] Command 'ap_source' returned 0; elapsed 0.000108Total elapsed time: 0.367 sec.
@I [HLS-100] Command 'ap_source' returned 0; elapsed 0.110614Total elapsed time: 0.367 sec.
@I [HLS-100] Command 'ap_source' returned 0; elapsed 0.110781Total elapsed time: 0.367 sec.
@I [HLS-100] Command "open_platform DefaultPlatform "
@I [HLS-100] Command 'open_platform' returned 0; elapsed 6e-06Total elapsed time: 0.367 sec.
@I [HLS-100] Command "import_lib /opt/Xilinx/Vivado_HLS/2016.2/common/technology/xilinx/zynq/zynq_fpv6 "
@I [HLS-100] Command "source /opt/Xilinx/Vivado_HLS/2016.2/common/technology/xilinx/common/xilinx_fpv7.lib "
@I [HLS-100] Command "source /opt/Xilinx/Vivado_HLS/2016.2/common/technology/xilinx/common/xilinx_hp.lib "
@I [HLS-100] Command 'ap_source' returned 0; elapsed 0.000474Total elapsed time: 0.368 sec.
@I [HLS-100] Command 'ap_source' returned 0; elapsed 0.00257Total elapsed time: 0.370 sec.
@I [HLS-100] Command "source /opt/Xilinx/Vivado_HLS/2016.2/common/technology/xilinx/common/xilinx_fpv.hlp "
@I [HLS-100] Command "source /opt/Xilinx/Vivado_HLS/2016.2/common/technology/xilinx/common/xilinx.hlp "
@I [HLS-100] Command "source /opt/Xilinx/Vivado_HLS/2016.2/common/technology/xilinx/common/target_info.tcl "
@I [HLS-100] Command 'ap_source' returned 0; elapsed 0.000124Total elapsed time: 0.374 sec.
@I [HLS-100] Command "source /opt/Xilinx/Vivado_HLS/2016.2/common/technology/xilinx/interface/xilinx_interface.hlp "
@I [HLS-100] Command "source /opt/Xilinx/Vivado_HLS/2016.2/common/technology/xilinx/interface/maxi.hlp "
@I [HLS-100] Command 'ap_source' returned 0; elapsed 8.3e-05Total elapsed time: 0.375 sec.
@I [HLS-100] Command "source /opt/Xilinx/Vivado_HLS/2016.2/common/technology/xilinx/interface/saxilite.hlp "
@I [HLS-100] Command 'ap_source' returned 0; elapsed 6.2e-05Total elapsed time: 0.375 sec.
@I [HLS-100] Command 'ap_source' returned 0; elapsed 0.000332Total elapsed time: 0.375 sec.
@I [HLS-100] Command "source /opt/Xilinx/Vivado_HLS/2016.2/common/technology/xilinx/common/dsp48.hlp "
@I [HLS-100] Command 'ap_source' returned 0; elapsed 0.0004Total elapsed time: 0.375 sec.
@I [HLS-100] Command 'ap_source' returned 0; elapsed 0.0018Total elapsed time: 0.376 sec.
@I [HLS-100] Command 'ap_source' returned 0; elapsed 0.002241Total elapsed time: 0.376 sec.
@I [HLS-100] Command "source /opt/Xilinx/Vivado_HLS/2016.2/common/technology/xilinx/zynq/zynq_hp.hlp "
@I [HLS-100] Command 'ap_source' returned 0; elapsed 0.000571Total elapsed time: 0.377 sec.
@I [HLS-100] Command 'import_lib' returned 0; elapsed 0.012824Total elapsed time: 0.380 sec.
@I [HLS-100] Command "source /opt/Xilinx/Vivado_HLS/2016.2/common/technology/xilinx/zynq/zynq_fpv6.gen "
@I [HLS-100] Command "source /opt/Xilinx/Vivado_HLS/2016.2/common/technology/xilinx/common/xilinx_fpv6.gen "
@I [HLS-100] Command 'ap_source' returned 0; elapsed 0.001158Total elapsed time: 0.382 sec.
@I [HLS-100] Command 'ap_source' returned 0; elapsed 0.001368Total elapsed time: 0.382 sec.
@I [HLS-100] Command "set_part xc7z020clg484-1 "
@I [HLS-100] Command "add_library xilinx/zynq/zynq:xc7z020:clg484:-1 "
@I [HLS-100] Command "get_default_platform "
@I [HLS-100] Command 'get_default_platform' returned 0; elapsed 5e-06Total elapsed time: 0.385 sec.
@I [HLS-100] Command "license_isbetapart xc7z020 "
@I [HLS-100] Command 'license_isbetapart' returned 1; elapsed 0.005018Total elapsed time: 0.391 sec.
@I [HLS-100] Command "get_default_platform "
@I [HLS-100] Command 'get_default_platform' returned 0; elapsed 6e-06Total elapsed time: 0.391 sec.
@I [HLS-100] Command "config_chip_info -quiet -resource  {SLICE 13300}  {LUT 53200}     {FF 106400} {DSP48E 220}   {BRAM 280}  "
@I [HLS-100] Command 'config_chip_info' returned 0; elapsed 1.4e-05Total elapsed time: 0.391 sec.
@I [HLS-100] Command "config_chip_info -quiet -speed slow "
@I [HLS-100] Command 'config_chip_info' returned 0; elapsed 4e-06Total elapsed time: 0.392 sec.
@I [HLS-100] Command 'add_library' returned 0; elapsed 0.007758Total elapsed time: 0.393 sec.
@I [HLS-100] Command "add_library xilinx/zynq/zynq_fpv6 "
@I [HLS-100] Command "get_default_platform "
@I [HLS-100] Command 'get_default_platform' returned 0; elapsed 6e-06Total elapsed time: 0.394 sec.
@I [HLS-100] Command 'add_library' returned 0; elapsed 0.001467Total elapsed time: 0.395 sec.
@I [HLS-10] Setting target device to 'xc7z020clg484-1'
@I [HLS-100] Command 'set_part' returned 0; elapsed 0.012287Total elapsed time: 0.395 sec.
@I [HLS-100] Command "get_default_platform "
@I [HLS-100] Command 'get_default_platform' returned 0; elapsed 5e-06Total elapsed time: 0.395 sec.
@I [HLS-100] Command "config_chip_info -quiet -resource  {SLICE 13300}  {LUT 53200}     {FF 106400} {DSP48E 220}   {BRAM 280}  "
@I [HLS-100] Command 'config_chip_info' returned 0; elapsed 1.5e-05Total elapsed time: 0.395 sec.
@I [HLS-100] Command "config_chip_info -quiet -speed slow "
@I [HLS-100] Command 'config_chip_info' returned 0; elapsed 5e-06Total elapsed time: 0.396 sec.
@I [HLS-100] Command 'open_solution' returned 0; elapsed 0.155935Total elapsed time: 0.396 sec.
@I [HLS-100] Command "export_design -format ip_catalog -description Single channel detection and decision AXI-lite module -vendor PaceAce -library PaceAce -version 1.0 -display_name channel "
@I [HLS-100] Command "source /home/greg/everything/xilnx_design/cycle3/DecisionChannel/solution1/.autopilot/db/global.setting.tcl "
@I [HLS-100] Command 'ap_source' returned 0; elapsed 0.000139Total elapsed time: 0.400 sec.
@I [HLS-100] Command "source /opt/Xilinx/Vivado_HLS/2016.2/common/technology/generic/autopilot/common.gen "
@I [HLS-100] Command "source /opt/Xilinx/Vivado_HLS/2016.2/common/technology/generic/autopilot/APCoreGen.gen "
@I [HLS-100] Command 'ap_source' returned 0; elapsed 0.000364Total elapsed time: 0.403 sec.
@I [HLS-100] Command 'ap_source' returned 0; elapsed 0.00081Total elapsed time: 0.403 sec.
@I [HLS-100] Command "source /opt/Xilinx/Vivado_HLS/2016.2/common/technology/generic/autopilot/op.gen "
@I [HLS-100] Command 'ap_source' returned 0; elapsed 0.000203Total elapsed time: 0.404 sec.
@I [HLS-100] Command "source /opt/Xilinx/Vivado_HLS/2016.2/common/technology/generic/autopilot/op_simcore.gen "
@I [HLS-100] Command 'ap_source' returned 0; elapsed 0.000601Total elapsed time: 0.404 sec.
@I [HLS-100] Command "source /opt/Xilinx/Vivado_HLS/2016.2/common/technology/generic/autopilot/interface.gen "
@I [HLS-100] Command 'ap_source' returned 0; elapsed 4.6e-05Total elapsed time: 0.404 sec.
@I [HLS-100] Command "source /home/greg/everything/xilnx_design/cycle3/DecisionChannel/solution1/.autopilot/db/global.setting.tcl "
@I [HLS-100] Command 'ap_source' returned 0; elapsed 0.000102Total elapsed time: 0.405 sec.
@I [HLS-100] Command "source /opt/Xilinx/Vivado_HLS/2016.2/common/technology/xilinx/zynq/zynq.gen "
@I [HLS-100] Command "source /opt/Xilinx/Vivado_HLS/2016.2/common/technology/xilinx/common/virtex.gen "
@I [HLS-100] Command "source /opt/Xilinx/Vivado_HLS/2016.2/common/technology/xilinx/common/xilinx.gen "
@I [HLS-100] Command "source /opt/Xilinx/Vivado_HLS/2016.2/common/technology/xilinx/interface/plb46.gen "
@I [HLS-100] Command 'ap_source' returned 0; elapsed 0.000799Total elapsed time: 0.406 sec.
@I [HLS-100] Command "source /opt/Xilinx/Vivado_HLS/2016.2/common/technology/xilinx/interface/fsl.gen "
@I [HLS-100] Command 'ap_source' returned 0; elapsed 0.0003Total elapsed time: 0.406 sec.
@I [HLS-100] Command "source /opt/Xilinx/Vivado_HLS/2016.2/common/technology/xilinx/interface/axi4.gen "
@I [HLS-100] Command 'ap_source' returned 0; elapsed 0.001413Total elapsed time: 0.408 sec.
@I [HLS-100] Command "source /opt/Xilinx/Vivado_HLS/2016.2/common/technology/xilinx/interface/nativeAXI4.gen "
@I [HLS-100] Command "source /opt/Xilinx/Vivado_HLS/2016.2/common/technology/xilinx/interface/saxilite.gen "
@I [HLS-100] Command 'ap_source' returned 0; elapsed 0.002701Total elapsed time: 0.411 sec.
@I [HLS-100] Command "source /opt/Xilinx/Vivado_HLS/2016.2/common/technology/xilinx/interface/maxi.gen "
@I [HLS-100] Command 'ap_source' returned 0; elapsed 0.005345Total elapsed time: 0.416 sec.
@I [HLS-100] Command 'ap_source' returned 0; elapsed 0.008534Total elapsed time: 0.416 sec.
@I [HLS-100] Command "source /opt/Xilinx/Vivado_HLS/2016.2/common/technology/xilinx/scripts/xilinxcoregen.gen "
@I [HLS-100] Command 'ap_source' returned 0; elapsed 0.01381Total elapsed time: 0.431 sec.
@I [HLS-100] Command "source /opt/Xilinx/Vivado_HLS/2016.2/common/technology/xilinx/interface/XilEDKCoreGen.gen "
@I [HLS-100] Command 'ap_source' returned 0; elapsed 0.010908Total elapsed time: 0.442 sec.
@I [HLS-100] Command "source /opt/Xilinx/Vivado_HLS/2016.2/common/technology/xilinx/ip/xfft.gen "
@I [HLS-100] Command 'ap_source' returned 0; elapsed 0.085999Total elapsed time: 0.529 sec.
@I [HLS-100] Command "source /opt/Xilinx/Vivado_HLS/2016.2/common/technology/xilinx/ip/util.gen "
@I [HLS-100] Command 'ap_source' returned 0; elapsed 0.000133Total elapsed time: 0.530 sec.
@I [HLS-100] Command "source /opt/Xilinx/Vivado_HLS/2016.2/common/technology/xilinx/ip/xfir.gen "
@I [HLS-100] Command 'ap_source' returned 0; elapsed 0.000496Total elapsed time: 0.530 sec.
@I [HLS-100] Command "source /opt/Xilinx/Vivado_HLS/2016.2/common/technology/xilinx/ip/dds_compiler.gen "
@I [HLS-100] Command 'ap_source' returned 0; elapsed 0.002413Total elapsed time: 0.533 sec.
@I [HLS-100] Command 'ap_source' returned 0; elapsed 0.127495Total elapsed time: 0.533 sec.
@I [HLS-100] Command "source /opt/Xilinx/Vivado_HLS/2016.2/common/technology/xilinx/common/dsp48.gen "
@I [HLS-100] Command 'ap_source' returned 0; elapsed 0.000105Total elapsed time: 0.534 sec.
@I [HLS-100] Command 'ap_source' returned 0; elapsed 0.129199Total elapsed time: 0.534 sec.
@I [HLS-100] Command 'ap_source' returned 0; elapsed 0.129328Total elapsed time: 0.534 sec.
@I [HLS-100] Command "source /opt/Xilinx/Vivado_HLS/2016.2/common/technology/xilinx/zynq/zynq_fpv6.gen "
@I [HLS-100] Command "source /opt/Xilinx/Vivado_HLS/2016.2/common/technology/xilinx/common/xilinx_fpv6.gen "
@I [HLS-100] Command 'ap_source' returned 0; elapsed 0.001137Total elapsed time: 0.536 sec.
@I [HLS-100] Command 'ap_source' returned 0; elapsed 0.001275Total elapsed time: 0.536 sec.
@I [HLS-100] Command "source /home/greg/everything/xilnx_design/cycle3/DecisionChannel/solution1/.autopilot/db/global.setting.tcl "
@I [HLS-100] Command 'ap_source' returned 0; elapsed 0.00013Total elapsed time: 0.536 sec.
@I [IMPL-8] Exporting RTL as an IP in IP-XACT.
@I [HLS-100] Command "source /home/greg/everything/xilnx_design/cycle3/DecisionChannel/solution1/.autopilot/db/global.setting.tcl "
@I [HLS-100] Command 'ap_source' returned 0; elapsed 0.000102Total elapsed time: 0.537 sec.
@I [HLS-100] Command "source /home/greg/everything/xilnx_design/cycle3/DecisionChannel/solution1/.autopilot/db/global.setting.tcl "
@I [HLS-100] Command 'ap_source' returned 0; elapsed 0.000114Total elapsed time: 0.541 sec.
@I [HLS-100] Command "source /opt/Xilinx/Vivado_HLS/2016.2/common/technology/generic/autopilot/common.gen "
@I [HLS-100] Command "source /opt/Xilinx/Vivado_HLS/2016.2/common/technology/generic/autopilot/APCoreGen.gen "
@I [HLS-100] Command 'ap_source' returned 0; elapsed 0.000365Total elapsed time: 0.541 sec.
@I [HLS-100] Command 'ap_source' returned 0; elapsed 0.00084Total elapsed time: 0.542 sec.
@I [HLS-100] Command "source /opt/Xilinx/Vivado_HLS/2016.2/common/technology/generic/autopilot/op.gen "
@I [HLS-100] Command 'ap_source' returned 0; elapsed 0.000203Total elapsed time: 0.542 sec.
@I [HLS-100] Command "source /opt/Xilinx/Vivado_HLS/2016.2/common/technology/generic/autopilot/op_simcore.gen "
@I [HLS-100] Command 'ap_source' returned 0; elapsed 0.000642Total elapsed time: 0.543 sec.
@I [HLS-100] Command "source /opt/Xilinx/Vivado_HLS/2016.2/common/technology/generic/autopilot/interface.gen "
@I [HLS-100] Command 'ap_source' returned 0; elapsed 7.1e-05Total elapsed time: 0.543 sec.
@I [HLS-100] Command "source /home/greg/everything/xilnx_design/cycle3/DecisionChannel/solution1/.autopilot/db/global.setting.tcl "
@I [HLS-100] Command 'ap_source' returned 0; elapsed 0.00015Total elapsed time: 0.543 sec.
@I [HLS-100] Command "source /opt/Xilinx/Vivado_HLS/2016.2/common/technology/xilinx/zynq/zynq.gen "
@I [HLS-100] Command "source /opt/Xilinx/Vivado_HLS/2016.2/common/technology/xilinx/common/virtex.gen "
@I [HLS-100] Command "source /opt/Xilinx/Vivado_HLS/2016.2/common/technology/xilinx/common/xilinx.gen "
@I [HLS-100] Command "source /opt/Xilinx/Vivado_HLS/2016.2/common/technology/xilinx/interface/plb46.gen "
@I [HLS-100] Command 'ap_source' returned 0; elapsed 0.000884Total elapsed time: 0.545 sec.
@I [HLS-100] Command "source /opt/Xilinx/Vivado_HLS/2016.2/common/technology/xilinx/interface/fsl.gen "
@I [HLS-100] Command 'ap_source' returned 0; elapsed 0.000321Total elapsed time: 0.545 sec.
@I [HLS-100] Command "source /opt/Xilinx/Vivado_HLS/2016.2/common/technology/xilinx/interface/axi4.gen "
@I [HLS-100] Command 'ap_source' returned 0; elapsed 0.001384Total elapsed time: 0.547 sec.
@I [HLS-100] Command "source /opt/Xilinx/Vivado_HLS/2016.2/common/technology/xilinx/interface/nativeAXI4.gen "
@I [HLS-100] Command "source /opt/Xilinx/Vivado_HLS/2016.2/common/technology/xilinx/interface/saxilite.gen "
@I [HLS-100] Command 'ap_source' returned 0; elapsed 0.002279Total elapsed time: 0.549 sec.
@I [HLS-100] Command "source /opt/Xilinx/Vivado_HLS/2016.2/common/technology/xilinx/interface/maxi.gen "
@I [HLS-100] Command 'ap_source' returned 0; elapsed 0.004962Total elapsed time: 0.554 sec.
@I [HLS-100] Command 'ap_source' returned 0; elapsed 0.007537Total elapsed time: 0.554 sec.
@I [HLS-100] Command "source /opt/Xilinx/Vivado_HLS/2016.2/common/technology/xilinx/scripts/xilinxcoregen.gen "
@I [HLS-100] Command 'ap_source' returned 0; elapsed 0.00653Total elapsed time: 0.561 sec.
@I [HLS-100] Command "source /opt/Xilinx/Vivado_HLS/2016.2/common/technology/xilinx/interface/XilEDKCoreGen.gen "
@I [HLS-100] Command 'ap_source' returned 0; elapsed 0.005574Total elapsed time: 0.567 sec.
@I [HLS-100] Command "source /opt/Xilinx/Vivado_HLS/2016.2/common/technology/xilinx/ip/xfft.gen "
@I [HLS-100] Command 'ap_source' returned 0; elapsed 0.071557Total elapsed time: 0.639 sec.
@I [HLS-100] Command "source /opt/Xilinx/Vivado_HLS/2016.2/common/technology/xilinx/ip/util.gen "
@I [HLS-100] Command 'ap_source' returned 0; elapsed 0.000127Total elapsed time: 0.639 sec.
@I [HLS-100] Command "source /opt/Xilinx/Vivado_HLS/2016.2/common/technology/xilinx/ip/xfir.gen "
@I [HLS-100] Command 'ap_source' returned 0; elapsed 0.000469Total elapsed time: 0.640 sec.
@I [HLS-100] Command "source /opt/Xilinx/Vivado_HLS/2016.2/common/technology/xilinx/ip/dds_compiler.gen "
@I [HLS-100] Command 'ap_source' returned 0; elapsed 0.002289Total elapsed time: 0.642 sec.
@I [HLS-100] Command 'ap_source' returned 0; elapsed 0.098144Total elapsed time: 0.642 sec.
@I [HLS-100] Command "source /opt/Xilinx/Vivado_HLS/2016.2/common/technology/xilinx/common/dsp48.gen "
@I [HLS-100] Command 'ap_source' returned 0; elapsed 8.2e-05Total elapsed time: 0.643 sec.
@I [HLS-100] Command 'ap_source' returned 0; elapsed 0.099742Total elapsed time: 0.643 sec.
@I [HLS-100] Command 'ap_source' returned 0; elapsed 0.099882Total elapsed time: 0.643 sec.
@I [HLS-100] Command "source /opt/Xilinx/Vivado_HLS/2016.2/common/technology/xilinx/zynq/zynq_fpv6.gen "
@I [HLS-100] Command "source /opt/Xilinx/Vivado_HLS/2016.2/common/technology/xilinx/common/xilinx_fpv6.gen "
@I [HLS-100] Command 'ap_source' returned 0; elapsed 0.00103Total elapsed time: 0.645 sec.
@I [HLS-100] Command 'ap_source' returned 0; elapsed 0.001159Total elapsed time: 0.645 sec.
@I [HLS-100] Command "source /home/greg/everything/xilnx_design/cycle3/DecisionChannel/solution1/.autopilot/db/global.setting.tcl "
@I [HLS-100] Command 'ap_source' returned 0; elapsed 0.000103Total elapsed time: 0.645 sec.
@I [HLS-100] Command "source /home/greg/everything/xilnx_design/cycle3/DecisionChannel/solution1/.autopilot/db/global.setting.tcl "
@I [HLS-100] Command 'ap_source' returned 0; elapsed 9.2e-05Total elapsed time: 0.646 sec.
@I [HLS-100] Command "source /home/greg/everything/xilnx_design/cycle3/DecisionChannel/solution1/.autopilot/db/Decision.compgen.tcl "
@I [HLS-100] Command 'ap_source' returned 0; elapsed 0.000172Total elapsed time: 0.646 sec.
@I [HLS-100] Command "source /home/greg/everything/xilnx_design/cycle3/DecisionChannel/solution1/.autopilot/db/global.setting.tcl "
@I [HLS-100] Command 'ap_source' returned 0; elapsed 9.4e-05Total elapsed time: 0.648 sec.
@I [HLS-100] Command "source /home/greg/everything/xilnx_design/cycle3/DecisionChannel/solution1/.autopilot/db/global.setting.tcl "
@I [HLS-100] Command 'ap_source' returned 0; elapsed 8.9e-05Total elapsed time: 0.648 sec.
@I [HLS-100] Command "source /home/greg/everything/xilnx_design/cycle3/DecisionChannel/solution1/.autopilot/db/Decision.compgen.tcl "
@I [HLS-100] Command "source /home/greg/everything/xilnx_design/cycle3/DecisionChannel/solution1/.autopilot/db/Decision.rtl_wrap.cfg.tcl "
@I [HLS-100] Command 'ap_source' returned 0; elapsed 0.00027Total elapsed time: 0.649 sec.
@I [HLS-100] Command "source /home/greg/everything/xilnx_design/cycle3/DecisionChannel/solution1/.autopilot/db/Decision.rtl_wrap.cfg.tcl "
@I [HLS-100] Command 'ap_source' returned 0; elapsed 0.000256Total elapsed time: 0.650 sec.
@I [HLS-100] Command "source /home/greg/everything/xilnx_design/cycle3/DecisionChannel/solution1/.autopilot/db/Decision.rtl_wrap.cfg.tcl "
@I [HLS-100] Command 'ap_source' returned 0; elapsed 0.000273Total elapsed time: 0.650 sec.
@I [HLS-100] Command "source /home/greg/everything/xilnx_design/cycle3/DecisionChannel/solution1/.autopilot/db/Decision.tbgen.tcl "
@I [HLS-100] Command 'ap_source' returned 0; elapsed 0.000141Total elapsed time: 0.651 sec.
@I [HLS-100] Command "source /home/greg/everything/xilnx_design/cycle3/DecisionChannel/solution1/.autopilot/db/Decision.tbgen.tcl "
@I [HLS-100] Command 'ap_source' returned 0; elapsed 0.000135Total elapsed time: 0.651 sec.
@I [HLS-100] Command 'ap_source' returned 0; elapsed 0.036862Total elapsed time: 0.686 sec.
@I [HLS-100] Command "source /home/greg/everything/xilnx_design/cycle3/DecisionChannel/solution1/.autopilot/db/global.setting.tcl "
@I [HLS-100] Command 'ap_source' returned 0; elapsed 0.000108Total elapsed time: 0.689 sec.
@I [HLS-100] Command "source /home/greg/everything/xilnx_design/cycle3/DecisionChannel/solution1/.autopilot/db/global.setting.tcl "
@I [HLS-100] Command 'ap_source' returned 0; elapsed 9e-05Total elapsed time: 0.690 sec.
@I [HLS-100] Command "source /home/greg/everything/xilnx_design/cycle3/DecisionChannel/solution1/.autopilot/db/Decision.compgen.tcl "
@I [HLS-100] Command 'ap_source' returned 0; elapsed 0.000181Total elapsed time: 0.690 sec.
@I [HLS-100] Command "source /home/greg/everything/xilnx_design/cycle3/DecisionChannel/solution1/.autopilot/db/global.setting.tcl "
@I [HLS-100] Command 'ap_source' returned 0; elapsed 0.00011Total elapsed time: 0.718 sec.
@I [HLS-100] Command "source /home/greg/everything/xilnx_design/cycle3/DecisionChannel/solution1/.autopilot/db/Decision.constraint.tcl "
@I [HLS-100] Command 'ap_source' returned 0; elapsed 4.6e-05Total elapsed time: 0.719 sec.
@I [HLS-100] Command "source /home/greg/everything/xilnx_design/cycle3/DecisionChannel/solution1/.autopilot/db/Decision.rtl_wrap.cfg.tcl "
@I [HLS-100] Command 'ap_source' returned 0; elapsed 0.000285Total elapsed time: 0.724 sec.
@I [HLS-100] Command "source /home/greg/everything/xilnx_design/cycle3/DecisionChannel/solution1/.autopilot/db/Decision.rtl_wrap.cfg.tcl "
@I [HLS-100] Command 'ap_source' returned 0; elapsed 0.000282Total elapsed time: 0.725 sec.
@I [HLS-100] Command "source /home/greg/everything/xilnx_design/cycle3/DecisionChannel/solution1/.autopilot/db/Decision.rtl_wrap.cfg.tcl "
@I [HLS-100] Command 'ap_source' returned 0; elapsed 0.000272Total elapsed time: 0.725 sec.
@I [HLS-100] Command "source /home/greg/everything/xilnx_design/cycle3/DecisionChannel/solution1/.autopilot/db/Decision.tbgen.tcl "
@I [HLS-100] Command 'ap_source' returned 0; elapsed 0.000151Total elapsed time: 0.726 sec.
@I [HLS-100] Command "source /home/greg/everything/xilnx_design/cycle3/DecisionChannel/solution1/.autopilot/db/Decision.tbgen.tcl "
@I [HLS-100] Command 'ap_source' returned 0; elapsed 0.00015Total elapsed time: 0.726 sec.
@I [HLS-100] Command "source /home/greg/everything/xilnx_design/cycle3/DecisionChannel/solution1/.autopilot/db/global.setting.tcl "
@I [HLS-100] Command 'ap_source' returned 0; elapsed 0.000124Total elapsed time: 0.761 sec.
@I [HLS-100] Command "source /home/greg/everything/xilnx_design/cycle3/DecisionChannel/solution1/.autopilot/db/global.setting.tcl "
@I [HLS-100] Command 'ap_source' returned 0; elapsed 0.000119Total elapsed time: 0.774 sec.
@I [HLS-100] Command "source /home/greg/everything/xilnx_design/cycle3/DecisionChannel/solution1/.autopilot/db/global.setting.tcl "
@I [HLS-100] Command 'ap_source' returned 0; elapsed 9.8e-05Total elapsed time: 0.775 sec.
@I [HLS-100] Command "source /home/greg/everything/xilnx_design/cycle3/DecisionChannel/solution1/.autopilot/db/Decision.rtl_wrap.cfg.tcl "
@I [HLS-100] Command 'ap_source' returned 0; elapsed 0.000302Total elapsed time: 0.777 sec.
@I [HLS-100] Command "source /home/greg/everything/xilnx_design/cycle3/DecisionChannel/solution1/.autopilot/db/Decision.rtl_wrap.cfg.tcl "
@I [HLS-100] Command 'ap_source' returned 0; elapsed 0.000297Total elapsed time: 0.777 sec.
@I [HLS-100] Command "source /home/greg/everything/xilnx_design/cycle3/DecisionChannel/solution1/.autopilot/db/Decision.tbgen.tcl "
@I [HLS-100] Command 'ap_source' returned 0; elapsed 0.000155Total elapsed time: 0.777 sec.
@I [HLS-100] Command "source /home/greg/everything/xilnx_design/cycle3/DecisionChannel/solution1/.autopilot/db/Decision.tbgen.tcl "
@I [HLS-100] Command 'ap_source' returned 0; elapsed 0.000147Total elapsed time: 0.778 sec.
@I [HLS-100] Command "source /home/greg/everything/xilnx_design/cycle3/DecisionChannel/solution1/.autopilot/db/Decision.rtl_wrap.cfg.tcl "
@I [HLS-100] Command 'ap_source' returned 0; elapsed 0.000278Total elapsed time: 0.809 sec.
@I [HLS-100] Command "source /home/greg/everything/xilnx_design/cycle3/DecisionChannel/solution1/.autopilot/db/Decision.rtl_wrap.cfg.tcl "
@I [HLS-100] Command 'ap_source' returned 0; elapsed 0.000278Total elapsed time: 0.810 sec.
@I [HLS-100] Command "source /home/greg/everything/xilnx_design/cycle3/DecisionChannel/solution1/.autopilot/db/Decision.tbgen.tcl "
@I [HLS-100] Command 'ap_source' returned 0; elapsed 0.000148Total elapsed time: 0.810 sec.
@I [HLS-100] Command "source /home/greg/everything/xilnx_design/cycle3/DecisionChannel/solution1/.autopilot/db/Decision.tbgen.tcl "
@I [HLS-100] Command 'ap_source' returned 0; elapsed 0.000141Total elapsed time: 0.810 sec.
@I [HLS-100] Command "source /home/greg/everything/xilnx_design/cycle3/DecisionChannel/solution1/.autopilot/db/global.setting.tcl "
@I [HLS-100] Command 'ap_source' returned 0; elapsed 0.000128Total elapsed time: 0.840 sec.
@I [HLS-100] Command "source /home/greg/everything/xilnx_design/cycle3/DecisionChannel/solution1/.autopilot/db/Decision.rtl_wrap.cfg.tcl "
@I [HLS-100] Command 'ap_source' returned 0; elapsed 0.000279Total elapsed time: 0.841 sec.
@I [HLS-100] Command "source /home/greg/everything/xilnx_design/cycle3/DecisionChannel/solution1/.autopilot/db/Decision.rtl_wrap.cfg.tcl "
@I [HLS-100] Command 'ap_source' returned 0; elapsed 0.000281Total elapsed time: 0.841 sec.
@I [HLS-100] Command "source /home/greg/everything/xilnx_design/cycle3/DecisionChannel/solution1/.autopilot/db/Decision.tbgen.tcl "
@I [HLS-100] Command 'ap_source' returned 0; elapsed 0.000155Total elapsed time: 0.841 sec.
@I [HLS-100] Command "source /home/greg/everything/xilnx_design/cycle3/DecisionChannel/solution1/.autopilot/db/Decision.tbgen.tcl "
@I [HLS-100] Command 'ap_source' returned 0; elapsed 0.000137Total elapsed time: 0.842 sec.
@I [HLS-100] Command "source /home/greg/everything/xilnx_design/cycle3/DecisionChannel/solution1/.autopilot/db/global.setting.tcl "
@I [HLS-100] Command 'ap_source' returned 0; elapsed 0.000139Total elapsed time: 0.872 sec.
@I [HLS-100] Command "source /home/greg/everything/xilnx_design/cycle3/DecisionChannel/solution1/.autopilot/db/global.setting.tcl "
@I [HLS-100] Command 'ap_source' returned 0; elapsed 9.8e-05Total elapsed time: 0.873 sec.
@I [HLS-100] Command "source /home/greg/everything/xilnx_design/cycle3/DecisionChannel/solution1/.autopilot/db/Decision.constraint.tcl "
@I [HLS-100] Command 'ap_source' returned 0; elapsed 4.1e-05Total elapsed time: 0.874 sec.
@I [HLS-100] Command "source /home/greg/everything/xilnx_design/cycle3/DecisionChannel/solution1/.autopilot/db/global.setting.tcl "
@I [HLS-100] Command 'ap_source' returned 0; elapsed 0.000112Total elapsed time: 0.890 sec.
@I [HLS-100] Command "source /home/greg/everything/xilnx_design/cycle3/DecisionChannel/solution1/.autopilot/db/global.setting.tcl "
@I [HLS-100] Command 'ap_source' returned 0; elapsed 0.000121Total elapsed time: 0.903 sec.
@I [HLS-100] Command "source /home/greg/everything/xilnx_design/cycle3/DecisionChannel/solution1/.autopilot/db/Decision.constraint.tcl "
@I [HLS-100] Command 'ap_source' returned 0; elapsed 3.9e-05Total elapsed time: 0.903 sec.
@I [HLS-100] Command "source /home/greg/everything/xilnx_design/cycle3/DecisionChannel/solution1/.autopilot/db/Decision.constraint.tcl "
@I [HLS-100] Command 'ap_source' returned 0; elapsed 3.7e-05Total elapsed time: 0.904 sec.
@I [HLS-100] Command "source /opt/Xilinx/Vivado_HLS/2016.2/common/technology/generic/autopilot/common.gen "
@I [HLS-100] Command "source /opt/Xilinx/Vivado_HLS/2016.2/common/technology/generic/autopilot/APCoreGen.gen "
@I [HLS-100] Command 'ap_source' returned 0; elapsed 0.000367Total elapsed time: 0.916 sec.
@I [HLS-100] Command 'ap_source' returned 0; elapsed 0.000959Total elapsed time: 0.916 sec.
@I [HLS-100] Command "source /opt/Xilinx/Vivado_HLS/2016.2/common/technology/generic/autopilot/op.gen "
@I [HLS-100] Command 'ap_source' returned 0; elapsed 0.000198Total elapsed time: 0.916 sec.
@I [HLS-100] Command "source /opt/Xilinx/Vivado_HLS/2016.2/common/technology/generic/autopilot/op_simcore.gen "
@I [HLS-100] Command 'ap_source' returned 0; elapsed 0.000594Total elapsed time: 0.917 sec.
@I [HLS-100] Command "source /opt/Xilinx/Vivado_HLS/2016.2/common/technology/generic/autopilot/interface.gen "
@I [HLS-100] Command 'ap_source' returned 0; elapsed 5.5e-05Total elapsed time: 0.917 sec.
@I [HLS-100] Command "source /home/greg/everything/xilnx_design/cycle3/DecisionChannel/solution1/.autopilot/db/global.setting.tcl "
@I [HLS-100] Command 'ap_source' returned 0; elapsed 0.000108Total elapsed time: 0.918 sec.
@I [HLS-100] Command "source /opt/Xilinx/Vivado_HLS/2016.2/common/technology/xilinx/zynq/zynq.gen "
@I [HLS-100] Command "source /opt/Xilinx/Vivado_HLS/2016.2/common/technology/xilinx/common/virtex.gen "
@I [HLS-100] Command "source /opt/Xilinx/Vivado_HLS/2016.2/common/technology/xilinx/common/xilinx.gen "
@I [HLS-100] Command "source /opt/Xilinx/Vivado_HLS/2016.2/common/technology/xilinx/interface/plb46.gen "
@I [HLS-100] Command 'ap_source' returned 0; elapsed 0.000668Total elapsed time: 0.919 sec.
@I [HLS-100] Command "source /opt/Xilinx/Vivado_HLS/2016.2/common/technology/xilinx/interface/fsl.gen "
@I [HLS-100] Command 'ap_source' returned 0; elapsed 0.000289Total elapsed time: 0.919 sec.
@I [HLS-100] Command "source /opt/Xilinx/Vivado_HLS/2016.2/common/technology/xilinx/interface/axi4.gen "
@I [HLS-100] Command 'ap_source' returned 0; elapsed 0.001483Total elapsed time: 0.921 sec.
@I [HLS-100] Command "source /opt/Xilinx/Vivado_HLS/2016.2/common/technology/xilinx/interface/nativeAXI4.gen "
@I [HLS-100] Command "source /opt/Xilinx/Vivado_HLS/2016.2/common/technology/xilinx/interface/saxilite.gen "
@I [HLS-100] Command 'ap_source' returned 0; elapsed 0.002311Total elapsed time: 0.923 sec.
@I [HLS-100] Command "source /opt/Xilinx/Vivado_HLS/2016.2/common/technology/xilinx/interface/maxi.gen "
@I [HLS-100] Command 'ap_source' returned 0; elapsed 0.005074Total elapsed time: 0.928 sec.
@I [HLS-100] Command 'ap_source' returned 0; elapsed 0.007671Total elapsed time: 0.928 sec.
@I [HLS-100] Command "source /opt/Xilinx/Vivado_HLS/2016.2/common/technology/xilinx/scripts/xilinxcoregen.gen "
@I [HLS-100] Command 'ap_source' returned 0; elapsed 0.006457Total elapsed time: 0.935 sec.
@I [HLS-100] Command "source /opt/Xilinx/Vivado_HLS/2016.2/common/technology/xilinx/interface/XilEDKCoreGen.gen "
@I [HLS-100] Command 'ap_source' returned 0; elapsed 0.005818Total elapsed time: 0.941 sec.
@I [HLS-100] Command "source /opt/Xilinx/Vivado_HLS/2016.2/common/technology/xilinx/ip/xfft.gen "
@I [HLS-100] Command 'ap_source' returned 0; elapsed 0.068978Total elapsed time: 1.10 sec.
@I [HLS-100] Command "source /opt/Xilinx/Vivado_HLS/2016.2/common/technology/xilinx/ip/util.gen "
@I [HLS-100] Command 'ap_source' returned 0; elapsed 0.000124Total elapsed time: 1.11 sec.
@I [HLS-100] Command "source /opt/Xilinx/Vivado_HLS/2016.2/common/technology/xilinx/ip/xfir.gen "
@I [HLS-100] Command 'ap_source' returned 0; elapsed 0.000506Total elapsed time: 1.11 sec.
@I [HLS-100] Command "source /opt/Xilinx/Vivado_HLS/2016.2/common/technology/xilinx/ip/dds_compiler.gen "
@I [HLS-100] Command 'ap_source' returned 0; elapsed 0.00247Total elapsed time: 1.14 sec.
@I [HLS-100] Command 'ap_source' returned 0; elapsed 0.09581Total elapsed time: 1.14 sec.
@I [HLS-100] Command "source /opt/Xilinx/Vivado_HLS/2016.2/common/technology/xilinx/common/dsp48.gen "
@I [HLS-100] Command 'ap_source' returned 0; elapsed 9.2e-05Total elapsed time: 1.15 sec.
@I [HLS-100] Command 'ap_source' returned 0; elapsed 0.097399Total elapsed time: 1.15 sec.
@I [HLS-100] Command 'ap_source' returned 0; elapsed 0.097528Total elapsed time: 1.16 sec.
@I [HLS-100] Command "source /opt/Xilinx/Vivado_HLS/2016.2/common/technology/xilinx/zynq/zynq_fpv6.gen "
@I [HLS-100] Command "source /opt/Xilinx/Vivado_HLS/2016.2/common/technology/xilinx/common/xilinx_fpv6.gen "
@I [HLS-100] Command 'ap_source' returned 0; elapsed 0.001043Total elapsed time: 1.17 sec.
@I [HLS-100] Command 'ap_source' returned 0; elapsed 0.001176Total elapsed time: 1.17 sec.
@I [HLS-100] Command "source /home/greg/everything/xilnx_design/cycle3/DecisionChannel/solution1/.autopilot/db/global.setting.tcl "
@I [HLS-100] Command 'ap_source' returned 0; elapsed 0.000422Total elapsed time: 8.399 sec.
@I [HLS-100] Command "source /opt/Xilinx/Vivado_HLS/2016.2/common/technology/generic/autopilot/common.gen "
@I [HLS-100] Command "source /opt/Xilinx/Vivado_HLS/2016.2/common/technology/generic/autopilot/APCoreGen.gen "
@I [HLS-100] Command 'ap_source' returned 0; elapsed 0.000657Total elapsed time: 8.407 sec.
@I [HLS-100] Command 'ap_source' returned 0; elapsed 0.001674Total elapsed time: 8.407 sec.
@I [HLS-100] Command "source /opt/Xilinx/Vivado_HLS/2016.2/common/technology/generic/autopilot/op.gen "
@I [HLS-100] Command 'ap_source' returned 0; elapsed 0.000276Total elapsed time: 8.408 sec.
@I [HLS-100] Command "source /opt/Xilinx/Vivado_HLS/2016.2/common/technology/generic/autopilot/op_simcore.gen "
@I [HLS-100] Command 'ap_source' returned 0; elapsed 0.000897Total elapsed time: 8.409 sec.
@I [HLS-100] Command "source /opt/Xilinx/Vivado_HLS/2016.2/common/technology/generic/autopilot/interface.gen "
@I [HLS-100] Command 'ap_source' returned 0; elapsed 6.2e-05Total elapsed time: 8.409 sec.
@I [HLS-100] Command "source /home/greg/everything/xilnx_design/cycle3/DecisionChannel/solution1/.autopilot/db/global.setting.tcl "
@I [HLS-100] Command 'ap_source' returned 0; elapsed 0.00012Total elapsed time: 8.409 sec.
@I [HLS-100] Command "source /opt/Xilinx/Vivado_HLS/2016.2/common/technology/xilinx/zynq/zynq.gen "
@I [HLS-100] Command "source /opt/Xilinx/Vivado_HLS/2016.2/common/technology/xilinx/common/virtex.gen "
@I [HLS-100] Command "source /opt/Xilinx/Vivado_HLS/2016.2/common/technology/xilinx/common/xilinx.gen "
@I [HLS-100] Command "source /opt/Xilinx/Vivado_HLS/2016.2/common/technology/xilinx/interface/plb46.gen "
@I [HLS-100] Command 'ap_source' returned 0; elapsed 0.000913Total elapsed time: 8.411 sec.
@I [HLS-100] Command "source /opt/Xilinx/Vivado_HLS/2016.2/common/technology/xilinx/interface/fsl.gen "
@I [HLS-100] Command 'ap_source' returned 0; elapsed 0.000543Total elapsed time: 8.411 sec.
@I [HLS-100] Command "source /opt/Xilinx/Vivado_HLS/2016.2/common/technology/xilinx/interface/axi4.gen "
@I [HLS-100] Command 'ap_source' returned 0; elapsed 0.001965Total elapsed time: 8.414 sec.
@I [HLS-100] Command "source /opt/Xilinx/Vivado_HLS/2016.2/common/technology/xilinx/interface/nativeAXI4.gen "
@I [HLS-100] Command "source /opt/Xilinx/Vivado_HLS/2016.2/common/technology/xilinx/interface/saxilite.gen "
@I [HLS-100] Command 'ap_source' returned 0; elapsed 0.003351Total elapsed time: 8.417 sec.
@I [HLS-100] Command "source /opt/Xilinx/Vivado_HLS/2016.2/common/technology/xilinx/interface/maxi.gen "
@I [HLS-100] Command 'ap_source' returned 0; elapsed 0.006699Total elapsed time: 8.424 sec.
@I [HLS-100] Command 'ap_source' returned 0; elapsed 0.010569Total elapsed time: 8.424 sec.
@I [HLS-100] Command "source /opt/Xilinx/Vivado_HLS/2016.2/common/technology/xilinx/scripts/xilinxcoregen.gen "
@I [HLS-100] Command 'ap_source' returned 0; elapsed 0.009143Total elapsed time: 8.434 sec.
@I [HLS-100] Command "source /opt/Xilinx/Vivado_HLS/2016.2/common/technology/xilinx/interface/XilEDKCoreGen.gen "
@I [HLS-100] Command 'ap_source' returned 0; elapsed 0.007119Total elapsed time: 8.441 sec.
@I [HLS-100] Command "source /opt/Xilinx/Vivado_HLS/2016.2/common/technology/xilinx/ip/xfft.gen "
@I [HLS-100] Command 'ap_source' returned 0; elapsed 0.0828Total elapsed time: 8.524 sec.
@I [HLS-100] Command "source /opt/Xilinx/Vivado_HLS/2016.2/common/technology/xilinx/ip/util.gen "
@I [HLS-100] Command 'ap_source' returned 0; elapsed 0.000134Total elapsed time: 8.525 sec.
@I [HLS-100] Command "source /opt/Xilinx/Vivado_HLS/2016.2/common/technology/xilinx/ip/xfir.gen "
@I [HLS-100] Command 'ap_source' returned 0; elapsed 0.000525Total elapsed time: 8.525 sec.
@I [HLS-100] Command "source /opt/Xilinx/Vivado_HLS/2016.2/common/technology/xilinx/ip/dds_compiler.gen "
@I [HLS-100] Command 'ap_source' returned 0; elapsed 0.002527Total elapsed time: 8.528 sec.
@I [HLS-100] Command 'ap_source' returned 0; elapsed 0.117983Total elapsed time: 8.528 sec.
@I [HLS-100] Command "source /opt/Xilinx/Vivado_HLS/2016.2/common/technology/xilinx/common/dsp48.gen "
@I [HLS-100] Command 'ap_source' returned 0; elapsed 9e-05Total elapsed time: 8.529 sec.
@I [HLS-100] Command 'ap_source' returned 0; elapsed 0.119661Total elapsed time: 8.530 sec.
@I [HLS-100] Command 'ap_source' returned 0; elapsed 0.119812Total elapsed time: 8.530 sec.
@I [HLS-100] Command "source /opt/Xilinx/Vivado_HLS/2016.2/common/technology/xilinx/zynq/zynq_fpv6.gen "
@I [HLS-100] Command "source /opt/Xilinx/Vivado_HLS/2016.2/common/technology/xilinx/common/xilinx_fpv6.gen "
@I [HLS-100] Command 'ap_source' returned 0; elapsed 0.001101Total elapsed time: 8.531 sec.
@I [HLS-100] Command 'ap_source' returned 0; elapsed 0.001245Total elapsed time: 8.531 sec.
@I [HLS-100] Command "source /home/greg/everything/xilnx_design/cycle3/DecisionChannel/solution1/.autopilot/db/global.setting.tcl "
@I [HLS-100] Command 'ap_source' returned 0; elapsed 0.000124Total elapsed time: 8.531 sec.
@I [HLS-100] Command "source /home/greg/everything/xilnx_design/cycle3/DecisionChannel/solution1/.autopilot/db/global.setting.tcl "
@I [HLS-100] Command 'ap_source' returned 0; elapsed 0.000109Total elapsed time: 8.532 sec.
@I [HLS-100] Command "source /home/greg/everything/xilnx_design/cycle3/DecisionChannel/solution1/.autopilot/db/global.setting.tcl "
@I [HLS-100] Command 'ap_source' returned 0; elapsed 0.00011Total elapsed time: 8.534 sec.
@I [HLS-100] Command "source /opt/Xilinx/Vivado_HLS/2016.2/common/technology/generic/autopilot/common.gen "
@I [HLS-100] Command "source /opt/Xilinx/Vivado_HLS/2016.2/common/technology/generic/autopilot/APCoreGen.gen "
@I [HLS-100] Command 'ap_source' returned 0; elapsed 0.000344Total elapsed time: 8.534 sec.
@I [HLS-100] Command 'ap_source' returned 0; elapsed 0.000798Total elapsed time: 8.535 sec.
@I [HLS-100] Command "source /opt/Xilinx/Vivado_HLS/2016.2/common/technology/generic/autopilot/op.gen "
@I [HLS-100] Command 'ap_source' returned 0; elapsed 0.0002Total elapsed time: 8.535 sec.
@I [HLS-100] Command "source /opt/Xilinx/Vivado_HLS/2016.2/common/technology/generic/autopilot/op_simcore.gen "
@I [HLS-100] Command 'ap_source' returned 0; elapsed 0.000592Total elapsed time: 8.536 sec.
@I [HLS-100] Command "source /opt/Xilinx/Vivado_HLS/2016.2/common/technology/generic/autopilot/interface.gen "
@I [HLS-100] Command 'ap_source' returned 0; elapsed 5.1e-05Total elapsed time: 8.536 sec.
@I [HLS-100] Command "source /home/greg/everything/xilnx_design/cycle3/DecisionChannel/solution1/.autopilot/db/global.setting.tcl "
@I [HLS-100] Command 'ap_source' returned 0; elapsed 9.8e-05Total elapsed time: 8.536 sec.
@I [HLS-100] Command "source /opt/Xilinx/Vivado_HLS/2016.2/common/technology/xilinx/zynq/zynq.gen "
@I [HLS-100] Command "source /opt/Xilinx/Vivado_HLS/2016.2/common/technology/xilinx/common/virtex.gen "
@I [HLS-100] Command "source /opt/Xilinx/Vivado_HLS/2016.2/common/technology/xilinx/common/xilinx.gen "
@I [HLS-100] Command "source /opt/Xilinx/Vivado_HLS/2016.2/common/technology/xilinx/interface/plb46.gen "
@I [HLS-100] Command 'ap_source' returned 0; elapsed 0.00063Total elapsed time: 8.537 sec.
@I [HLS-100] Command "source /opt/Xilinx/Vivado_HLS/2016.2/common/technology/xilinx/interface/fsl.gen "
@I [HLS-100] Command 'ap_source' returned 0; elapsed 0.000292Total elapsed time: 8.538 sec.
@I [HLS-100] Command "source /opt/Xilinx/Vivado_HLS/2016.2/common/technology/xilinx/interface/axi4.gen "
@I [HLS-100] Command 'ap_source' returned 0; elapsed 0.001343Total elapsed time: 8.539 sec.
@I [HLS-100] Command "source /opt/Xilinx/Vivado_HLS/2016.2/common/technology/xilinx/interface/nativeAXI4.gen "
@I [HLS-100] Command "source /opt/Xilinx/Vivado_HLS/2016.2/common/technology/xilinx/interface/saxilite.gen "
@I [HLS-100] Command 'ap_source' returned 0; elapsed 0.00226Total elapsed time: 8.542 sec.
@I [HLS-100] Command "source /opt/Xilinx/Vivado_HLS/2016.2/common/technology/xilinx/interface/maxi.gen "
@I [HLS-100] Command 'ap_source' returned 0; elapsed 0.004979Total elapsed time: 8.547 sec.
@I [HLS-100] Command 'ap_source' returned 0; elapsed 0.007481Total elapsed time: 8.547 sec.
@I [HLS-100] Command "source /opt/Xilinx/Vivado_HLS/2016.2/common/technology/xilinx/scripts/xilinxcoregen.gen "
@I [HLS-100] Command 'ap_source' returned 0; elapsed 0.006325Total elapsed time: 8.553 sec.
@I [HLS-100] Command "source /opt/Xilinx/Vivado_HLS/2016.2/common/technology/xilinx/interface/XilEDKCoreGen.gen "
@I [HLS-100] Command 'ap_source' returned 0; elapsed 0.005171Total elapsed time: 8.558 sec.
@I [HLS-100] Command "source /opt/Xilinx/Vivado_HLS/2016.2/common/technology/xilinx/ip/xfft.gen "
@I [HLS-100] Command 'ap_source' returned 0; elapsed 0.067919Total elapsed time: 8.627 sec.
@I [HLS-100] Command "source /opt/Xilinx/Vivado_HLS/2016.2/common/technology/xilinx/ip/util.gen "
@I [HLS-100] Command 'ap_source' returned 0; elapsed 0.000125Total elapsed time: 8.627 sec.
@I [HLS-100] Command "source /opt/Xilinx/Vivado_HLS/2016.2/common/technology/xilinx/ip/xfir.gen "
@I [HLS-100] Command 'ap_source' returned 0; elapsed 0.000494Total elapsed time: 8.628 sec.
@I [HLS-100] Command "source /opt/Xilinx/Vivado_HLS/2016.2/common/technology/xilinx/ip/dds_compiler.gen "
@I [HLS-100] Command 'ap_source' returned 0; elapsed 0.002355Total elapsed time: 8.630 sec.
@I [HLS-100] Command 'ap_source' returned 0; elapsed 0.09337Total elapsed time: 8.630 sec.
@I [HLS-100] Command "source /opt/Xilinx/Vivado_HLS/2016.2/common/technology/xilinx/common/dsp48.gen "
@I [HLS-100] Command 'ap_source' returned 0; elapsed 8e-05Total elapsed time: 8.631 sec.
@I [HLS-100] Command 'ap_source' returned 0; elapsed 0.094866Total elapsed time: 8.631 sec.
@I [HLS-100] Command 'ap_source' returned 0; elapsed 0.094998Total elapsed time: 8.632 sec.
@I [HLS-100] Command "source /opt/Xilinx/Vivado_HLS/2016.2/common/technology/xilinx/zynq/zynq_fpv6.gen "
@I [HLS-100] Command "source /opt/Xilinx/Vivado_HLS/2016.2/common/technology/xilinx/common/xilinx_fpv6.gen "
@I [HLS-100] Command 'ap_source' returned 0; elapsed 0.001059Total elapsed time: 8.633 sec.
@I [HLS-100] Command 'ap_source' returned 0; elapsed 0.0012Total elapsed time: 8.633 sec.
@I [HLS-100] Command "source /home/greg/everything/xilnx_design/cycle3/DecisionChannel/solution1/.autopilot/db/global.setting.tcl "
@I [HLS-100] Command 'ap_source' returned 0; elapsed 0.000109Total elapsed time: 8.633 sec.
@I [HLS-100] Command "source /home/greg/everything/xilnx_design/cycle3/DecisionChannel/solution1/.autopilot/db/global.setting.tcl "
@I [HLS-100] Command 'ap_source' returned 0; elapsed 9.3e-05Total elapsed time: 8.634 sec.
@I [HLS-100] Command "source /home/greg/everything/xilnx_design/cycle3/DecisionChannel/solution1/.autopilot/db/Decision.compgen.tcl "
@I [HLS-100] Command 'ap_source' returned 0; elapsed 0.000174Total elapsed time: 8.634 sec.
@I [HLS-100] Command "source /home/greg/everything/xilnx_design/cycle3/DecisionChannel/solution1/.autopilot/db/global.setting.tcl "
@I [HLS-100] Command 'ap_source' returned 0; elapsed 9.6e-05Total elapsed time: 8.657 sec.
@I [HLS-100] Command "source /home/greg/everything/xilnx_design/cycle3/DecisionChannel/solution1/.autopilot/db/Decision.constraint.tcl "
@I [HLS-100] Command 'ap_source' returned 0; elapsed 3.6e-05Total elapsed time: 8.657 sec.
@I [HLS-100] Command "source /opt/Xilinx/Vivado_HLS/2016.2/common/technology/generic/autopilot/common.gen "
@I [HLS-100] Command "source /opt/Xilinx/Vivado_HLS/2016.2/common/technology/generic/autopilot/APCoreGen.gen "
@I [HLS-100] Command 'ap_source' returned 0; elapsed 0.000363Total elapsed time: 8.668 sec.
@I [HLS-100] Command 'ap_source' returned 0; elapsed 0.000987Total elapsed time: 8.668 sec.
@I [HLS-100] Command "source /opt/Xilinx/Vivado_HLS/2016.2/common/technology/generic/autopilot/op.gen "
@I [HLS-100] Command 'ap_source' returned 0; elapsed 0.00021Total elapsed time: 8.668 sec.
@I [HLS-100] Command "source /opt/Xilinx/Vivado_HLS/2016.2/common/technology/generic/autopilot/op_simcore.gen "
@I [HLS-100] Command 'ap_source' returned 0; elapsed 0.000631Total elapsed time: 8.669 sec.
@I [HLS-100] Command "source /opt/Xilinx/Vivado_HLS/2016.2/common/technology/generic/autopilot/interface.gen "
@I [HLS-100] Command 'ap_source' returned 0; elapsed 5.2e-05Total elapsed time: 8.669 sec.
@I [HLS-100] Command "source /home/greg/everything/xilnx_design/cycle3/DecisionChannel/solution1/.autopilot/db/global.setting.tcl "
@I [HLS-100] Command 'ap_source' returned 0; elapsed 0.000107Total elapsed time: 8.670 sec.
@I [HLS-100] Command "source /opt/Xilinx/Vivado_HLS/2016.2/common/technology/xilinx/zynq/zynq.gen "
@I [HLS-100] Command "source /opt/Xilinx/Vivado_HLS/2016.2/common/technology/xilinx/common/virtex.gen "
@I [HLS-100] Command "source /opt/Xilinx/Vivado_HLS/2016.2/common/technology/xilinx/common/xilinx.gen "
@I [HLS-100] Command "source /opt/Xilinx/Vivado_HLS/2016.2/common/technology/xilinx/interface/plb46.gen "
@I [HLS-100] Command 'ap_source' returned 0; elapsed 0.000704Total elapsed time: 8.671 sec.
@I [HLS-100] Command "source /opt/Xilinx/Vivado_HLS/2016.2/common/technology/xilinx/interface/fsl.gen "
@I [HLS-100] Command 'ap_source' returned 0; elapsed 0.000311Total elapsed time: 8.671 sec.
@I [HLS-100] Command "source /opt/Xilinx/Vivado_HLS/2016.2/common/technology/xilinx/interface/axi4.gen "
@I [HLS-100] Command 'ap_source' returned 0; elapsed 0.001467Total elapsed time: 8.673 sec.
@I [HLS-100] Command "source /opt/Xilinx/Vivado_HLS/2016.2/common/technology/xilinx/interface/nativeAXI4.gen "
@I [HLS-100] Command "source /opt/Xilinx/Vivado_HLS/2016.2/common/technology/xilinx/interface/saxilite.gen "
@I [HLS-100] Command 'ap_source' returned 0; elapsed 0.002155Total elapsed time: 8.675 sec.
@I [HLS-100] Command "source /opt/Xilinx/Vivado_HLS/2016.2/common/technology/xilinx/interface/maxi.gen "
@I [HLS-100] Command 'ap_source' returned 0; elapsed 0.004692Total elapsed time: 8.680 sec.
@I [HLS-100] Command 'ap_source' returned 0; elapsed 0.007078Total elapsed time: 8.680 sec.
@I [HLS-100] Command "source /opt/Xilinx/Vivado_HLS/2016.2/common/technology/xilinx/scripts/xilinxcoregen.gen "
@I [HLS-100] Command 'ap_source' returned 0; elapsed 0.006332Total elapsed time: 8.686 sec.
@I [HLS-100] Command "source /opt/Xilinx/Vivado_HLS/2016.2/common/technology/xilinx/interface/XilEDKCoreGen.gen "
@I [HLS-100] Command 'ap_source' returned 0; elapsed 0.005306Total elapsed time: 8.692 sec.
@I [HLS-100] Command "source /opt/Xilinx/Vivado_HLS/2016.2/common/technology/xilinx/ip/xfft.gen "
@I [HLS-100] Command 'ap_source' returned 0; elapsed 0.068801Total elapsed time: 8.761 sec.
@I [HLS-100] Command "source /opt/Xilinx/Vivado_HLS/2016.2/common/technology/xilinx/ip/util.gen "
@I [HLS-100] Command 'ap_source' returned 0; elapsed 0.000128Total elapsed time: 8.761 sec.
@I [HLS-100] Command "source /opt/Xilinx/Vivado_HLS/2016.2/common/technology/xilinx/ip/xfir.gen "
@I [HLS-100] Command 'ap_source' returned 0; elapsed 0.000525Total elapsed time: 8.762 sec.
@I [HLS-100] Command "source /opt/Xilinx/Vivado_HLS/2016.2/common/technology/xilinx/ip/dds_compiler.gen "
@I [HLS-100] Command 'ap_source' returned 0; elapsed 0.002501Total elapsed time: 8.765 sec.
@I [HLS-100] Command 'ap_source' returned 0; elapsed 0.094647Total elapsed time: 8.765 sec.
@I [HLS-100] Command "source /opt/Xilinx/Vivado_HLS/2016.2/common/technology/xilinx/common/dsp48.gen "
@I [HLS-100] Command 'ap_source' returned 0; elapsed 8.9e-05Total elapsed time: 8.766 sec.
@I [HLS-100] Command 'ap_source' returned 0; elapsed 0.096247Total elapsed time: 8.766 sec.
@I [HLS-100] Command 'ap_source' returned 0; elapsed 0.096396Total elapsed time: 8.766 sec.
@I [HLS-100] Command "source /opt/Xilinx/Vivado_HLS/2016.2/common/technology/xilinx/zynq/zynq_fpv6.gen "
@I [HLS-100] Command "source /opt/Xilinx/Vivado_HLS/2016.2/common/technology/xilinx/common/xilinx_fpv6.gen "
@I [HLS-100] Command 'ap_source' returned 0; elapsed 0.001053Total elapsed time: 8.768 sec.
@I [HLS-100] Command 'ap_source' returned 0; elapsed 0.001193Total elapsed time: 8.768 sec.
@I [HLS-100] Command "source /home/greg/everything/xilnx_design/cycle3/DecisionChannel/solution1/.autopilot/db/global.setting.tcl "
@I [HLS-100] Command 'ap_source' returned 0; elapsed 0.00014Total elapsed time: 8.774 sec.
@I [HLS-100] Command "source /home/greg/everything/xilnx_design/cycle3/DecisionChannel/solution1/.autopilot/db/global.setting.tcl "
@I [HLS-100] Command 'ap_source' returned 0; elapsed 0.000212Total elapsed time: 15.870 sec.
@I [HLS-100] Command "source /opt/Xilinx/Vivado_HLS/2016.2/common/technology/generic/autopilot/common.gen "
@I [HLS-100] Command "source /opt/Xilinx/Vivado_HLS/2016.2/common/technology/generic/autopilot/APCoreGen.gen "
@I [HLS-100] Command 'ap_source' returned 0; elapsed 0.000514Total elapsed time: 15.874 sec.
@I [HLS-100] Command 'ap_source' returned 0; elapsed 0.001346Total elapsed time: 15.875 sec.
@I [HLS-100] Command "source /opt/Xilinx/Vivado_HLS/2016.2/common/technology/generic/autopilot/op.gen "
@I [HLS-100] Command 'ap_source' returned 0; elapsed 0.000294Total elapsed time: 15.875 sec.
@I [HLS-100] Command "source /opt/Xilinx/Vivado_HLS/2016.2/common/technology/generic/autopilot/op_simcore.gen "
@I [HLS-100] Command 'ap_source' returned 0; elapsed 0.00091Total elapsed time: 15.876 sec.
@I [HLS-100] Command "source /opt/Xilinx/Vivado_HLS/2016.2/common/technology/generic/autopilot/interface.gen "
@I [HLS-100] Command 'ap_source' returned 0; elapsed 7.4e-05Total elapsed time: 15.877 sec.
@I [HLS-100] Command "source /home/greg/everything/xilnx_design/cycle3/DecisionChannel/solution1/.autopilot/db/global.setting.tcl "
@I [HLS-100] Command 'ap_source' returned 0; elapsed 0.000139Total elapsed time: 15.877 sec.
@I [HLS-100] Command "source /opt/Xilinx/Vivado_HLS/2016.2/common/technology/xilinx/zynq/zynq.gen "
@I [HLS-100] Command "source /opt/Xilinx/Vivado_HLS/2016.2/common/technology/xilinx/common/virtex.gen "
@I [HLS-100] Command "source /opt/Xilinx/Vivado_HLS/2016.2/common/technology/xilinx/common/xilinx.gen "
@I [HLS-100] Command "source /opt/Xilinx/Vivado_HLS/2016.2/common/technology/xilinx/interface/plb46.gen "
@I [HLS-100] Command 'ap_source' returned 0; elapsed 0.000937Total elapsed time: 15.878 sec.
@I [HLS-100] Command "source /opt/Xilinx/Vivado_HLS/2016.2/common/technology/xilinx/interface/fsl.gen "
@I [HLS-100] Command 'ap_source' returned 0; elapsed 0.000404Total elapsed time: 15.879 sec.
@I [HLS-100] Command "source /opt/Xilinx/Vivado_HLS/2016.2/common/technology/xilinx/interface/axi4.gen "
@I [HLS-100] Command 'ap_source' returned 0; elapsed 0.001942Total elapsed time: 15.881 sec.
@I [HLS-100] Command "source /opt/Xilinx/Vivado_HLS/2016.2/common/technology/xilinx/interface/nativeAXI4.gen "
@I [HLS-100] Command "source /opt/Xilinx/Vivado_HLS/2016.2/common/technology/xilinx/interface/saxilite.gen "
@I [HLS-100] Command 'ap_source' returned 0; elapsed 0.003042Total elapsed time: 15.884 sec.
@I [HLS-100] Command "source /opt/Xilinx/Vivado_HLS/2016.2/common/technology/xilinx/interface/maxi.gen "
@I [HLS-100] Command 'ap_source' returned 0; elapsed 0.006466Total elapsed time: 15.891 sec.
@I [HLS-100] Command 'ap_source' returned 0; elapsed 0.009812Total elapsed time: 15.891 sec.
@I [HLS-100] Command "source /opt/Xilinx/Vivado_HLS/2016.2/common/technology/xilinx/scripts/xilinxcoregen.gen "
@I [HLS-100] Command 'ap_source' returned 0; elapsed 0.008252Total elapsed time: 15.899 sec.
@I [HLS-100] Command "source /opt/Xilinx/Vivado_HLS/2016.2/common/technology/xilinx/interface/XilEDKCoreGen.gen "
@I [HLS-100] Command 'ap_source' returned 0; elapsed 0.006654Total elapsed time: 15.906 sec.
@I [HLS-100] Command "source /opt/Xilinx/Vivado_HLS/2016.2/common/technology/xilinx/ip/xfft.gen "
@I [HLS-100] Command 'ap_source' returned 0; elapsed 0.07793Total elapsed time: 15.985 sec.
@I [HLS-100] Command "source /opt/Xilinx/Vivado_HLS/2016.2/common/technology/xilinx/ip/util.gen "
@I [HLS-100] Command 'ap_source' returned 0; elapsed 0.000133Total elapsed time: 15.985 sec.
@I [HLS-100] Command "source /opt/Xilinx/Vivado_HLS/2016.2/common/technology/xilinx/ip/xfir.gen "
@I [HLS-100] Command 'ap_source' returned 0; elapsed 0.000543Total elapsed time: 15.986 sec.
@I [HLS-100] Command "source /opt/Xilinx/Vivado_HLS/2016.2/common/technology/xilinx/ip/dds_compiler.gen "
@I [HLS-100] Command 'ap_source' returned 0; elapsed 0.002536Total elapsed time: 15.988 sec.
@I [HLS-100] Command 'ap_source' returned 0; elapsed 0.110644Total elapsed time: 15.988 sec.
@I [HLS-100] Command "source /opt/Xilinx/Vivado_HLS/2016.2/common/technology/xilinx/common/dsp48.gen "
@I [HLS-100] Command 'ap_source' returned 0; elapsed 8.8e-05Total elapsed time: 15.989 sec.
@I [HLS-100] Command 'ap_source' returned 0; elapsed 0.112302Total elapsed time: 15.990 sec.
@I [HLS-100] Command 'ap_source' returned 0; elapsed 0.112461Total elapsed time: 15.990 sec.
@I [HLS-100] Command "source /opt/Xilinx/Vivado_HLS/2016.2/common/technology/xilinx/zynq/zynq_fpv6.gen "
@I [HLS-100] Command "source /opt/Xilinx/Vivado_HLS/2016.2/common/technology/xilinx/common/xilinx_fpv6.gen "
@I [HLS-100] Command 'ap_source' returned 0; elapsed 0.001069Total elapsed time: 15.991 sec.
@I [HLS-100] Command 'ap_source' returned 0; elapsed 0.001211Total elapsed time: 15.991 sec.
@I [HLS-100] Command "source /home/greg/everything/xilnx_design/cycle3/DecisionChannel/solution1/.autopilot/db/global.setting.tcl "
@I [HLS-100] Command 'ap_source' returned 0; elapsed 0.00012Total elapsed time: 15.991 sec.
@I [HLS-100] Command "source /home/greg/everything/xilnx_design/cycle3/DecisionChannel/solution1/.autopilot/db/global.setting.tcl "
@I [HLS-100] Command 'ap_source' returned 0; elapsed 9.9e-05Total elapsed time: 15.992 sec.
@I [HLS-100] Command "source /home/greg/everything/xilnx_design/cycle3/DecisionChannel/solution1/.autopilot/db/global.setting.tcl "
@I [HLS-100] Command 'ap_source' returned 0; elapsed 0.000107Total elapsed time: 15.994 sec.
@I [HLS-100] Command "source /opt/Xilinx/Vivado_HLS/2016.2/common/technology/generic/autopilot/common.gen "
@I [HLS-100] Command "source /opt/Xilinx/Vivado_HLS/2016.2/common/technology/generic/autopilot/APCoreGen.gen "
@I [HLS-100] Command 'ap_source' returned 0; elapsed 0.000347Total elapsed time: 15.994 sec.
@I [HLS-100] Command 'ap_source' returned 0; elapsed 0.000787Total elapsed time: 15.995 sec.
@I [HLS-100] Command "source /opt/Xilinx/Vivado_HLS/2016.2/common/technology/generic/autopilot/op.gen "
@I [HLS-100] Command 'ap_source' returned 0; elapsed 0.000194Total elapsed time: 15.995 sec.
@I [HLS-100] Command "source /opt/Xilinx/Vivado_HLS/2016.2/common/technology/generic/autopilot/op_simcore.gen "
@I [HLS-100] Command 'ap_source' returned 0; elapsed 0.000581Total elapsed time: 15.996 sec.
@I [HLS-100] Command "source /opt/Xilinx/Vivado_HLS/2016.2/common/technology/generic/autopilot/interface.gen "
@I [HLS-100] Command 'ap_source' returned 0; elapsed 5.1e-05Total elapsed time: 15.996 sec.
@I [HLS-100] Command "source /home/greg/everything/xilnx_design/cycle3/DecisionChannel/solution1/.autopilot/db/global.setting.tcl "
@I [HLS-100] Command 'ap_source' returned 0; elapsed 0.000115Total elapsed time: 15.996 sec.
@I [HLS-100] Command "source /opt/Xilinx/Vivado_HLS/2016.2/common/technology/xilinx/zynq/zynq.gen "
@I [HLS-100] Command "source /opt/Xilinx/Vivado_HLS/2016.2/common/technology/xilinx/common/virtex.gen "
@I [HLS-100] Command "source /opt/Xilinx/Vivado_HLS/2016.2/common/technology/xilinx/common/xilinx.gen "
@I [HLS-100] Command "source /opt/Xilinx/Vivado_HLS/2016.2/common/technology/xilinx/interface/plb46.gen "
@I [HLS-100] Command 'ap_source' returned 0; elapsed 0.000654Total elapsed time: 15.997 sec.
@I [HLS-100] Command "source /opt/Xilinx/Vivado_HLS/2016.2/common/technology/xilinx/interface/fsl.gen "
@I [HLS-100] Command 'ap_source' returned 0; elapsed 0.000291Total elapsed time: 15.997 sec.
@I [HLS-100] Command "source /opt/Xilinx/Vivado_HLS/2016.2/common/technology/xilinx/interface/axi4.gen "
@I [HLS-100] Command 'ap_source' returned 0; elapsed 0.001379Total elapsed time: 15.999 sec.
@I [HLS-100] Command "source /opt/Xilinx/Vivado_HLS/2016.2/common/technology/xilinx/interface/nativeAXI4.gen "
@I [HLS-100] Command "source /opt/Xilinx/Vivado_HLS/2016.2/common/technology/xilinx/interface/saxilite.gen "
@I [HLS-100] Command 'ap_source' returned 0; elapsed 0.002233Total elapsed time: 16.1 sec.
@I [HLS-100] Command "source /opt/Xilinx/Vivado_HLS/2016.2/common/technology/xilinx/interface/maxi.gen "
@I [HLS-100] Command 'ap_source' returned 0; elapsed 0.004744Total elapsed time: 16.6 sec.
@I [HLS-100] Command 'ap_source' returned 0; elapsed 0.007212Total elapsed time: 16.6 sec.
@I [HLS-100] Command "source /opt/Xilinx/Vivado_HLS/2016.2/common/technology/xilinx/scripts/xilinxcoregen.gen "
@I [HLS-100] Command 'ap_source' returned 0; elapsed 0.006815Total elapsed time: 16.13 sec.
@I [HLS-100] Command "source /opt/Xilinx/Vivado_HLS/2016.2/common/technology/xilinx/interface/XilEDKCoreGen.gen "
@I [HLS-100] Command 'ap_source' returned 0; elapsed 0.005522Total elapsed time: 16.19 sec.
@I [HLS-100] Command "source /opt/Xilinx/Vivado_HLS/2016.2/common/technology/xilinx/ip/xfft.gen "
@I [HLS-100] Command 'ap_source' returned 0; elapsed 0.068119Total elapsed time: 16.87 sec.
@I [HLS-100] Command "source /opt/Xilinx/Vivado_HLS/2016.2/common/technology/xilinx/ip/util.gen "
@I [HLS-100] Command 'ap_source' returned 0; elapsed 0.000124Total elapsed time: 16.88 sec.
@I [HLS-100] Command "source /opt/Xilinx/Vivado_HLS/2016.2/common/technology/xilinx/ip/xfir.gen "
@I [HLS-100] Command 'ap_source' returned 0; elapsed 0.000521Total elapsed time: 16.88 sec.
@I [HLS-100] Command "source /opt/Xilinx/Vivado_HLS/2016.2/common/technology/xilinx/ip/dds_compiler.gen "
@I [HLS-100] Command 'ap_source' returned 0; elapsed 0.002327Total elapsed time: 16.91 sec.
@I [HLS-100] Command 'ap_source' returned 0; elapsed 0.094387Total elapsed time: 16.91 sec.
@I [HLS-100] Command "source /opt/Xilinx/Vivado_HLS/2016.2/common/technology/xilinx/common/dsp48.gen "
@I [HLS-100] Command 'ap_source' returned 0; elapsed 8.1e-05Total elapsed time: 16.92 sec.
@I [HLS-100] Command 'ap_source' returned 0; elapsed 0.095942Total elapsed time: 16.92 sec.
@I [HLS-100] Command 'ap_source' returned 0; elapsed 0.096087Total elapsed time: 16.92 sec.
@I [HLS-100] Command "source /opt/Xilinx/Vivado_HLS/2016.2/common/technology/xilinx/zynq/zynq_fpv6.gen "
@I [HLS-100] Command "source /opt/Xilinx/Vivado_HLS/2016.2/common/technology/xilinx/common/xilinx_fpv6.gen "
@I [HLS-100] Command 'ap_source' returned 0; elapsed 0.000991Total elapsed time: 16.94 sec.
@I [HLS-100] Command 'ap_source' returned 0; elapsed 0.001133Total elapsed time: 16.94 sec.
@I [HLS-100] Command "source /home/greg/everything/xilnx_design/cycle3/DecisionChannel/solution1/.autopilot/db/global.setting.tcl "
@I [HLS-100] Command 'ap_source' returned 0; elapsed 0.000102Total elapsed time: 16.94 sec.
@I [HLS-100] Command "source /home/greg/everything/xilnx_design/cycle3/DecisionChannel/solution1/.autopilot/db/global.setting.tcl "
@I [HLS-100] Command 'ap_source' returned 0; elapsed 0.000108Total elapsed time: 16.94 sec.
@I [HLS-100] Command "source /home/greg/everything/xilnx_design/cycle3/DecisionChannel/solution1/.autopilot/db/Decision.compgen.tcl "
@I [HLS-100] Command 'ap_source' returned 0; elapsed 0.000165Total elapsed time: 16.95 sec.
@I [HLS-100] Command "source /home/greg/everything/xilnx_design/cycle3/DecisionChannel/solution1/.autopilot/db/global.setting.tcl "
@I [HLS-100] Command 'ap_source' returned 0; elapsed 0.000111Total elapsed time: 16.118 sec.
@I [HLS-100] Command "source /home/greg/everything/xilnx_design/cycle3/DecisionChannel/solution1/.autopilot/db/Decision.constraint.tcl "
@I [HLS-100] Command 'ap_source' returned 0; elapsed 3.7e-05Total elapsed time: 16.118 sec.
@I [HLS-100] Command "source /opt/Xilinx/Vivado_HLS/2016.2/common/technology/generic/autopilot/common.gen "
@I [HLS-100] Command "source /opt/Xilinx/Vivado_HLS/2016.2/common/technology/generic/autopilot/APCoreGen.gen "
@I [HLS-100] Command 'ap_source' returned 0; elapsed 0.000358Total elapsed time: 16.129 sec.
@I [HLS-100] Command 'ap_source' returned 0; elapsed 0.000971Total elapsed time: 16.129 sec.
@I [HLS-100] Command "source /opt/Xilinx/Vivado_HLS/2016.2/common/technology/generic/autopilot/op.gen "
@I [HLS-100] Command 'ap_source' returned 0; elapsed 0.000193Total elapsed time: 16.129 sec.
@I [HLS-100] Command "source /opt/Xilinx/Vivado_HLS/2016.2/common/technology/generic/autopilot/op_simcore.gen "
@I [HLS-100] Command 'ap_source' returned 0; elapsed 0.000642Total elapsed time: 16.130 sec.
@I [HLS-100] Command "source /opt/Xilinx/Vivado_HLS/2016.2/common/technology/generic/autopilot/interface.gen "
@I [HLS-100] Command 'ap_source' returned 0; elapsed 5.4e-05Total elapsed time: 16.130 sec.
@I [HLS-100] Command "source /home/greg/everything/xilnx_design/cycle3/DecisionChannel/solution1/.autopilot/db/global.setting.tcl "
@I [HLS-100] Command 'ap_source' returned 0; elapsed 0.000111Total elapsed time: 16.131 sec.
@I [HLS-100] Command "source /opt/Xilinx/Vivado_HLS/2016.2/common/technology/xilinx/zynq/zynq.gen "
@I [HLS-100] Command "source /opt/Xilinx/Vivado_HLS/2016.2/common/technology/xilinx/common/virtex.gen "
@I [HLS-100] Command "source /opt/Xilinx/Vivado_HLS/2016.2/common/technology/xilinx/common/xilinx.gen "
@I [HLS-100] Command "source /opt/Xilinx/Vivado_HLS/2016.2/common/technology/xilinx/interface/plb46.gen "
@I [HLS-100] Command 'ap_source' returned 0; elapsed 0.000717Total elapsed time: 16.132 sec.
@I [HLS-100] Command "source /opt/Xilinx/Vivado_HLS/2016.2/common/technology/xilinx/interface/fsl.gen "
@I [HLS-100] Command 'ap_source' returned 0; elapsed 0.000312Total elapsed time: 16.132 sec.
@I [HLS-100] Command "source /opt/Xilinx/Vivado_HLS/2016.2/common/technology/xilinx/interface/axi4.gen "
@I [HLS-100] Command 'ap_source' returned 0; elapsed 0.001351Total elapsed time: 16.134 sec.
@I [HLS-100] Command "source /opt/Xilinx/Vivado_HLS/2016.2/common/technology/xilinx/interface/nativeAXI4.gen "
@I [HLS-100] Command "source /opt/Xilinx/Vivado_HLS/2016.2/common/technology/xilinx/interface/saxilite.gen "
@I [HLS-100] Command 'ap_source' returned 0; elapsed 0.002216Total elapsed time: 16.136 sec.
@I [HLS-100] Command "source /opt/Xilinx/Vivado_HLS/2016.2/common/technology/xilinx/interface/maxi.gen "
@I [HLS-100] Command 'ap_source' returned 0; elapsed 0.004847Total elapsed time: 16.141 sec.
@I [HLS-100] Command 'ap_source' returned 0; elapsed 0.00732Total elapsed time: 16.141 sec.
@I [HLS-100] Command "source /opt/Xilinx/Vivado_HLS/2016.2/common/technology/xilinx/scripts/xilinxcoregen.gen "
@I [HLS-100] Command 'ap_source' returned 0; elapsed 0.006288Total elapsed time: 16.147 sec.
@I [HLS-100] Command "source /opt/Xilinx/Vivado_HLS/2016.2/common/technology/xilinx/interface/XilEDKCoreGen.gen "
@I [HLS-100] Command 'ap_source' returned 0; elapsed 0.005333Total elapsed time: 16.153 sec.
@I [HLS-100] Command "source /opt/Xilinx/Vivado_HLS/2016.2/common/technology/xilinx/ip/xfft.gen "
@I [HLS-100] Command 'ap_source' returned 0; elapsed 0.070142Total elapsed time: 16.223 sec.
@I [HLS-100] Command "source /opt/Xilinx/Vivado_HLS/2016.2/common/technology/xilinx/ip/util.gen "
@I [HLS-100] Command 'ap_source' returned 0; elapsed 0.000125Total elapsed time: 16.224 sec.
@I [HLS-100] Command "source /opt/Xilinx/Vivado_HLS/2016.2/common/technology/xilinx/ip/xfir.gen "
@I [HLS-100] Command 'ap_source' returned 0; elapsed 0.000514Total elapsed time: 16.224 sec.
@I [HLS-100] Command "source /opt/Xilinx/Vivado_HLS/2016.2/common/technology/xilinx/ip/dds_compiler.gen "
@I [HLS-100] Command 'ap_source' returned 0; elapsed 0.002386Total elapsed time: 16.227 sec.
@I [HLS-100] Command 'ap_source' returned 0; elapsed 0.095781Total elapsed time: 16.227 sec.
@I [HLS-100] Command "source /opt/Xilinx/Vivado_HLS/2016.2/common/technology/xilinx/common/dsp48.gen "
@I [HLS-100] Command 'ap_source' returned 0; elapsed 7.9e-05Total elapsed time: 16.228 sec.
@I [HLS-100] Command 'ap_source' returned 0; elapsed 0.097363Total elapsed time: 16.228 sec.
@I [HLS-100] Command 'ap_source' returned 0; elapsed 0.0975Total elapsed time: 16.229 sec.
@I [HLS-100] Command "source /opt/Xilinx/Vivado_HLS/2016.2/common/technology/xilinx/zynq/zynq_fpv6.gen "
@I [HLS-100] Command "source /opt/Xilinx/Vivado_HLS/2016.2/common/technology/xilinx/common/xilinx_fpv6.gen "
@I [HLS-100] Command 'ap_source' returned 0; elapsed 0.00105Total elapsed time: 16.230 sec.
@I [HLS-100] Command 'ap_source' returned 0; elapsed 0.001216Total elapsed time: 16.230 sec.
@I [HLS-100] Command "source /home/greg/everything/xilnx_design/cycle3/DecisionChannel/solution1/.autopilot/db/global.setting.tcl "
@I [HLS-100] Command 'ap_source' returned 0; elapsed 0.000126Total elapsed time: 16.236 sec.
@I [HLS-100] Command 'export_design' returned 0; elapsed 1.37104Total elapsed time: 23.148 sec.
@I [HLS-100] Command 'ap_source' returned 0; elapsed 1.53005Total elapsed time: 23.148 sec.
@I [HLS-100] Command "cleanup_all "
@I [HLS-100] Command 'cleanup_all' returned 0; elapsed 0.000334Total elapsed time: 23.149 sec.
