

================================================================
== Vivado HLS Report for 'Decision'
================================================================
* Date:           Tue Feb 28 07:19:28 2017

* Version:        2016.2 (Build 1577090 on Thu Jun 02 16:59:10 MDT 2016)
* Project:        DecisionChannel
* Solution:       solution1
* Product family: zynq
* Target device:  xc7z020clg484-1


================================================================
== Performance Estimates
================================================================
+ Timing (ns): 
    * Summary: 
    +--------+-------+----------+------------+
    |  Clock | Target| Estimated| Uncertainty|
    +--------+-------+----------+------------+
    |ap_clk  |  10.00|      8.64|        1.25|
    +--------+-------+----------+------------+

+ Latency (clock cycles): 
    * Summary: 
    +-----+-----+-----+-----+---------+
    |  Latency  |  Interval | Pipeline|
    | min | max | min | max |   Type  |
    +-----+-----+-----+-----+---------+
    |    9|   13|   10|   14|   none  |
    +-----+-----+-----+-----+---------+

    + Detail: 
        * Instance: 
        N/A

        * Loop: 
        N/A



================================================================
== Utilization Estimates
================================================================
* Summary: 
+-----------------+---------+-------+--------+-------+
|       Name      | BRAM_18K| DSP48E|   FF   |  LUT  |
+-----------------+---------+-------+--------+-------+
|DSP              |        -|      -|       -|      -|
|Expression       |        -|      -|       0|   2102|
|FIFO             |        -|      -|       -|      -|
|Instance         |        0|      -|     275|    398|
|Memory           |        0|      -|      36|      7|
|Multiplexer      |        -|      -|       -|    439|
|Register         |        -|      -|    1486|      -|
+-----------------+---------+-------+--------+-------+
|Total            |        0|      0|    1797|   2946|
+-----------------+---------+-------+--------+-------+
|Available        |      280|    220|  106400|  53200|
+-----------------+---------+-------+--------+-------+
|Utilization (%)  |        0|      0|       1|      5|
+-----------------+---------+-------+--------+-------+

+ Detail: 
    * Instance: 
    +---------------------------+-------------------------+---------+-------+-----+-----+
    |          Instance         |          Module         | BRAM_18K| DSP48E|  FF | LUT |
    +---------------------------+-------------------------+---------+-------+-----+-----+
    |Decision_AXILiteS_s_axi_U  |Decision_AXILiteS_s_axi  |        0|      0|  275|  398|
    +---------------------------+-------------------------+---------+-------+-----+-----+
    |Total                      |                         |        0|      0|  275|  398|
    +---------------------------+-------------------------+---------+-------+-----+-----+

    * DSP48: 
    N/A

    * Memory: 
    +-------------------------+--------------------------------+---------+----+----+------+-----+------+-------------+
    |          Memory         |             Module             | BRAM_18K| FF | LUT| Words| Bits| Banks| W*Bits*Banks|
    +-------------------------+--------------------------------+---------+----+----+------+-----+------+-------------+
    |recentVBools_data_U      |Decision_recentVBools_data      |        0|   2|   1|    30|    1|     1|           30|
    |recentABools_data_U      |Decision_recentVBools_data      |        0|   2|   1|    30|    1|     1|           30|
    |recentdatapoints_data_U  |Decision_recentdatapoints_data  |        0|  32|   5|    20|   16|     1|          320|
    +-------------------------+--------------------------------+---------+----+----+------+-----+------+-------------+
    |Total                    |                                |        0|  36|   7|    80|   18|     3|          380|
    +-------------------------+--------------------------------+---------+----+----+------+-----+------+-------------+

    * FIFO: 
    N/A

    * Expression: 
    +---------------------------------------------+----------+-------+---+----+------------+------------+
    |                Variable Name                | Operation| DSP48E| FF| LUT| Bitwidth P0| Bitwidth P1|
    +---------------------------------------------+----------+-------+---+----+------------+------------+
    |AstimDelay_load_op_fu_489_p2                 |     +    |      0|  0|  32|          32|           1|
    |CircularBuffer_len_read_assign_2_fu_1095_p2  |     +    |      0|  0|  32|          32|           1|
    |CircularBuffer_len_read_assign_fu_782_p2     |     +    |      0|  0|  32|          32|           1|
    |CircularBuffer_len_write_assig_1_fu_934_p2   |     +    |      0|  0|  32|          32|           3|
    |CircularBuffer_len_write_assig_2_fu_1152_p2  |     +    |      0|  0|  32|          32|           2|
    |CircularBuffer_len_write_assig_3_fu_1260_p2  |     +    |      0|  0|  32|          32|           3|
    |CircularBuffer_len_write_assig_fu_827_p2     |     +    |      0|  0|  32|          32|           2|
    |CircularBuffer_sum_read_assign_1_fu_1089_p2  |     +    |      0|  0|  32|          32|          32|
    |CircularBuffer_sum_read_assign_fu_776_p2     |     +    |      0|  0|  32|          32|          32|
    |VstimDelay_load_op_fu_503_p2                 |     +    |      0|  0|  32|          32|           1|
    |i_12_fu_1201_p2                              |     +    |      0|  0|  32|          32|           5|
    |i_1_fu_630_p2                                |     +    |      0|  0|  32|          32|           5|
    |i_3_fu_845_p2                                |     +    |      0|  0|  32|          32|           5|
    |i_6_fu_876_p2                                |     +    |      0|  0|  32|          32|           5|
    |i_9_fu_1170_p2                               |     +    |      0|  0|  32|          32|           5|
    |i_fu_617_p2                                  |     +    |      0|  0|  32|          32|           2|
    |recentdatapoints_len_load_op_fu_566_p2       |     +    |      0|  0|  32|          32|           1|
    |tmp_32_i1_fu_1109_p2                         |     +    |      0|  0|  32|          32|           1|
    |tmp_32_i_fu_796_p2                           |     +    |      0|  0|  32|          32|           1|
    |tmp_36_i_fu_561_p2                           |     +    |      0|  0|  32|          32|          32|
    |tmp_38_i_fu_586_p2                           |     +    |      0|  0|  32|          32|           1|
    |tmp_3_fu_716_p2                              |     +    |      0|  0|  32|          32|           1|
    |tmp_4_fu_726_p2                              |     +    |      0|  0|  32|          32|           1|
    |tmp_5_fu_736_p2                              |     +    |      0|  0|  32|          32|           1|
    |CircularBuffer_sum_write_assig_1_fu_927_p2   |     -    |      0|  0|  16|          32|          32|
    |CircularBuffer_sum_write_assig_2_fu_1240_p2  |     -    |      0|  0|  16|          32|          32|
    |CircularBuffer_sum_write_assig_3_fu_1254_p2  |     -    |      0|  0|  16|          32|          32|
    |CircularBuffer_sum_write_assig_fu_919_p2     |     -    |      0|  0|  16|          32|          32|
    |datapointA_1_fu_1027_p2                      |     -    |      0|  0|  17|           1|          17|
    |datapointV_1_fu_684_p2                       |     -    |      0|  0|  17|           1|          17|
    |i_11_fu_1189_p2                              |     -    |      0|  0|  32|          32|          32|
    |i_2_fu_833_p2                                |     -    |      0|  0|  32|          32|          32|
    |i_5_fu_864_p2                                |     -    |      0|  0|  32|          32|          32|
    |i_8_fu_1158_p2                               |     -    |      0|  0|  32|          32|          32|
    |tmp_28_i1_fu_1075_p2                         |     -    |      0|  0|  32|          32|          32|
    |tmp_28_i_fu_762_p2                           |     -    |      0|  0|  32|          32|          32|
    |tmp_34_i_fu_547_p2                           |     -    |      0|  0|  32|          32|          32|
    |ap_sig_151                                   |    and   |      0|  0|   1|           1|           1|
    |ap_sig_363                                   |    and   |      0|  0|   1|           1|           1|
    |ap_sig_365                                   |    and   |      0|  0|   1|           1|           1|
    |ap_sig_396                                   |    and   |      0|  0|   1|           1|           1|
    |ap_sig_398                                   |    and   |      0|  0|   1|           1|           1|
    |or_cond1_fu_1308_p2                          |    and   |      0|  0|   1|           1|           1|
    |or_cond_fu_1447_p2                           |    and   |      0|  0|   1|           1|           1|
    |sel_tmp2_fu_1394_p2                          |    and   |      0|  0|   1|           1|           1|
    |sel_tmp_fu_1374_p2                           |    and   |      0|  0|   1|           1|           1|
    |toReturn_4_fu_905_p2                         |    and   |      0|  0|   1|           1|           1|
    |toReturn_5_fu_911_p2                         |    and   |      0|  0|   1|           1|           1|
    |toReturn_6_fu_1230_p2                        |    and   |      0|  0|   1|           1|           1|
    |toReturn_7_fu_1245_p2                        |    and   |      0|  0|   1|           1|           1|
    |not_tmp_i_i1_fu_1225_p2                      |   icmp   |      0|  0|  11|          32|           1|
    |not_tmp_i_i2_fu_1220_p2                      |   icmp   |      0|  0|  11|          32|           1|
    |not_tmp_i_i6_fu_895_p2                       |   icmp   |      0|  0|  11|          32|           1|
    |not_tmp_i_i_fu_900_p2                        |   icmp   |      0|  0|  11|          32|           1|
    |tmp_10_fu_954_p2                             |   icmp   |      0|  0|  11|          32|          32|
    |tmp_11_fu_1021_p2                            |   icmp   |      0|  0|   3|           8|           2|
    |tmp_12_fu_1049_p2                            |   icmp   |      0|  0|  11|          32|          32|
    |tmp_13_fu_1134_p2                            |   icmp   |      0|  0|  11|          32|          32|
    |tmp_16_fu_1280_p2                            |   icmp   |      0|  0|  11|          32|          32|
    |tmp_17_fu_1302_p2                            |   icmp   |      0|  0|  11|          32|          32|
    |tmp_19_fu_1360_p2                            |   icmp   |      0|  0|  11|          32|           1|
    |tmp_20_fu_1408_p2                            |   icmp   |      0|  0|  11|          32|          10|
    |tmp_20_not_fu_1342_p2                        |   icmp   |      0|  0|  11|          32|           1|
    |tmp_21_fu_1326_p2                            |   icmp   |      0|  0|  11|          32|          32|
    |tmp_22_fu_1435_p2                            |   icmp   |      0|  0|  11|          32|          32|
    |tmp_23_fu_1441_p2                            |   icmp   |      0|  0|  11|          32|          10|
    |tmp_24_fu_1331_p2                            |   icmp   |      0|  0|  11|          32|          32|
    |tmp_33_i1_fu_1114_p2                         |   icmp   |      0|  0|  11|          32|           5|
    |tmp_33_i_fu_801_p2                           |   icmp   |      0|  0|  11|          32|           5|
    |tmp_39_i_fu_591_p2                           |   icmp   |      0|  0|  11|          32|           5|
    |tmp_8_fu_821_p2                              |   icmp   |      0|  0|  11|          32|          32|
    |tmp_9_fu_678_p2                              |   icmp   |      0|  0|   3|           8|           2|
    |tmp_i1_fu_657_p2                             |   icmp   |      0|  0|  11|          32|           1|
    |tmp_i2_fu_753_p2                             |   icmp   |      0|  0|  11|          32|           5|
    |tmp_i3_fu_988_p2                             |   icmp   |      0|  0|  11|          32|           5|
    |tmp_i4_fu_1066_p2                            |   icmp   |      0|  0|  11|          32|           5|
    |tmp_i_fu_533_p2                              |   icmp   |      0|  0|  11|          32|           5|
    |tmp_s_fu_706_p2                              |   icmp   |      0|  0|  11|          32|          32|
    |brmerge_fu_1354_p2                           |    or    |      0|  0|   1|           1|           1|
    |toReturn_3_fu_1453_p2                        |    or    |      0|  0|  16|          13|           4|
    |toReturn_fu_1414_p2                          |    or    |      0|  0|  16|          13|          12|
    |CircularBuffer_head_i_read_ass_1_fu_1120_p3  |  select  |      0|  0|  32|           1|           1|
    |CircularBuffer_head_i_read_ass_fu_807_p3     |  select  |      0|  0|  32|           1|           1|
    |CircularBuffer_int_30_sum_i1_fu_1081_p3      |  select  |      0|  0|  32|           1|          32|
    |CircularBuffer_int_30_sum_i_fu_768_p3        |  select  |      0|  0|  32|           1|          32|
    |CircularBuffer_len_read_assign_1_fu_788_p3   |  select  |      0|  0|  32|           1|           5|
    |CircularBuffer_len_read_assign_3_fu_1101_p3  |  select  |      0|  0|  32|           1|           5|
    |UnifiedRetVal_fu_1466_p3                     |  select  |      0|  0|  13|           1|          13|
    |datapointA_fu_1006_p3                        |  select  |      0|  0|  16|           1|          16|
    |datapointV_fu_662_p3                         |  select  |      0|  0|  16|           1|           1|
    |i_10_fu_1176_p3                              |  select  |      0|  0|  32|           1|          32|
    |i_13_fu_1207_p3                              |  select  |      0|  0|  32|           1|          32|
    |i_4_fu_851_p3                                |  select  |      0|  0|  32|           1|          32|
    |i_7_fu_882_p3                                |  select  |      0|  0|  32|           1|          32|
    |p_1_fu_1033_p3                               |  select  |      0|  0|  17|           1|          17|
    |p_2_fu_1366_p3                               |  select  |      0|  0|  14|           1|          14|
    |p_i_fu_635_p3                                |  select  |      0|  0|  32|           1|          32|
    |p_s_fu_690_p3                                |  select  |      0|  0|  17|           1|          17|
    |p_tmp_i_fu_597_p3                            |  select  |      0|  0|  32|           1|           1|
    |p_toReturn_1_fu_1420_p3                      |  select  |      0|  0|  13|           1|          13|
    |p_toReturn_2_fu_1459_p3                      |  select  |      0|  0|  13|           1|          13|
    |recentdatapoints_sum_loc_i_fu_553_p3         |  select  |      0|  0|  32|           1|          32|
    |sel_tmp1_fu_1380_p3                          |  select  |      0|  0|  13|           1|          13|
    |tmp_37_i_fu_572_p3                           |  select  |      0|  0|  32|           1|           5|
    |tmp_6_fu_495_p3                              |  select  |      0|  0|  32|           1|           1|
    |tmp_7_fu_509_p3                              |  select  |      0|  0|  32|           1|           1|
    |toReturn_1_fu_1400_p3                        |  select  |      0|  0|  13|           1|           8|
    |toReturn_2_fu_1427_p3                        |  select  |      0|  0|  13|           1|          13|
    |last_sample_is_V_V_loc_2_not_fu_1348_p2      |    xor   |      0|  0|   2|           1|           2|
    |tmp_20_not_not_fu_1388_p2                    |    xor   |      0|  0|   2|           1|           2|
    +---------------------------------------------+----------+-------+---+----+------------+------------+
    |Total                                        |          |      0|  0|2102|        2039|        1364|
    +---------------------------------------------+----------+-------+---+----+------------+------------+

    * Multiplexer: 
    +------------------------------------+----+-----------+-----+-----------+
    |                Name                | LUT| Input Size| Bits| Total Bits|
    +------------------------------------+----+-----------+-----+-----------+
    |ACaptureThresh_loc_reg_286          |  32|          2|   32|         64|
    |AbeatDelay_new_reg_392              |  32|          2|   32|         64|
    |VCaptureThresh_loc_reg_296          |  32|          2|   32|         64|
    |VbeatDelay_new_1_reg_324            |  32|          2|   32|         64|
    |VbeatFallDelay_new_1_reg_340        |  32|          2|   32|         64|
    |ap_NS_fsm                           |   6|         15|    1|         15|
    |last_sample_is_V_V_loc_2_reg_356    |   1|          3|    1|          3|
    |recentABools_data_address0          |   5|          4|    5|         20|
    |recentABools_len_new_phi_fu_386_p4  |  32|          2|   32|         64|
    |recentABools_len_new_reg_383        |  32|          2|   32|         64|
    |recentVBools_data_address0          |   5|          4|    5|         20|
    |recentVBools_len_new_phi_fu_318_p4  |  32|          2|   32|         64|
    |recentVBools_len_new_reg_315        |  32|          2|   32|         64|
    |recentdatapoints_data_address0      |   5|          5|    5|         25|
    |sum_1_phi_fu_377_p4                 |  32|          2|   32|         64|
    |sum_1_reg_374                       |  32|          2|   32|         64|
    |sum_phi_fu_309_p4                   |  32|          2|   32|         64|
    |sum_reg_306                         |  32|          2|   32|         64|
    |tmp_18_reg_407                      |   1|          3|    1|          3|
    +------------------------------------+----+-----------+-----+-----------+
    |Total                               | 439|         60|  434|        918|
    +------------------------------------+----+-----------+-----+-----------+

    * Register: 
    +-------------------------------------------+----+----+-----+-----------+
    |                    Name                   | FF | LUT| Bits| Const Bits|
    +-------------------------------------------+----+----+-----+-----------+
    |ACaptureThresh                             |  32|   0|   32|          0|
    |ACaptureThresh_loc_reg_286                 |  32|   0|   32|          0|
    |AbeatDelay                                 |  32|   0|   32|          0|
    |AbeatDelay_new_reg_392                     |  32|   0|   32|          0|
    |AstimDelay                                 |  32|   0|   32|          0|
    |CircularBuffer_head_i_read_ass_1_reg_1700  |  32|   0|   32|          0|
    |CircularBuffer_head_i_read_ass_reg_1605    |  32|   0|   32|          0|
    |CircularBuffer_len_read_assign_1_reg_1597  |  32|   0|   32|          0|
    |CircularBuffer_len_read_assign_3_reg_1692  |  32|   0|   32|          0|
    |CircularBuffer_len_write_assig_2_reg_1710  |  32|   0|   32|          0|
    |CircularBuffer_len_write_assig_reg_1615    |  32|   0|   32|          0|
    |CircularBuffer_sum_read_assign_1_reg_1686  |  32|   0|   32|          0|
    |CircularBuffer_sum_read_assign_reg_1591    |  32|   0|   32|          0|
    |CircularBuffer_sum_write_assig_3_reg_1731  |  32|   0|   32|          0|
    |VCaptureThresh                             |  32|   0|   32|          0|
    |VCaptureThresh_loc_reg_296                 |  32|   0|   32|          0|
    |VbeatDelay                                 |  32|   0|   32|          0|
    |VbeatDelay_new_1_reg_324                   |  32|   0|   32|          0|
    |VbeatFallDelay                             |  32|   0|   32|          0|
    |VbeatFallDelay_new_1_reg_340               |  32|   0|   32|          0|
    |VstimDelay                                 |  32|   0|   32|          0|
    |a_thresh                                   |  32|   0|   32|          0|
    |aflip                                      |   8|   0|    8|          0|
    |ap_CS_fsm                                  |  14|   0|   14|          0|
    |data_read_reg_1478                         |  16|   0|   16|          0|
    |last_sample_is_A_V                         |   1|   0|    1|          0|
    |last_sample_is_V_V                         |   1|   0|    1|          0|
    |last_sample_is_V_V_loc_2_reg_356           |   1|   0|    1|          0|
    |not_tmp_i_i2_reg_1726                      |   1|   0|    1|          0|
    |not_tmp_i_i6_reg_1631                      |   1|   0|    1|          0|
    |p_tmp_i_reg_1537                           |  32|   0|   32|          0|
    |recentABools_data_addr_reg_1670            |   5|   0|    5|          0|
    |recentABools_data_load_reg_1681            |   1|   0|    1|          0|
    |recentABools_head_i                        |  32|   0|   32|          0|
    |recentABools_len                           |  32|   0|   32|          0|
    |recentABools_len_new_reg_383               |  32|   0|   32|          0|
    |recentABools_sum                           |  32|   0|   32|          0|
    |recentVBools_data_addr_reg_1554            |   5|   0|    5|          0|
    |recentVBools_data_load_reg_1565            |   1|   0|    1|          0|
    |recentVBools_head_i                        |  32|   0|   32|          0|
    |recentVBools_len                           |  32|   0|   32|          0|
    |recentVBools_len_new_reg_315               |  32|   0|   32|          0|
    |recentVBools_sum                           |  32|   0|   32|          0|
    |recentdatapoints_data_addr_reg_1516        |   5|   0|    5|          0|
    |recentdatapoints_head_i                    |  32|   0|   32|          0|
    |recentdatapoints_len                       |  32|   0|   32|          0|
    |recentdatapoints_sum                       |  32|   0|   32|          0|
    |sum_1_reg_374                              |  32|   0|   32|          0|
    |sum_reg_306                                |  32|   0|   32|          0|
    |tmp_12_reg_1675                            |   1|   0|    1|          0|
    |tmp_13_reg_1706                            |   1|   0|    1|          0|
    |tmp_18_reg_407                             |   1|   0|    1|          0|
    |tmp_21_reg_1745                            |   1|   0|    1|          0|
    |tmp_24_reg_1750                            |   1|   0|    1|          0|
    |tmp_37_i_reg_1531                          |  32|   0|   32|          0|
    |tmp_3_reg_1570                             |  32|   0|   32|          0|
    |tmp_4_reg_1577                             |  32|   0|   32|          0|
    |tmp_5_reg_1584                             |  32|   0|   32|          0|
    |tmp_6_reg_1521                             |  32|   0|   32|          0|
    |tmp_7_reg_1526                             |  32|   0|   32|          0|
    |tmp_8_reg_1611                             |   1|   0|    1|          0|
    |tmp_i3_reg_1655                            |   1|   0|    1|          0|
    |tmp_s_reg_1559                             |   1|   0|    1|          0|
    |toReturn_4_reg_1636                        |   1|   0|    1|          0|
    |toReturn_5_reg_1641                        |   1|   0|    1|          0|
    |v_thresh                                   |  32|   0|   32|          0|
    |val_assign_reg_1496                        |  32|   0|   32|          0|
    |vflip                                      |   8|   0|    8|          0|
    +-------------------------------------------+----+----+-----+-----------+
    |Total                                      |1486|   0| 1486|          0|
    +-------------------------------------------+----+----+-----+-----------+



================================================================
== Interface
================================================================
* Summary: 
+------------------------+-----+-----+------------+--------------+--------------+
|        RTL Ports       | Dir | Bits|  Protocol  | Source Object|    C Type    |
+------------------------+-----+-----+------------+--------------+--------------+
|s_axi_AXILiteS_AWVALID  |  in |    1|    s_axi   |   AXILiteS   |    scalar    |
|s_axi_AXILiteS_AWREADY  | out |    1|    s_axi   |   AXILiteS   |    scalar    |
|s_axi_AXILiteS_AWADDR   |  in |    7|    s_axi   |   AXILiteS   |    scalar    |
|s_axi_AXILiteS_WVALID   |  in |    1|    s_axi   |   AXILiteS   |    scalar    |
|s_axi_AXILiteS_WREADY   | out |    1|    s_axi   |   AXILiteS   |    scalar    |
|s_axi_AXILiteS_WDATA    |  in |   32|    s_axi   |   AXILiteS   |    scalar    |
|s_axi_AXILiteS_WSTRB    |  in |    4|    s_axi   |   AXILiteS   |    scalar    |
|s_axi_AXILiteS_ARVALID  |  in |    1|    s_axi   |   AXILiteS   |    scalar    |
|s_axi_AXILiteS_ARREADY  | out |    1|    s_axi   |   AXILiteS   |    scalar    |
|s_axi_AXILiteS_ARADDR   |  in |    7|    s_axi   |   AXILiteS   |    scalar    |
|s_axi_AXILiteS_RVALID   | out |    1|    s_axi   |   AXILiteS   |    scalar    |
|s_axi_AXILiteS_RREADY   |  in |    1|    s_axi   |   AXILiteS   |    scalar    |
|s_axi_AXILiteS_RDATA    | out |   32|    s_axi   |   AXILiteS   |    scalar    |
|s_axi_AXILiteS_RRESP    | out |    2|    s_axi   |   AXILiteS   |    scalar    |
|s_axi_AXILiteS_BVALID   | out |    1|    s_axi   |   AXILiteS   |    scalar    |
|s_axi_AXILiteS_BREADY   |  in |    1|    s_axi   |   AXILiteS   |    scalar    |
|s_axi_AXILiteS_BRESP    | out |    2|    s_axi   |   AXILiteS   |    scalar    |
|ap_clk                  |  in |    1| ap_ctrl_hs |   Decision   | return value |
|ap_rst_n                |  in |    1| ap_ctrl_hs |   Decision   | return value |
|interrupt               | out |    1| ap_ctrl_hs |   Decision   | return value |
+------------------------+-----+-----+------------+--------------+--------------+

